#
# There is insufficient memory for the Java Runtime Environment to continue.
# Native memory allocation (malloc) failed to allocate 1419696 bytes. Error detail: Chunk::new
# Possible reasons:
#   The system is out of physical RAM or swap space
#   This process is running with CompressedOops enabled, and the Java Heap may be blocking the growth of the native heap
# Possible solutions:
#   Reduce memory load on the system
#   Increase physical memory or swap space
#   Check if swap backing store is full
#   Decrease Java heap size (-Xmx/-Xms)
#   Decrease number of Java threads
#   Decrease Java thread stack sizes (-Xss)
#   Set larger code cache with -XX:ReservedCodeCacheSize=
#   JVM is running with Unscaled Compressed Oops mode in which the Java heap is
#     placed in the first 4GB address space. The Java Heap base address is the
#     maximum limit for the native heap growth. Please use -XX:HeapBaseMinAddress
#     to set the Java Heap base and to place the Java Heap above 4GB virtual address.
# This output file may be truncated or incomplete.
#
#  Out of Memory Error (arena.cpp:168), pid=28784, tid=47612
#
# JRE version: OpenJDK Runtime Environment Temurin-21.0.10+7 (21.0.10+7) (build 21.0.10+7-LTS)
# Java VM: OpenJDK 64-Bit Server VM Temurin-21.0.10+7 (21.0.10+7-LTS, mixed mode, sharing, tiered, compressed oops, compressed class ptrs, parallel gc, windows-amd64)
# No core dump will be written. Minidumps are not enabled by default on client versions of Windows
#

---------------  S U M M A R Y ------------

Command Line: --add-modules=ALL-SYSTEM --add-opens=java.base/java.util=ALL-UNNAMED --add-opens=java.base/java.lang=ALL-UNNAMED --add-opens=java.base/sun.nio.fs=ALL-UNNAMED -Declipse.application=org.eclipse.jdt.ls.core.id1 -Dosgi.bundles.defaultStartLevel=4 -Declipse.product=org.eclipse.jdt.ls.core.product -Djava.import.generatesMetadataFilesAtProjectRoot=false -DDetectVMInstallationsJob.disabled=true -Dfile.encoding=utf8 -XX:+UseParallelGC -XX:GCTimeRatio=4 -XX:AdaptiveSizePolicyWeight=90 -Dsun.zip.disableMemoryMapping=true -Xmx2G -Xms100m -Xlog:disable -javaagent:c:\Users\LAPTOP\.antigravity\extensions\redhat.java-1.54.0-win32-x64\lombok\lombok-1.18.39-4050.jar -XX:+HeapDumpOnOutOfMemoryError -XX:HeapDumpPath=c:\Users\LAPTOP\AppData\Roaming\Antigravity\User\workspaceStorage\ea1aecd79872bf51f1a29430e0d3635e\redhat.java -Daether.dependencyCollector.impl=bf c:\Users\LAPTOP\.antigravity\extensions\redhat.java-1.54.0-win32-x64\server\plugins\org.eclipse.equinox.launcher_1.7.100.v20251111-0406.jar -configuration c:\Users\LAPTOP\AppData\Roaming\Antigravity\User\globalStorage\redhat.java\1.54.0\config_win -data c:\Users\LAPTOP\AppData\Roaming\Antigravity\User\workspaceStorage\ea1aecd79872bf51f1a29430e0d3635e\redhat.java\jdt_ws --pipe=\\.\pipe\lsp-a17bc8805215abbc29a89a13362eda02-sock

Host: 12th Gen Intel(R) Core(TM) i5-12450H, 12 cores, 15G,  Windows 11 , 64 bit Build 26100 (10.0.26100.8328)
Time: Tue May 19 03:32:29 2026 SE Asia Standard Time elapsed time: 24.623208 seconds (0d 0h 0m 24s)

---------------  T H R E A D  ---------------

Current thread (0x000002508f5af170):  JavaThread "C2 CompilerThread1" daemon [_thread_in_native, id=47612, stack(0x000000ab57800000,0x000000ab57900000) (1024K)]


Current CompileTask:
C2:24623 11926   !   4       lombok.core.FieldAugment$ReflectionFieldAugment::getAndSet (80 bytes)

Stack: [0x000000ab57800000,0x000000ab57900000]
Native frames: (J=compiled Java code, j=interpreted, Vv=VM code, C=native code)
V  [jvm.dll+0x6d7a39]
V  [jvm.dll+0x8b4b26]
V  [jvm.dll+0x8b70de]
V  [jvm.dll+0x8b77c3]
V  [jvm.dll+0x284346]
V  [jvm.dll+0xc66ed]
V  [jvm.dll+0xc6c31]
V  [jvm.dll+0x3bec01]
V  [jvm.dll+0x38b162]
V  [jvm.dll+0x38a5aa]
V  [jvm.dll+0x24c560]
V  [jvm.dll+0x24bb40]
V  [jvm.dll+0x1cb34e]
V  [jvm.dll+0x25b85d]
V  [jvm.dll+0x259dea]
V  [jvm.dll+0x3f857e]
V  [jvm.dll+0x85f59d]
V  [jvm.dll+0x6d626d]
C  [ucrtbase.dll+0x37b0]
C  [KERNEL32.DLL+0x2e957]
C  [ntdll.dll+0x427c]


---------------  P R O C E S S  ---------------

Threads class SMR info:
_java_thread_list=0x000002508fc0d1e0, length=70, elements={
0x000002502d778e90, 0x000002502fb0b910, 0x000002502fb0c370, 0x000002502fc073f0,
0x000002502fc08f90, 0x000002502fc11410, 0x000002502fc10520, 0x00000250886aa820,
0x00000250886ab2c0, 0x0000025088832790, 0x00000250889dc210, 0x000002508e76f140,
0x000002508eb8c150, 0x000002508eb8bac0, 0x000002508eb8ce70, 0x000002508eb8db90,
0x000002508f33b970, 0x000002508f3398a0, 0x000002508f339f30, 0x000002508f33a5c0,
0x000002508f5af170, 0x000002508f33ac50, 0x000002508f33b2e0, 0x000002508f33c000,
0x000002508f338b80, 0x000002508f33cd20, 0x00000250908685a0, 0x000002508f33e760,
0x000002508f33c690, 0x000002508f3401a0, 0x000002508f33d3b0, 0x000002508f33da40,
0x000002508f33e0d0, 0x000002508f33edf0, 0x000002508f33fb10, 0x000002508f33f480,
0x0000025090aa5a70, 0x0000025090aa4d50, 0x0000025090aa53e0, 0x0000025090aa6100,
0x0000025090aa4030, 0x0000025090aa2c80, 0x0000025090aa6790, 0x0000025090aa39a0,
0x0000025090aa9580, 0x0000025090aa81d0, 0x0000025090aa7b40, 0x0000025090aa8860,
0x0000025090aa74b0, 0x0000025090aa8ef0, 0x0000025090dfcad0, 0x0000025090dfd160,
0x0000025090dfd7f0, 0x0000025090dfe510, 0x0000025090dfeba0, 0x0000025090dfde80,
0x000002508eb8ada0, 0x000002508eb8c7e0, 0x000002508eb8d500, 0x000002508eb8e220,
0x000002508eb8b430, 0x000002508f339210, 0x0000025090aa6e20, 0x000002508fa088d0,
0x000002508fa0b030, 0x000002508fa07bb0, 0x000002508fa0a310, 0x000002508fa0b6c0,
0x000002508fa08240, 0x000002508fa0e4b0
}

Java Threads: ( => current thread )
  0x000002502d778e90 JavaThread "main"                              [_thread_blocked, id=70888, stack(0x000000ab56c00000,0x000000ab56d00000) (1024K)]
  0x000002502fb0b910 JavaThread "Reference Handler"          daemon [_thread_blocked, id=17184, stack(0x000000ab57000000,0x000000ab57100000) (1024K)]
  0x000002502fb0c370 JavaThread "Finalizer"                  daemon [_thread_blocked, id=72784, stack(0x000000ab57100000,0x000000ab57200000) (1024K)]
  0x000002502fc073f0 JavaThread "Signal Dispatcher"          daemon [_thread_blocked, id=624, stack(0x000000ab57200000,0x000000ab57300000) (1024K)]
  0x000002502fc08f90 JavaThread "Attach Listener"            daemon [_thread_blocked, id=73336, stack(0x000000ab57300000,0x000000ab57400000) (1024K)]
  0x000002502fc11410 JavaThread "Service Thread"             daemon [_thread_blocked, id=71696, stack(0x000000ab57400000,0x000000ab57500000) (1024K)]
  0x000002502fc10520 JavaThread "Monitor Deflation Thread"   daemon [_thread_blocked, id=65104, stack(0x000000ab57500000,0x000000ab57600000) (1024K)]
  0x00000250886aa820 JavaThread "C2 CompilerThread0"         daemon [_thread_blocked, id=63400, stack(0x000000ab57600000,0x000000ab57700000) (1024K)]
  0x00000250886ab2c0 JavaThread "C1 CompilerThread0"         daemon [_thread_blocked, id=63136, stack(0x000000ab57700000,0x000000ab57800000) (1024K)]
  0x0000025088832790 JavaThread "Common-Cleaner"             daemon [_thread_blocked, id=73168, stack(0x000000ab57900000,0x000000ab57a00000) (1024K)]
  0x00000250889dc210 JavaThread "Notification Thread"        daemon [_thread_blocked, id=72788, stack(0x000000ab57a00000,0x000000ab57b00000) (1024K)]
  0x000002508e76f140 JavaThread "Active Thread: Equinox Container: 3e777c1f-46b7-45a7-b86b-cbbc5912778e"        [_thread_blocked, id=70232, stack(0x000000ab58800000,0x000000ab58900000) (1024K)]
  0x000002508eb8c150 JavaThread "Framework Event Dispatcher: Equinox Container: 3e777c1f-46b7-45a7-b86b-cbbc5912778e" daemon [_thread_blocked, id=72880, stack(0x000000ab58900000,0x000000ab58a00000) (1024K)]
  0x000002508eb8bac0 JavaThread "Start Level: Equinox Container: 3e777c1f-46b7-45a7-b86b-cbbc5912778e" daemon [_thread_blocked, id=49076, stack(0x000000ab58a00000,0x000000ab58b00000) (1024K)]
  0x000002508eb8ce70 JavaThread "Bundle File Closer"         daemon [_thread_blocked, id=70440, stack(0x000000ab58c00000,0x000000ab58d00000) (1024K)]
  0x000002508eb8db90 JavaThread "Refresh Thread: Equinox Container: 3e777c1f-46b7-45a7-b86b-cbbc5912778e" daemon [_thread_blocked, id=67564, stack(0x000000ab58d00000,0x000000ab58e00000) (1024K)]
  0x000002508f33b970 JavaThread "SCR Component Actor"        daemon [_thread_blocked, id=73208, stack(0x000000ab59600000,0x000000ab59700000) (1024K)]
  0x000002508f3398a0 JavaThread "Worker-JM"                         [_thread_blocked, id=72768, stack(0x000000ab59700000,0x000000ab59800000) (1024K)]
  0x000002508f339f30 JavaThread "Worker-0: Java indexing... "        [_thread_blocked, id=67832, stack(0x000000ab59800000,0x000000ab59900000) (1024K)]
  0x000002508f33a5c0 JavaThread "Worker-1: Refreshing workspace"        [_thread_blocked, id=71392, stack(0x000000ab59900000,0x000000ab59a00000) (1024K)]
=>0x000002508f5af170 JavaThread "C2 CompilerThread1"         daemon [_thread_in_native, id=47612, stack(0x000000ab57800000,0x000000ab57900000) (1024K)]
  0x000002508f33ac50 JavaThread "Java indexing"              daemon [_thread_blocked, id=73612, stack(0x000000ab57b00000,0x000000ab57c00000) (1024K)]
  0x000002508f33b2e0 JavaThread "Worker-2"                          [_thread_blocked, id=71252, stack(0x000000ab59a00000,0x000000ab59b00000) (1024K)]
  0x000002508f33c000 JavaThread "JNA Cleaner"                daemon [_thread_blocked, id=10372, stack(0x000000ab59b00000,0x000000ab59c00000) (1024K)]
  0x000002508f338b80 JavaThread "Worker-3: Building"                [_thread_blocked, id=68176, stack(0x000000ab59e00000,0x000000ab59f00000) (1024K)]
  0x000002508f33cd20 JavaThread "Worker-4"                          [_thread_blocked, id=66648, stack(0x000000ab59f00000,0x000000ab5a000000) (1024K)]
  0x00000250908685a0 JavaThread "C2 CompilerThread2"         daemon [_thread_blocked, id=27000, stack(0x000000ab5a000000,0x000000ab5a100000) (1024K)]
  0x000002508f33e760 JavaThread "Worker-5: Initialize workspace"        [_thread_blocked, id=69464, stack(0x000000ab5a100000,0x000000ab5a200000) (1024K)]
  0x000002508f33c690 JavaThread "Thread-1"                   daemon [_thread_in_native, id=71024, stack(0x000000ab5a200000,0x000000ab5a300000) (1024K)]
  0x000002508f3401a0 JavaThread "Thread-2"                   daemon [_thread_in_native, id=71352, stack(0x000000ab5a300000,0x000000ab5a400000) (1024K)]
  0x000002508f33d3b0 JavaThread "Thread-3"                   daemon [_thread_in_native, id=73416, stack(0x000000ab5a400000,0x000000ab5a500000) (1024K)]
  0x000002508f33da40 JavaThread "Thread-4"                   daemon [_thread_in_native, id=73420, stack(0x000000ab5a500000,0x000000ab5a600000) (1024K)]
  0x000002508f33e0d0 JavaThread "Thread-5"                   daemon [_thread_in_native, id=73476, stack(0x000000ab5a600000,0x000000ab5a700000) (1024K)]
  0x000002508f33edf0 JavaThread "Thread-6"                   daemon [_thread_in_native, id=67696, stack(0x000000ab5a700000,0x000000ab5a800000) (1024K)]
  0x000002508f33fb10 JavaThread "Thread-7"                   daemon [_thread_in_native, id=73348, stack(0x000000ab5a800000,0x000000ab5a900000) (1024K)]
  0x000002508f33f480 JavaThread "Thread-8"                   daemon [_thread_in_native, id=72928, stack(0x000000ab5a900000,0x000000ab5aa00000) (1024K)]
  0x0000025090aa5a70 JavaThread "Thread-9"                   daemon [_thread_in_native, id=73700, stack(0x000000ab5aa00000,0x000000ab5ab00000) (1024K)]
  0x0000025090aa4d50 JavaThread "Thread-10"                  daemon [_thread_in_native, id=51748, stack(0x000000ab5ab00000,0x000000ab5ac00000) (1024K)]
  0x0000025090aa53e0 JavaThread "Thread-11"                  daemon [_thread_in_native, id=67256, stack(0x000000ab5ac00000,0x000000ab5ad00000) (1024K)]
  0x0000025090aa6100 JavaThread "Thread-12"                  daemon [_thread_in_native, id=71608, stack(0x000000ab5ad00000,0x000000ab5ae00000) (1024K)]
  0x0000025090aa4030 JavaThread "Thread-13"                  daemon [_thread_in_native, id=70272, stack(0x000000ab5ae00000,0x000000ab5af00000) (1024K)]
  0x0000025090aa2c80 JavaThread "pool-2-thread-1"                   [_thread_blocked, id=73600, stack(0x000000ab5af00000,0x000000ab5b000000) (1024K)]
  0x0000025090aa6790 JavaThread "WorkspaceEventsHandler"            [_thread_blocked, id=73328, stack(0x000000ab5b000000,0x000000ab5b100000) (1024K)]
  0x0000025090aa39a0 JavaThread "pool-1-thread-1"                   [_thread_blocked, id=73536, stack(0x000000ab5b100000,0x000000ab5b200000) (1024K)]
  0x0000025090aa9580 JavaThread "LocalFile Deleter"          daemon [_thread_blocked, id=73852, stack(0x000000ab5b300000,0x000000ab5b400000) (1024K)]
  0x0000025090aa81d0 JavaThread "LocalFile Deleter"          daemon [_thread_blocked, id=73856, stack(0x000000ab5b400000,0x000000ab5b500000) (1024K)]
  0x0000025090aa7b40 JavaThread "LocalFile Deleter"          daemon [_thread_blocked, id=73860, stack(0x000000ab5b500000,0x000000ab5b600000) (1024K)]
  0x0000025090aa8860 JavaThread "LocalFile Deleter"          daemon [_thread_blocked, id=73864, stack(0x000000ab5b600000,0x000000ab5b700000) (1024K)]
  0x0000025090aa74b0 JavaThread "LocalFile Deleter"          daemon [_thread_blocked, id=73868, stack(0x000000ab5b700000,0x000000ab5b800000) (1024K)]
  0x0000025090aa8ef0 JavaThread "LocalFile Deleter"          daemon [_thread_blocked, id=73872, stack(0x000000ab5b800000,0x000000ab5b900000) (1024K)]
  0x0000025090dfcad0 JavaThread "LocalFile Deleter"          daemon [_thread_blocked, id=74716, stack(0x000000ab58200000,0x000000ab58300000) (1024K)]
  0x0000025090dfd160 JavaThread "LocalFile Deleter"          daemon [_thread_blocked, id=74720, stack(0x000000ab58300000,0x000000ab58400000) (1024K)]
  0x0000025090dfd7f0 JavaThread "LocalFile Deleter"          daemon [_thread_blocked, id=74724, stack(0x000000ab58400000,0x000000ab58500000) (1024K)]
  0x0000025090dfe510 JavaThread "LocalFile Deleter"          daemon [_thread_blocked, id=74728, stack(0x000000ab58500000,0x000000ab58600000) (1024K)]
  0x0000025090dfeba0 JavaThread "LocalFile Deleter"          daemon [_thread_blocked, id=74732, stack(0x000000ab58600000,0x000000ab58700000) (1024K)]
  0x0000025090dfde80 JavaThread "LocalFile Deleter"          daemon [_thread_blocked, id=74736, stack(0x000000ab58700000,0x000000ab58800000) (1024K)]
  0x000002508eb8ada0 JavaThread "Compiler Source File Reader" daemon [_thread_blocked, id=74744, stack(0x000000ab58e00000,0x000000ab58f00000) (1024K)]
  0x000002508eb8c7e0 JavaThread "Compiler Source File Reader" daemon [_thread_blocked, id=74748, stack(0x000000ab58f00000,0x000000ab59000000) (1024K)]
  0x000002508eb8d500 JavaThread "Compiler Source File Reader" daemon [_thread_blocked, id=73752, stack(0x000000ab59000000,0x000000ab59100000) (1024K)]
  0x000002508eb8e220 JavaThread "Compiler Source File Reader" daemon [_thread_blocked, id=26068, stack(0x000000ab59100000,0x000000ab59200000) (1024K)]
  0x000002508eb8b430 JavaThread "Compiler Source File Reader" daemon [_thread_blocked, id=10152, stack(0x000000ab59200000,0x000000ab59300000) (1024K)]
  0x000002508f339210 JavaThread "Compiler Source File Reader" daemon [_thread_blocked, id=40804, stack(0x000000ab59300000,0x000000ab59400000) (1024K)]
  0x0000025090aa6e20 JavaThread "Compiler Source File Reader" daemon [_thread_blocked, id=73380, stack(0x000000ab5b200000,0x000000ab5b300000) (1024K)]
  0x000002508fa088d0 JavaThread "Compiler Source File Reader" daemon [_thread_blocked, id=46688, stack(0x000000ab5b900000,0x000000ab5ba00000) (1024K)]
  0x000002508fa0b030 JavaThread "Compiler Source File Reader" daemon [_thread_blocked, id=70192, stack(0x000000ab5ba00000,0x000000ab5bb00000) (1024K)]
  0x000002508fa07bb0 JavaThread "Compiler Source File Reader" daemon [_thread_blocked, id=73544, stack(0x000000ab5bb00000,0x000000ab5bc00000) (1024K)]
  0x000002508fa0a310 JavaThread "ForkJoinPool.commonPool-worker-1" daemon [_thread_blocked, id=25120, stack(0x000000ab5bc00000,0x000000ab5bd00000) (1024K)]
  0x000002508fa0b6c0 JavaThread "ForkJoinPool.commonPool-worker-2" daemon [_thread_blocked, id=73844, stack(0x000000ab5bd00000,0x000000ab5be00000) (1024K)]
  0x000002508fa08240 JavaThread "ForkJoinPool.commonPool-worker-3" daemon [_thread_blocked, id=73972, stack(0x000000ab5be00000,0x000000ab5bf00000) (1024K)]
  0x000002508fa0e4b0 JavaThread "Worker-6"                          [_thread_blocked, id=73904, stack(0x000000ab5bf00000,0x000000ab5c000000) (1024K)]
Total: 70

Other Threads:
  0x000002502fc04b50 VMThread "VM Thread"                           [id=72988, stack(0x000000ab56f00000,0x000000ab57000000) (1024K)]
  0x000002502f9eca00 WatcherThread "VM Periodic Task Thread"        [id=63180, stack(0x000000ab56e00000,0x000000ab56f00000) (1024K)]
  0x000002502fb9ede0 WorkerThread "GC Thread#0"                     [id=13060, stack(0x000000ab56d00000,0x000000ab56e00000) (1024K)]
  0x000002508e838520 WorkerThread "GC Thread#1"                     [id=65660, stack(0x000000ab57c00000,0x000000ab57d00000) (1024K)]
  0x000002508e839790 WorkerThread "GC Thread#2"                     [id=73712, stack(0x000000ab57d00000,0x000000ab57e00000) (1024K)]
  0x000002508e8393e0 WorkerThread "GC Thread#3"                     [id=72468, stack(0x000000ab57e00000,0x000000ab57f00000) (1024K)]
  0x000002508e839b40 WorkerThread "GC Thread#4"                     [id=72940, stack(0x000000ab57f00000,0x000000ab58000000) (1024K)]
  0x000002508e839030 WorkerThread "GC Thread#5"                     [id=73288, stack(0x000000ab58000000,0x000000ab58100000) (1024K)]
  0x000002508e838170 WorkerThread "GC Thread#6"                     [id=66936, stack(0x000000ab58100000,0x000000ab58200000) (1024K)]
  0x000002508e838c80 WorkerThread "GC Thread#7"                     [id=72520, stack(0x000000ab58b00000,0x000000ab58c00000) (1024K)]
  0x000002508eec7e40 WorkerThread "GC Thread#8"                     [id=73368, stack(0x000000ab59400000,0x000000ab59500000) (1024K)]
  0x000002508eec76e0 WorkerThread "GC Thread#9"                     [id=72796, stack(0x000000ab59500000,0x000000ab59600000) (1024K)]
Total: 12

Threads with active compile tasks:
C2 CompilerThread0  24647 11985       4       lombok.eclipse.handlers.EclipseHandlerUtil::getAccessorsForField (160 bytes)
C1 CompilerThread0  24647 12087       2       org.eclipse.jdt.internal.compiler.util.SortedCharArrays::insertIntoArray (54 bytes)
C2 CompilerThread1  24647 11926   !   4       lombok.core.FieldAugment$ReflectionFieldAugment::getAndSet (80 bytes)
C2 CompilerThread2  24647 11657       4       org.eclipse.jdt.internal.core.search.indexing.BinaryIndexer::extractReferenceFromConstantPool (358 bytes)
Total: 4

VM state: at safepoint (normal execution)

VM Mutex/Monitor currently owned by a thread:  ([mutex/lock_event])
[0x00007ffc91cce560] Threads_lock - owner thread: 0x000002502fc04b50
[0x00007ffc91cce660] Heap_lock - owner thread: 0x000002508fa08240

Heap address: 0x0000000080000000, size: 2048 MB, Compressed Oops mode: 32-bit

CDS archive(s) mapped at: [0x0000025047000000-0x0000025047ba0000-0x0000025047ba0000), size 12189696, SharedBaseAddress: 0x0000025047000000, ArchiveRelocationMode: 1.
Compressed class space mapped at: 0x0000025048000000-0x0000025088000000, reserved size: 1073741824
Narrow klass base: 0x0000025047000000, Narrow klass shift: 0, Narrow klass range: 0x100000000

GC Precious Log:
 CardTable entry size: 512
 CPUs: 12 total, 12 available
 Memory: 16024M
 Large Page Support: Disabled
 NUMA Support: Disabled
 Compressed Oops: Enabled (32-bit)
 Alignments: Space 512K, Generation 512K, Heap 2M
 Heap Min Capacity: 100M
 Heap Initial Capacity: 100M
 Heap Max Capacity: 2G
 Pre-touch: Disabled
 Parallel Workers: 10

Heap:
 PSYoungGen      total 6144K, used 1023K [0x00000000d5580000, 0x00000000d5c80000, 0x0000000100000000)
  eden space 5120K, 0% used [0x00000000d5580000,0x00000000d5580000,0x00000000d5a80000)
  from space 1024K, 99% used [0x00000000d5a80000,0x00000000d5b7fde8,0x00000000d5b80000)
  to   space 1024K, 0% used [0x00000000d5b80000,0x00000000d5b80000,0x00000000d5c80000)
 ParOldGen       total 113152K, used 112697K [0x0000000080000000, 0x0000000086e80000, 0x00000000d5580000)
  object space 113152K, 99% used [0x0000000080000000,0x0000000086e0e550,0x0000000086e80000)
 Metaspace       used 64704K, committed 66176K, reserved 1114112K
  class space    used 6887K, committed 7552K, reserved 1048576K

Card table byte_map: [0x000002502f500000,0x000002502f910000] _byte_map_base: 0x000002502f100000

Marking Bits: (ParMarkBitMap*) 0x00007ffc91cd3450
 Begin Bits: [0x0000025042010000, 0x0000025044010000)
 End Bits:   [0x0000025044010000, 0x0000025046010000)

Polling page: 0x000002502d940000

Metaspace:

Usage:
  Non-class:     56.46 MB used.
      Class:      6.73 MB used.
       Both:     63.19 MB used.

Virtual space:
  Non-class space:       64.00 MB reserved,      57.25 MB ( 89%) committed,  1 nodes.
      Class space:        1.00 GB reserved,       7.38 MB ( <1%) committed,  1 nodes.
             Both:        1.06 GB reserved,      64.62 MB (  6%) committed. 

Chunk freelists:
   Non-Class:  6.63 MB
       Class:  8.65 MB
        Both:  15.28 MB

MaxMetaspaceSize: unlimited
CompressedClassSpaceSize: 1.00 GB
Initial GC threshold: 21.00 MB
Current GC threshold: 97.31 MB
CDS: on
 - commit_granule_bytes: 65536.
 - commit_granule_words: 8192.
 - virtual_space_node_default_size: 8388608.
 - enlarge_chunks_in_place: 1.
 - use_allocation_guard: 0.


Internal statistics:

num_allocs_failed_limit: 9.
num_arena_births: 1274.
num_arena_deaths: 32.
num_vsnodes_births: 2.
num_vsnodes_deaths: 0.
num_space_committed: 1034.
num_space_uncommitted: 0.
num_chunks_returned_to_freelist: 45.
num_chunks_taken_from_freelist: 4324.
num_chunk_merges: 19.
num_chunk_splits: 2675.
num_chunks_enlarged: 1522.
num_inconsistent_stats: 0.

CodeHeap 'non-profiled nmethods': size=120000Kb used=7868Kb max_used=7868Kb free=112132Kb
 bounds [0x000002503a830000, 0x000002503afe0000, 0x0000025041d60000]
CodeHeap 'profiled nmethods': size=120000Kb used=24891Kb max_used=24891Kb free=95108Kb
 bounds [0x0000025032d60000, 0x00000250345b0000, 0x000002503a290000]
CodeHeap 'non-nmethods': size=5760Kb used=1476Kb max_used=1501Kb free=4284Kb
 bounds [0x000002503a290000, 0x000002503a500000, 0x000002503a830000]
CodeCache: size=245760Kb, used=34235Kb, max_used=34260Kb, free=211524Kb
 total_blobs=11929, nmethods=11185, adapters=648, full_count=0
Compilation: enabled, stopped_count=0, restarted_count=0

Compilation events (20 events):
Event: 23.606 Thread 0x00000250886ab2c0 nmethod 12067 0x00000250345acb10 code [0x00000250345acca0, 0x00000250345acde8]
Event: 23.606 Thread 0x00000250886ab2c0 12075       2       org.eclipse.core.internal.filesystem.InternalFileSystemCore::getInstance (4 bytes)
Event: 23.606 Thread 0x00000250886ab2c0 nmethod 12075 0x00000250345acf10 code [0x00000250345ad0a0, 0x00000250345ad190]
Event: 23.606 Thread 0x00000250886ab2c0 12078   !   2       org.eclipse.jdt.internal.compiler.parser.Scanner::getNextChar (71 bytes)
Event: 23.606 Thread 0x00000250886ab2c0 nmethod 12078 0x00000250345ad210 code [0x00000250345ad3e0, 0x00000250345ad618]
Event: 23.606 Thread 0x00000250886ab2c0 12074       2       lombok.eclipse.EclipseAST::traverse (12 bytes)
Event: 23.606 Thread 0x00000250886ab2c0 nmethod 12074 0x00000250345ad810 code [0x00000250345ad9c0, 0x00000250345adb28]
Event: 23.606 Thread 0x00000250886ab2c0 12077       2       org.eclipse.jdt.internal.compiler.ast.FieldDeclaration::<init> (20 bytes)
Event: 23.606 Thread 0x00000250886ab2c0 nmethod 12077 0x00000250345adc10 code [0x00000250345adda0, 0x00000250345aded0]
Event: 23.606 Thread 0x00000250886ab2c0 12079       2       org.eclipse.jdt.internal.compiler.lookup.PackageBinding::checkIfNullAnnotationPackage (70 bytes)
Event: 23.607 Thread 0x00000250886ab2c0 nmethod 12079 0x00000250345adf90 code [0x00000250345ae160, 0x00000250345ae5e8]
Event: 23.607 Thread 0x00000250886ab2c0 12080       1       org.eclipse.core.internal.jobs.InternalJob::setThread (6 bytes)
Event: 23.607 Thread 0x00000250886ab2c0 nmethod 12080 0x000002503afdea10 code [0x000002503afdeba0, 0x000002503afdec88]
Event: 23.608 Thread 0x00000250886ab2c0 12081       2       org.eclipse.core.filesystem.EFS::getStore (8 bytes)
Event: 23.608 Thread 0x00000250886ab2c0 nmethod 12081 0x00000250345ae810 code [0x00000250345ae9c0, 0x00000250345aead8]
Event: 23.608 Thread 0x00000250886ab2c0 12086       2       java.util.Arrays::binarySearch (17 bytes)
Event: 23.608 Thread 0x00000250886ab2c0 nmethod 12086 0x00000250345aeb90 code [0x00000250345aed40, 0x00000250345aeea8]
Event: 23.608 Thread 0x00000250886ab2c0 12084       1       org.eclipse.core.resources.FileInfoMatcherDescription::getId (5 bytes)
Event: 23.608 Thread 0x00000250886ab2c0 nmethod 12084 0x000002503afded10 code [0x000002503afdeea0, 0x000002503afdef68]
Event: 23.608 Thread 0x00000250886ab2c0 12087       2       org.eclipse.jdt.internal.compiler.util.SortedCharArrays::insertIntoArray (54 bytes)

GC Heap History (20 events):
Event: 21.462 GC heap after
{Heap after GC invocations=100 (full 3):
 PSYoungGen      total 6656K, used 890K [0x00000000d5580000, 0x00000000d5d00000, 0x0000000100000000)
  eden space 5632K, 0% used [0x00000000d5580000,0x00000000d5580000,0x00000000d5b00000)
  from space 1024K, 87% used [0x00000000d5b00000,0x00000000d5bdebc0,0x00000000d5c00000)
  to   space 1024K, 0% used [0x00000000d5c00000,0x00000000d5c00000,0x00000000d5d00000)
 ParOldGen       total 105472K, used 105349K [0x0000000080000000, 0x0000000086700000, 0x00000000d5580000)
  object space 105472K, 99% used [0x0000000080000000,0x00000000866e1520,0x0000000086700000)
 Metaspace       used 64578K, committed 66112K, reserved 1114112K
  class space    used 6877K, committed 7552K, reserved 1048576K
}
Event: 21.473 GC heap before
{Heap before GC invocations=101 (full 3):
 PSYoungGen      total 6656K, used 6522K [0x00000000d5580000, 0x00000000d5d00000, 0x0000000100000000)
  eden space 5632K, 100% used [0x00000000d5580000,0x00000000d5b00000,0x00000000d5b00000)
  from space 1024K, 87% used [0x00000000d5b00000,0x00000000d5bdebc0,0x00000000d5c00000)
  to   space 1024K, 0% used [0x00000000d5c00000,0x00000000d5c00000,0x00000000d5d00000)
 ParOldGen       total 105472K, used 105349K [0x0000000080000000, 0x0000000086700000, 0x00000000d5580000)
  object space 105472K, 99% used [0x0000000080000000,0x00000000866e1520,0x0000000086700000)
 Metaspace       used 64593K, committed 66112K, reserved 1114112K
  class space    used 6877K, committed 7552K, reserved 1048576K
}
Event: 21.474 GC heap after
{Heap after GC invocations=101 (full 3):
 PSYoungGen      total 6656K, used 800K [0x00000000d5580000, 0x00000000d5d00000, 0x0000000100000000)
  eden space 5632K, 0% used [0x00000000d5580000,0x00000000d5580000,0x00000000d5b00000)
  from space 1024K, 78% used [0x00000000d5c00000,0x00000000d5cc8000,0x00000000d5d00000)
  to   space 1024K, 0% used [0x00000000d5b00000,0x00000000d5b00000,0x00000000d5c00000)
 ParOldGen       total 106496K, used 106105K [0x0000000080000000, 0x0000000086800000, 0x00000000d5580000)
  object space 106496K, 99% used [0x0000000080000000,0x000000008679e660,0x0000000086800000)
 Metaspace       used 64593K, committed 66112K, reserved 1114112K
  class space    used 6877K, committed 7552K, reserved 1048576K
}
Event: 21.486 GC heap before
{Heap before GC invocations=102 (full 3):
 PSYoungGen      total 6656K, used 6432K [0x00000000d5580000, 0x00000000d5d00000, 0x0000000100000000)
  eden space 5632K, 100% used [0x00000000d5580000,0x00000000d5b00000,0x00000000d5b00000)
  from space 1024K, 78% used [0x00000000d5c00000,0x00000000d5cc8000,0x00000000d5d00000)
  to   space 1024K, 0% used [0x00000000d5b00000,0x00000000d5b00000,0x00000000d5c00000)
 ParOldGen       total 106496K, used 106105K [0x0000000080000000, 0x0000000086800000, 0x00000000d5580000)
  object space 106496K, 99% used [0x0000000080000000,0x000000008679e660,0x0000000086800000)
 Metaspace       used 64596K, committed 66112K, reserved 1114112K
  class space    used 6877K, committed 7552K, reserved 1048576K
}
Event: 21.487 GC heap after
{Heap after GC invocations=102 (full 3):
 PSYoungGen      total 6656K, used 752K [0x00000000d5580000, 0x00000000d5d00000, 0x0000000100000000)
  eden space 5632K, 0% used [0x00000000d5580000,0x00000000d5580000,0x00000000d5b00000)
  from space 1024K, 73% used [0x00000000d5b00000,0x00000000d5bbc010,0x00000000d5c00000)
  to   space 1024K, 0% used [0x00000000d5c00000,0x00000000d5c00000,0x00000000d5d00000)
 ParOldGen       total 107008K, used 106753K [0x0000000080000000, 0x0000000086880000, 0x00000000d5580000)
  object space 107008K, 99% used [0x0000000080000000,0x00000000868404e0,0x0000000086880000)
 Metaspace       used 64596K, committed 66112K, reserved 1114112K
  class space    used 6877K, committed 7552K, reserved 1048576K
}
Event: 21.502 GC heap before
{Heap before GC invocations=103 (full 3):
 PSYoungGen      total 6656K, used 6384K [0x00000000d5580000, 0x00000000d5d00000, 0x0000000100000000)
  eden space 5632K, 100% used [0x00000000d5580000,0x00000000d5b00000,0x00000000d5b00000)
  from space 1024K, 73% used [0x00000000d5b00000,0x00000000d5bbc010,0x00000000d5c00000)
  to   space 1024K, 0% used [0x00000000d5c00000,0x00000000d5c00000,0x00000000d5d00000)
 ParOldGen       total 107008K, used 106753K [0x0000000080000000, 0x0000000086880000, 0x00000000d5580000)
  object space 107008K, 99% used [0x0000000080000000,0x0000000086840500,0x0000000086880000)
 Metaspace       used 64606K, committed 66112K, reserved 1114112K
  class space    used 6879K, committed 7552K, reserved 1048576K
}
Event: 21.504 GC heap after
{Heap after GC invocations=103 (full 3):
 PSYoungGen      total 6656K, used 866K [0x00000000d5580000, 0x00000000d5d00000, 0x0000000100000000)
  eden space 5632K, 0% used [0x00000000d5580000,0x00000000d5580000,0x00000000d5b00000)
  from space 1024K, 84% used [0x00000000d5c00000,0x00000000d5cd8978,0x00000000d5d00000)
  to   space 1024K, 0% used [0x00000000d5b00000,0x00000000d5b00000,0x00000000d5c00000)
 ParOldGen       total 107520K, used 107353K [0x0000000080000000, 0x0000000086900000, 0x00000000d5580000)
  object space 107520K, 99% used [0x0000000080000000,0x00000000868d67b0,0x0000000086900000)
 Metaspace       used 64606K, committed 66112K, reserved 1114112K
  class space    used 6879K, committed 7552K, reserved 1048576K
}
Event: 21.514 GC heap before
{Heap before GC invocations=104 (full 3):
 PSYoungGen      total 6656K, used 6498K [0x00000000d5580000, 0x00000000d5d00000, 0x0000000100000000)
  eden space 5632K, 100% used [0x00000000d5580000,0x00000000d5b00000,0x00000000d5b00000)
  from space 1024K, 84% used [0x00000000d5c00000,0x00000000d5cd8978,0x00000000d5d00000)
  to   space 1024K, 0% used [0x00000000d5b00000,0x00000000d5b00000,0x00000000d5c00000)
 ParOldGen       total 107520K, used 107470K [0x0000000080000000, 0x0000000086900000, 0x00000000d5580000)
  object space 107520K, 99% used [0x0000000080000000,0x00000000868f3b98,0x0000000086900000)
 Metaspace       used 64615K, committed 66112K, reserved 1114112K
  class space    used 6880K, committed 7552K, reserved 1048576K
}
Event: 21.515 GC heap after
{Heap after GC invocations=104 (full 3):
 PSYoungGen      total 6656K, used 800K [0x00000000d5580000, 0x00000000d5d00000, 0x0000000100000000)
  eden space 5632K, 0% used [0x00000000d5580000,0x00000000d5580000,0x00000000d5b00000)
  from space 1024K, 78% used [0x00000000d5b00000,0x00000000d5bc8020,0x00000000d5c00000)
  to   space 1024K, 0% used [0x00000000d5c00000,0x00000000d5c00000,0x00000000d5d00000)
 ParOldGen       total 108544K, used 108198K [0x0000000080000000, 0x0000000086a00000, 0x00000000d5580000)
  object space 108544K, 99% used [0x0000000080000000,0x00000000869a9a80,0x0000000086a00000)
 Metaspace       used 64615K, committed 66112K, reserved 1114112K
  class space    used 6880K, committed 7552K, reserved 1048576K
}
Event: 21.529 GC heap before
{Heap before GC invocations=105 (full 3):
 PSYoungGen      total 6656K, used 6432K [0x00000000d5580000, 0x00000000d5d00000, 0x0000000100000000)
  eden space 5632K, 100% used [0x00000000d5580000,0x00000000d5b00000,0x00000000d5b00000)
  from space 1024K, 78% used [0x00000000d5b00000,0x00000000d5bc8020,0x00000000d5c00000)
  to   space 1024K, 0% used [0x00000000d5c00000,0x00000000d5c00000,0x00000000d5d00000)
 ParOldGen       total 108544K, used 108198K [0x0000000080000000, 0x0000000086a00000, 0x00000000d5580000)
  object space 108544K, 99% used [0x0000000080000000,0x00000000869a9a80,0x0000000086a00000)
 Metaspace       used 64627K, committed 66112K, reserved 1114112K
  class space    used 6880K, committed 7552K, reserved 1048576K
}
Event: 21.530 GC heap after
{Heap after GC invocations=105 (full 3):
 PSYoungGen      total 6656K, used 931K [0x00000000d5580000, 0x00000000d5d00000, 0x0000000100000000)
  eden space 5632K, 0% used [0x00000000d5580000,0x00000000d5580000,0x00000000d5b00000)
  from space 1024K, 90% used [0x00000000d5c00000,0x00000000d5ce8f00,0x00000000d5d00000)
  to   space 1024K, 0% used [0x00000000d5b00000,0x00000000d5b00000,0x00000000d5c00000)
 ParOldGen       total 109056K, used 108860K [0x0000000080000000, 0x0000000086a80000, 0x00000000d5580000)
  object space 109056K, 99% used [0x0000000080000000,0x0000000086a4f0d0,0x0000000086a80000)
 Metaspace       used 64627K, committed 66112K, reserved 1114112K
  class space    used 6880K, committed 7552K, reserved 1048576K
}
Event: 21.543 GC heap before
{Heap before GC invocations=106 (full 3):
 PSYoungGen      total 6656K, used 6550K [0x00000000d5580000, 0x00000000d5d00000, 0x0000000100000000)
  eden space 5632K, 99% used [0x00000000d5580000,0x00000000d5afc980,0x00000000d5b00000)
  from space 1024K, 90% used [0x00000000d5c00000,0x00000000d5ce8f00,0x00000000d5d00000)
  to   space 1024K, 0% used [0x00000000d5b00000,0x00000000d5b00000,0x00000000d5c00000)
 ParOldGen       total 109056K, used 108860K [0x0000000080000000, 0x0000000086a80000, 0x00000000d5580000)
  object space 109056K, 99% used [0x0000000080000000,0x0000000086a4f0d0,0x0000000086a80000)
 Metaspace       used 64650K, committed 66176K, reserved 1114112K
  class space    used 6880K, committed 7552K, reserved 1048576K
}
Event: 21.544 GC heap after
{Heap after GC invocations=106 (full 3):
 PSYoungGen      total 6656K, used 779K [0x00000000d5580000, 0x00000000d5d00000, 0x0000000100000000)
  eden space 5632K, 0% used [0x00000000d5580000,0x00000000d5580000,0x00000000d5b00000)
  from space 1024K, 76% used [0x00000000d5b00000,0x00000000d5bc2cb8,0x00000000d5c00000)
  to   space 1024K, 0% used [0x00000000d5c00000,0x00000000d5c00000,0x00000000d5d00000)
 ParOldGen       total 110080K, used 109581K [0x0000000080000000, 0x0000000086b80000, 0x00000000d5580000)
  object space 110080K, 99% used [0x0000000080000000,0x0000000086b035e0,0x0000000086b80000)
 Metaspace       used 64650K, committed 66176K, reserved 1114112K
  class space    used 6880K, committed 7552K, reserved 1048576K
}
Event: 21.558 GC heap before
{Heap before GC invocations=107 (full 3):
 PSYoungGen      total 6656K, used 6411K [0x00000000d5580000, 0x00000000d5d00000, 0x0000000100000000)
  eden space 5632K, 100% used [0x00000000d5580000,0x00000000d5b00000,0x00000000d5b00000)
  from space 1024K, 76% used [0x00000000d5b00000,0x00000000d5bc2cb8,0x00000000d5c00000)
  to   space 1024K, 0% used [0x00000000d5c00000,0x00000000d5c00000,0x00000000d5d00000)
 ParOldGen       total 110080K, used 109581K [0x0000000080000000, 0x0000000086b80000, 0x00000000d5580000)
  object space 110080K, 99% used [0x0000000080000000,0x0000000086b035e0,0x0000000086b80000)
 Metaspace       used 64661K, committed 66176K, reserved 1114112K
  class space    used 6880K, committed 7552K, reserved 1048576K
}
Event: 21.560 GC heap after
{Heap after GC invocations=107 (full 3):
 PSYoungGen      total 6144K, used 1005K [0x00000000d5580000, 0x00000000d5e00000, 0x0000000100000000)
  eden space 5120K, 0% used [0x00000000d5580000,0x00000000d5580000,0x00000000d5a80000)
  from space 1024K, 98% used [0x00000000d5c00000,0x00000000d5cfb4a0,0x00000000d5d00000)
  to   space 1536K, 0% used [0x00000000d5a80000,0x00000000d5a80000,0x00000000d5c00000)
 ParOldGen       total 110592K, used 110224K [0x0000000080000000, 0x0000000086c00000, 0x00000000d5580000)
  object space 110592K, 99% used [0x0000000080000000,0x0000000086ba4088,0x0000000086c00000)
 Metaspace       used 64661K, committed 66176K, reserved 1114112K
  class space    used 6880K, committed 7552K, reserved 1048576K
}
Event: 21.575 GC heap before
{Heap before GC invocations=108 (full 3):
 PSYoungGen      total 6144K, used 6120K [0x00000000d5580000, 0x00000000d5e00000, 0x0000000100000000)
  eden space 5120K, 99% used [0x00000000d5580000,0x00000000d5a7ef18,0x00000000d5a80000)
  from space 1024K, 98% used [0x00000000d5c00000,0x00000000d5cfb4a0,0x00000000d5d00000)
  to   space 1536K, 0% used [0x00000000d5a80000,0x00000000d5a80000,0x00000000d5c00000)
 ParOldGen       total 110592K, used 110224K [0x0000000080000000, 0x0000000086c00000, 0x00000000d5580000)
  object space 110592K, 99% used [0x0000000080000000,0x0000000086ba4088,0x0000000086c00000)
 Metaspace       used 64667K, committed 66176K, reserved 1114112K
  class space    used 6880K, committed 7552K, reserved 1048576K
}
Event: 21.576 GC heap after
{Heap after GC invocations=108 (full 3):
 PSYoungGen      total 6144K, used 795K [0x00000000d5580000, 0x00000000d5c80000, 0x0000000100000000)
  eden space 5120K, 0% used [0x00000000d5580000,0x00000000d5580000,0x00000000d5a80000)
  from space 1024K, 77% used [0x00000000d5a80000,0x00000000d5b46fb8,0x00000000d5b80000)
  to   space 1024K, 0% used [0x00000000d5b80000,0x00000000d5b80000,0x00000000d5c80000)
 ParOldGen       total 111104K, used 111055K [0x0000000080000000, 0x0000000086c80000, 0x00000000d5580000)
  object space 111104K, 99% used [0x0000000080000000,0x0000000086c73fd0,0x0000000086c80000)
 Metaspace       used 64667K, committed 66176K, reserved 1114112K
  class space    used 6880K, committed 7552K, reserved 1048576K
}
Event: 21.595 GC heap before
{Heap before GC invocations=109 (full 3):
 PSYoungGen      total 6144K, used 5915K [0x00000000d5580000, 0x00000000d5c80000, 0x0000000100000000)
  eden space 5120K, 100% used [0x00000000d5580000,0x00000000d5a80000,0x00000000d5a80000)
  from space 1024K, 77% used [0x00000000d5a80000,0x00000000d5b46fb8,0x00000000d5b80000)
  to   space 1024K, 0% used [0x00000000d5b80000,0x00000000d5b80000,0x00000000d5c80000)
 ParOldGen       total 111104K, used 111055K [0x0000000080000000, 0x0000000086c80000, 0x00000000d5580000)
  object space 111104K, 99% used [0x0000000080000000,0x0000000086c73fd0,0x0000000086c80000)
 Metaspace       used 64672K, committed 66176K, reserved 1114112K
  class space    used 6880K, committed 7552K, reserved 1048576K
}
Event: 23.597 GC heap after
{Heap after GC invocations=109 (full 3):
 PSYoungGen      total 6144K, used 999K [0x00000000d5580000, 0x00000000d5c80000, 0x0000000100000000)
  eden space 5120K, 0% used [0x00000000d5580000,0x00000000d5580000,0x00000000d5a80000)
  from space 1024K, 97% used [0x00000000d5b80000,0x00000000d5c79d60,0x00000000d5c80000)
  to   space 1024K, 0% used [0x00000000d5a80000,0x00000000d5a80000,0x00000000d5b80000)
 ParOldGen       total 112128K, used 111733K [0x0000000080000000, 0x0000000086d80000, 0x00000000d5580000)
  object space 112128K, 99% used [0x0000000080000000,0x0000000086d1d568,0x0000000086d80000)
 Metaspace       used 64672K, committed 66176K, reserved 1114112K
  class space    used 6880K, committed 7552K, reserved 1048576K
}
Event: 23.608 GC heap before
{Heap before GC invocations=110 (full 3):
 PSYoungGen      total 6144K, used 6119K [0x00000000d5580000, 0x00000000d5c80000, 0x0000000100000000)
  eden space 5120K, 100% used [0x00000000d5580000,0x00000000d5a80000,0x00000000d5a80000)
  from space 1024K, 97% used [0x00000000d5b80000,0x00000000d5c79d60,0x00000000d5c80000)
  to   space 1024K, 0% used [0x00000000d5a80000,0x00000000d5a80000,0x00000000d5b80000)
 ParOldGen       total 112128K, used 111733K [0x0000000080000000, 0x0000000086d80000, 0x00000000d5580000)
  object space 112128K, 99% used [0x0000000080000000,0x0000000086d1d568,0x0000000086d80000)
 Metaspace       used 64704K, committed 66176K, reserved 1114112K
  class space    used 6887K, committed 7552K, reserved 1048576K
}

Dll operation events (12 events):
Event: 0.012 Loaded shared library c:\Users\LAPTOP\.antigravity\extensions\redhat.java-1.54.0-win32-x64\jre\21.0.10-win32-x86_64\bin\java.dll
Event: 0.064 Loaded shared library c:\Users\LAPTOP\.antigravity\extensions\redhat.java-1.54.0-win32-x64\jre\21.0.10-win32-x86_64\bin\zip.dll
Event: 0.079 Loaded shared library C:\Users\LAPTOP\.antigravity\extensions\redhat.java-1.54.0-win32-x64\jre\21.0.10-win32-x86_64\bin\instrument.dll
Event: 0.083 Loaded shared library C:\Users\LAPTOP\.antigravity\extensions\redhat.java-1.54.0-win32-x64\jre\21.0.10-win32-x86_64\bin\net.dll
Event: 0.085 Loaded shared library C:\Users\LAPTOP\.antigravity\extensions\redhat.java-1.54.0-win32-x64\jre\21.0.10-win32-x86_64\bin\nio.dll
Event: 0.088 Loaded shared library C:\Users\LAPTOP\.antigravity\extensions\redhat.java-1.54.0-win32-x64\jre\21.0.10-win32-x86_64\bin\zip.dll
Event: 0.103 Loaded shared library C:\Users\LAPTOP\.antigravity\extensions\redhat.java-1.54.0-win32-x64\jre\21.0.10-win32-x86_64\bin\jimage.dll
Event: 0.158 Loaded shared library c:\Users\LAPTOP\.antigravity\extensions\redhat.java-1.54.0-win32-x64\jre\21.0.10-win32-x86_64\bin\verify.dll
Event: 1.547 Loaded shared library C:\Users\LAPTOP\AppData\Roaming\Antigravity\User\globalStorage\redhat.java\1.54.0\config_win\org.eclipse.equinox.launcher\org.eclipse.equinox.launcher.win32.win32.x86_64_1.3.0.v20260203-2149\eclipse_11919.dll
Event: 4.112 Loaded shared library C:\Users\LAPTOP\.antigravity\extensions\redhat.java-1.54.0-win32-x64\jre\21.0.10-win32-x86_64\bin\management.dll
Event: 4.116 Loaded shared library C:\Users\LAPTOP\.antigravity\extensions\redhat.java-1.54.0-win32-x64\jre\21.0.10-win32-x86_64\bin\management_ext.dll
Event: 4.356 Loaded shared library C:\Users\LAPTOP\AppData\Local\Temp\jna--2056656422\jna9426764991052195777.dll

Deoptimization events (20 events):
Event: 21.568 Thread 0x000002508f338b80 DEOPT PACKING pc=0x000002503443edab sp=0x000000ab59efd0f0
Event: 21.568 Thread 0x000002508f338b80 DEOPT UNPACKING pc=0x000002503a2e4242 sp=0x000000ab59efc610 mode 0
Event: 21.570 Thread 0x000002508f338b80 DEOPT PACKING pc=0x000002503447d69f sp=0x000000ab59efd7f0
Event: 21.570 Thread 0x000002508f338b80 DEOPT UNPACKING pc=0x000002503a2e4242 sp=0x000000ab59efcd08 mode 0
Event: 21.578 Thread 0x000002508f338b80 Uncommon trap: trap_request=0xffffff45 fr.pc=0x000002503afa9894 relative=0x0000000000000a94
Event: 21.578 Thread 0x000002508f338b80 Uncommon trap: reason=unstable_if action=reinterpret pc=0x000002503afa9894 method=lombok.eclipse.EclipseNode.traverse(Llombok/eclipse/EclipseASTVisitor;)V @ 408 c2
Event: 21.578 Thread 0x000002508f338b80 DEOPT PACKING pc=0x000002503afa9894 sp=0x000000ab59efddf0
Event: 21.578 Thread 0x000002508f338b80 DEOPT UNPACKING pc=0x000002503a2e3aa2 sp=0x000000ab59efdd98 mode 2
Event: 21.588 Thread 0x000002508f33ac50 DEOPT PACKING pc=0x00000250344126d3 sp=0x000000ab57bfe760
Event: 21.588 Thread 0x000002508f33ac50 DEOPT UNPACKING pc=0x000002503a2e4242 sp=0x000000ab57bfdcc8 mode 0
Event: 23.599 Thread 0x000002508f338b80 Uncommon trap: trap_request=0xffffff45 fr.pc=0x000002503afb1cd0 relative=0x00000000000009d0
Event: 23.599 Thread 0x000002508f338b80 Uncommon trap: reason=unstable_if action=reinterpret pc=0x000002503afb1cd0 method=lombok.core.configuration.FileSystemSourceCache.parseIfNeccesary(Llombok/core/configuration/ConfigurationFile;Llombok/core/configuration/ConfigurationParser;)Llombok/core/co
Event: 23.600 Thread 0x000002508f338b80 DEOPT PACKING pc=0x000002503afb1cd0 sp=0x000000ab59efdf30
Event: 23.600 Thread 0x000002508f338b80 DEOPT UNPACKING pc=0x000002503a2e3aa2 sp=0x000000ab59efded8 mode 2
Event: 23.601 Thread 0x000002508f338b80 Uncommon trap: trap_request=0xfffffff4 fr.pc=0x000002503afad874 relative=0x00000000000003d4
Event: 23.602 Thread 0x000002508f338b80 Uncommon trap: reason=null_check action=make_not_entrant pc=0x000002503afad874 method=lombok.core.configuration.FileSystemSourceCache.ensureContent(Llombok/core/configuration/ConfigurationFile;)Llombok/core/configuration/FileSystemSourceCache$Content; @ 1
Event: 23.602 Thread 0x000002508f338b80 DEOPT PACKING pc=0x000002503afad874 sp=0x000000ab59efdeb0
Event: 23.602 Thread 0x000002508f338b80 DEOPT UNPACKING pc=0x000002503a2e3aa2 sp=0x000000ab59efde68 mode 2
Event: 23.608 Thread 0x000002508f33ac50 DEOPT PACKING pc=0x00000250344126d3 sp=0x000000ab57bfe760
Event: 23.608 Thread 0x000002508f33ac50 DEOPT UNPACKING pc=0x000002503a2e4242 sp=0x000000ab57bfdcc8 mode 0

Classes loaded (20 events):
Event: 21.024 Loading class java/nio/file/FileTreeIterator
Event: 21.024 Loading class java/nio/file/FileTreeIterator done
Event: 21.187 Loading class java/util/stream/ReferencePipeline$4
Event: 21.187 Loading class java/util/stream/ReferencePipeline$4 done
Event: 21.187 Loading class java/util/stream/Nodes$IntFixedNodeBuilder
Event: 21.187 Loading class java/util/stream/Node$Builder$OfInt
Event: 21.188 Loading class java/util/stream/Node$Builder$OfInt done
Event: 21.188 Loading class java/util/stream/Nodes$IntArrayNode
Event: 21.188 Loading class java/util/stream/Nodes$IntArrayNode done
Event: 21.188 Loading class java/util/stream/Nodes$IntFixedNodeBuilder done
Event: 21.188 Loading class java/util/stream/ReferencePipeline$4$1
Event: 21.188 Loading class java/util/stream/ReferencePipeline$4$1 done
Event: 21.274 Loading class java/util/concurrent/CompletableFuture$UniApply
Event: 21.274 Loading class java/util/concurrent/CompletableFuture$UniCompletion
Event: 21.274 Loading class java/util/concurrent/CompletableFuture$UniCompletion done
Event: 21.274 Loading class java/util/concurrent/CompletableFuture$UniApply done
Event: 21.276 Loading class java/util/concurrent/CompletableFuture$UniAccept
Event: 21.276 Loading class java/util/concurrent/CompletableFuture$UniAccept done
Event: 21.276 Loading class java/util/concurrent/CompletableFuture$UniExceptionally
Event: 21.276 Loading class java/util/concurrent/CompletableFuture$UniExceptionally done

Classes unloaded (16 events):
Event: 3.485 Thread 0x000002502fc04b50 Unloading class 0x00000250481b3000 'java/lang/invoke/LambdaForm$MH+0x00000250481b3000'
Event: 3.485 Thread 0x000002502fc04b50 Unloading class 0x00000250481b2c00 'java/lang/invoke/LambdaForm$MH+0x00000250481b2c00'
Event: 3.485 Thread 0x000002502fc04b50 Unloading class 0x00000250481b2800 'java/lang/invoke/LambdaForm$MH+0x00000250481b2800'
Event: 3.485 Thread 0x000002502fc04b50 Unloading class 0x00000250481b2400 'java/lang/invoke/LambdaForm$MH+0x00000250481b2400'
Event: 3.485 Thread 0x000002502fc04b50 Unloading class 0x00000250481b2000 'java/lang/invoke/LambdaForm$BMH+0x00000250481b2000'
Event: 3.485 Thread 0x000002502fc04b50 Unloading class 0x00000250481b1c00 'java/lang/invoke/LambdaForm$DMH+0x00000250481b1c00'
Event: 3.485 Thread 0x000002502fc04b50 Unloading class 0x00000250481b0800 'java/lang/invoke/LambdaForm$DMH+0x00000250481b0800'
Event: 4.785 Thread 0x000002502fc04b50 Unloading class 0x0000025048315000 'java/lang/invoke/LambdaForm$MH+0x0000025048315000'
Event: 4.785 Thread 0x000002502fc04b50 Unloading class 0x0000025048314400 'java/lang/invoke/LambdaForm$MH+0x0000025048314400'
Event: 4.785 Thread 0x000002502fc04b50 Unloading class 0x0000025048313c00 'java/lang/invoke/LambdaForm$MH+0x0000025048313c00'
Event: 4.785 Thread 0x000002502fc04b50 Unloading class 0x0000025048313800 'java/lang/invoke/LambdaForm$DMH+0x0000025048313800'
Event: 4.785 Thread 0x000002502fc04b50 Unloading class 0x0000025048312c00 'java/lang/invoke/LambdaForm$MH+0x0000025048312c00'
Event: 19.828 Thread 0x000002502fc04b50 Unloading class 0x00000250485b2c00 'java/lang/invoke/LambdaForm$DMH+0x00000250485b2c00'
Event: 19.828 Thread 0x000002502fc04b50 Unloading class 0x00000250485b2400 'java/lang/invoke/LambdaForm$DMH+0x00000250485b2400'
Event: 19.828 Thread 0x000002502fc04b50 Unloading class 0x00000250485b2800 'java/lang/invoke/LambdaForm$DMH+0x00000250485b2800'
Event: 19.828 Thread 0x000002502fc04b50 Unloading class 0x00000250485b2000 'java/lang/invoke/LambdaForm$DMH+0x00000250485b2000'

Classes redefined (0 events):
No events

Internal exceptions (20 events):
Event: 19.924 Thread 0x0000025090dfde80 Exception <a 'sun/nio/fs/WindowsException'{0x00000000d5590fd8}> (0x00000000d5590fd8) 
thrown [s\src\hotspot\share\prims\jni.cpp, line 520]
Event: 19.924 Thread 0x0000025090dfd160 Exception <a 'sun/nio/fs/WindowsException'{0x00000000d55a07a0}> (0x00000000d55a07a0) 
thrown [s\src\hotspot\share\prims\jni.cpp, line 520]
Event: 19.936 Thread 0x0000025090dfcad0 Exception <a 'sun/nio/fs/WindowsException'{0x00000000d55a6548}> (0x00000000d55a6548) 
thrown [s\src\hotspot\share\prims\jni.cpp, line 520]
Event: 19.938 Thread 0x0000025090dfe510 Exception <a 'sun/nio/fs/WindowsException'{0x00000000d55803d8}> (0x00000000d55803d8) 
thrown [s\src\hotspot\share\prims\jni.cpp, line 520]
Event: 20.479 Thread 0x000002508f33ac50 Implicit null exception at 0x000002503a8c9569 to 0x000002503a8c973c
Event: 20.846 Thread 0x0000025090aa39a0 Implicit null exception at 0x000002503ad1f9a7 to 0x000002503ad1fd3c
Event: 21.012 Thread 0x000002508f33cd20 Exception <a 'sun/nio/fs/WindowsException'{0x00000000d57357e0}> (0x00000000d57357e0) 
thrown [s\src\hotspot\share\prims\jni.cpp, line 520]
Event: 21.012 Thread 0x000002508f33cd20 Exception <a 'sun/nio/fs/WindowsException'{0x00000000d5739b40}> (0x00000000d5739b40) 
thrown [s\src\hotspot\share\prims\jni.cpp, line 520]
Event: 21.265 Thread 0x0000025090aa39a0 Exception <a 'sun/nio/fs/WindowsException'{0x00000000d58948a8}> (0x00000000d58948a8) 
thrown [s\src\hotspot\share\prims\jni.cpp, line 520]
Event: 21.265 Thread 0x0000025090aa39a0 Exception <a 'sun/nio/fs/WindowsException'{0x00000000d5894ef8}> (0x00000000d5894ef8) 
thrown [s\src\hotspot\share\prims\jni.cpp, line 520]
Event: 21.266 Thread 0x0000025090aa39a0 Exception <a 'sun/nio/fs/WindowsException'{0x00000000d58f3b70}> (0x00000000d58f3b70) 
thrown [s\src\hotspot\share\prims\jni.cpp, line 520]
Event: 21.266 Thread 0x0000025090aa39a0 Exception <a 'sun/nio/fs/WindowsException'{0x00000000d58f41c0}> (0x00000000d58f41c0) 
thrown [s\src\hotspot\share\prims\jni.cpp, line 520]
Event: 21.270 Thread 0x0000025090aa39a0 Exception <a 'java/lang/IncompatibleClassChangeError'{0x00000000d5b442f0}: Found class java.lang.Object, but interface was expected> (0x00000000d5b442f0) 
thrown [s\src\hotspot\share\interpreter\linkResolver.cpp, line 840]
Event: 21.277 Thread 0x0000025090aa39a0 Exception <a 'java/lang/IncompatibleClassChangeError'{0x00000000d5818390}: Found class java.lang.Object, but interface was expected> (0x00000000d5818390) 
thrown [s\src\hotspot\share\interpreter\linkResolver.cpp, line 840]
Event: 21.278 Thread 0x000002508f338b80 Exception <a 'java/lang/NoSuchMethodError'{0x00000000d5883e90}: 'java.lang.Object java.lang.invoke.DirectMethodHandle$Holder.invokeStatic(java.lang.Object, java.lang.Object, int, int)'> (0x00000000d5883e90) 
thrown [s\src\hotspot\share\interpreter\linkResolver.cpp, line 773]
Event: 21.278 Thread 0x000002508f338b80 Exception <a 'java/lang/NoSuchMethodError'{0x00000000d58a1288}: 'java.lang.Object java.lang.invoke.DirectMethodHandle$Holder.invokeSpecial(java.lang.Object, java.lang.Object, java.lang.Object, int, int)'> (0x00000000d58a1288) 
thrown [s\src\hotspot\share\interpreter\linkResolver.cpp, line 773]
Event: 21.297 Thread 0x0000025090aa39a0 Exception <a 'java/lang/IncompatibleClassChangeError'{0x00000000d584d5c0}: Found class java.lang.Object, but interface was expected> (0x00000000d584d5c0) 
thrown [s\src\hotspot\share\interpreter\linkResolver.cpp, line 840]
Event: 21.328 Thread 0x000002508f338b80 Exception <a 'java/lang/NoSuchMethodError'{0x00000000d55ffd48}: 'void java.lang.invoke.DelegatingMethodHandle$Holder.reinvoke_L(java.lang.Object, java.lang.Object, java.lang.Object, int, java.lang.Object, int, int)'> (0x00000000d55ffd48) 
thrown [s\src\hotspot\share\interpreter\linkResolver.cpp, line 773]
Event: 21.347 Thread 0x000002508f338b80 Implicit null exception at 0x000002503afa75ec to 0x000002503afa7a4f
Event: 23.605 Thread 0x000002508f33cd20 Exception <a 'java/lang/NoSuchMethodError'{0x00000000d5831140}: 'java.lang.Object java.lang.invoke.DirectMethodHandle$Holder.invokeSpecial(java.lang.Object, java.lang.Object, int, long)'> (0x00000000d5831140) 
thrown [s\src\hotspot\share\interpreter\linkResolver.cpp, line 773]

ZGC Phase Switch (0 events):
No events

VM Operations (20 events):
Event: 21.474 Executing safepoint VM operation: ParallelGCFailedAllocation (Allocation Failure) done
Event: 21.486 Executing safepoint VM operation: ParallelGCFailedAllocation (Allocation Failure)
Event: 21.487 Executing safepoint VM operation: ParallelGCFailedAllocation (Allocation Failure) done
Event: 21.502 Executing safepoint VM operation: ParallelGCFailedAllocation (Allocation Failure)
Event: 21.502 Executing safepoint VM operation: ParallelGCFailedAllocation (Allocation Failure) done
Event: 21.502 Executing safepoint VM operation: ParallelGCSystemGC (GCLocker Initiated GC)
Event: 21.504 Executing safepoint VM operation: ParallelGCSystemGC (GCLocker Initiated GC) done
Event: 21.514 Executing safepoint VM operation: ParallelGCFailedAllocation (Allocation Failure)
Event: 21.515 Executing safepoint VM operation: ParallelGCFailedAllocation (Allocation Failure) done
Event: 21.529 Executing safepoint VM operation: ParallelGCFailedAllocation (Allocation Failure)
Event: 21.530 Executing safepoint VM operation: ParallelGCFailedAllocation (Allocation Failure) done
Event: 21.543 Executing safepoint VM operation: ParallelGCFailedAllocation (Allocation Failure)
Event: 21.544 Executing safepoint VM operation: ParallelGCFailedAllocation (Allocation Failure) done
Event: 21.558 Executing safepoint VM operation: ParallelGCFailedAllocation (Allocation Failure)
Event: 21.560 Executing safepoint VM operation: ParallelGCFailedAllocation (Allocation Failure) done
Event: 21.575 Executing safepoint VM operation: ParallelGCFailedAllocation (Allocation Failure)
Event: 21.576 Executing safepoint VM operation: ParallelGCFailedAllocation (Allocation Failure) done
Event: 21.595 Executing safepoint VM operation: ParallelGCFailedAllocation (Allocation Failure)
Event: 23.598 Executing safepoint VM operation: ParallelGCFailedAllocation (Allocation Failure) done
Event: 23.608 Executing safepoint VM operation: ParallelGCFailedAllocation (Allocation Failure)

Memory protections (0 events):
No events

Nmethod flushes (20 events):
Event: 19.853 Thread 0x000002502fc04b50 flushing  nmethod 0x0000025033679290
Event: 19.853 Thread 0x000002502fc04b50 flushing  nmethod 0x000002503367ca10
Event: 19.853 Thread 0x000002502fc04b50 flushing  nmethod 0x000002503367de90
Event: 19.853 Thread 0x000002502fc04b50 flushing  nmethod 0x000002503367e490
Event: 19.853 Thread 0x000002502fc04b50 flushing  nmethod 0x0000025033682210
Event: 19.853 Thread 0x000002502fc04b50 flushing  nmethod 0x0000025033682910
Event: 19.853 Thread 0x000002502fc04b50 flushing  nmethod 0x0000025033683090
Event: 19.853 Thread 0x000002502fc04b50 flushing  nmethod 0x0000025033684e90
Event: 19.853 Thread 0x000002502fc04b50 flushing  nmethod 0x000002503368ba10
Event: 19.853 Thread 0x000002502fc04b50 flushing  nmethod 0x000002503368fe10
Event: 19.853 Thread 0x000002502fc04b50 flushing  nmethod 0x000002503369e390
Event: 19.853 Thread 0x000002502fc04b50 flushing  nmethod 0x000002503369f710
Event: 19.853 Thread 0x000002502fc04b50 flushing  nmethod 0x00000250336bd210
Event: 19.853 Thread 0x000002502fc04b50 flushing  nmethod 0x00000250336d0690
Event: 19.853 Thread 0x000002502fc04b50 flushing  nmethod 0x00000250336dbf90
Event: 19.853 Thread 0x000002502fc04b50 flushing  nmethod 0x00000250336fd990
Event: 19.853 Thread 0x000002502fc04b50 flushing  nmethod 0x00000250336ff490
Event: 19.853 Thread 0x000002502fc04b50 flushing  nmethod 0x000002503370a410
Event: 19.853 Thread 0x000002502fc04b50 flushing  nmethod 0x000002503370b810
Event: 19.853 Thread 0x000002502fc04b50 flushing  nmethod 0x0000025033723b90

Events (20 events):
Event: 19.915 Thread 0x0000025090aa8ef0 Thread added: 0x0000025090dfcad0
Event: 19.915 Thread 0x0000025090aa74b0 Thread added: 0x0000025090dfd160
Event: 19.916 Thread 0x0000025090dfcad0 Thread added: 0x0000025090dfd7f0
Event: 19.916 Thread 0x0000025090dfd160 Thread added: 0x0000025090dfe510
Event: 19.916 Thread 0x0000025090aa81d0 Thread added: 0x0000025090dfeba0
Event: 19.916 Thread 0x0000025090aa7b40 Thread added: 0x0000025090dfde80
Event: 20.062 Thread 0x000002508f338b80 Thread added: 0x000002508eb8ada0
Event: 20.062 Thread 0x000002508f338b80 Thread added: 0x000002508eb8c7e0
Event: 20.063 Thread 0x000002508f338b80 Thread added: 0x000002508eb8d500
Event: 20.063 Thread 0x000002508f338b80 Thread added: 0x000002508eb8e220
Event: 20.063 Thread 0x000002508f338b80 Thread added: 0x000002508eb8b430
Event: 20.063 Thread 0x000002508f338b80 Thread added: 0x000002508f339210
Event: 20.063 Thread 0x000002508f338b80 Thread added: 0x0000025090aa6e20
Event: 20.063 Thread 0x000002508f338b80 Thread added: 0x000002508fa088d0
Event: 20.063 Thread 0x000002508f338b80 Thread added: 0x000002508fa0b030
Event: 20.063 Thread 0x000002508f338b80 Thread added: 0x000002508fa07bb0
Event: 21.276 Thread 0x0000025090aa39a0 Thread added: 0x000002508fa0a310
Event: 21.278 Thread 0x0000025090aa39a0 Thread added: 0x000002508fa0b6c0
Event: 21.278 Thread 0x000002508fa0b6c0 Thread added: 0x000002508fa08240
Event: 23.598 Thread 0x000002508f33cd20 Thread added: 0x000002508fa0e4b0


Dynamic libraries:
0x00007ff6b4380000 - 0x00007ff6b438e000 	c:\Users\LAPTOP\.antigravity\extensions\redhat.java-1.54.0-win32-x64\jre\21.0.10-win32-x86_64\bin\java.exe
0x00007ffd4cee0000 - 0x00007ffd4d147000 	C:\WINDOWS\SYSTEM32\ntdll.dll
0x00007ffd4b780000 - 0x00007ffd4b849000 	C:\WINDOWS\System32\KERNEL32.DLL
0x00007ffd4a5e0000 - 0x00007ffd4a9d7000 	C:\WINDOWS\System32\KERNELBASE.dll
0x00007ffd4ab10000 - 0x00007ffd4ac5b000 	C:\WINDOWS\System32\ucrtbase.dll
0x00007ffcef2f0000 - 0x00007ffcef30e000 	c:\Users\LAPTOP\.antigravity\extensions\redhat.java-1.54.0-win32-x64\jre\21.0.10-win32-x86_64\bin\VCRUNTIME140.dll
0x00007ffcf0490000 - 0x00007ffcf04a8000 	c:\Users\LAPTOP\.antigravity\extensions\redhat.java-1.54.0-win32-x64\jre\21.0.10-win32-x86_64\bin\jli.dll
0x00007ffd4bda0000 - 0x00007ffd4bf66000 	C:\WINDOWS\System32\USER32.dll
0x00007ffd4a5b0000 - 0x00007ffd4a5d7000 	C:\WINDOWS\System32\win32u.dll
0x00007ffd4c0e0000 - 0x00007ffd4c10b000 	C:\WINDOWS\System32\GDI32.dll
0x00007ffd29440000 - 0x00007ffd296d2000 	C:\WINDOWS\WinSxS\amd64_microsoft.windows.common-controls_6595b64144ccf1df_6.0.26100.8457_none_3e0b2faee331e92d\COMCTL32.dll
0x00007ffd4a9e0000 - 0x00007ffd4ab0c000 	C:\WINDOWS\System32\gdi32full.dll
0x00007ffd4b320000 - 0x00007ffd4b3c9000 	C:\WINDOWS\System32\msvcrt.dll
0x00007ffd4a390000 - 0x00007ffd4a433000 	C:\WINDOWS\System32\msvcp_win.dll
0x00007ffd4b060000 - 0x00007ffd4b092000 	C:\WINDOWS\System32\IMM32.DLL
0x000000006b960000 - 0x000000006b96c000 	C:\Program Files (x86)\360\Total Security\safemon\SafeWrapper.dll
0x00007ffd4b850000 - 0x00007ffd4b906000 	C:\WINDOWS\System32\ADVAPI32.dll
0x00007ffd4b0d0000 - 0x00007ffd4b177000 	C:\WINDOWS\System32\sechost.dll
0x00007ffd4af40000 - 0x00007ffd4b058000 	C:\WINDOWS\System32\RPCRT4.dll
0x00007ffcb6570000 - 0x00007ffcb661c000 	C:\Program Files (x86)\360\Total Security\safemon\libzdtp64.dll
0x00007ffd4c510000 - 0x00007ffd4cc7e000 	C:\WINDOWS\System32\SHELL32.dll
0x00007ffd4c1d0000 - 0x00007ffd4c236000 	C:\WINDOWS\System32\SHLWAPI.dll
0x00007ffd49910000 - 0x00007ffd4a17c000 	C:\WINDOWS\System32\Windows.Storage.dll
0x00007ffd4b3f0000 - 0x00007ffd4b773000 	C:\WINDOWS\System32\combase.dll
0x00007ffd493f0000 - 0x00007ffd493fb000 	C:\WINDOWS\SYSTEM32\VERSION.dll
0x00007ffd27c70000 - 0x00007ffd27c7c000 	c:\Users\LAPTOP\.antigravity\extensions\redhat.java-1.54.0-win32-x64\jre\21.0.10-win32-x86_64\bin\vcruntime140_1.dll
0x00007ffce3630000 - 0x00007ffce36bd000 	c:\Users\LAPTOP\.antigravity\extensions\redhat.java-1.54.0-win32-x64\jre\21.0.10-win32-x86_64\bin\msvcp140.dll
0x00007ffc91010000 - 0x00007ffc91db1000 	c:\Users\LAPTOP\.antigravity\extensions\redhat.java-1.54.0-win32-x64\jre\21.0.10-win32-x86_64\bin\server\jvm.dll
0x00007ffd4bfc0000 - 0x00007ffd4c040000 	C:\WINDOWS\System32\WS2_32.dll
0x00007ffd49770000 - 0x00007ffd497ce000 	C:\WINDOWS\SYSTEM32\POWRPROF.dll
0x00007ffd38380000 - 0x00007ffd383b6000 	C:\WINDOWS\SYSTEM32\WINMM.dll
0x00007ffd49750000 - 0x00007ffd49764000 	C:\WINDOWS\SYSTEM32\UMPDC.dll
0x00007ffd48630000 - 0x00007ffd4864b000 	C:\WINDOWS\SYSTEM32\kernel.appcore.dll
0x00007ffd25810000 - 0x00007ffd2581a000 	c:\Users\LAPTOP\.antigravity\extensions\redhat.java-1.54.0-win32-x64\jre\21.0.10-win32-x86_64\bin\jimage.dll
0x00007ffd477c0000 - 0x00007ffd47a02000 	C:\WINDOWS\SYSTEM32\DBGHELP.DLL
0x00007ffd4c430000 - 0x00007ffd4c509000 	C:\WINDOWS\System32\OLEAUT32.dll
0x00007ffd22280000 - 0x00007ffd222bb000 	C:\WINDOWS\SYSTEM32\dbgcore.DLL
0x00007ffd4a440000 - 0x00007ffd4a4e8000 	C:\WINDOWS\System32\bcryptPrimitives.dll
0x00007ffd22210000 - 0x00007ffd2221f000 	c:\Users\LAPTOP\.antigravity\extensions\redhat.java-1.54.0-win32-x64\jre\21.0.10-win32-x86_64\bin\instrument.dll
0x00007ffceb7b0000 - 0x00007ffceb7d0000 	c:\Users\LAPTOP\.antigravity\extensions\redhat.java-1.54.0-win32-x64\jre\21.0.10-win32-x86_64\bin\java.dll
0x00007ffd4b210000 - 0x00007ffd4b306000 	C:\WINDOWS\System32\SHCORE.dll
0x00007ffd49830000 - 0x00007ffd49859000 	C:\WINDOWS\SYSTEM32\profapi.dll
0x00007ffce44f0000 - 0x00007ffce4508000 	c:\Users\LAPTOP\.antigravity\extensions\redhat.java-1.54.0-win32-x64\jre\21.0.10-win32-x86_64\bin\zip.dll
0x00007ffcfc210000 - 0x00007ffcfc220000 	C:\Users\LAPTOP\.antigravity\extensions\redhat.java-1.54.0-win32-x64\jre\21.0.10-win32-x86_64\bin\net.dll
0x00007ffd40620000 - 0x00007ffd40749000 	C:\WINDOWS\SYSTEM32\WINHTTP.dll
0x00007ffd48ba0000 - 0x00007ffd48c0c000 	C:\WINDOWS\system32\mswsock.dll
0x00007ffce44d0000 - 0x00007ffce44e6000 	C:\Users\LAPTOP\.antigravity\extensions\redhat.java-1.54.0-win32-x64\jre\21.0.10-win32-x86_64\bin\nio.dll
0x00007ffcf4310000 - 0x00007ffcf4320000 	c:\Users\LAPTOP\.antigravity\extensions\redhat.java-1.54.0-win32-x64\jre\21.0.10-win32-x86_64\bin\verify.dll
0x00007ffcdf620000 - 0x00007ffcdf665000 	C:\Users\LAPTOP\AppData\Roaming\Antigravity\User\globalStorage\redhat.java\1.54.0\config_win\org.eclipse.equinox.launcher\org.eclipse.equinox.launcher.win32.win32.x86_64_1.3.0.v20260203-2149\eclipse_11919.dll
0x00007ffd4cc90000 - 0x00007ffd4ce27000 	C:\WINDOWS\System32\ole32.dll
0x00007ffd48e80000 - 0x00007ffd48e9b000 	C:\WINDOWS\SYSTEM32\CRYPTSP.dll
0x00007ffd48590000 - 0x00007ffd485c9000 	C:\WINDOWS\system32\rsaenh.dll
0x00007ffd48c50000 - 0x00007ffd48c83000 	C:\WINDOWS\SYSTEM32\USERENV.dll
0x00007ffd49800000 - 0x00007ffd4982a000 	C:\WINDOWS\SYSTEM32\bcrypt.dll
0x00007ffd48ea0000 - 0x00007ffd48eac000 	C:\WINDOWS\SYSTEM32\CRYPTBASE.dll
0x00007ffd480b0000 - 0x00007ffd480e2000 	C:\WINDOWS\SYSTEM32\IPHLPAPI.DLL
0x00007ffd4ce30000 - 0x00007ffd4ce3a000 	C:\WINDOWS\System32\NSI.dll
0x00007ffcf4150000 - 0x00007ffcf415a000 	C:\Users\LAPTOP\.antigravity\extensions\redhat.java-1.54.0-win32-x64\jre\21.0.10-win32-x86_64\bin\management.dll
0x00007ffcf4130000 - 0x00007ffcf413c000 	C:\Users\LAPTOP\.antigravity\extensions\redhat.java-1.54.0-win32-x64\jre\21.0.10-win32-x86_64\bin\management_ext.dll
0x00007ffd4c240000 - 0x00007ffd4c248000 	C:\WINDOWS\System32\PSAPI.DLL
0x00007ffcdbce0000 - 0x00007ffcdbd29000 	C:\Users\LAPTOP\AppData\Local\Temp\jna--2056656422\jna9426764991052195777.dll
0x00007ffd418e0000 - 0x00007ffd418fd000 	C:\WINDOWS\SYSTEM32\dhcpcsvc6.DLL
0x00007ffd418b0000 - 0x00007ffd418d5000 	C:\WINDOWS\SYSTEM32\dhcpcsvc.DLL

JVMTI agents:
c:\Users\LAPTOP\.antigravity\extensions\redhat.java-1.54.0-win32-x64\lombok\lombok-1.18.39-4050.jar path:c:\Users\LAPTOP\.antigravity\extensions\redhat.java-1.54.0-win32-x64\jre\21.0.10-win32-x86_64\bin\instrument.dll, loaded, initialized, instrumentlib options:none

dbghelp: loaded successfully - version: 4.0.5 - missing functions: none
symbol engine: initialized successfully - sym options: 0x614 - pdb path: .;c:\Users\LAPTOP\.antigravity\extensions\redhat.java-1.54.0-win32-x64\jre\21.0.10-win32-x86_64\bin;C:\WINDOWS\SYSTEM32;C:\WINDOWS\WinSxS\amd64_microsoft.windows.common-controls_6595b64144ccf1df_6.0.26100.8457_none_3e0b2faee331e92d;C:\Program Files (x86)\360\Total Security\safemon;c:\Users\LAPTOP\.antigravity\extensions\redhat.java-1.54.0-win32-x64\jre\21.0.10-win32-x86_64\bin\server;C:\Users\LAPTOP\AppData\Roaming\Antigravity\User\globalStorage\redhat.java\1.54.0\config_win\org.eclipse.equinox.launcher\org.eclipse.equinox.launcher.win32.win32.x86_64_1.3.0.v20260203-2149;C:\Users\LAPTOP\AppData\Local\Temp\jna--2056656422

VM Arguments:
jvm_args: --add-modules=ALL-SYSTEM --add-opens=java.base/java.util=ALL-UNNAMED --add-opens=java.base/java.lang=ALL-UNNAMED --add-opens=java.base/sun.nio.fs=ALL-UNNAMED -Declipse.application=org.eclipse.jdt.ls.core.id1 -Dosgi.bundles.defaultStartLevel=4 -Declipse.product=org.eclipse.jdt.ls.core.product -Djava.import.generatesMetadataFilesAtProjectRoot=false -DDetectVMInstallationsJob.disabled=true -Dfile.encoding=utf8 -XX:+UseParallelGC -XX:GCTimeRatio=4 -XX:AdaptiveSizePolicyWeight=90 -Dsun.zip.disableMemoryMapping=true -Xmx2G -Xms100m -Xlog:disable -javaagent:c:\Users\LAPTOP\.antigravity\extensions\redhat.java-1.54.0-win32-x64\lombok\lombok-1.18.39-4050.jar -XX:+HeapDumpOnOutOfMemoryError -XX:HeapDumpPath=c:\Users\LAPTOP\AppData\Roaming\Antigravity\User\workspaceStorage\ea1aecd79872bf51f1a29430e0d3635e\redhat.java -Daether.dependencyCollector.impl=bf 
java_command: c:\Users\LAPTOP\.antigravity\extensions\redhat.java-1.54.0-win32-x64\server\plugins\org.eclipse.equinox.launcher_1.7.100.v20251111-0406.jar -configuration c:\Users\LAPTOP\AppData\Roaming\Antigravity\User\globalStorage\redhat.java\1.54.0\config_win -data c:\Users\LAPTOP\AppData\Roaming\Antigravity\User\workspaceStorage\ea1aecd79872bf51f1a29430e0d3635e\redhat.java\jdt_ws --pipe=\\.\pipe\lsp-a17bc8805215abbc29a89a13362eda02-sock
java_class_path (initial): c:\Users\LAPTOP\.antigravity\extensions\redhat.java-1.54.0-win32-x64\server\plugins\org.eclipse.equinox.launcher_1.7.100.v20251111-0406.jar
Launcher Type: SUN_STANDARD

[Global flags]
    uintx AdaptiveSizePolicyWeight                 = 90                                        {product} {command line}
     intx CICompilerCount                          = 4                                         {product} {ergonomic}
    uintx GCTimeRatio                              = 4                                         {product} {command line}
     bool HeapDumpOnOutOfMemoryError               = true                                   {manageable} {command line}
    ccstr HeapDumpPath                             = c:\Users\LAPTOP\AppData\Roaming\Antigravity\User\workspaceStorage\ea1aecd79872bf51f1a29430e0d3635e\redhat.java         {manageable} {command line}
   size_t InitialHeapSize                          = 104857600                                 {product} {command line}
   size_t MaxHeapSize                              = 2147483648                                {product} {command line}
   size_t MaxNewSize                               = 715653120                                 {product} {ergonomic}
   size_t MinHeapDeltaBytes                        = 524288                                    {product} {ergonomic}
   size_t MinHeapSize                              = 104857600                                 {product} {command line}
   size_t NewSize                                  = 34603008                                  {product} {ergonomic}
    uintx NonNMethodCodeHeapSize                   = 5839372                                {pd product} {ergonomic}
    uintx NonProfiledCodeHeapSize                  = 122909434                              {pd product} {ergonomic}
   size_t OldSize                                  = 70254592                                  {product} {ergonomic}
    uintx ProfiledCodeHeapSize                     = 122909434                              {pd product} {ergonomic}
    uintx ReservedCodeCacheSize                    = 251658240                              {pd product} {ergonomic}
     bool SegmentedCodeCache                       = true                                      {product} {ergonomic}
   size_t SoftMaxHeapSize                          = 2147483648                             {manageable} {ergonomic}
     bool UseCompressedOops                        = true                           {product lp64_product} {ergonomic}
     bool UseLargePagesIndividualAllocation        = false                                  {pd product} {ergonomic}
     bool UseParallelGC                            = true                                      {product} {command line}

Logging:
Log output configuration:
 #0: stdout all=off uptime,level,tags foldmultilines=false
 #1: stderr all=off uptime,level,tags foldmultilines=false

Release file:
JAVA_VERSION="21.0.10" 
MODULES="java.base java.compiler java.datatransfer java.xml java.prefs java.desktop java.instrument java.logging java.management java.security.sasl java.naming java.rmi java.management.rmi java.net.http java.scripting java.security.jgss java.transaction.xa java.sql java.sql.rowset java.xml.crypto java.se java.smartcardio jdk.accessibility jdk.internal.jvmstat jdk.attach jdk.charsets jdk.internal.opt jdk.zipfs jdk.compiler jdk.crypto.ec jdk.crypto.cryptoki jdk.crypto.mscapi jdk.dynalink jdk.internal.ed jdk.editpad jdk.hotspot.agent jdk.httpserver jdk.internal.le jdk.internal.vm.ci jdk.internal.vm.compiler jdk.internal.vm.compiler.management jdk.jartool jdk.javadoc jdk.jcmd jdk.management jdk.management.agent jdk.jconsole jdk.jdeps jdk.jdwp.agent jdk.jdi jdk.jfr jdk.jshell jdk.jsobject jdk.jstatd jdk.localedata jdk.management.jfr jdk.naming.dns jdk.naming.rmi jdk.net jdk.nio.mapmode jdk.random jdk.sctp jdk.security.auth jdk.security.jgss jdk.unsupported jdk.unsupported.desktop jdk.xml.dom" 

Environment Variables:
PATH=C:\Program Files\Common Files\Oracle\Java\javapath;C:\windows\system32;C:\windows;C:\windows\System32\Wbem;C:\windows\System32\WindowsPowerShell\v1.0\;C:\windows\System32\OpenSSH\;C:\Program Files (x86)\NVIDIA Corporation\PhysX\Common;C:\Users\Administrator\AppData\Local\Microsoft\WindowsApps;;C:\Program Files\HP\OMEN-Broadcast\Common;C:\WINDOWS\system32;C:\WINDOWS;C:\WINDOWS\System32\Wbem;C:\WINDOWS\System32\WindowsPowerShell\v1.0\;C:\WINDOWS\System32\OpenSSH\;C:\Program Files\NVIDIA Corporation\NVIDIA app\NvDLISR;C:\Program Files\dotnet\;C:\Program Files (x86)\Windows Kits\10\Windows Performance Toolkit\;C:\Program Files (x86)\Microsoft SQL Server\160\Tools\Binn\;C:\Program Files\Microsoft SQL Server\160\Tools\Binn\;C:\Program Files\Microsoft SQL Server\Client SDK\ODBC\170\Tools\Binn\;C:\Program Files\Microsoft SQL Server\160\DTS\Binn\;C:\Program Files (x86)\Microsoft SQL Server\170\Tools\Binn\;C:\Program Files\Microsoft SQL Server\170\Tools\Binn\;C:\Program Files\Microsoft SQL Server\Client SDK\ODBC\180\Tools\Binn\;C:\Program Files\Microsoft SQL Server\170\DTS\Binn\;C:\Users\LAPTOP\AppData\Local\Microsoft\WindowsApps;C:\Users\LAPTOP\AppData\Local\Python\bin;C:\Users\LAPTOP\AppData\Local\Programs\Microsoft VS Code\bin;C:\maven\apache-maven-3.9.15-bin\apache-maven-3.9.15\bin;C:\Users\LAPTOP\AppData\Local\Programs\Antigravity\bin
USERNAME=LAPTOP
OS=Windows_NT
PROCESSOR_IDENTIFIER=Intel64 Family 6 Model 154 Stepping 3, GenuineIntel
TMP=C:\Users\LAPTOP\AppData\Local\Temp
TEMP=C:\Users\LAPTOP\AppData\Local\Temp




Periodic native trim disabled

---------------  S Y S T E M  ---------------

OS:
 Windows 11 , 64 bit Build 26100 (10.0.26100.8328)
OS uptime: 0 days 6:26 hours
Hyper-V role detected

CPU: total 12 (initial active 12) (6 cores per cpu, 2 threads per core) family 6 model 154 stepping 3 microcode 0x434, cx8, cmov, fxsr, ht, mmx, 3dnowpref, sse, sse2, sse3, ssse3, sse4.1, sse4.2, popcnt, lzcnt, tsc, tscinvbit, avx, avx2, aes, erms, clmul, bmi1, bmi2, adx, sha, fma, vzeroupper, clflush, clflushopt, clwb, hv, serialize, rdtscp, rdpid, fsrm, f16c, cet_ibt, cet_ss
Processor Information for processor 0
  Max Mhz: 2000, Current Mhz: 2000, Mhz Limit: 2000
Processor Information for processor 1
  Max Mhz: 2000, Current Mhz: 1520, Mhz Limit: 2000
Processor Information for processor 2
  Max Mhz: 2000, Current Mhz: 2000, Mhz Limit: 2000
Processor Information for processor 3
  Max Mhz: 2000, Current Mhz: 2000, Mhz Limit: 2000
Processor Information for processor 4
  Max Mhz: 2000, Current Mhz: 2000, Mhz Limit: 2000
Processor Information for processor 5
  Max Mhz: 2000, Current Mhz: 2000, Mhz Limit: 2000
Processor Information for processor 6
  Max Mhz: 2000, Current Mhz: 2000, Mhz Limit: 2000
Processor Information for processor 7
  Max Mhz: 2000, Current Mhz: 2000, Mhz Limit: 2000
Processor Information for processor 8
  Max Mhz: 2000, Current Mhz: 2000, Mhz Limit: 2000
Processor Information for processor 9
  Max Mhz: 2000, Current Mhz: 2000, Mhz Limit: 2000
Processor Information for processor 10
  Max Mhz: 2000, Current Mhz: 2000, Mhz Limit: 2000
Processor Information for processor 11
  Max Mhz: 2000, Current Mhz: 2000, Mhz Limit: 2000

Memory: 4k page, system-wide physical 16024M (3141M free)
TotalPageFile size 20120M (AvailPageFile size 4M)
current process WorkingSet (physical memory assigned to process): 375M, peak: 377M
current process commit charge ("private bytes"): 446M, peak: 447M

vm_info: OpenJDK 64-Bit Server VM (21.0.10+7-LTS) for windows-amd64 JRE (21.0.10+7-LTS), built on 2026-01-20T00:00:00Z by "admin" with MS VC++ 17.12 (VS2022)

END.
