#
# There is insufficient memory for the Java Runtime Environment to continue.
# Native memory allocation (malloc) failed to allocate 1548288 bytes for Chunk::new
# Possible reasons:
#   The system is out of physical RAM or swap space
#   The process is running with CompressedOops enabled, and the Java Heap may be blocking the growth of the native heap
# Possible solutions:
#   Reduce memory load on the system
#   Increase physical memory or swap space
#   Check if swap backing store is full
#   Decrease Java heap size (-Xmx/-Xms)
#   Decrease number of Java threads
#   Decrease Java thread stack sizes (-Xss)
#   Set larger code cache with -XX:ReservedCodeCacheSize=
#   JVM is running with Unscaled Compressed Oops mode in which the Java heap is
#     placed in the first 4GB address space. The Java Heap base address is the
#     maximum limit for the native heap growth. Please use -XX:HeapBaseMinAddress
#     to set the Java Heap base and to place the Java Heap above 4GB virtual address.
# This output file may be truncated or incomplete.
#
#  Out of Memory Error (arena.cpp:168), pid=47164, tid=28492
#
# JRE version: Java(TM) SE Runtime Environment (21.0.10+8) (build 21.0.10+8-LTS-217)
# Java VM: Java HotSpot(TM) 64-Bit Server VM (21.0.10+8-LTS-217, mixed mode, sharing, tiered, compressed oops, compressed class ptrs, parallel gc, windows-amd64)
# No core dump will be written. Minidumps are not enabled by default on client versions of Windows
#

---------------  S U M M A R Y ------------

Command Line: --add-modules=ALL-SYSTEM --add-opens=java.base/java.util=ALL-UNNAMED --add-opens=java.base/java.lang=ALL-UNNAMED --add-opens=java.base/sun.nio.fs=ALL-UNNAMED -Declipse.application=org.eclipse.jdt.ls.core.id1 -Dosgi.bundles.defaultStartLevel=4 -Declipse.product=org.eclipse.jdt.ls.core.product -Djava.import.generatesMetadataFilesAtProjectRoot=false -DDetectVMInstallationsJob.disabled=true -Dfile.encoding=utf8 -XX:+UseParallelGC -XX:GCTimeRatio=4 -XX:AdaptiveSizePolicyWeight=90 -Dsun.zip.disableMemoryMapping=true -Xmx2G -Xms100m -Xlog:disable -javaagent:c:\Users\LAPTOP\.vscode\extensions\redhat.java-1.54.0-win32-x64\lombok\lombok-1.18.39-4050.jar -XX:+HeapDumpOnOutOfMemoryError -XX:HeapDumpPath=c:\Users\LAPTOP\AppData\Roaming\Code\User\workspaceStorage\ea1aecd79872bf51f1a29430e0d3635e\redhat.java -Daether.dependencyCollector.impl=bf c:\Users\LAPTOP\.vscode\extensions\redhat.java-1.54.0-win32-x64\server\plugins\org.eclipse.equinox.launcher_1.7.100.v20251111-0406.jar -configuration c:\Users\LAPTOP\AppData\Roaming\Code\User\globalStorage\redhat.java\1.54.0\config_win -data c:\Users\LAPTOP\AppData\Roaming\Code\User\workspaceStorage\ea1aecd79872bf51f1a29430e0d3635e\redhat.java\jdt_ws --pipe=\\.\pipe\lsp-ccdbeeb33ea00eb6bfb593b9d722f4ed-sock

Host: 12th Gen Intel(R) Core(TM) i5-12450H, 12 cores, 15G,  Windows 11 , 64 bit Build 26100 (10.0.26100.8328)
Time: Tue May 19 17:43:18 2026 SE Asia Standard Time elapsed time: 2308.396766 seconds (0d 0h 38m 28s)

---------------  T H R E A D  ---------------

Current thread (0x0000026ddd5e7800):  JavaThread "C2 CompilerThread0" daemon [_thread_in_native, id=28492, stack(0x000000ef3ff00000,0x000000ef40000000) (1024K)]


Current CompileTask:
C2:2308396 14689       4       org.eclipse.jdt.internal.compiler.lookup.Scope::findMethodInSuperInterfaces (407 bytes)

Stack: [0x000000ef3ff00000,0x000000ef40000000]
Native frames: (J=compiled Java code, j=interpreted, Vv=VM code, C=native code)
V  [jvm.dll+0x6d0b59]
V  [jvm.dll+0x85fd56]
V  [jvm.dll+0x86224e]
V  [jvm.dll+0x862923]
V  [jvm.dll+0x282a16]
V  [jvm.dll+0xc662d]
V  [jvm.dll+0xc6b71]
V  [jvm.dll+0x3bbb5b]
V  [jvm.dll+0x1e36e2]
V  [jvm.dll+0x24b4c3]
V  [jvm.dll+0x24a94f]
V  [jvm.dll+0x1cacfe]
V  [jvm.dll+0x25a629]
V  [jvm.dll+0x258bb5]
V  [jvm.dll+0x3f4da1]
V  [jvm.dll+0x80a83d]
V  [jvm.dll+0x6cf3fd]
C  [ucrtbase.dll+0x37b0]
C  [KERNEL32.DLL+0x2e957]
C  [ntdll.dll+0x427c]


---------------  P R O C E S S  ---------------

Threads class SMR info:
_java_thread_list=0x0000026dc53fd630, length=49, elements={
0x0000026ddb2a9ba0, 0x0000026ddd6fd130, 0x0000026ddd5d7780, 0x0000026ddd5da910,
0x0000026ddd5dd890, 0x0000026ddd5e1d40, 0x0000026ddd5e5ca0, 0x0000026ddd5e7800,
0x0000026ddd5e9070, 0x0000026dfa632520, 0x0000026dfa75fec0, 0x0000026dc587b080,
0x0000026dc5a795f0, 0x0000026dc5a89cc0, 0x0000026dc5a8a330, 0x0000026dc596d0f0,
0x0000026dc5712f60, 0x0000026dc5158980, 0x0000026dc5f57f10, 0x0000026dc5f58c30,
0x0000026dc5f59950, 0x0000026dc5f59fe0, 0x0000026dc5f5a670, 0x0000026dc7719980,
0x0000026dc771ba50, 0x0000026dc771c0e0, 0x0000026dc771a6a0, 0x0000026dc771b3c0,
0x0000026dc771ad30, 0x0000026dc771c770, 0x0000026dc77192f0, 0x0000026dc771ce00,
0x0000026dc771d490, 0x0000026dc771a010, 0x0000026dc771db20, 0x0000026dc7720280,
0x0000026dc771e1b0, 0x0000026dc96b5920, 0x0000026dc96b3ee0, 0x0000026dc96b4c00,
0x0000026dc96b4570, 0x0000026dc96b31c0, 0x0000026dc96b1e10, 0x0000026dc96b9430,
0x0000026dc96b6cd0, 0x0000026dc96b79f0, 0x0000026dc96b5290, 0x0000026dc89d86c0,
0x0000026dc5a63fa0
}

Java Threads: ( => current thread )
  0x0000026ddb2a9ba0 JavaThread "main"                              [_thread_blocked, id=5508, stack(0x000000ef3f500000,0x000000ef3f600000) (1024K)]
  0x0000026ddd6fd130 JavaThread "Reference Handler"          daemon [_thread_blocked, id=43412, stack(0x000000ef3f900000,0x000000ef3fa00000) (1024K)]
  0x0000026ddd5d7780 JavaThread "Finalizer"                  daemon [_thread_blocked, id=43040, stack(0x000000ef3fa00000,0x000000ef3fb00000) (1024K)]
  0x0000026ddd5da910 JavaThread "Signal Dispatcher"          daemon [_thread_blocked, id=40692, stack(0x000000ef3fb00000,0x000000ef3fc00000) (1024K)]
  0x0000026ddd5dd890 JavaThread "Attach Listener"            daemon [_thread_blocked, id=28128, stack(0x000000ef3fc00000,0x000000ef3fd00000) (1024K)]
  0x0000026ddd5e1d40 JavaThread "Service Thread"             daemon [_thread_blocked, id=37500, stack(0x000000ef3fd00000,0x000000ef3fe00000) (1024K)]
  0x0000026ddd5e5ca0 JavaThread "Monitor Deflation Thread"   daemon [_thread_blocked, id=38120, stack(0x000000ef3fe00000,0x000000ef3ff00000) (1024K)]
=>0x0000026ddd5e7800 JavaThread "C2 CompilerThread0"         daemon [_thread_in_native, id=28492, stack(0x000000ef3ff00000,0x000000ef40000000) (1024K)]
  0x0000026ddd5e9070 JavaThread "C1 CompilerThread0"         daemon [_thread_blocked, id=38160, stack(0x000000ef40000000,0x000000ef40100000) (1024K)]
  0x0000026dfa632520 JavaThread "Common-Cleaner"             daemon [_thread_blocked, id=50164, stack(0x000000ef40200000,0x000000ef40300000) (1024K)]
  0x0000026dfa75fec0 JavaThread "Notification Thread"        daemon [_thread_blocked, id=47664, stack(0x000000ef40300000,0x000000ef40400000) (1024K)]
  0x0000026dc587b080 JavaThread "Active Thread: Equinox Container: 3081ddc2-5cbb-4a5e-8ec7-bc69e1fde0b2"        [_thread_blocked, id=39812, stack(0x000000ef40b00000,0x000000ef40c00000) (1024K)]
  0x0000026dc5a795f0 JavaThread "Refresh Thread: Equinox Container: 3081ddc2-5cbb-4a5e-8ec7-bc69e1fde0b2" daemon [_thread_blocked, id=49400, stack(0x000000ef40c00000,0x000000ef40d00000) (1024K)]
  0x0000026dc5a89cc0 JavaThread "Framework Event Dispatcher: Equinox Container: 3081ddc2-5cbb-4a5e-8ec7-bc69e1fde0b2" daemon [_thread_blocked, id=39068, stack(0x000000ef40e00000,0x000000ef40f00000) (1024K)]
  0x0000026dc5a8a330 JavaThread "Start Level: Equinox Container: 3081ddc2-5cbb-4a5e-8ec7-bc69e1fde0b2" daemon [_thread_blocked, id=28896, stack(0x000000ef40f00000,0x000000ef41000000) (1024K)]
  0x0000026dc596d0f0 JavaThread "Bundle File Closer"         daemon [_thread_blocked, id=30612, stack(0x000000ef41200000,0x000000ef41300000) (1024K)]
  0x0000026dc5712f60 JavaThread "SCR Component Actor"        daemon [_thread_blocked, id=47560, stack(0x000000ef40100000,0x000000ef40200000) (1024K)]
  0x0000026dc5158980 JavaThread "Worker-JM"                         [_thread_blocked, id=49604, stack(0x000000ef41400000,0x000000ef41500000) (1024K)]
  0x0000026dc5f57f10 JavaThread "JNA Cleaner"                daemon [_thread_blocked, id=45972, stack(0x000000ef41600000,0x000000ef41700000) (1024K)]
  0x0000026dc5f58c30 JavaThread "Java indexing"              daemon [_thread_blocked, id=40928, stack(0x000000ef41300000,0x000000ef41400000) (1024K)]
  0x0000026dc5f59950 JavaThread "Worker-3"                          [_thread_blocked, id=43716, stack(0x000000ef41c00000,0x000000ef41d00000) (1024K)]
  0x0000026dc5f59fe0 JavaThread "Thread-1"                   daemon [_thread_in_native, id=46856, stack(0x000000ef41d00000,0x000000ef41e00000) (1024K)]
  0x0000026dc5f5a670 JavaThread "Thread-2"                   daemon [_thread_in_native, id=43092, stack(0x000000ef41e00000,0x000000ef41f00000) (1024K)]
  0x0000026dc7719980 JavaThread "Thread-3"                   daemon [_thread_in_native, id=37428, stack(0x000000ef41f00000,0x000000ef42000000) (1024K)]
  0x0000026dc771ba50 JavaThread "Thread-4"                   daemon [_thread_in_native, id=43772, stack(0x000000ef42000000,0x000000ef42100000) (1024K)]
  0x0000026dc771c0e0 JavaThread "Thread-5"                   daemon [_thread_in_native, id=40556, stack(0x000000ef42100000,0x000000ef42200000) (1024K)]
  0x0000026dc771a6a0 JavaThread "Thread-6"                   daemon [_thread_in_native, id=41416, stack(0x000000ef42200000,0x000000ef42300000) (1024K)]
  0x0000026dc771b3c0 JavaThread "Thread-7"                   daemon [_thread_in_native, id=48424, stack(0x000000ef42300000,0x000000ef42400000) (1024K)]
  0x0000026dc771ad30 JavaThread "Thread-8"                   daemon [_thread_in_native, id=26316, stack(0x000000ef42400000,0x000000ef42500000) (1024K)]
  0x0000026dc771c770 JavaThread "Thread-9"                   daemon [_thread_in_native, id=32264, stack(0x000000ef42500000,0x000000ef42600000) (1024K)]
  0x0000026dc77192f0 JavaThread "Thread-10"                  daemon [_thread_in_native, id=34104, stack(0x000000ef42600000,0x000000ef42700000) (1024K)]
  0x0000026dc771ce00 JavaThread "Thread-11"                  daemon [_thread_in_native, id=45840, stack(0x000000ef42700000,0x000000ef42800000) (1024K)]
  0x0000026dc771d490 JavaThread "Thread-12"                  daemon [_thread_in_native, id=38204, stack(0x000000ef42800000,0x000000ef42900000) (1024K)]
  0x0000026dc771a010 JavaThread "Thread-13"                  daemon [_thread_in_native, id=37856, stack(0x000000ef42900000,0x000000ef42a00000) (1024K)]
  0x0000026dc771db20 JavaThread "pool-2-thread-1"                   [_thread_blocked, id=46704, stack(0x000000ef42a00000,0x000000ef42b00000) (1024K)]
  0x0000026dc7720280 JavaThread "WorkspaceEventsHandler"            [_thread_blocked, id=45636, stack(0x000000ef42b00000,0x000000ef42c00000) (1024K)]
  0x0000026dc771e1b0 JavaThread "pool-1-thread-1"                   [_thread_blocked, id=19984, stack(0x000000ef42c00000,0x000000ef42d00000) (1024K)]
  0x0000026dc96b5920 JavaThread "Compiler Source File Reader" daemon [_thread_blocked, id=50680, stack(0x000000ef3f200000,0x000000ef3f300000) (1024K)]
  0x0000026dc96b3ee0 JavaThread "Worker-9"                          [_thread_blocked, id=19444, stack(0x000000ef41800000,0x000000ef41900000) (1024K)]
  0x0000026dc96b4c00 JavaThread "Compiler Source File Reader" daemon [_thread_blocked, id=54336, stack(0x000000ef3f400000,0x000000ef3f500000) (1024K)]
  0x0000026dc96b4570 JavaThread "Compiler Processing Task"   daemon [_thread_blocked, id=53096, stack(0x000000ef40400000,0x000000ef40500000) (1024K)]
  0x0000026dc96b31c0 JavaThread "Worker-10"                         [_thread_blocked, id=56172, stack(0x000000ef41700000,0x000000ef41800000) (1024K)]
  0x0000026dc96b1e10 JavaThread "Worker-11: Java indexing... "        [_thread_blocked, id=45028, stack(0x000000ef41900000,0x000000ef41a00000) (1024K)]
  0x0000026dc96b9430 JavaThread "Compiler Source File Reader" daemon [_thread_blocked, id=53660, stack(0x000000ef3f300000,0x000000ef3f400000) (1024K)]
  0x0000026dc96b6cd0 JavaThread "Compiler Source File Reader" daemon [_thread_blocked, id=55972, stack(0x000000ef41a00000,0x000000ef41b00000) (1024K)]
  0x0000026dc96b79f0 JavaThread "Compiler Source File Reader" daemon [_thread_blocked, id=49996, stack(0x000000ef41b00000,0x000000ef41c00000) (1024K)]
  0x0000026dc96b5290 JavaThread "Compiler Source File Reader" daemon [_thread_blocked, id=56020, stack(0x000000ef41500000,0x000000ef41600000) (1024K)]
  0x0000026dc89d86c0 JavaThread "C2 CompilerThread1"         daemon [_thread_blocked, id=55932, stack(0x000000ef42d00000,0x000000ef42e00000) (1024K)]
  0x0000026dc5a63fa0 JavaThread "C2 CompilerThread2"         daemon [_thread_blocked, id=53788, stack(0x000000ef42e00000,0x000000ef42f00000) (1024K)]
Total: 49

Other Threads:
  0x0000026ddb35e910 VMThread "VM Thread"                           [id=44864, stack(0x000000ef3f800000,0x000000ef3f900000) (1024K)]
  0x0000026ddd4cca20 WatcherThread "VM Periodic Task Thread"        [id=45624, stack(0x000000ef3f700000,0x000000ef3f800000) (1024K)]
  0x0000026ddd682650 WorkerThread "GC Thread#0"                     [id=47612, stack(0x000000ef3f600000,0x000000ef3f700000) (1024K)]
  0x0000026dc58df240 WorkerThread "GC Thread#1"                     [id=46472, stack(0x000000ef40500000,0x000000ef40600000) (1024K)]
  0x0000026dc5b52b50 WorkerThread "GC Thread#2"                     [id=43060, stack(0x000000ef40600000,0x000000ef40700000) (1024K)]
  0x0000026dc5b4b080 WorkerThread "GC Thread#3"                     [id=42900, stack(0x000000ef40700000,0x000000ef40800000) (1024K)]
  0x0000026dc5b4b430 WorkerThread "GC Thread#4"                     [id=7728, stack(0x000000ef40800000,0x000000ef40900000) (1024K)]
  0x0000026dc5b4b7e0 WorkerThread "GC Thread#5"                     [id=4496, stack(0x000000ef40900000,0x000000ef40a00000) (1024K)]
  0x0000026dc5b4bb90 WorkerThread "GC Thread#6"                     [id=39156, stack(0x000000ef40a00000,0x000000ef40b00000) (1024K)]
  0x0000026dfa7b36c0 WorkerThread "GC Thread#7"                     [id=40152, stack(0x000000ef40d00000,0x000000ef40e00000) (1024K)]
  0x0000026dc5b96f70 WorkerThread "GC Thread#8"                     [id=45956, stack(0x000000ef41000000,0x000000ef41100000) (1024K)]
  0x0000026dc5bed290 WorkerThread "GC Thread#9"                     [id=28164, stack(0x000000ef41100000,0x000000ef41200000) (1024K)]
Total: 12

Threads with active compile tasks:
C2 CompilerThread0  2308445 14689       4       org.eclipse.jdt.internal.compiler.lookup.Scope::findMethodInSuperInterfaces (407 bytes)
C2 CompilerThread1  2308445 14831   !   4       org.eclipse.jdt.internal.compiler.lookup.BinaryTypeBinding::createMethods (411 bytes)
C2 CompilerThread2  2308445 14834       4       org.eclipse.jdt.internal.compiler.lookup.BinaryTypeBinding::getMethods (237 bytes)
Total: 3

VM state: at safepoint (normal execution)

VM Mutex/Monitor currently owned by a thread:  ([mutex/lock_event])
[0x00007ffd6ea29f10] Threads_lock - owner thread: 0x0000026ddb35e910
[0x00007ffd6ea2a010] Heap_lock - owner thread: 0x0000026dc5f58c30

Heap address: 0x0000000080000000, size: 2048 MB, Compressed Oops mode: 32-bit

CDS archive(s) mapped at: [0x0000026d80000000-0x0000026d80c90000-0x0000026d80c90000), size 13172736, SharedBaseAddress: 0x0000026d80000000, ArchiveRelocationMode: 1.
Compressed class space mapped at: 0x0000026d81000000-0x0000026dc1000000, reserved size: 1073741824
Narrow klass base: 0x0000026d80000000, Narrow klass shift: 0, Narrow klass range: 0x100000000

GC Precious Log:
 CardTable entry size: 512
 CPUs: 12 total, 12 available
 Memory: 16024M
 Large Page Support: Disabled
 NUMA Support: Disabled
 Compressed Oops: Enabled (32-bit)
 Alignments: Space 512K, Generation 512K, Heap 2M
 Heap Min Capacity: 100M
 Heap Initial Capacity: 100M
 Heap Max Capacity: 2G
 Pre-touch: Disabled
 Parallel Workers: 10

Heap:
 PSYoungGen      total 20480K, used 10745K [0x00000000d5580000, 0x00000000d7600000, 0x0000000100000000)
  eden space 9728K, 0% used [0x00000000d5580000,0x00000000d5580000,0x00000000d5f00000)
  from space 10752K, 99% used [0x00000000d6b80000,0x00000000d75fe560,0x00000000d7600000)
  to   space 11776K, 0% used [0x00000000d6000000,0x00000000d6000000,0x00000000d6b80000)
 ParOldGen       total 120320K, used 112909K [0x0000000080000000, 0x0000000087580000, 0x00000000d5580000)
  object space 120320K, 93% used [0x0000000080000000,0x0000000086e43490,0x0000000087580000)
 Metaspace       used 68117K, committed 69696K, reserved 1114112K
  class space    used 6775K, committed 7552K, reserved 1048576K

Card table byte_map: [0x0000026ddcfe0000,0x0000026ddd3f0000] _byte_map_base: 0x0000026ddcbe0000

Marking Bits: (ParMarkBitMap*) 0x00007ffd6ea2ee60
 Begin Bits: [0x0000026df4d90000, 0x0000026df6d90000)
 End Bits:   [0x0000026df6d90000, 0x0000026df8d90000)

Polling page: 0x0000026ddb5a0000

Metaspace:

Usage:
  Non-class:     59.90 MB used.
      Class:      6.62 MB used.
       Both:     66.52 MB used.

Virtual space:
  Non-class space:       64.00 MB reserved,      60.69 MB ( 95%) committed,  1 nodes.
      Class space:        1.00 GB reserved,       7.38 MB ( <1%) committed,  1 nodes.
             Both:        1.06 GB reserved,      68.06 MB (  6%) committed. 

Chunk freelists:
   Non-Class:  3.17 MB
       Class:  8.71 MB
        Both:  11.88 MB

MaxMetaspaceSize: unlimited
CompressedClassSpaceSize: 1.00 GB
Initial GC threshold: 21.00 MB
Current GC threshold: 113.06 MB
CDS: on
 - commit_granule_bytes: 65536.
 - commit_granule_words: 8192.
 - virtual_space_node_default_size: 8388608.
 - enlarge_chunks_in_place: 1.
 - use_allocation_guard: 0.


Internal statistics:

num_allocs_failed_limit: 9.
num_arena_births: 1472.
num_arena_deaths: 406.
num_vsnodes_births: 2.
num_vsnodes_deaths: 0.
num_space_committed: 1089.
num_space_uncommitted: 0.
num_chunks_returned_to_freelist: 470.
num_chunks_taken_from_freelist: 4891.
num_chunk_merges: 131.
num_chunk_splits: 2850.
num_chunks_enlarged: 1594.
num_inconsistent_stats: 0.

CodeHeap 'non-profiled nmethods': size=120000Kb used=6066Kb max_used=6843Kb free=113933Kb
 bounds [0x0000026ded5b0000, 0x0000026dedc70000, 0x0000026df4ae0000]
CodeHeap 'profiled nmethods': size=120000Kb used=12429Kb max_used=19909Kb free=107571Kb
 bounds [0x0000026de5ae0000, 0x0000026de6eb0000, 0x0000026ded010000]
CodeHeap 'non-nmethods': size=5760Kb used=1440Kb max_used=1530Kb free=4319Kb
 bounds [0x0000026ded010000, 0x0000026ded280000, 0x0000026ded5b0000]
 total_blobs=6397 nmethods=5645 adapters=655
 compilation: enabled
              stopped_count=0, restarted_count=0
 full_count=0

Compilation events (20 events):
Event: 2307.366 Thread 0x0000026ddd5e9070 14824       3       lombok.eclipse.handlers.HandleConstructor::findFields (138 bytes)
Event: 2307.367 Thread 0x0000026ddd5e9070 nmethod 14824 0x0000026de6188210 code [0x0000026de61884c0, 0x0000026de6189640]
Event: 2307.367 Thread 0x0000026ddd5e9070 14825       1       org.eclipse.jdt.internal.core.util.ResourceCompilationUnit::getPackageName (2 bytes)
Event: 2307.367 Thread 0x0000026ddd5e9070 nmethod 14825 0x0000026ded957d90 code [0x0000026ded957f20, 0x0000026ded957ff0]
Event: 2307.367 Thread 0x0000026ddd5e9070 14826       3       org.eclipse.jdt.internal.compiler.lookup.SourceTypeBinding::setFields (88 bytes)
Event: 2307.368 Thread 0x0000026ddd5e9070 nmethod 14826 0x0000026de6187510 code [0x0000026de6187720, 0x0000026de6187f00]
Event: 2307.371 Thread 0x0000026ddd5e9070 14827       3       java.util.stream.SortedOps$OfRef::<init> (32 bytes)
Event: 2307.372 Thread 0x0000026ddd5e9070 nmethod 14827 0x0000026de6186c90 code [0x0000026de6186e80, 0x0000026de6187350]
Event: 2307.372 Thread 0x0000026ddd5e9070 14828   !   3       org.eclipse.jdt.internal.compiler.lookup.ParameterizedTypeBinding::typeArgumentDepth (81 bytes)
Event: 2307.372 Thread 0x0000026ddd5e9070 nmethod 14828 0x0000026de5d13b10 code [0x0000026de5d13d20, 0x0000026de5d14568]
Event: 2307.372 Thread 0x0000026ddd5e9070 14829       3       org.eclipse.jdt.internal.compiler.lookup.TypeBinding::exitRecursiveFunction (1 bytes)
Event: 2307.372 Thread 0x0000026ddd5e9070 nmethod 14829 0x0000026de5c1f110 code [0x0000026de5c1f2a0, 0x0000026de5c1f3a8]
Event: 2307.373 Thread 0x0000026ddd5e9070 14830       3       java.util.stream.Collectors::mapMerger (7 bytes)
Event: 2307.373 Thread 0x0000026ddd5e9070 nmethod 14830 0x0000026de5d13190 code [0x0000026de5d13380, 0x0000026de5d13928]
Event: 2307.374 Thread 0x0000026dc89d86c0 14831   !   4       org.eclipse.jdt.internal.compiler.lookup.BinaryTypeBinding::createMethods (411 bytes)
Event: 2307.375 Thread 0x0000026dc5a63fa0 14832       4       org.eclipse.jdt.internal.compiler.lookup.PlainPackageBinding::addPackage (37 bytes)
Event: 2307.377 Thread 0x0000026dc5a63fa0 nmethod 14832 0x0000026ded5b8390 code [0x0000026ded5b8540, 0x0000026ded5b8700]
Event: 2307.379 Thread 0x0000026dc5a63fa0 14833       4       org.eclipse.jdt.internal.compiler.lookup.ReferenceBinding::canBeSeenBy (217 bytes)
Event: 2307.379 Thread 0x0000026dc5a63fa0 nmethod 14833 0x0000026ded976510 code [0x0000026ded9766a0, 0x0000026ded976758]
Event: 2307.381 Thread 0x0000026dc5a63fa0 14834       4       org.eclipse.jdt.internal.compiler.lookup.BinaryTypeBinding::getMethods (237 bytes)

GC Heap History (20 events):
Event: 2306.854 GC heap after
{Heap after GC invocations=477 (full 22):
 PSYoungGen      total 17920K, used 12201K [0x00000000d5580000, 0x00000000d7500000, 0x0000000100000000)
  eden space 5632K, 0% used [0x00000000d5580000,0x00000000d5580000,0x00000000d5b00000)
  from space 12288K, 99% used [0x00000000d6900000,0x00000000d74ea430,0x00000000d7500000)
  to   space 12800K, 0% used [0x00000000d5c00000,0x00000000d5c00000,0x00000000d6880000)
 ParOldGen       total 132096K, used 122631K [0x0000000080000000, 0x0000000088100000, 0x00000000d5580000)
  object space 132096K, 92% used [0x0000000080000000,0x00000000877c1f08,0x0000000088100000)
 Metaspace       used 67988K, committed 69504K, reserved 1114112K
  class space    used 6775K, committed 7552K, reserved 1048576K
}
Event: 2306.909 GC heap before
{Heap before GC invocations=478 (full 22):
 PSYoungGen      total 17920K, used 17805K [0x00000000d5580000, 0x00000000d7500000, 0x0000000100000000)
  eden space 5632K, 99% used [0x00000000d5580000,0x00000000d5af9370,0x00000000d5b00000)
  from space 12288K, 99% used [0x00000000d6900000,0x00000000d74ea430,0x00000000d7500000)
  to   space 12800K, 0% used [0x00000000d5c00000,0x00000000d5c00000,0x00000000d6880000)
 ParOldGen       total 132096K, used 122631K [0x0000000080000000, 0x0000000088100000, 0x00000000d5580000)
  object space 132096K, 92% used [0x0000000080000000,0x00000000877c1f08,0x0000000088100000)
 Metaspace       used 67988K, committed 69504K, reserved 1114112K
  class space    used 6775K, committed 7552K, reserved 1048576K
}
Event: 2306.915 GC heap after
{Heap after GC invocations=478 (full 22):
 PSYoungGen      total 19456K, used 12772K [0x00000000d5580000, 0x00000000d7b00000, 0x0000000100000000)
  eden space 6656K, 0% used [0x00000000d5580000,0x00000000d5580000,0x00000000d5c00000)
  from space 12800K, 99% used [0x00000000d5c00000,0x00000000d6879340,0x00000000d6880000)
  to   space 15872K, 0% used [0x00000000d6b80000,0x00000000d6b80000,0x00000000d7b00000)
 ParOldGen       total 132096K, used 125023K [0x0000000080000000, 0x0000000088100000, 0x00000000d5580000)
  object space 132096K, 94% used [0x0000000080000000,0x0000000087a17f08,0x0000000088100000)
 Metaspace       used 67988K, committed 69504K, reserved 1114112K
  class space    used 6775K, committed 7552K, reserved 1048576K
}
Event: 2306.951 GC heap before
{Heap before GC invocations=479 (full 22):
 PSYoungGen      total 19456K, used 19428K [0x00000000d5580000, 0x00000000d7b00000, 0x0000000100000000)
  eden space 6656K, 100% used [0x00000000d5580000,0x00000000d5c00000,0x00000000d5c00000)
  from space 12800K, 99% used [0x00000000d5c00000,0x00000000d6879340,0x00000000d6880000)
  to   space 15872K, 0% used [0x00000000d6b80000,0x00000000d6b80000,0x00000000d7b00000)
 ParOldGen       total 132096K, used 125023K [0x0000000080000000, 0x0000000088100000, 0x00000000d5580000)
  object space 132096K, 94% used [0x0000000080000000,0x0000000087a17f08,0x0000000088100000)
 Metaspace       used 67988K, committed 69504K, reserved 1114112K
  class space    used 6775K, committed 7552K, reserved 1048576K
}
Event: 2306.958 GC heap after
{Heap after GC invocations=479 (full 22):
 PSYoungGen      total 18944K, used 11191K [0x00000000d5580000, 0x00000000d7680000, 0x0000000100000000)
  eden space 7680K, 0% used [0x00000000d5580000,0x00000000d5580000,0x00000000d5d00000)
  from space 11264K, 99% used [0x00000000d6b80000,0x00000000d766dff8,0x00000000d7680000)
  to   space 12800K, 0% used [0x00000000d5d80000,0x00000000d5d80000,0x00000000d6a00000)
 ParOldGen       total 133632K, used 133415K [0x0000000080000000, 0x0000000088280000, 0x00000000d5580000)
  object space 133632K, 99% used [0x0000000080000000,0x0000000088249f08,0x0000000088280000)
 Metaspace       used 67988K, committed 69504K, reserved 1114112K
  class space    used 6775K, committed 7552K, reserved 1048576K
}
Event: 2306.958 GC heap before
{Heap before GC invocations=480 (full 23):
 PSYoungGen      total 18944K, used 11191K [0x00000000d5580000, 0x00000000d7680000, 0x0000000100000000)
  eden space 7680K, 0% used [0x00000000d5580000,0x00000000d5580000,0x00000000d5d00000)
  from space 11264K, 99% used [0x00000000d6b80000,0x00000000d766dff8,0x00000000d7680000)
  to   space 12800K, 0% used [0x00000000d5d80000,0x00000000d5d80000,0x00000000d6a00000)
 ParOldGen       total 133632K, used 133415K [0x0000000080000000, 0x0000000088280000, 0x00000000d5580000)
  object space 133632K, 99% used [0x0000000080000000,0x0000000088249f08,0x0000000088280000)
 Metaspace       used 67988K, committed 69504K, reserved 1114112K
  class space    used 6775K, committed 7552K, reserved 1048576K
}
Event: 2307.005 GC heap after
{Heap after GC invocations=480 (full 23):
 PSYoungGen      total 20992K, used 0K [0x00000000d5580000, 0x00000000d7700000, 0x0000000100000000)
  eden space 8192K, 0% used [0x00000000d5580000,0x00000000d5580000,0x00000000d5d80000)
  from space 12800K, 0% used [0x00000000d5d80000,0x00000000d5d80000,0x00000000d6a00000)
  to   space 12800K, 0% used [0x00000000d6a80000,0x00000000d6a80000,0x00000000d7700000)
 ParOldGen       total 120320K, used 74016K [0x0000000080000000, 0x0000000087580000, 0x00000000d5580000)
  object space 120320K, 61% used [0x0000000080000000,0x0000000084848000,0x0000000087580000)
 Metaspace       used 67988K, committed 69504K, reserved 1114112K
  class space    used 6775K, committed 7552K, reserved 1048576K
}
Event: 2307.034 GC heap before
{Heap before GC invocations=481 (full 23):
 PSYoungGen      total 20992K, used 8086K [0x00000000d5580000, 0x00000000d7700000, 0x0000000100000000)
  eden space 8192K, 98% used [0x00000000d5580000,0x00000000d5d65828,0x00000000d5d80000)
  from space 12800K, 0% used [0x00000000d5d80000,0x00000000d5d80000,0x00000000d6a00000)
  to   space 12800K, 0% used [0x00000000d6a80000,0x00000000d6a80000,0x00000000d7700000)
 ParOldGen       total 120320K, used 74016K [0x0000000080000000, 0x0000000087580000, 0x00000000d5580000)
  object space 120320K, 61% used [0x0000000080000000,0x0000000084848000,0x0000000087580000)
 Metaspace       used 67988K, committed 69504K, reserved 1114112K
  class space    used 6775K, committed 7552K, reserved 1048576K
}
Event: 2307.037 GC heap after
{Heap after GC invocations=481 (full 23):
 PSYoungGen      total 17408K, used 7703K [0x00000000d5580000, 0x00000000d7280000, 0x0000000100000000)
  eden space 9216K, 0% used [0x00000000d5580000,0x00000000d5580000,0x00000000d5e80000)
  from space 8192K, 94% used [0x00000000d6a80000,0x00000000d7205c20,0x00000000d7280000)
  to   space 9728K, 0% used [0x00000000d5f80000,0x00000000d5f80000,0x00000000d6900000)
 ParOldGen       total 120320K, used 74016K [0x0000000080000000, 0x0000000087580000, 0x00000000d5580000)
  object space 120320K, 61% used [0x0000000080000000,0x0000000084848000,0x0000000087580000)
 Metaspace       used 67988K, committed 69504K, reserved 1114112K
  class space    used 6775K, committed 7552K, reserved 1048576K
}
Event: 2307.090 GC heap before
{Heap before GC invocations=482 (full 23):
 PSYoungGen      total 17408K, used 16913K [0x00000000d5580000, 0x00000000d7280000, 0x0000000100000000)
  eden space 9216K, 99% used [0x00000000d5580000,0x00000000d5e7eaa0,0x00000000d5e80000)
  from space 8192K, 94% used [0x00000000d6a80000,0x00000000d7205c20,0x00000000d7280000)
  to   space 9728K, 0% used [0x00000000d5f80000,0x00000000d5f80000,0x00000000d6900000)
 ParOldGen       total 120320K, used 74016K [0x0000000080000000, 0x0000000087580000, 0x00000000d5580000)
  object space 120320K, 61% used [0x0000000080000000,0x0000000084848000,0x0000000087580000)
 Metaspace       used 68000K, committed 69568K, reserved 1114112K
  class space    used 6775K, committed 7552K, reserved 1048576K
}
Event: 2307.094 GC heap after
{Heap after GC invocations=482 (full 23):
 PSYoungGen      total 19968K, used 9700K [0x00000000d5580000, 0x00000000d7680000, 0x0000000100000000)
  eden space 10240K, 0% used [0x00000000d5580000,0x00000000d5580000,0x00000000d5f80000)
  from space 9728K, 99% used [0x00000000d5f80000,0x00000000d68f90d8,0x00000000d6900000)
  to   space 11776K, 0% used [0x00000000d6b00000,0x00000000d6b00000,0x00000000d7680000)
 ParOldGen       total 120320K, used 75248K [0x0000000080000000, 0x0000000087580000, 0x00000000d5580000)
  object space 120320K, 62% used [0x0000000080000000,0x000000008497c000,0x0000000087580000)
 Metaspace       used 68000K, committed 69568K, reserved 1114112K
  class space    used 6775K, committed 7552K, reserved 1048576K
}
Event: 2307.168 GC heap before
{Heap before GC invocations=483 (full 23):
 PSYoungGen      total 19968K, used 19940K [0x00000000d5580000, 0x00000000d7680000, 0x0000000100000000)
  eden space 10240K, 100% used [0x00000000d5580000,0x00000000d5f80000,0x00000000d5f80000)
  from space 9728K, 99% used [0x00000000d5f80000,0x00000000d68f90d8,0x00000000d6900000)
  to   space 11776K, 0% used [0x00000000d6b00000,0x00000000d6b00000,0x00000000d7680000)
 ParOldGen       total 120320K, used 75248K [0x0000000080000000, 0x0000000087580000, 0x00000000d5580000)
  object space 120320K, 62% used [0x0000000080000000,0x000000008497c000,0x0000000087580000)
 Metaspace       used 68058K, committed 69632K, reserved 1114112K
  class space    used 6775K, committed 7552K, reserved 1048576K
}
Event: 2307.171 GC heap after
{Heap after GC invocations=483 (full 23):
 PSYoungGen      total 21504K, used 11699K [0x00000000d5580000, 0x00000000d7780000, 0x0000000100000000)
  eden space 9728K, 0% used [0x00000000d5580000,0x00000000d5580000,0x00000000d5f00000)
  from space 11776K, 99% used [0x00000000d6b00000,0x00000000d766cd00,0x00000000d7680000)
  to   space 12288K, 0% used [0x00000000d5f00000,0x00000000d5f00000,0x00000000d6b00000)
 ParOldGen       total 120320K, used 75248K [0x0000000080000000, 0x0000000087580000, 0x00000000d5580000)
  object space 120320K, 62% used [0x0000000080000000,0x000000008497c000,0x0000000087580000)
 Metaspace       used 68058K, committed 69632K, reserved 1114112K
  class space    used 6775K, committed 7552K, reserved 1048576K
}
Event: 2307.270 GC heap before
{Heap before GC invocations=484 (full 23):
 PSYoungGen      total 21504K, used 21417K [0x00000000d5580000, 0x00000000d7780000, 0x0000000100000000)
  eden space 9728K, 99% used [0x00000000d5580000,0x00000000d5efd9c0,0x00000000d5f00000)
  from space 11776K, 99% used [0x00000000d6b00000,0x00000000d766cd00,0x00000000d7680000)
  to   space 12288K, 0% used [0x00000000d5f00000,0x00000000d5f00000,0x00000000d6b00000)
 ParOldGen       total 120320K, used 105968K [0x0000000080000000, 0x0000000087580000, 0x00000000d5580000)
  object space 120320K, 88% used [0x0000000080000000,0x000000008677c030,0x0000000087580000)
 Metaspace       used 68071K, committed 69632K, reserved 1114112K
  class space    used 6775K, committed 7552K, reserved 1048576K
}
Event: 2307.274 GC heap after
{Heap after GC invocations=484 (full 23):
 PSYoungGen      total 22016K, used 12264K [0x00000000d5580000, 0x00000000d7c00000, 0x0000000100000000)
  eden space 9728K, 0% used [0x00000000d5580000,0x00000000d5580000,0x00000000d5f00000)
  from space 12288K, 99% used [0x00000000d5f00000,0x00000000d6afa360,0x00000000d6b00000)
  to   space 14848K, 0% used [0x00000000d6d80000,0x00000000d6d80000,0x00000000d7c00000)
 ParOldGen       total 120320K, used 107996K [0x0000000080000000, 0x0000000087580000, 0x00000000d5580000)
  object space 120320K, 89% used [0x0000000080000000,0x0000000086977040,0x0000000087580000)
 Metaspace       used 68071K, committed 69632K, reserved 1114112K
  class space    used 6775K, committed 7552K, reserved 1048576K
}
Event: 2307.314 GC heap before
{Heap before GC invocations=485 (full 23):
 PSYoungGen      total 22016K, used 21992K [0x00000000d5580000, 0x00000000d7c00000, 0x0000000100000000)
  eden space 9728K, 100% used [0x00000000d5580000,0x00000000d5f00000,0x00000000d5f00000)
  from space 12288K, 99% used [0x00000000d5f00000,0x00000000d6afa360,0x00000000d6b00000)
  to   space 14848K, 0% used [0x00000000d6d80000,0x00000000d6d80000,0x00000000d7c00000)
 ParOldGen       total 120320K, used 107996K [0x0000000080000000, 0x0000000087580000, 0x00000000d5580000)
  object space 120320K, 89% used [0x0000000080000000,0x0000000086977040,0x0000000087580000)
 Metaspace       used 68102K, committed 69632K, reserved 1114112K
  class space    used 6775K, committed 7552K, reserved 1048576K
}
Event: 2307.318 GC heap after
{Heap after GC invocations=485 (full 23):
 PSYoungGen      total 20480K, used 10570K [0x00000000d5580000, 0x00000000d7800000, 0x0000000100000000)
  eden space 9728K, 0% used [0x00000000d5580000,0x00000000d5580000,0x00000000d5f00000)
  from space 10752K, 98% used [0x00000000d6d80000,0x00000000d77d2b88,0x00000000d7800000)
  to   space 12288K, 0% used [0x00000000d6000000,0x00000000d6000000,0x00000000d6c00000)
 ParOldGen       total 120320K, used 111692K [0x0000000080000000, 0x0000000087580000, 0x00000000d5580000)
  object space 120320K, 92% used [0x0000000080000000,0x0000000086d13040,0x0000000087580000)
 Metaspace       used 68102K, committed 69632K, reserved 1114112K
  class space    used 6775K, committed 7552K, reserved 1048576K
}
Event: 2307.347 GC heap before
{Heap before GC invocations=486 (full 23):
 PSYoungGen      total 20480K, used 20298K [0x00000000d5580000, 0x00000000d7800000, 0x0000000100000000)
  eden space 9728K, 100% used [0x00000000d5580000,0x00000000d5f00000,0x00000000d5f00000)
  from space 10752K, 98% used [0x00000000d6d80000,0x00000000d77d2b88,0x00000000d7800000)
  to   space 12288K, 0% used [0x00000000d6000000,0x00000000d6000000,0x00000000d6c00000)
 ParOldGen       total 120320K, used 111692K [0x0000000080000000, 0x0000000087580000, 0x00000000d5580000)
  object space 120320K, 92% used [0x0000000080000000,0x0000000086d13040,0x0000000087580000)
 Metaspace       used 68113K, committed 69696K, reserved 1114112K
  class space    used 6775K, committed 7552K, reserved 1048576K
}
Event: 2307.350 GC heap after
{Heap after GC invocations=486 (full 23):
 PSYoungGen      total 21504K, used 11364K [0x00000000d5580000, 0x00000000d7600000, 0x0000000100000000)
  eden space 9728K, 0% used [0x00000000d5580000,0x00000000d5580000,0x00000000d5f00000)
  from space 11776K, 96% used [0x00000000d6000000,0x00000000d6b191f0,0x00000000d6b80000)
  to   space 10752K, 0% used [0x00000000d6b80000,0x00000000d6b80000,0x00000000d7600000)
 ParOldGen       total 120320K, used 111700K [0x0000000080000000, 0x0000000087580000, 0x00000000d5580000)
  object space 120320K, 92% used [0x0000000080000000,0x0000000086d15040,0x0000000087580000)
 Metaspace       used 68113K, committed 69696K, reserved 1114112K
  class space    used 6775K, committed 7552K, reserved 1048576K
}
Event: 2307.392 GC heap before
{Heap before GC invocations=487 (full 23):
 PSYoungGen      total 21504K, used 21092K [0x00000000d5580000, 0x00000000d7600000, 0x0000000100000000)
  eden space 9728K, 100% used [0x00000000d5580000,0x00000000d5f00000,0x00000000d5f00000)
  from space 11776K, 96% used [0x00000000d6000000,0x00000000d6b191f0,0x00000000d6b80000)
  to   space 10752K, 0% used [0x00000000d6b80000,0x00000000d6b80000,0x00000000d7600000)
 ParOldGen       total 120320K, used 111700K [0x0000000080000000, 0x0000000087580000, 0x00000000d5580000)
  object space 120320K, 92% used [0x0000000080000000,0x0000000086d15040,0x0000000087580000)
 Metaspace       used 68117K, committed 69696K, reserved 1114112K
  class space    used 6775K, committed 7552K, reserved 1048576K
}

Dll operation events (11 events):
Event: 0.010 Loaded shared library C:\Program Files\Java\jdk-21.0.10\bin\java.dll
Event: 0.033 Loaded shared library C:\Program Files\Java\jdk-21.0.10\bin\jsvml.dll
Event: 0.067 Loaded shared library C:\Program Files\Java\jdk-21.0.10\bin\zip.dll
Event: 0.069 Loaded shared library C:\Program Files\Java\jdk-21.0.10\bin\instrument.dll
Event: 0.073 Loaded shared library C:\Program Files\Java\jdk-21.0.10\bin\net.dll
Event: 0.076 Loaded shared library C:\Program Files\Java\jdk-21.0.10\bin\nio.dll
Event: 0.078 Loaded shared library C:\Program Files\Java\jdk-21.0.10\bin\zip.dll
Event: 0.089 Loaded shared library C:\Program Files\Java\jdk-21.0.10\bin\jimage.dll
Event: 0.139 Loaded shared library C:\Program Files\Java\jdk-21.0.10\bin\verify.dll
Event: 3.002 Loaded shared library C:\Users\LAPTOP\AppData\Roaming\Code\User\globalStorage\redhat.java\1.54.0\config_win\org.eclipse.equinox.launcher\org.eclipse.equinox.launcher.win32.win32.x86_64_1.3.0.v20260203-2149\eclipse_11919.dll
Event: 14.408 Loaded shared library C:\Users\LAPTOP\AppData\Local\Temp\jna--2056656422\jna18428595154778885044.dll

Deoptimization events (20 events):
Event: 2306.792 Thread 0x0000026dc771e1b0 Uncommon trap: trap_request=0xffffff45 fr.pc=0x0000026dedb6e4d8 relative=0x00000000000000b8
Event: 2306.792 Thread 0x0000026dc771e1b0 Uncommon trap: reason=unstable_if action=reinterpret pc=0x0000026dedb6e4d8 method=com.google.gson.stream.JsonReader.peek()Lcom/google/gson/stream/JsonToken; @ 15 c2
Event: 2306.792 Thread 0x0000026dc771e1b0 DEOPT PACKING pc=0x0000026dedb6e4d8 sp=0x000000ef42cfeec0
Event: 2306.792 Thread 0x0000026dc771e1b0 DEOPT UNPACKING pc=0x0000026ded063aa2 sp=0x000000ef42cfee48 mode 2
Event: 2307.080 Thread 0x0000026dc96b4570 Uncommon trap: trap_request=0xffffff6e fr.pc=0x0000026dedb75218 relative=0x0000000000006278
Event: 2307.080 Thread 0x0000026dc96b4570 Uncommon trap: reason=loop_limit_check action=maybe_recompile pc=0x0000026dedb75218 method=org.eclipse.jdt.internal.compiler.lookup.ParameterizedTypeBinding.superInterfaces()[Lorg/eclipse/jdt/internal/compiler/lookup/ReferenceBinding; @ 107 c2
Event: 2307.080 Thread 0x0000026dc96b4570 DEOPT PACKING pc=0x0000026dedb75218 sp=0x000000ef404fe690
Event: 2307.080 Thread 0x0000026dc96b4570 DEOPT UNPACKING pc=0x0000026ded063aa2 sp=0x000000ef404fe610 mode 2
Event: 2307.114 Thread 0x0000026dc5f58c30 DEOPT PACKING pc=0x0000026de5dbcb5c sp=0x000000ef413feab0
Event: 2307.114 Thread 0x0000026dc5f58c30 DEOPT UNPACKING pc=0x0000026ded064242 sp=0x000000ef413fdf88 mode 0
Event: 2307.165 Thread 0x0000026dc96b4570 Uncommon trap: trap_request=0xffffff45 fr.pc=0x0000026ded6e1d08 relative=0x00000000000000e8
Event: 2307.165 Thread 0x0000026dc96b4570 Uncommon trap: reason=unstable_if action=reinterpret pc=0x0000026ded6e1d08 method=org.eclipse.jdt.internal.compiler.codegen.VerificationTypeInfo.<init>(Lorg/eclipse/jdt/internal/compiler/lookup/TypeBinding;)V @ 26 c2
Event: 2307.165 Thread 0x0000026dc96b4570 DEOPT PACKING pc=0x0000026ded6e1d08 sp=0x000000ef404fec70
Event: 2307.165 Thread 0x0000026dc96b4570 DEOPT UNPACKING pc=0x0000026ded063aa2 sp=0x000000ef404fec10 mode 2
Event: 2307.369 Thread 0x0000026dc5f58c30 Uncommon trap: trap_request=0xffffff6e fr.pc=0x0000026ded6d8eec relative=0x0000000000000aac
Event: 2307.369 Thread 0x0000026dc5f58c30 Uncommon trap: reason=loop_limit_check action=maybe_recompile pc=0x0000026ded6d8eec method=org.eclipse.jdt.internal.compiler.lookup.BinaryTypeBinding.getMethods([C)[Lorg/eclipse/jdt/internal/compiler/lookup/MethodBinding; @ 227 c2
Event: 2307.370 Thread 0x0000026dc5f58c30 DEOPT PACKING pc=0x0000026ded6d8eec sp=0x000000ef413fe220
Event: 2307.370 Thread 0x0000026dc5f58c30 DEOPT UNPACKING pc=0x0000026ded063aa2 sp=0x000000ef413fe1c8 mode 2
Event: 2307.374 Thread 0x0000026dc5f58c30 DEOPT PACKING pc=0x0000026de6d262be sp=0x000000ef413fddd0
Event: 2307.374 Thread 0x0000026dc5f58c30 DEOPT UNPACKING pc=0x0000026ded064242 sp=0x000000ef413fd288 mode 0

Classes loaded (20 events):
Event: 533.558 Loading class java/io/ObjectOutputStream$BlockDataOutputStream
Event: 533.558 Loading class java/io/ObjectOutputStream$BlockDataOutputStream done
Event: 533.558 Loading class java/io/ObjectOutputStream$HandleTable
Event: 533.558 Loading class java/io/ObjectOutputStream$HandleTable done
Event: 533.558 Loading class java/io/ObjectOutputStream$ReplaceTable
Event: 533.558 Loading class java/io/ObjectOutputStream$ReplaceTable done
Event: 1964.221 Loading class jdk/internal/module/IllegalAccessLogger
Event: 1964.221 Loading class jdk/internal/module/IllegalAccessLogger done
Event: 2193.043 Loading class jdk/internal/module/IllegalAccessLogger
Event: 2193.043 Loading class jdk/internal/module/IllegalAccessLogger done
Event: 2275.345 Loading class jdk/internal/module/IllegalAccessLogger
Event: 2275.345 Loading class jdk/internal/module/IllegalAccessLogger done
Event: 2284.119 Loading class jdk/internal/module/IllegalAccessLogger
Event: 2284.119 Loading class jdk/internal/module/IllegalAccessLogger done
Event: 2297.985 Loading class jdk/internal/module/IllegalAccessLogger
Event: 2297.985 Loading class jdk/internal/module/IllegalAccessLogger done
Event: 2301.665 Loading class jdk/internal/module/IllegalAccessLogger
Event: 2301.665 Loading class jdk/internal/module/IllegalAccessLogger done
Event: 2307.058 Loading class jdk/internal/module/IllegalAccessLogger
Event: 2307.058 Loading class jdk/internal/module/IllegalAccessLogger done

Classes unloaded (20 events):
Event: 2275.169 Thread 0x0000026ddb35e910 Unloading class 0x0000026d81275000 'java/lang/invoke/LambdaForm$MH+0x0000026d81275000'
Event: 2275.169 Thread 0x0000026ddb35e910 Unloading class 0x0000026d811f1400 'java/lang/invoke/LambdaForm$MH+0x0000026d811f1400'
Event: 2275.169 Thread 0x0000026ddb35e910 Unloading class 0x0000026d811f1000 'java/lang/invoke/LambdaForm$MH+0x0000026d811f1000'
Event: 2275.169 Thread 0x0000026ddb35e910 Unloading class 0x0000026d811f0c00 'java/lang/invoke/LambdaForm$MH+0x0000026d811f0c00'
Event: 2275.169 Thread 0x0000026ddb35e910 Unloading class 0x0000026d811e8400 'java/lang/invoke/LambdaForm$BMH+0x0000026d811e8400'
Event: 2275.169 Thread 0x0000026ddb35e910 Unloading class 0x0000026d811ce400 'java/lang/invoke/LambdaForm$MH+0x0000026d811ce400'
Event: 2275.169 Thread 0x0000026ddb35e910 Unloading class 0x0000026d811cd400 'java/lang/invoke/LambdaForm$MH+0x0000026d811cd400'
Event: 2275.169 Thread 0x0000026ddb35e910 Unloading class 0x0000026d811cd000 'java/lang/invoke/LambdaForm$MH+0x0000026d811cd000'
Event: 2275.169 Thread 0x0000026ddb35e910 Unloading class 0x0000026d811cc800 'java/lang/invoke/LambdaForm$MH+0x0000026d811cc800'
Event: 2275.169 Thread 0x0000026ddb35e910 Unloading class 0x0000026d811cc000 'java/lang/invoke/LambdaForm$MH+0x0000026d811cc000'
Event: 2275.169 Thread 0x0000026ddb35e910 Unloading class 0x0000026d810a5400 'java/lang/invoke/LambdaForm$MH+0x0000026d810a5400'
Event: 2275.169 Thread 0x0000026ddb35e910 Unloading class 0x0000026d81022400 'java/lang/invoke/LambdaForm$MH+0x0000026d81022400'
Event: 2275.169 Thread 0x0000026ddb35e910 Unloading class 0x0000026d81021c00 'java/lang/invoke/LambdaForm$MH+0x0000026d81021c00'
Event: 2275.169 Thread 0x0000026ddb35e910 Unloading class 0x0000026d81021800 'java/lang/invoke/LambdaForm$MH+0x0000026d81021800'
Event: 2275.169 Thread 0x0000026ddb35e910 Unloading class 0x0000026d81021400 'java/lang/invoke/LambdaForm$MH+0x0000026d81021400'
Event: 2275.169 Thread 0x0000026ddb35e910 Unloading class 0x0000026d81021000 'java/lang/invoke/LambdaForm$MH+0x0000026d81021000'
Event: 2275.169 Thread 0x0000026ddb35e910 Unloading class 0x0000026d81020800 'java/lang/invoke/LambdaForm$MH+0x0000026d81020800'
Event: 2275.169 Thread 0x0000026ddb35e910 Unloading class 0x0000026d81020400 'java/lang/invoke/LambdaForm$MH+0x0000026d81020400'
Event: 2275.169 Thread 0x0000026ddb35e910 Unloading class 0x0000026d81020000 'java/lang/invoke/LambdaForm$MH+0x0000026d81020000'
Event: 2275.169 Thread 0x0000026ddb35e910 Unloading class 0x0000026d81000400 'java/lang/invoke/LambdaForm$MH+0x0000026d81000400'

Classes redefined (0 events):
No events

Internal exceptions (20 events):
Event: 2192.503 Thread 0x0000026dc5f58c30 Implicit null exception at 0x0000026ded90f812 to 0x0000026ded911674
Event: 2192.510 Thread 0x0000026dc5f58c30 Exception <a 'sun/nio/fs/WindowsException'{0x00000000d55e6318}> (0x00000000d55e6318) 
thrown [s\open\src\hotspot\share\prims\jni.cpp, line 520]
Event: 2192.601 Thread 0x0000026dc7720280 Implicit null exception at 0x0000026ded810b8e to 0x0000026ded810c35
Event: 2193.016 Thread 0x0000026dc96b4c00 Implicit null exception at 0x0000026dedb6694b to 0x0000026dedb66aa8
Event: 2193.111 Thread 0x0000026dc5f58c30 Exception <a 'sun/nio/fs/WindowsException'{0x00000000d562e3c0}> (0x00000000d562e3c0) 
thrown [s\open\src\hotspot\share\prims\jni.cpp, line 520]
Event: 2193.283 Thread 0x0000026dc96b5fb0 Exception <a 'java/lang/NoSuchMethodError'{0x00000000d56a9ce0}: 'void java.lang.invoke.DirectMethodHandle$Holder.invokeVirtual(java.lang.Object, java.lang.Object, java.lang.Object, java.lang.Object, java.lang.Object)'> (0x00000000d56a9ce0) 
thrown [s\open\src\hotspot\share\interpreter\linkResolver.cpp, line 773]
Event: 2193.332 Thread 0x0000026dc96b5fb0 Exception <a 'java/lang/NoSuchMethodError'{0x00000000d56ab740}: 'java.lang.Object java.lang.invoke.DirectMethodHandle$Holder.newInvokeSpecial(java.lang.Object, int, java.lang.Object, java.lang.Object, java.lang.Object)'> (0x00000000d56ab740) 
thrown [s\open\src\hotspot\share\interpreter\linkResolver.cpp, line 773]
Event: 2193.337 Thread 0x0000026dc96b5fb0 Exception <a 'java/lang/NoSuchMethodError'{0x00000000d55a53a8}: 'void java.lang.invoke.DirectMethodHandle$Holder.invokeStatic(java.lang.Object, int, java.lang.Object)'> (0x00000000d55a53a8) 
thrown [s\open\src\hotspot\share\interpreter\linkResolver.cpp, line 773]
Event: 2263.992 Thread 0x0000026dc96b3ee0 Exception <a 'sun/nio/fs/WindowsException'{0x00000000d575dee0}> (0x00000000d575dee0) 
thrown [s\open\src\hotspot\share\prims\jni.cpp, line 520]
Event: 2263.993 Thread 0x0000026dc96b3ee0 Exception <a 'sun/nio/fs/WindowsException'{0x00000000d575ea48}> (0x00000000d575ea48) 
thrown [s\open\src\hotspot\share\prims\jni.cpp, line 520]
Event: 2275.109 Thread 0x0000026dc5f58c30 Exception <a 'sun/nio/fs/WindowsException'{0x00000000d56eff88}> (0x00000000d56eff88) 
thrown [s\open\src\hotspot\share\prims\jni.cpp, line 520]
Event: 2275.580 Thread 0x0000026dc5f58c30 Exception <a 'sun/nio/fs/WindowsException'{0x00000000d5631e68}> (0x00000000d5631e68) 
thrown [s\open\src\hotspot\share\prims\jni.cpp, line 520]
Event: 2283.831 Thread 0x0000026dc5f58c30 Exception <a 'sun/nio/fs/WindowsException'{0x00000000d5793ab8}> (0x00000000d5793ab8) 
thrown [s\open\src\hotspot\share\prims\jni.cpp, line 520]
Event: 2284.309 Thread 0x0000026dc5f58c30 Exception <a 'sun/nio/fs/WindowsException'{0x00000000d56334d0}> (0x00000000d56334d0) 
thrown [s\open\src\hotspot\share\prims\jni.cpp, line 520]
Event: 2297.725 Thread 0x0000026dc5f58c30 Exception <a 'sun/nio/fs/WindowsException'{0x00000000d5a38bd0}> (0x00000000d5a38bd0) 
thrown [s\open\src\hotspot\share\prims\jni.cpp, line 520]
Event: 2298.003 Thread 0x0000026dc5f58c30 Exception <a 'sun/nio/fs/WindowsException'{0x00000000d5625718}> (0x00000000d5625718) 
thrown [s\open\src\hotspot\share\prims\jni.cpp, line 520]
Event: 2301.407 Thread 0x0000026dc5f58c30 Exception <a 'sun/nio/fs/WindowsException'{0x00000000d5809bc8}> (0x00000000d5809bc8) 
thrown [s\open\src\hotspot\share\prims\jni.cpp, line 520]
Event: 2301.852 Thread 0x0000026dc5f58c30 Exception <a 'sun/nio/fs/WindowsException'{0x00000000d5580760}> (0x00000000d5580760) 
thrown [s\open\src\hotspot\share\prims\jni.cpp, line 520]
Event: 2305.772 Thread 0x0000026dc5f58c30 Exception <a 'sun/nio/fs/WindowsException'{0x00000000d56e87c0}> (0x00000000d56e87c0) 
thrown [s\open\src\hotspot\share\prims\jni.cpp, line 520]
Event: 2307.108 Thread 0x0000026dc5f58c30 Exception <a 'sun/nio/fs/WindowsException'{0x00000000d56ec110}> (0x00000000d56ec110) 
thrown [s\open\src\hotspot\share\prims\jni.cpp, line 520]

ZGC Phase Switch (0 events):
No events

VM Operations (20 events):
Event: 2306.832 Executing VM operation: ParallelGCFailedAllocation (Allocation Failure) done
Event: 2306.850 Executing VM operation: ParallelGCFailedAllocation (Allocation Failure)
Event: 2306.854 Executing VM operation: ParallelGCFailedAllocation (Allocation Failure) done
Event: 2306.909 Executing VM operation: ParallelGCFailedAllocation (Allocation Failure)
Event: 2306.915 Executing VM operation: ParallelGCFailedAllocation (Allocation Failure) done
Event: 2306.951 Executing VM operation: ParallelGCFailedAllocation (Allocation Failure)
Event: 2307.005 Executing VM operation: ParallelGCFailedAllocation (Allocation Failure) done
Event: 2307.034 Executing VM operation: ParallelGCFailedAllocation (Allocation Failure)
Event: 2307.038 Executing VM operation: ParallelGCFailedAllocation (Allocation Failure) done
Event: 2307.089 Executing VM operation: ParallelGCFailedAllocation (Allocation Failure)
Event: 2307.094 Executing VM operation: ParallelGCFailedAllocation (Allocation Failure) done
Event: 2307.168 Executing VM operation: ParallelGCFailedAllocation (Allocation Failure)
Event: 2307.172 Executing VM operation: ParallelGCFailedAllocation (Allocation Failure) done
Event: 2307.270 Executing VM operation: ParallelGCFailedAllocation (Allocation Failure)
Event: 2307.274 Executing VM operation: ParallelGCFailedAllocation (Allocation Failure) done
Event: 2307.314 Executing VM operation: ParallelGCFailedAllocation (Allocation Failure)
Event: 2307.318 Executing VM operation: ParallelGCFailedAllocation (Allocation Failure) done
Event: 2307.347 Executing VM operation: ParallelGCFailedAllocation (Allocation Failure)
Event: 2307.350 Executing VM operation: ParallelGCFailedAllocation (Allocation Failure) done
Event: 2307.392 Executing VM operation: ParallelGCFailedAllocation (Allocation Failure)

Events (20 events):
Event: 2306.989 Thread 0x0000026ddb35e910 flushing nmethod 0x0000026de69cb610
Event: 2306.989 Thread 0x0000026ddb35e910 flushing nmethod 0x0000026de69e4610
Event: 2306.989 Thread 0x0000026ddb35e910 flushing nmethod 0x0000026de6a85c10
Event: 2306.989 Thread 0x0000026ddb35e910 flushing nmethod 0x0000026de6b50510
Event: 2306.989 Thread 0x0000026ddb35e910 flushing nmethod 0x0000026de6bef590
Event: 2306.989 Thread 0x0000026ddb35e910 flushing nmethod 0x0000026de6bfb410
Event: 2306.989 Thread 0x0000026ddb35e910 flushing nmethod 0x0000026de6caf210
Event: 2306.989 Thread 0x0000026ddb35e910 flushing nmethod 0x0000026de6ceaf90
Event: 2306.989 Thread 0x0000026ddb35e910 flushing nmethod 0x0000026de6d03990
Event: 2306.989 Thread 0x0000026ddb35e910 flushing nmethod 0x0000026de6d2b810
Event: 2306.989 Thread 0x0000026ddb35e910 flushing nmethod 0x0000026de6d75610
Event: 2306.989 Thread 0x0000026ddb35e910 flushing nmethod 0x0000026de6d76690
Event: 2306.989 Thread 0x0000026ddb35e910 flushing nmethod 0x0000026de6dabe10
Event: 2306.989 Thread 0x0000026ddb35e910 flushing nmethod 0x0000026de6df4690
Event: 2306.989 Thread 0x0000026ddb35e910 flushing nmethod 0x0000026de6e06b10
Event: 2306.989 Thread 0x0000026ddb35e910 flushing nmethod 0x0000026de6e18b10
Event: 2306.989 Thread 0x0000026ddb35e910 flushing nmethod 0x0000026de6e37090
Event: 2306.989 Thread 0x0000026ddb35e910 flushing nmethod 0x0000026de6e39f10
Event: 2307.110 Thread 0x0000026dc89d86c0 Thread added: 0x0000026dc89d86c0
Event: 2307.110 Thread 0x0000026dc5a63fa0 Thread added: 0x0000026dc5a63fa0


Dynamic libraries:
0x00007ff7bec50000 - 0x00007ff7bec60000 	C:\Program Files\Java\jdk-21.0.10\bin\java.exe
0x00007ffe45f40000 - 0x00007ffe461a7000 	C:\WINDOWS\SYSTEM32\ntdll.dll
0x00007ffe448d0000 - 0x00007ffe44999000 	C:\WINDOWS\System32\KERNEL32.DLL
0x00007ffe42a30000 - 0x00007ffe42e27000 	C:\WINDOWS\System32\KERNELBASE.dll
0x00007ffe43060000 - 0x00007ffe431ab000 	C:\WINDOWS\System32\ucrtbase.dll
0x00007ffddd380000 - 0x00007ffddd39e000 	C:\Program Files\Java\jdk-21.0.10\bin\VCRUNTIME140.dll
0x00007ffdd4b50000 - 0x00007ffdd4b69000 	C:\Program Files\Java\jdk-21.0.10\bin\jli.dll
0x00007ffe44e80000 - 0x00007ffe44f36000 	C:\WINDOWS\System32\ADVAPI32.dll
0x00007ffe44820000 - 0x00007ffe448c9000 	C:\WINDOWS\System32\msvcrt.dll
0x00007ffe44f40000 - 0x00007ffe44fe7000 	C:\WINDOWS\System32\sechost.dll
0x00007ffe45730000 - 0x00007ffe45848000 	C:\WINDOWS\System32\RPCRT4.dll
0x00007ffe45560000 - 0x00007ffe45726000 	C:\WINDOWS\System32\USER32.dll
0x00007ffe43be0000 - 0x00007ffe43c07000 	C:\WINDOWS\System32\win32u.dll
0x00007ffe44c70000 - 0x00007ffe44c9b000 	C:\WINDOWS\System32\GDI32.dll
0x00007ffe431b0000 - 0x00007ffe432dc000 	C:\WINDOWS\System32\gdi32full.dll
0x00007ffe42e30000 - 0x00007ffe42ed3000 	C:\WINDOWS\System32\msvcp_win.dll
0x00007ffe23100000 - 0x00007ffe23392000 	C:\WINDOWS\WinSxS\amd64_microsoft.windows.common-controls_6595b64144ccf1df_6.0.26100.8457_none_3e0b2faee331e92d\COMCTL32.dll
0x00007ffe42450000 - 0x00007ffe4245b000 	C:\WINDOWS\SYSTEM32\VERSION.dll
0x00007ffe44440000 - 0x00007ffe44472000 	C:\WINDOWS\System32\IMM32.DLL
0x0000000052ef0000 - 0x0000000052efc000 	C:\Program Files (x86)\360\Total Security\safemon\SafeWrapper.dll
0x00007ffd952d0000 - 0x00007ffd9537c000 	C:\Program Files (x86)\360\Total Security\safemon\libzdtp64.dll
0x00007ffe43cc0000 - 0x00007ffe4442e000 	C:\WINDOWS\System32\SHELL32.dll
0x00007ffe449a0000 - 0x00007ffe44a06000 	C:\WINDOWS\System32\SHLWAPI.dll
0x00007ffe43370000 - 0x00007ffe43bdc000 	C:\WINDOWS\System32\Windows.Storage.dll
0x00007ffe44490000 - 0x00007ffe44813000 	C:\WINDOWS\System32\combase.dll
0x00007ffe21110000 - 0x00007ffe2111c000 	C:\Program Files\Java\jdk-21.0.10\bin\vcruntime140_1.dll
0x00007ffdb6c60000 - 0x00007ffdb6ced000 	C:\Program Files\Java\jdk-21.0.10\bin\msvcp140.dll
0x00007ffd6dde0000 - 0x00007ffd6eb07000 	C:\Program Files\Java\jdk-21.0.10\bin\server\jvm.dll
0x00007ffe45160000 - 0x00007ffe451e0000 	C:\WINDOWS\System32\WS2_32.dll
0x00007ffe427d0000 - 0x00007ffe4282e000 	C:\WINDOWS\SYSTEM32\POWRPROF.dll
0x00007ffe34fe0000 - 0x00007ffe35016000 	C:\WINDOWS\SYSTEM32\WINMM.dll
0x00007ffe427b0000 - 0x00007ffe427c4000 	C:\WINDOWS\SYSTEM32\UMPDC.dll
0x00007ffe41690000 - 0x00007ffe416ab000 	C:\WINDOWS\SYSTEM32\kernel.appcore.dll
0x00007ffe1bf50000 - 0x00007ffe1bf5a000 	C:\Program Files\Java\jdk-21.0.10\bin\jimage.dll
0x00007ffe402f0000 - 0x00007ffe40532000 	C:\WINDOWS\SYSTEM32\DBGHELP.DLL
0x00007ffe44b10000 - 0x00007ffe44be9000 	C:\WINDOWS\System32\OLEAUT32.dll
0x00007ffe1b9a0000 - 0x00007ffe1b9db000 	C:\WINDOWS\SYSTEM32\dbgcore.DLL
0x00007ffe43c10000 - 0x00007ffe43cb8000 	C:\WINDOWS\System32\bcryptPrimitives.dll
0x00007ffe38e80000 - 0x00007ffe38e90000 	C:\Program Files\Java\jdk-21.0.10\bin\instrument.dll
0x00007ffdd01e0000 - 0x00007ffdd0201000 	C:\Program Files\Java\jdk-21.0.10\bin\java.dll
0x00007ffe44a10000 - 0x00007ffe44b06000 	C:\WINDOWS\System32\SHCORE.dll
0x00007ffe42890000 - 0x00007ffe428b9000 	C:\WINDOWS\SYSTEM32\profapi.dll
0x00007ffd9b790000 - 0x00007ffd9b867000 	C:\Program Files\Java\jdk-21.0.10\bin\jsvml.dll
0x00007ffdd4d50000 - 0x00007ffdd4d68000 	C:\Program Files\Java\jdk-21.0.10\bin\zip.dll
0x00007ffdd5740000 - 0x00007ffdd5751000 	C:\Program Files\Java\jdk-21.0.10\bin\net.dll
0x00007ffe3a210000 - 0x00007ffe3a339000 	C:\WINDOWS\SYSTEM32\WINHTTP.dll
0x00007ffe41c00000 - 0x00007ffe41c6c000 	C:\WINDOWS\system32\mswsock.dll
0x00007ffdd56d0000 - 0x00007ffdd56e6000 	C:\Program Files\Java\jdk-21.0.10\bin\nio.dll
0x00007ffe18620000 - 0x00007ffe18630000 	C:\Program Files\Java\jdk-21.0.10\bin\verify.dll
0x00007ffdc2350000 - 0x00007ffdc2395000 	C:\Users\LAPTOP\AppData\Roaming\Code\User\globalStorage\redhat.java\1.54.0\config_win\org.eclipse.equinox.launcher\org.eclipse.equinox.launcher.win32.win32.x86_64_1.3.0.v20260203-2149\eclipse_11919.dll
0x00007ffe45ce0000 - 0x00007ffe45e77000 	C:\WINDOWS\System32\ole32.dll
0x00007ffe41ee0000 - 0x00007ffe41efb000 	C:\WINDOWS\SYSTEM32\CRYPTSP.dll
0x00007ffe415f0000 - 0x00007ffe41629000 	C:\WINDOWS\system32\rsaenh.dll
0x00007ffe41cb0000 - 0x00007ffe41ce3000 	C:\WINDOWS\SYSTEM32\USERENV.dll
0x00007ffe42860000 - 0x00007ffe4288a000 	C:\WINDOWS\SYSTEM32\bcrypt.dll
0x00007ffe41f00000 - 0x00007ffe41f0c000 	C:\WINDOWS\SYSTEM32\CRYPTBASE.dll
0x00007ffe410b0000 - 0x00007ffe410e2000 	C:\WINDOWS\SYSTEM32\IPHLPAPI.DLL
0x00007ffe44480000 - 0x00007ffe4448a000 	C:\WINDOWS\System32\NSI.dll
0x00007ffdd9080000 - 0x00007ffdd90c9000 	C:\Users\LAPTOP\AppData\Local\Temp\jna--2056656422\jna18428595154778885044.dll
0x00007ffe45310000 - 0x00007ffe45318000 	C:\WINDOWS\System32\PSAPI.DLL
0x00007ffe3aae0000 - 0x00007ffe3aafd000 	C:\WINDOWS\SYSTEM32\dhcpcsvc6.DLL
0x00007ffe3aab0000 - 0x00007ffe3aad5000 	C:\WINDOWS\SYSTEM32\dhcpcsvc.DLL

dbghelp: loaded successfully - version: 4.0.5 - missing functions: none
symbol engine: initialized successfully - sym options: 0x614 - pdb path: .;C:\Program Files\Java\jdk-21.0.10\bin;C:\WINDOWS\SYSTEM32;C:\WINDOWS\WinSxS\amd64_microsoft.windows.common-controls_6595b64144ccf1df_6.0.26100.8457_none_3e0b2faee331e92d;C:\Program Files (x86)\360\Total Security\safemon;C:\Program Files\Java\jdk-21.0.10\bin\server;C:\Users\LAPTOP\AppData\Roaming\Code\User\globalStorage\redhat.java\1.54.0\config_win\org.eclipse.equinox.launcher\org.eclipse.equinox.launcher.win32.win32.x86_64_1.3.0.v20260203-2149;C:\Users\LAPTOP\AppData\Local\Temp\jna--2056656422

VM Arguments:
jvm_args: --add-modules=ALL-SYSTEM --add-opens=java.base/java.util=ALL-UNNAMED --add-opens=java.base/java.lang=ALL-UNNAMED --add-opens=java.base/sun.nio.fs=ALL-UNNAMED -Declipse.application=org.eclipse.jdt.ls.core.id1 -Dosgi.bundles.defaultStartLevel=4 -Declipse.product=org.eclipse.jdt.ls.core.product -Djava.import.generatesMetadataFilesAtProjectRoot=false -DDetectVMInstallationsJob.disabled=true -Dfile.encoding=utf8 -XX:+UseParallelGC -XX:GCTimeRatio=4 -XX:AdaptiveSizePolicyWeight=90 -Dsun.zip.disableMemoryMapping=true -Xmx2G -Xms100m -Xlog:disable -javaagent:c:\Users\LAPTOP\.vscode\extensions\redhat.java-1.54.0-win32-x64\lombok\lombok-1.18.39-4050.jar -XX:+HeapDumpOnOutOfMemoryError -XX:HeapDumpPath=c:\Users\LAPTOP\AppData\Roaming\Code\User\workspaceStorage\ea1aecd79872bf51f1a29430e0d3635e\redhat.java -Daether.dependencyCollector.impl=bf 
java_command: c:\Users\LAPTOP\.vscode\extensions\redhat.java-1.54.0-win32-x64\server\plugins\org.eclipse.equinox.launcher_1.7.100.v20251111-0406.jar -configuration c:\Users\LAPTOP\AppData\Roaming\Code\User\globalStorage\redhat.java\1.54.0\config_win -data c:\Users\LAPTOP\AppData\Roaming\Code\User\workspaceStorage\ea1aecd79872bf51f1a29430e0d3635e\redhat.java\jdt_ws --pipe=\\.\pipe\lsp-ccdbeeb33ea00eb6bfb593b9d722f4ed-sock
java_class_path (initial): c:\Users\LAPTOP\.vscode\extensions\redhat.java-1.54.0-win32-x64\server\plugins\org.eclipse.equinox.launcher_1.7.100.v20251111-0406.jar
Launcher Type: SUN_STANDARD

[Global flags]
    uintx AdaptiveSizePolicyWeight                 = 90                                        {product} {command line}
     intx CICompilerCount                          = 4                                         {product} {ergonomic}
    uintx GCTimeRatio                              = 4                                         {product} {command line}
     bool HeapDumpOnOutOfMemoryError               = true                                   {manageable} {command line}
    ccstr HeapDumpPath                             = c:\Users\LAPTOP\AppData\Roaming\Code\User\workspaceStorage\ea1aecd79872bf51f1a29430e0d3635e\redhat.java         {manageable} {command line}
   size_t InitialHeapSize                          = 104857600                                 {product} {command line}
   size_t MaxHeapSize                              = 2147483648                                {product} {command line}
   size_t MaxNewSize                               = 715653120                                 {product} {ergonomic}
   size_t MinHeapDeltaBytes                        = 524288                                    {product} {ergonomic}
   size_t MinHeapSize                              = 104857600                                 {product} {command line}
   size_t NewSize                                  = 34603008                                  {product} {ergonomic}
    uintx NonNMethodCodeHeapSize                   = 5839372                                {pd product} {ergonomic}
    uintx NonProfiledCodeHeapSize                  = 122909434                              {pd product} {ergonomic}
   size_t OldSize                                  = 70254592                                  {product} {ergonomic}
    uintx ProfiledCodeHeapSize                     = 122909434                              {pd product} {ergonomic}
    uintx ReservedCodeCacheSize                    = 251658240                              {pd product} {ergonomic}
     bool SegmentedCodeCache                       = true                                      {product} {ergonomic}
   size_t SoftMaxHeapSize                          = 2147483648                             {manageable} {ergonomic}
     bool UseCompressedOops                        = true                           {product lp64_product} {ergonomic}
     bool UseLargePagesIndividualAllocation        = false                                  {pd product} {ergonomic}
     bool UseParallelGC                            = true                                      {product} {command line}

Logging:
Log output configuration:
 #0: stdout all=off uptime,level,tags foldmultilines=false
 #1: stderr all=off uptime,level,tags foldmultilines=false

Environment Variables:
PATH=C:\Users\LAPTOP\AppData\Local\Programs\Microsoft VS Code;C:\Program Files\Common Files\Oracle\Java\javapath;C:\windows\system32;C:\windows;C:\windows\System32\Wbem;C:\windows\System32\WindowsPowerShell\v1.0\;C:\windows\System32\OpenSSH\;C:\Program Files (x86)\NVIDIA Corporation\PhysX\Common;C:\Users\Administrator\AppData\Local\Microsoft\WindowsApps;;C:\Program Files\HP\OMEN-Broadcast\Common;C:\WINDOWS\system32;C:\WINDOWS;C:\WINDOWS\System32\Wbem;C:\WINDOWS\System32\WindowsPowerShell\v1.0\;C:\WINDOWS\System32\OpenSSH\;C:\Program Files\NVIDIA Corporation\NVIDIA app\NvDLISR;C:\Program Files\dotnet\;C:\Program Files (x86)\Windows Kits\10\Windows Performance Toolkit\;C:\Program Files (x86)\Microsoft SQL Server\160\Tools\Binn\;C:\Program Files\Microsoft SQL Server\160\Tools\Binn\;C:\Program Files\Microsoft SQL Server\Client SDK\ODBC\170\Tools\Binn\;C:\Program Files\Microsoft SQL Server\160\DTS\Binn\;C:\Program Files (x86)\Microsoft SQL Server\170\Tools\Binn\;C:\Program Files\Microsoft SQL Server\170\Tools\Binn\;C:\Program Files\Microsoft SQL Server\Client SDK\ODBC\180\Tools\Binn\;C:\Program Files\Microsoft SQL Server\170\DTS\Binn\;C:\Users\LAPTOP\AppData\Local\Microsoft\WindowsApps;C:\Users\LAPTOP\AppData\Local\Python\bin;C:\Users\LAPTOP\AppData\Local\Programs\Microsoft VS Code\bin;C:\maven\apache-maven-3.9.15-bin\apache-maven-3.9.15\bin;C:\Users\LAPTOP\AppData\Local\Programs\Antigravity\bin
USERNAME=LAPTOP
OS=Windows_NT
PROCESSOR_IDENTIFIER=Intel64 Family 6 Model 154 Stepping 3, GenuineIntel
TMP=C:\Users\LAPTOP\AppData\Local\Temp
TEMP=C:\Users\LAPTOP\AppData\Local\Temp




Periodic native trim disabled

---------------  S Y S T E M  ---------------

OS:
 Windows 11 , 64 bit Build 26100 (10.0.26100.8328)
OS uptime: 0 days 3:45 hours
Hyper-V role detected

CPU: total 12 (initial active 12) (6 cores per cpu, 2 threads per core) family 6 model 154 stepping 3 microcode 0x434, cx8, cmov, fxsr, ht, mmx, 3dnowpref, sse, sse2, sse3, ssse3, sse4.1, sse4.2, popcnt, lzcnt, tsc, tscinvbit, avx, avx2, aes, erms, clmul, bmi1, bmi2, adx, sha, fma, vzeroupper, clflush, clflushopt, clwb, hv, serialize, rdtscp, rdpid, fsrm, f16c, cet_ibt, cet_ss
Processor Information for processor 0
  Max Mhz: 2000, Current Mhz: 2000, Mhz Limit: 2000
Processor Information for processor 1
  Max Mhz: 2000, Current Mhz: 2000, Mhz Limit: 2000
Processor Information for processor 2
  Max Mhz: 2000, Current Mhz: 2000, Mhz Limit: 2000
Processor Information for processor 3
  Max Mhz: 2000, Current Mhz: 2000, Mhz Limit: 2000
Processor Information for processor 4
  Max Mhz: 2000, Current Mhz: 1520, Mhz Limit: 2000
Processor Information for processor 5
  Max Mhz: 2000, Current Mhz: 2000, Mhz Limit: 2000
Processor Information for processor 6
  Max Mhz: 2000, Current Mhz: 2000, Mhz Limit: 2000
Processor Information for processor 7
  Max Mhz: 2000, Current Mhz: 2000, Mhz Limit: 2000
Processor Information for processor 8
  Max Mhz: 2000, Current Mhz: 2000, Mhz Limit: 2000
Processor Information for processor 9
  Max Mhz: 2000, Current Mhz: 2000, Mhz Limit: 2000
Processor Information for processor 10
  Max Mhz: 2000, Current Mhz: 2000, Mhz Limit: 2000
Processor Information for processor 11
  Max Mhz: 2000, Current Mhz: 2000, Mhz Limit: 2000

Memory: 4k page, system-wide physical 16024M (2974M free)
TotalPageFile size 20120M (AvailPageFile size 4M)
current process WorkingSet (physical memory assigned to process): 397M, peak: 409M
current process commit charge ("private bytes"): 464M, peak: 500M

vm_info: Java HotSpot(TM) 64-Bit Server VM (21.0.10+8-LTS-217) for windows-amd64 JRE (21.0.10+8-LTS-217), built on 2025-12-18T14:59:28Z by "mach5run" with MS VC++ 17.13 (VS2022)

END.
