#
# There is insufficient memory for the Java Runtime Environment to continue.
# Native memory allocation (malloc) failed to allocate 1225296 bytes. Error detail: Chunk::new
# Possible reasons:
#   The system is out of physical RAM or swap space
#   This process is running with CompressedOops enabled, and the Java Heap may be blocking the growth of the native heap
# Possible solutions:
#   Reduce memory load on the system
#   Increase physical memory or swap space
#   Check if swap backing store is full
#   Decrease Java heap size (-Xmx/-Xms)
#   Decrease number of Java threads
#   Decrease Java thread stack sizes (-Xss)
#   Set larger code cache with -XX:ReservedCodeCacheSize=
#   JVM is running with Unscaled Compressed Oops mode in which the Java heap is
#     placed in the first 4GB address space. The Java Heap base address is the
#     maximum limit for the native heap growth. Please use -XX:HeapBaseMinAddress
#     to set the Java Heap base and to place the Java Heap above 4GB virtual address.
# This output file may be truncated or incomplete.
#
#  Out of Memory Error (arena.cpp:168), pid=51748, tid=71352
#
# JRE version: OpenJDK Runtime Environment Temurin-21.0.10+7 (21.0.10+7) (build 21.0.10+7-LTS)
# Java VM: OpenJDK 64-Bit Server VM Temurin-21.0.10+7 (21.0.10+7-LTS, mixed mode, sharing, tiered, compressed oops, compressed class ptrs, parallel gc, windows-amd64)
# No core dump will be written. Minidumps are not enabled by default on client versions of Windows
#

---------------  S U M M A R Y ------------

Command Line: --add-modules=ALL-SYSTEM --add-opens=java.base/java.util=ALL-UNNAMED --add-opens=java.base/java.lang=ALL-UNNAMED --add-opens=java.base/sun.nio.fs=ALL-UNNAMED -Declipse.application=org.eclipse.jdt.ls.core.id1 -Dosgi.bundles.defaultStartLevel=4 -Declipse.product=org.eclipse.jdt.ls.core.product -Djava.import.generatesMetadataFilesAtProjectRoot=false -DDetectVMInstallationsJob.disabled=true -Dfile.encoding=utf8 -XX:+UseParallelGC -XX:GCTimeRatio=4 -XX:AdaptiveSizePolicyWeight=90 -Dsun.zip.disableMemoryMapping=true -Xmx2G -Xms100m -Xlog:disable -javaagent:c:\Users\LAPTOP\.antigravity\extensions\redhat.java-1.54.0-win32-x64\lombok\lombok-1.18.39-4050.jar -XX:+HeapDumpOnOutOfMemoryError -XX:HeapDumpPath=c:\Users\LAPTOP\AppData\Roaming\Antigravity\User\workspaceStorage\ea1aecd79872bf51f1a29430e0d3635e\redhat.java -Daether.dependencyCollector.impl=bf c:\Users\LAPTOP\.antigravity\extensions\redhat.java-1.54.0-win32-x64\server\plugins\org.eclipse.equinox.launcher_1.7.100.v20251111-0406.jar -configuration c:\Users\LAPTOP\AppData\Roaming\Antigravity\User\globalStorage\redhat.java\1.54.0\config_win -data c:\Users\LAPTOP\AppData\Roaming\Antigravity\User\workspaceStorage\ea1aecd79872bf51f1a29430e0d3635e\redhat.java\jdt_ws --pipe=\\.\pipe\lsp-1ae9b78bd2e2056553a0f178ab5c791c-sock

Host: 12th Gen Intel(R) Core(TM) i5-12450H, 12 cores, 15G,  Windows 11 , 64 bit Build 26100 (10.0.26100.8328)
Time: Tue May 19 03:32:04 2026 SE Asia Standard Time elapsed time: 11.430336 seconds (0d 0h 0m 11s)

---------------  T H R E A D  ---------------

Current thread (0x00000227f871b830):  JavaThread "C2 CompilerThread1" daemon [_thread_in_native, id=71352, stack(0x00000030c5b00000,0x00000030c5c00000) (1024K)]


Current CompileTask:
C2:11430 8823   !   4       org.codehaus.plexus.interpolation.StringSearchInterpolator::interpolate (692 bytes)

Stack: [0x00000030c5b00000,0x00000030c5c00000]
Native frames: (J=compiled Java code, j=interpreted, Vv=VM code, C=native code)
V  [jvm.dll+0x6d7a39]
V  [jvm.dll+0x8b4b26]
V  [jvm.dll+0x8b70de]
V  [jvm.dll+0x8b77c3]
V  [jvm.dll+0x284346]
V  [jvm.dll+0xc66ed]
V  [jvm.dll+0xc6c31]
V  [jvm.dll+0x3bec01]
V  [jvm.dll+0x1e3d62]
V  [jvm.dll+0x24c6b3]
V  [jvm.dll+0x24bb40]
V  [jvm.dll+0x1cb34e]
V  [jvm.dll+0x25b85d]
V  [jvm.dll+0x259dea]
V  [jvm.dll+0x3f857e]
V  [jvm.dll+0x85f59d]
V  [jvm.dll+0x6d626d]
C  [ucrtbase.dll+0x37b0]
C  [KERNEL32.DLL+0x2e957]
C  [ntdll.dll+0x427c]


---------------  P R O C E S S  ---------------

Threads class SMR info:
_java_thread_list=0x00000227ffe649b0, length=57, elements={
0x000002279d497bf0, 0x000002279f90aa70, 0x000002279f90cfa0, 0x000002279f7e8aa0,
0x000002279f7e9500, 0x000002279f7f0450, 0x000002279f7f6f30, 0x000002279f7f97b0,
0x000002279f7fbe70, 0x00000227f8594fe0, 0x00000227f85726a0, 0x00000227f871b830,
0x00000227f99d9410, 0x00000227f964aee0, 0x00000227f964b550, 0x00000227f964bbc0,
0x00000227f964c230, 0x00000227f999e650, 0x00000227f9b77500, 0x00000227fe0d83b0,
0x00000227fe0d7690, 0x00000227fe0d7000, 0x00000227fe0d7d20, 0x00000227fe5f5430,
0x00000227fe5f7b90, 0x00000227fe5f6e70, 0x00000227fe5f67e0, 0x00000227fe5f7500,
0x00000227fe5f8220, 0x00000227fe5f4da0, 0x00000227fe5f6150, 0x00000227fe5f88b0,
0x00000227fe5f8f40, 0x0000022780989190, 0x00000227fe5f5ac0, 0x00000227fe5fbd30,
0x00000227fe5f95d0, 0x00000227fe5f9c60, 0x00000227fe5fc3c0, 0x00000227fe5fa2f0,
0x00000227fe5fa980, 0x00000227fe5fb010, 0x00000227fe5fb6a0, 0x00000227807c2170,
0x00000227807c4240, 0x00000227807c3bb0, 0x00000227807c3520, 0x00000227807c2800,
0x00000227807c48d0, 0x00000227807c4f60, 0x00000227807c2e90, 0x00000227807c6310,
0x00000227807c7d50, 0x00000227807c69a0, 0x00000227807c8a70, 0x00000227807c83e0,
0x00000227807c5c80
}

Java Threads: ( => current thread )
  0x000002279d497bf0 JavaThread "main"                              [_thread_blocked, id=73612, stack(0x00000030c4d00000,0x00000030c4e00000) (1024K)]
  0x000002279f90aa70 JavaThread "Reference Handler"          daemon [_thread_blocked, id=46976, stack(0x00000030c5100000,0x00000030c5200000) (1024K)]
  0x000002279f90cfa0 JavaThread "Finalizer"                  daemon [_thread_blocked, id=72880, stack(0x00000030c5200000,0x00000030c5300000) (1024K)]
  0x000002279f7e8aa0 JavaThread "Signal Dispatcher"          daemon [_thread_blocked, id=49076, stack(0x00000030c5300000,0x00000030c5400000) (1024K)]
  0x000002279f7e9500 JavaThread "Attach Listener"            daemon [_thread_blocked, id=72520, stack(0x00000030c5400000,0x00000030c5500000) (1024K)]
  0x000002279f7f0450 JavaThread "Service Thread"             daemon [_thread_blocked, id=73388, stack(0x00000030c5500000,0x00000030c5600000) (1024K)]
  0x000002279f7f6f30 JavaThread "Monitor Deflation Thread"   daemon [_thread_blocked, id=70440, stack(0x00000030c5600000,0x00000030c5700000) (1024K)]
  0x000002279f7f97b0 JavaThread "C2 CompilerThread0"         daemon [_thread_blocked, id=71932, stack(0x00000030c5700000,0x00000030c5800000) (1024K)]
  0x000002279f7fbe70 JavaThread "C1 CompilerThread0"         daemon [_thread_in_native, id=70232, stack(0x00000030c5800000,0x00000030c5900000) (1024K)]
  0x00000227f8594fe0 JavaThread "Common-Cleaner"             daemon [_thread_blocked, id=67564, stack(0x00000030c5a00000,0x00000030c5b00000) (1024K)]
  0x00000227f85726a0 JavaThread "Notification Thread"        daemon [_thread_blocked, id=4284, stack(0x00000030c5900000,0x00000030c5a00000) (1024K)]
=>0x00000227f871b830 JavaThread "C2 CompilerThread1"         daemon [_thread_in_native, id=71352, stack(0x00000030c5b00000,0x00000030c5c00000) (1024K)]
  0x00000227f99d9410 JavaThread "Equinox resolver thread - Equinox Container: 85eb269c-3ba7-468b-b934-77e502acefe6" daemon [_thread_blocked, id=73368, stack(0x00000030c6300000,0x00000030c6400000) (1024K)]
  0x00000227f964aee0 JavaThread "Equinox resolver thread - Equinox Container: 85eb269c-3ba7-468b-b934-77e502acefe6" daemon [_thread_blocked, id=73380, stack(0x00000030c6400000,0x00000030c6500000) (1024K)]
  0x00000227f964b550 JavaThread "Equinox resolver thread - Equinox Container: 85eb269c-3ba7-468b-b934-77e502acefe6" daemon [_thread_blocked, id=72796, stack(0x00000030c6500000,0x00000030c6600000) (1024K)]
  0x00000227f964bbc0 JavaThread "Equinox resolver thread - Equinox Container: 85eb269c-3ba7-468b-b934-77e502acefe6" daemon [_thread_blocked, id=73208, stack(0x00000030c6600000,0x00000030c6700000) (1024K)]
  0x00000227f964c230 JavaThread "Equinox resolver thread - Equinox Container: 85eb269c-3ba7-468b-b934-77e502acefe6" daemon [_thread_blocked, id=72884, stack(0x00000030c6700000,0x00000030c6800000) (1024K)]
  0x00000227f999e650 JavaThread "Equinox resolver thread - Equinox Container: 85eb269c-3ba7-468b-b934-77e502acefe6" daemon [_thread_blocked, id=19984, stack(0x00000030c6800000,0x00000030c6900000) (1024K)]
  0x00000227f9b77500 JavaThread "Active Thread: Equinox Container: 85eb269c-3ba7-468b-b934-77e502acefe6"        [_thread_blocked, id=72768, stack(0x00000030c6900000,0x00000030c6a00000) (1024K)]
  0x00000227fe0d83b0 JavaThread "Framework Event Dispatcher: Equinox Container: 85eb269c-3ba7-468b-b934-77e502acefe6" daemon [_thread_blocked, id=73716, stack(0x00000030c5c00000,0x00000030c5d00000) (1024K)]
  0x00000227fe0d7690 JavaThread "Start Level: Equinox Container: 85eb269c-3ba7-468b-b934-77e502acefe6" daemon [_thread_blocked, id=70488, stack(0x00000030c6a00000,0x00000030c6b00000) (1024K)]
  0x00000227fe0d7000 JavaThread "Bundle File Closer"         daemon [_thread_blocked, id=67832, stack(0x00000030c6c00000,0x00000030c6d00000) (1024K)]
  0x00000227fe0d7d20 JavaThread "Refresh Thread: Equinox Container: 85eb269c-3ba7-468b-b934-77e502acefe6" daemon [_thread_blocked, id=71392, stack(0x00000030c6d00000,0x00000030c6e00000) (1024K)]
  0x00000227fe5f5430 JavaThread "Equinox resolver thread - Equinox Container: 85eb269c-3ba7-468b-b934-77e502acefe6" daemon [_thread_blocked, id=30800, stack(0x00000030c6f00000,0x00000030c7000000) (1024K)]
  0x00000227fe5f7b90 JavaThread "Equinox resolver thread - Equinox Container: 85eb269c-3ba7-468b-b934-77e502acefe6" daemon [_thread_blocked, id=56608, stack(0x00000030c7000000,0x00000030c7100000) (1024K)]
  0x00000227fe5f6e70 JavaThread "Equinox resolver thread - Equinox Container: 85eb269c-3ba7-468b-b934-77e502acefe6" daemon [_thread_blocked, id=73440, stack(0x00000030c7100000,0x00000030c7200000) (1024K)]
  0x00000227fe5f67e0 JavaThread "Equinox resolver thread - Equinox Container: 85eb269c-3ba7-468b-b934-77e502acefe6" daemon [_thread_blocked, id=62408, stack(0x00000030c7200000,0x00000030c7300000) (1024K)]
  0x00000227fe5f7500 JavaThread "Equinox resolver thread - Equinox Container: 85eb269c-3ba7-468b-b934-77e502acefe6" daemon [_thread_blocked, id=73364, stack(0x00000030c7300000,0x00000030c7400000) (1024K)]
  0x00000227fe5f8220 JavaThread "Equinox resolver thread - Equinox Container: 85eb269c-3ba7-468b-b934-77e502acefe6" daemon [_thread_blocked, id=29408, stack(0x00000030c7400000,0x00000030c7500000) (1024K)]
  0x00000227fe5f4da0 JavaThread "SCR Component Actor"        daemon [_thread_blocked, id=24244, stack(0x00000030c7700000,0x00000030c7800000) (1024K)]
  0x00000227fe5f6150 JavaThread "Worker-JM"                         [_thread_blocked, id=31028, stack(0x00000030c7800000,0x00000030c7900000) (1024K)]
  0x00000227fe5f88b0 JavaThread "Worker-0"                          [_thread_blocked, id=47612, stack(0x00000030c6e00000,0x00000030c6f00000) (1024K)]
  0x00000227fe5f8f40 JavaThread "Worker-1: Initialize Workspace"        [_thread_in_Java, id=73704, stack(0x00000030c7900000,0x00000030c7a00000) (1024K)]
  0x0000022780989190 JavaThread "C2 CompilerThread2"         daemon [_thread_blocked, id=71940, stack(0x00000030c7a00000,0x00000030c7b00000) (1024K)]
  0x00000227fe5f5ac0 JavaThread "Java indexing"              daemon [_thread_blocked, id=56280, stack(0x00000030c7b00000,0x00000030c7c00000) (1024K)]
  0x00000227fe5fbd30 JavaThread "JNA Cleaner"                daemon [_thread_blocked, id=73432, stack(0x00000030c7c00000,0x00000030c7d00000) (1024K)]
  0x00000227fe5f95d0 JavaThread "Worker-2"                          [_thread_blocked, id=60740, stack(0x00000030c7f00000,0x00000030c8000000) (1024K)]
  0x00000227fe5f9c60 JavaThread "Worker-3"                          [_thread_blocked, id=43840, stack(0x00000030c8000000,0x00000030c8100000) (1024K)]
  0x00000227fe5fc3c0 JavaThread "Worker-4"                          [_thread_blocked, id=18760, stack(0x00000030c8100000,0x00000030c8200000) (1024K)]
  0x00000227fe5fa2f0 JavaThread "Worker-5"                          [_thread_blocked, id=25120, stack(0x00000030c8200000,0x00000030c8300000) (1024K)]
  0x00000227fe5fa980 JavaThread "Thread-1"                   daemon [_thread_in_native, id=71228, stack(0x00000030c8300000,0x00000030c8400000) (1024K)]
  0x00000227fe5fb010 JavaThread "Thread-2"                   daemon [_thread_in_native, id=73020, stack(0x00000030c8400000,0x00000030c8500000) (1024K)]
  0x00000227fe5fb6a0 JavaThread "Thread-3"                   daemon [_thread_in_native, id=71308, stack(0x00000030c8500000,0x00000030c8600000) (1024K)]
  0x00000227807c2170 JavaThread "Thread-4"                   daemon [_thread_in_native, id=72648, stack(0x00000030c8600000,0x00000030c8700000) (1024K)]
  0x00000227807c4240 JavaThread "Thread-5"                   daemon [_thread_in_native, id=70652, stack(0x00000030c8700000,0x00000030c8800000) (1024K)]
  0x00000227807c3bb0 JavaThread "Thread-6"                   daemon [_thread_in_native, id=61392, stack(0x00000030c8800000,0x00000030c8900000) (1024K)]
  0x00000227807c3520 JavaThread "Thread-7"                   daemon [_thread_in_native, id=70668, stack(0x00000030c8900000,0x00000030c8a00000) (1024K)]
  0x00000227807c2800 JavaThread "Thread-8"                   daemon [_thread_in_native, id=71252, stack(0x00000030c8a00000,0x00000030c8b00000) (1024K)]
  0x00000227807c48d0 JavaThread "Thread-9"                   daemon [_thread_in_native, id=10372, stack(0x00000030c8b00000,0x00000030c8c00000) (1024K)]
  0x00000227807c4f60 JavaThread "Thread-10"                  daemon [_thread_in_native, id=17556, stack(0x00000030c8c00000,0x00000030c8d00000) (1024K)]
  0x00000227807c2e90 JavaThread "Thread-11"                  daemon [_thread_in_native, id=73684, stack(0x00000030c8d00000,0x00000030c8e00000) (1024K)]
  0x00000227807c6310 JavaThread "Thread-12"                  daemon [_thread_in_native, id=68176, stack(0x00000030c8e00000,0x00000030c8f00000) (1024K)]
  0x00000227807c7d50 JavaThread "Thread-13"                  daemon [_thread_in_native, id=66648, stack(0x00000030c8f00000,0x00000030c9000000) (1024K)]
  0x00000227807c69a0 JavaThread "pool-2-thread-1"                   [_thread_blocked, id=27000, stack(0x00000030c9000000,0x00000030c9100000) (1024K)]
  0x00000227807c8a70 JavaThread "WorkspaceEventsHandler"            [_thread_blocked, id=59252, stack(0x00000030c9100000,0x00000030c9200000) (1024K)]
  0x00000227807c83e0 JavaThread "pool-1-thread-1"                   [_thread_blocked, id=69464, stack(0x00000030c9200000,0x00000030c9300000) (1024K)]
  0x00000227807c5c80 JavaThread "ProjectImportProgressReporter" daemon [_thread_blocked, id=71024, stack(0x00000030c9300000,0x00000030c9400000) (1024K)]
Total: 57

Other Threads:
  0x000002279f7e4570 VMThread "VM Thread"                           [id=45628, stack(0x00000030c5000000,0x00000030c5100000) (1024K)]
  0x000002279f6dca00 WatcherThread "VM Periodic Task Thread"        [id=73240, stack(0x00000030c4f00000,0x00000030c5000000) (1024K)]
  0x000002279f88e490 WorkerThread "GC Thread#0"                     [id=72764, stack(0x00000030c4e00000,0x00000030c4f00000) (1024K)]
  0x00000227f95c8fb0 WorkerThread "GC Thread#1"                     [id=72384, stack(0x00000030c5d00000,0x00000030c5e00000) (1024K)]
  0x00000227f9529160 WorkerThread "GC Thread#2"                     [id=71804, stack(0x00000030c5e00000,0x00000030c5f00000) (1024K)]
  0x00000227f9529510 WorkerThread "GC Thread#3"                     [id=72868, stack(0x00000030c5f00000,0x00000030c6000000) (1024K)]
  0x00000227f95298c0 WorkerThread "GC Thread#4"                     [id=60152, stack(0x00000030c6000000,0x00000030c6100000) (1024K)]
  0x00000227f9529c70 WorkerThread "GC Thread#5"                     [id=70776, stack(0x00000030c6100000,0x00000030c6200000) (1024K)]
  0x00000227f95cd530 WorkerThread "GC Thread#6"                     [id=64960, stack(0x00000030c6200000,0x00000030c6300000) (1024K)]
  0x00000227f9c8a630 WorkerThread "GC Thread#7"                     [id=70112, stack(0x00000030c6b00000,0x00000030c6c00000) (1024K)]
  0x00000227fe5831b0 WorkerThread "GC Thread#8"                     [id=71544, stack(0x00000030c7500000,0x00000030c7600000) (1024K)]
  0x00000227fe802170 WorkerThread "GC Thread#9"                     [id=73296, stack(0x00000030c7600000,0x00000030c7700000) (1024K)]
Total: 12

Threads with active compile tasks:
C2 CompilerThread1  11475 8823   !   4       org.codehaus.plexus.interpolation.StringSearchInterpolator::interpolate (692 bytes)
Total: 1

VM state: not at safepoint (normal execution)

VM Mutex/Monitor currently owned by a thread: None

Heap address: 0x0000000080000000, size: 2048 MB, Compressed Oops mode: 32-bit

CDS archive(s) mapped at: [0x00000227b7000000-0x00000227b7ba0000-0x00000227b7ba0000), size 12189696, SharedBaseAddress: 0x00000227b7000000, ArchiveRelocationMode: 1.
Compressed class space mapped at: 0x00000227b8000000-0x00000227f8000000, reserved size: 1073741824
Narrow klass base: 0x00000227b7000000, Narrow klass shift: 0, Narrow klass range: 0x100000000

GC Precious Log:
 CardTable entry size: 512
 CPUs: 12 total, 12 available
 Memory: 16024M
 Large Page Support: Disabled
 NUMA Support: Disabled
 Compressed Oops: Enabled (32-bit)
 Alignments: Space 512K, Generation 512K, Heap 2M
 Heap Min Capacity: 100M
 Heap Initial Capacity: 100M
 Heap Max Capacity: 2G
 Pre-touch: Disabled
 Parallel Workers: 10

Heap:
 PSYoungGen      total 22016K, used 12945K [0x00000000d5580000, 0x00000000d6d00000, 0x0000000100000000)
  eden space 19968K, 56% used [0x00000000d5580000,0x00000000d609c4d8,0x00000000d6900000)
  from space 2048K, 76% used [0x00000000d6900000,0x00000000d6a88000,0x00000000d6b00000)
  to   space 2048K, 0% used [0x00000000d6b00000,0x00000000d6b00000,0x00000000d6d00000)
 ParOldGen       total 68608K, used 39595K [0x0000000080000000, 0x0000000084300000, 0x00000000d5580000)
  object space 68608K, 57% used [0x0000000080000000,0x00000000826aae80,0x0000000084300000)
 Metaspace       used 50611K, committed 51840K, reserved 1114112K
  class space    used 5445K, committed 5952K, reserved 1048576K

Card table byte_map: [0x000002279f1f0000,0x000002279f600000] _byte_map_base: 0x000002279edf0000

Marking Bits: (ParMarkBitMap*) 0x00007ffc91cd3450
 Begin Bits: [0x00000227b1d00000, 0x00000227b3d00000)
 End Bits:   [0x00000227b3d00000, 0x00000227b5d00000)

Polling page: 0x000002279d430000

Metaspace:

Usage:
  Non-class:     44.11 MB used.
      Class:      5.32 MB used.
       Both:     49.43 MB used.

Virtual space:
  Non-class space:       64.00 MB reserved,      44.81 MB ( 70%) committed,  1 nodes.
      Class space:        1.00 GB reserved,       5.81 MB ( <1%) committed,  1 nodes.
             Both:        1.06 GB reserved,      50.62 MB (  5%) committed. 

Chunk freelists:
   Non-Class:  2.89 MB
       Class:  10.12 MB
        Both:  13.01 MB

MaxMetaspaceSize: unlimited
CompressedClassSpaceSize: 1.00 GB
Initial GC threshold: 21.00 MB
Current GC threshold: 58.38 MB
CDS: on
 - commit_granule_bytes: 65536.
 - commit_granule_words: 8192.
 - virtual_space_node_default_size: 8388608.
 - enlarge_chunks_in_place: 1.
 - use_allocation_guard: 0.


Internal statistics:

num_allocs_failed_limit: 6.
num_arena_births: 908.
num_arena_deaths: 42.
num_vsnodes_births: 2.
num_vsnodes_deaths: 0.
num_space_committed: 810.
num_space_uncommitted: 0.
num_chunks_returned_to_freelist: 59.
num_chunks_taken_from_freelist: 3180.
num_chunk_merges: 12.
num_chunk_splits: 1969.
num_chunks_enlarged: 1184.
num_inconsistent_stats: 0.

CodeHeap 'non-profiled nmethods': size=120000Kb used=5489Kb max_used=5489Kb free=114510Kb
 bounds [0x00000227aa520000, 0x00000227aaa80000, 0x00000227b1a50000]
CodeHeap 'profiled nmethods': size=120000Kb used=17820Kb max_used=17820Kb free=102179Kb
 bounds [0x00000227a2a50000, 0x00000227a3bc0000, 0x00000227a9f80000]
CodeHeap 'non-nmethods': size=5760Kb used=1367Kb max_used=1427Kb free=4392Kb
 bounds [0x00000227a9f80000, 0x00000227aa1f0000, 0x00000227aa520000]
CodeCache: size=245760Kb, used=24676Kb, max_used=24736Kb, free=221081Kb
 total_blobs=9015, nmethods=8351, adapters=570, full_count=0
Compilation: enabled, stopped_count=0, restarted_count=0

Compilation events (20 events):
Event: 11.174 Thread 0x000002279f7fbe70 9002       3       org.apache.maven.artifact.DefaultArtifact::<init> (72 bytes)
Event: 11.175 Thread 0x000002279f7fbe70 nmethod 9002 0x00000227a3ba9d10 code [0x00000227a3ba9ee0, 0x00000227a3baa298]
Event: 11.175 Thread 0x000002279f7fbe70 9003       3       org.apache.maven.artifact.DefaultArtifact::selectVersionFromNewRangeIfAvailable (47 bytes)
Event: 11.176 Thread 0x000002279f7fbe70 nmethod 9003 0x00000227a3baa490 code [0x00000227a3baa680, 0x00000227a3baaae0]
Event: 11.179 Thread 0x000002279f7fbe70 9004       3       org.eclipse.sisu.plexus.RealmFilteredBeans$FilteredItr::next (5 bytes)
Event: 11.180 Thread 0x000002279f7fbe70 nmethod 9004 0x00000227a3baad10 code [0x00000227a3baaee0, 0x00000227a3bab1b8]
Event: 11.180 Thread 0x000002279f7fbe70 9005       3       org.eclipse.sisu.plexus.RealmFilteredBeans$FilteredItr::next (27 bytes)
Event: 11.180 Thread 0x000002279f7fbe70 nmethod 9005 0x00000227a3bab310 code [0x00000227a3bab4e0, 0x00000227a3bab760]
Event: 11.183 Thread 0x000002279f7fbe70 9006       1       org.apache.maven.artifact.DefaultArtifact::getVersion (5 bytes)
Event: 11.184 Thread 0x000002279f7fbe70 nmethod 9006 0x00000227aaa79910 code [0x00000227aaa79aa0, 0x00000227aaa79b68]
Event: 11.192 Thread 0x000002279f7fbe70 9007       3       com.google.inject.internal.Annotations::isAllDefaultMethods (45 bytes)
Event: 11.192 Thread 0x000002279f7fbe70 nmethod 9007 0x00000227a3bab890 code [0x00000227a3baba60, 0x00000227a3babcf8]
Event: 11.193 Thread 0x0000022780989190 9008       4       java.util.WeakHashMap::get (75 bytes)
Event: 11.194 Thread 0x000002279f7fbe70 9009       3       org.eclipse.sisu.plexus.Hints::canonicalHints (49 bytes)
Event: 11.194 Thread 0x000002279f7f97b0 9010       4       java.io.WinNTFileSystem::prefixLength (91 bytes)
Event: 11.194 Thread 0x000002279f7fbe70 nmethod 9009 0x00000227a3babe90 code [0x00000227a3bac0a0, 0x00000227a3bac790]
Event: 11.273 Thread 0x000002279f7fbe70 9011       3       org.eclipse.core.internal.jobs.JobManager$$Lambda/0x00000227b81bdb00::apply (20 bytes)
Event: 11.273 Thread 0x000002279f7fbe70 nmethod 9011 0x00000227a3baca10 code [0x00000227a3bacbc0, 0x00000227a3bace18]
Event: 11.273 Thread 0x000002279f7fbe70 9012       3       org.eclipse.core.internal.jobs.JobManager::lambda$8 (48 bytes)
Event: 11.274 Thread 0x000002279f7fbe70 nmethod 9012 0x00000227a3bacf10 code [0x00000227a3bad120, 0x00000227a3bad650]

GC Heap History (20 events):
Event: 7.840 GC heap before
{Heap before GC invocations=26 (full 2):
 PSYoungGen      total 24064K, used 23648K [0x00000000d5580000, 0x00000000d7100000, 0x0000000100000000)
  eden space 19968K, 100% used [0x00000000d5580000,0x00000000d6900000,0x00000000d6900000)
  from space 4096K, 89% used [0x00000000d6980000,0x00000000d6d18000,0x00000000d6d80000)
  to   space 3584K, 0% used [0x00000000d6d80000,0x00000000d6d80000,0x00000000d7100000)
 ParOldGen       total 68608K, used 26920K [0x0000000080000000, 0x0000000084300000, 0x00000000d5580000)
  object space 68608K, 39% used [0x0000000080000000,0x0000000081a4a3f8,0x0000000084300000)
 Metaspace       used 44286K, committed 45376K, reserved 1114112K
  class space    used 4812K, committed 5312K, reserved 1048576K
}
Event: 7.842 GC heap after
{Heap after GC invocations=26 (full 2):
 PSYoungGen      total 23552K, used 3584K [0x00000000d5580000, 0x00000000d7200000, 0x0000000100000000)
  eden space 19968K, 0% used [0x00000000d5580000,0x00000000d5580000,0x00000000d6900000)
  from space 3584K, 100% used [0x00000000d6d80000,0x00000000d7100000,0x00000000d7100000)
  to   space 4608K, 0% used [0x00000000d6900000,0x00000000d6900000,0x00000000d6d80000)
 ParOldGen       total 68608K, used 27767K [0x0000000080000000, 0x0000000084300000, 0x00000000d5580000)
  object space 68608K, 40% used [0x0000000080000000,0x0000000081b1df98,0x0000000084300000)
 Metaspace       used 44286K, committed 45376K, reserved 1114112K
  class space    used 4812K, committed 5312K, reserved 1048576K
}
Event: 8.316 GC heap before
{Heap before GC invocations=27 (full 2):
 PSYoungGen      total 23552K, used 23548K [0x00000000d5580000, 0x00000000d7200000, 0x0000000100000000)
  eden space 19968K, 99% used [0x00000000d5580000,0x00000000d68ff228,0x00000000d6900000)
  from space 3584K, 100% used [0x00000000d6d80000,0x00000000d7100000,0x00000000d7100000)
  to   space 4608K, 0% used [0x00000000d6900000,0x00000000d6900000,0x00000000d6d80000)
 ParOldGen       total 68608K, used 27767K [0x0000000080000000, 0x0000000084300000, 0x00000000d5580000)
  object space 68608K, 40% used [0x0000000080000000,0x0000000081b1df98,0x0000000084300000)
 Metaspace       used 45123K, committed 46272K, reserved 1114112K
  class space    used 4900K, committed 5440K, reserved 1048576K
}
Event: 8.319 GC heap after
{Heap after GC invocations=27 (full 2):
 PSYoungGen      total 20992K, used 794K [0x00000000d5580000, 0x00000000d6e00000, 0x0000000100000000)
  eden space 19968K, 0% used [0x00000000d5580000,0x00000000d5580000,0x00000000d6900000)
  from space 1024K, 77% used [0x00000000d6900000,0x00000000d69c6960,0x00000000d6a00000)
  to   space 2560K, 0% used [0x00000000d6b80000,0x00000000d6b80000,0x00000000d6e00000)
 ParOldGen       total 68608K, used 28148K [0x0000000080000000, 0x0000000084300000, 0x00000000d5580000)
  object space 68608K, 41% used [0x0000000080000000,0x0000000081b7d010,0x0000000084300000)
 Metaspace       used 45123K, committed 46272K, reserved 1114112K
  class space    used 4900K, committed 5440K, reserved 1048576K
}
Event: 9.152 GC heap before
{Heap before GC invocations=28 (full 2):
 PSYoungGen      total 20992K, used 20762K [0x00000000d5580000, 0x00000000d6e00000, 0x0000000100000000)
  eden space 19968K, 100% used [0x00000000d5580000,0x00000000d6900000,0x00000000d6900000)
  from space 1024K, 77% used [0x00000000d6900000,0x00000000d69c6960,0x00000000d6a00000)
  to   space 2560K, 0% used [0x00000000d6b80000,0x00000000d6b80000,0x00000000d6e00000)
 ParOldGen       total 68608K, used 28148K [0x0000000080000000, 0x0000000084300000, 0x00000000d5580000)
  object space 68608K, 41% used [0x0000000080000000,0x0000000081b7d010,0x0000000084300000)
 Metaspace       used 47496K, committed 48576K, reserved 1114112K
  class space    used 5152K, committed 5568K, reserved 1048576K
}
Event: 9.154 GC heap after
{Heap after GC invocations=28 (full 2):
 PSYoungGen      total 22528K, used 2141K [0x00000000d5580000, 0x00000000d6e00000, 0x0000000100000000)
  eden space 19968K, 0% used [0x00000000d5580000,0x00000000d5580000,0x00000000d6900000)
  from space 2560K, 83% used [0x00000000d6b80000,0x00000000d6d974d0,0x00000000d6e00000)
  to   space 2560K, 0% used [0x00000000d6900000,0x00000000d6900000,0x00000000d6b80000)
 ParOldGen       total 68608K, used 28822K [0x0000000080000000, 0x0000000084300000, 0x00000000d5580000)
  object space 68608K, 42% used [0x0000000080000000,0x0000000081c25858,0x0000000084300000)
 Metaspace       used 47496K, committed 48576K, reserved 1114112K
  class space    used 5152K, committed 5568K, reserved 1048576K
}
Event: 9.604 GC heap before
{Heap before GC invocations=29 (full 2):
 PSYoungGen      total 22528K, used 22109K [0x00000000d5580000, 0x00000000d6e00000, 0x0000000100000000)
  eden space 19968K, 100% used [0x00000000d5580000,0x00000000d6900000,0x00000000d6900000)
  from space 2560K, 83% used [0x00000000d6b80000,0x00000000d6d974d0,0x00000000d6e00000)
  to   space 2560K, 0% used [0x00000000d6900000,0x00000000d6900000,0x00000000d6b80000)
 ParOldGen       total 68608K, used 28822K [0x0000000080000000, 0x0000000084300000, 0x00000000d5580000)
  object space 68608K, 42% used [0x0000000080000000,0x0000000081c25858,0x0000000084300000)
 Metaspace       used 47754K, committed 48832K, reserved 1114112K
  class space    used 5157K, committed 5632K, reserved 1048576K
}
Event: 9.607 GC heap after
{Heap after GC invocations=29 (full 2):
 PSYoungGen      total 22528K, used 2400K [0x00000000d5580000, 0x00000000d6e00000, 0x0000000100000000)
  eden space 19968K, 0% used [0x00000000d5580000,0x00000000d5580000,0x00000000d6900000)
  from space 2560K, 93% used [0x00000000d6900000,0x00000000d6b58000,0x00000000d6b80000)
  to   space 2560K, 0% used [0x00000000d6b80000,0x00000000d6b80000,0x00000000d6e00000)
 ParOldGen       total 68608K, used 30751K [0x0000000080000000, 0x0000000084300000, 0x00000000d5580000)
  object space 68608K, 44% used [0x0000000080000000,0x0000000081e07dc0,0x0000000084300000)
 Metaspace       used 47754K, committed 48832K, reserved 1114112K
  class space    used 5157K, committed 5632K, reserved 1048576K
}
Event: 9.962 GC heap before
{Heap before GC invocations=30 (full 2):
 PSYoungGen      total 22528K, used 22368K [0x00000000d5580000, 0x00000000d6e00000, 0x0000000100000000)
  eden space 19968K, 100% used [0x00000000d5580000,0x00000000d6900000,0x00000000d6900000)
  from space 2560K, 93% used [0x00000000d6900000,0x00000000d6b58000,0x00000000d6b80000)
  to   space 2560K, 0% used [0x00000000d6b80000,0x00000000d6b80000,0x00000000d6e00000)
 ParOldGen       total 68608K, used 30751K [0x0000000080000000, 0x0000000084300000, 0x00000000d5580000)
  object space 68608K, 44% used [0x0000000080000000,0x0000000081e07dc0,0x0000000084300000)
 Metaspace       used 47981K, committed 49088K, reserved 1114112K
  class space    used 5157K, committed 5632K, reserved 1048576K
}
Event: 9.964 GC heap after
{Heap after GC invocations=30 (full 2):
 PSYoungGen      total 21504K, used 1280K [0x00000000d5580000, 0x00000000d6d00000, 0x0000000100000000)
  eden space 19968K, 0% used [0x00000000d5580000,0x00000000d5580000,0x00000000d6900000)
  from space 1536K, 83% used [0x00000000d6b80000,0x00000000d6cc0000,0x00000000d6d00000)
  to   space 2048K, 0% used [0x00000000d6900000,0x00000000d6900000,0x00000000d6b00000)
 ParOldGen       total 68608K, used 32861K [0x0000000080000000, 0x0000000084300000, 0x00000000d5580000)
  object space 68608K, 47% used [0x0000000080000000,0x00000000820174e8,0x0000000084300000)
 Metaspace       used 47981K, committed 49088K, reserved 1114112K
  class space    used 5157K, committed 5632K, reserved 1048576K
}
Event: 10.386 GC heap before
{Heap before GC invocations=31 (full 2):
 PSYoungGen      total 21504K, used 21248K [0x00000000d5580000, 0x00000000d6d00000, 0x0000000100000000)
  eden space 19968K, 100% used [0x00000000d5580000,0x00000000d6900000,0x00000000d6900000)
  from space 1536K, 83% used [0x00000000d6b80000,0x00000000d6cc0000,0x00000000d6d00000)
  to   space 2048K, 0% used [0x00000000d6900000,0x00000000d6900000,0x00000000d6b00000)
 ParOldGen       total 68608K, used 32861K [0x0000000080000000, 0x0000000084300000, 0x00000000d5580000)
  object space 68608K, 47% used [0x0000000080000000,0x00000000820174e8,0x0000000084300000)
 Metaspace       used 48948K, committed 50112K, reserved 1114112K
  class space    used 5300K, committed 5824K, reserved 1048576K
}
Event: 10.389 GC heap after
{Heap after GC invocations=31 (full 2):
 PSYoungGen      total 22016K, used 1968K [0x00000000d5580000, 0x00000000d6e00000, 0x0000000100000000)
  eden space 19968K, 0% used [0x00000000d5580000,0x00000000d5580000,0x00000000d6900000)
  from space 2048K, 96% used [0x00000000d6900000,0x00000000d6aec020,0x00000000d6b00000)
  to   space 2560K, 0% used [0x00000000d6b80000,0x00000000d6b80000,0x00000000d6e00000)
 ParOldGen       total 68608K, used 34754K [0x0000000080000000, 0x0000000084300000, 0x00000000d5580000)
  object space 68608K, 50% used [0x0000000080000000,0x00000000821f09f8,0x0000000084300000)
 Metaspace       used 48948K, committed 50112K, reserved 1114112K
  class space    used 5300K, committed 5824K, reserved 1048576K
}
Event: 10.745 GC heap before
{Heap before GC invocations=32 (full 2):
 PSYoungGen      total 22016K, used 21936K [0x00000000d5580000, 0x00000000d6e00000, 0x0000000100000000)
  eden space 19968K, 100% used [0x00000000d5580000,0x00000000d6900000,0x00000000d6900000)
  from space 2048K, 96% used [0x00000000d6900000,0x00000000d6aec020,0x00000000d6b00000)
  to   space 2560K, 0% used [0x00000000d6b80000,0x00000000d6b80000,0x00000000d6e00000)
 ParOldGen       total 68608K, used 34754K [0x0000000080000000, 0x0000000084300000, 0x00000000d5580000)
  object space 68608K, 50% used [0x0000000080000000,0x00000000821f09f8,0x0000000084300000)
 Metaspace       used 50004K, committed 51264K, reserved 1114112K
  class space    used 5415K, committed 5952K, reserved 1048576K
}
Event: 10.747 GC heap after
{Heap after GC invocations=32 (full 2):
 PSYoungGen      total 22016K, used 1863K [0x00000000d5580000, 0x00000000d6d80000, 0x0000000100000000)
  eden space 19968K, 0% used [0x00000000d5580000,0x00000000d5580000,0x00000000d6900000)
  from space 2048K, 91% used [0x00000000d6b80000,0x00000000d6d51f90,0x00000000d6d80000)
  to   space 2048K, 0% used [0x00000000d6900000,0x00000000d6900000,0x00000000d6b00000)
 ParOldGen       total 68608K, used 36019K [0x0000000080000000, 0x0000000084300000, 0x00000000d5580000)
  object space 68608K, 52% used [0x0000000080000000,0x000000008232cc90,0x0000000084300000)
 Metaspace       used 50004K, committed 51264K, reserved 1114112K
  class space    used 5415K, committed 5952K, reserved 1048576K
}
Event: 10.800 GC heap before
{Heap before GC invocations=33 (full 2):
 PSYoungGen      total 22016K, used 21831K [0x00000000d5580000, 0x00000000d6d80000, 0x0000000100000000)
  eden space 19968K, 100% used [0x00000000d5580000,0x00000000d6900000,0x00000000d6900000)
  from space 2048K, 91% used [0x00000000d6b80000,0x00000000d6d51f90,0x00000000d6d80000)
  to   space 2048K, 0% used [0x00000000d6900000,0x00000000d6900000,0x00000000d6b00000)
 ParOldGen       total 68608K, used 36019K [0x0000000080000000, 0x0000000084300000, 0x00000000d5580000)
  object space 68608K, 52% used [0x0000000080000000,0x000000008232cc90,0x0000000084300000)
 Metaspace       used 50039K, committed 51328K, reserved 1114112K
  class space    used 5415K, committed 5952K, reserved 1048576K
}
Event: 10.803 GC heap after
{Heap after GC invocations=33 (full 2):
 PSYoungGen      total 22016K, used 1936K [0x00000000d5580000, 0x00000000d6d00000, 0x0000000100000000)
  eden space 19968K, 0% used [0x00000000d5580000,0x00000000d5580000,0x00000000d6900000)
  from space 2048K, 94% used [0x00000000d6900000,0x00000000d6ae4030,0x00000000d6b00000)
  to   space 2048K, 0% used [0x00000000d6b00000,0x00000000d6b00000,0x00000000d6d00000)
 ParOldGen       total 68608K, used 37557K [0x0000000080000000, 0x0000000084300000, 0x00000000d5580000)
  object space 68608K, 54% used [0x0000000080000000,0x00000000824ad768,0x0000000084300000)
 Metaspace       used 50039K, committed 51328K, reserved 1114112K
  class space    used 5415K, committed 5952K, reserved 1048576K
}
Event: 10.858 GC heap before
{Heap before GC invocations=34 (full 2):
 PSYoungGen      total 22016K, used 21894K [0x00000000d5580000, 0x00000000d6d00000, 0x0000000100000000)
  eden space 19968K, 99% used [0x00000000d5580000,0x00000000d68fd8e0,0x00000000d6900000)
  from space 2048K, 94% used [0x00000000d6900000,0x00000000d6ae4030,0x00000000d6b00000)
  to   space 2048K, 0% used [0x00000000d6b00000,0x00000000d6b00000,0x00000000d6d00000)
 ParOldGen       total 68608K, used 37557K [0x0000000080000000, 0x0000000084300000, 0x00000000d5580000)
  object space 68608K, 54% used [0x0000000080000000,0x00000000824ad768,0x0000000084300000)
 Metaspace       used 50138K, committed 51392K, reserved 1114112K
  class space    used 5416K, committed 5952K, reserved 1048576K
}
Event: 10.860 GC heap after
{Heap after GC invocations=34 (full 2):
 PSYoungGen      total 22016K, used 1440K [0x00000000d5580000, 0x00000000d6d00000, 0x0000000100000000)
  eden space 19968K, 0% used [0x00000000d5580000,0x00000000d5580000,0x00000000d6900000)
  from space 2048K, 70% used [0x00000000d6b00000,0x00000000d6c68020,0x00000000d6d00000)
  to   space 2048K, 0% used [0x00000000d6900000,0x00000000d6900000,0x00000000d6b00000)
 ParOldGen       total 68608K, used 38605K [0x0000000080000000, 0x0000000084300000, 0x00000000d5580000)
  object space 68608K, 56% used [0x0000000080000000,0x00000000825b3768,0x0000000084300000)
 Metaspace       used 50138K, committed 51392K, reserved 1114112K
  class space    used 5416K, committed 5952K, reserved 1048576K
}
Event: 10.909 GC heap before
{Heap before GC invocations=35 (full 2):
 PSYoungGen      total 22016K, used 21408K [0x00000000d5580000, 0x00000000d6d00000, 0x0000000100000000)
  eden space 19968K, 100% used [0x00000000d5580000,0x00000000d6900000,0x00000000d6900000)
  from space 2048K, 70% used [0x00000000d6b00000,0x00000000d6c68020,0x00000000d6d00000)
  to   space 2048K, 0% used [0x00000000d6900000,0x00000000d6900000,0x00000000d6b00000)
 ParOldGen       total 68608K, used 38605K [0x0000000080000000, 0x0000000084300000, 0x00000000d5580000)
  object space 68608K, 56% used [0x0000000080000000,0x00000000825b3768,0x0000000084300000)
 Metaspace       used 50216K, committed 51456K, reserved 1114112K
  class space    used 5416K, committed 5952K, reserved 1048576K
}
Event: 10.911 GC heap after
{Heap after GC invocations=35 (full 2):
 PSYoungGen      total 22016K, used 1568K [0x00000000d5580000, 0x00000000d6d00000, 0x0000000100000000)
  eden space 19968K, 0% used [0x00000000d5580000,0x00000000d5580000,0x00000000d6900000)
  from space 2048K, 76% used [0x00000000d6900000,0x00000000d6a88000,0x00000000d6b00000)
  to   space 2048K, 0% used [0x00000000d6b00000,0x00000000d6b00000,0x00000000d6d00000)
 ParOldGen       total 68608K, used 39595K [0x0000000080000000, 0x0000000084300000, 0x00000000d5580000)
  object space 68608K, 57% used [0x0000000080000000,0x00000000826aae80,0x0000000084300000)
 Metaspace       used 50216K, committed 51456K, reserved 1114112K
  class space    used 5416K, committed 5952K, reserved 1048576K
}

Dll operation events (12 events):
Event: 0.014 Loaded shared library c:\Users\LAPTOP\.antigravity\extensions\redhat.java-1.54.0-win32-x64\jre\21.0.10-win32-x86_64\bin\java.dll
Event: 0.077 Loaded shared library c:\Users\LAPTOP\.antigravity\extensions\redhat.java-1.54.0-win32-x64\jre\21.0.10-win32-x86_64\bin\zip.dll
Event: 0.095 Loaded shared library C:\Users\LAPTOP\.antigravity\extensions\redhat.java-1.54.0-win32-x64\jre\21.0.10-win32-x86_64\bin\instrument.dll
Event: 0.100 Loaded shared library C:\Users\LAPTOP\.antigravity\extensions\redhat.java-1.54.0-win32-x64\jre\21.0.10-win32-x86_64\bin\net.dll
Event: 0.103 Loaded shared library C:\Users\LAPTOP\.antigravity\extensions\redhat.java-1.54.0-win32-x64\jre\21.0.10-win32-x86_64\bin\nio.dll
Event: 0.105 Loaded shared library C:\Users\LAPTOP\.antigravity\extensions\redhat.java-1.54.0-win32-x64\jre\21.0.10-win32-x86_64\bin\zip.dll
Event: 0.121 Loaded shared library C:\Users\LAPTOP\.antigravity\extensions\redhat.java-1.54.0-win32-x64\jre\21.0.10-win32-x86_64\bin\jimage.dll
Event: 0.221 Loaded shared library c:\Users\LAPTOP\.antigravity\extensions\redhat.java-1.54.0-win32-x64\jre\21.0.10-win32-x86_64\bin\verify.dll
Event: 1.819 Loaded shared library C:\Users\LAPTOP\AppData\Roaming\Antigravity\User\globalStorage\redhat.java\1.54.0\config_win\org.eclipse.equinox.launcher\org.eclipse.equinox.launcher.win32.win32.x86_64_1.3.0.v20260203-2149\eclipse_11919.dll
Event: 3.021 Loaded shared library C:\Users\LAPTOP\.antigravity\extensions\redhat.java-1.54.0-win32-x64\jre\21.0.10-win32-x86_64\bin\management.dll
Event: 3.025 Loaded shared library C:\Users\LAPTOP\.antigravity\extensions\redhat.java-1.54.0-win32-x64\jre\21.0.10-win32-x86_64\bin\management_ext.dll
Event: 4.556 Loaded shared library C:\Users\LAPTOP\AppData\Local\Temp\jna--2056656422\jna7032289100429876585.dll

Deoptimization events (20 events):
Event: 10.825 Thread 0x00000227807c9790 DEOPT PACKING pc=0x00000227aa96b000 sp=0x00000030c94ff360
Event: 10.825 Thread 0x00000227807c9790 DEOPT UNPACKING pc=0x00000227a9fd3aa2 sp=0x00000030c94ff240 mode 2
Event: 10.854 Thread 0x00000227fe5f8f40 Uncommon trap: trap_request=0xffffff45 fr.pc=0x00000227aa8264c8 relative=0x0000000000000128
Event: 10.854 Thread 0x00000227fe5f8f40 Uncommon trap: reason=unstable_if action=reinterpret pc=0x00000227aa8264c8 method=java.util.ArrayDeque.addLast(Ljava/lang/Object;)V @ 42 c2
Event: 10.854 Thread 0x00000227fe5f8f40 DEOPT PACKING pc=0x00000227aa8264c8 sp=0x00000030c79fd640
Event: 10.854 Thread 0x00000227fe5f8f40 DEOPT UNPACKING pc=0x00000227a9fd3aa2 sp=0x00000030c79fd578 mode 2
Event: 10.889 Thread 0x00000227fe5f8f40 Uncommon trap: trap_request=0xffffffc6 fr.pc=0x00000227aaa2f1dc relative=0x000000000000069c
Event: 10.889 Thread 0x00000227fe5f8f40 Uncommon trap: reason=bimorphic_or_optimized_type_check action=maybe_recompile pc=0x00000227aaa2f1dc method=java.util.HashMap.putVal(ILjava/lang/Object;Ljava/lang/Object;ZZ)Ljava/lang/Object; @ 203 c2
Event: 10.889 Thread 0x00000227fe5f8f40 DEOPT PACKING pc=0x00000227aaa2f1dc sp=0x00000030c79fd4f0
Event: 10.889 Thread 0x00000227fe5f8f40 DEOPT UNPACKING pc=0x00000227a9fd3aa2 sp=0x00000030c79fd460 mode 2
Event: 10.932 Thread 0x00000227fe5f8f40 Uncommon trap: trap_request=0xffffff45 fr.pc=0x00000227aaa3907c relative=0x00000000000002bc
Event: 10.932 Thread 0x00000227fe5f8f40 Uncommon trap: reason=unstable_if action=reinterpret pc=0x00000227aaa3907c method=java.util.HashMap.getNode(Ljava/lang/Object;)Ljava/util/HashMap$Node; @ 57 c2
Event: 10.932 Thread 0x00000227fe5f8f40 DEOPT PACKING pc=0x00000227aaa3907c sp=0x00000030c79fd730
Event: 10.932 Thread 0x00000227fe5f8f40 DEOPT UNPACKING pc=0x00000227a9fd3aa2 sp=0x00000030c79fd640 mode 2
Event: 10.933 Thread 0x00000227fe5f8f40 Uncommon trap: trap_request=0xffffff45 fr.pc=0x00000227aaa35b80 relative=0x00000000000002c0
Event: 10.933 Thread 0x00000227fe5f8f40 Uncommon trap: reason=unstable_if action=reinterpret pc=0x00000227aaa35b80 method=java.util.HashMap.getNode(Ljava/lang/Object;)Ljava/util/HashMap$Node; @ 57 c2
Event: 10.933 Thread 0x00000227fe5f8f40 DEOPT PACKING pc=0x00000227aaa35b80 sp=0x00000030c79fd720
Event: 10.933 Thread 0x00000227fe5f8f40 DEOPT UNPACKING pc=0x00000227a9fd3aa2 sp=0x00000030c79fd6a0 mode 2
Event: 11.033 Thread 0x00000227fe5f8f40 DEOPT PACKING pc=0x00000227a3a168bc sp=0x00000030c79fbef0
Event: 11.033 Thread 0x00000227fe5f8f40 DEOPT UNPACKING pc=0x00000227a9fd4242 sp=0x00000030c79fb410 mode 0

Classes loaded (20 events):
Event: 11.026 Loading class java/io/ObjectInputStream$HandleTable$HandleList
Event: 11.026 Loading class java/io/ObjectInputStream$HandleTable$HandleList done
Event: 11.026 Loading class java/io/ObjectInputStream$ValidationList
Event: 11.026 Loading class java/io/ObjectInputStream$ValidationList done
Event: 11.026 Loading class java/io/ObjectInputFilter$Config
Event: 11.027 Loading class java/io/ObjectInputFilter$Config done
Event: 11.027 Loading class java/io/ObjectInputFilter
Event: 11.027 Loading class java/io/ObjectInputFilter done
Event: 11.027 Loading class java/io/ObjectInputFilter$Config$BuiltinFilterFactory
Event: 11.028 Loading class java/io/ObjectInputFilter$Config$BuiltinFilterFactory done
Event: 11.028 Loading class jdk/internal/access/JavaObjectInputFilterAccess
Event: 11.028 Loading class jdk/internal/access/JavaObjectInputFilterAccess done
Event: 11.028 Loading class jdk/internal/event/DeserializationEvent
Event: 11.028 Loading class jdk/internal/event/DeserializationEvent done
Event: 11.029 Loading class java/io/ObjectInputStream$FieldValues
Event: 11.029 Loading class java/io/ObjectInputStream$GetField
Event: 11.029 Loading class java/io/ObjectInputStream$GetField done
Event: 11.029 Loading class java/io/ObjectInputStream$FieldValues done
Event: 11.107 Loading class java/lang/invoke/MethodHandleImpl$CountingWrapper$1
Event: 11.108 Loading class java/lang/invoke/MethodHandleImpl$CountingWrapper$1 done

Classes unloaded (20 events):
Event: 3.772 Thread 0x000002279f7e4570 Unloading class 0x00000227b81b2400 'java/lang/invoke/LambdaForm$MH+0x00000227b81b2400'
Event: 3.772 Thread 0x000002279f7e4570 Unloading class 0x00000227b81b2000 'java/lang/invoke/LambdaForm$MH+0x00000227b81b2000'
Event: 3.772 Thread 0x000002279f7e4570 Unloading class 0x00000227b81b1c00 'java/lang/invoke/LambdaForm$MH+0x00000227b81b1c00'
Event: 3.772 Thread 0x000002279f7e4570 Unloading class 0x00000227b81b1800 'java/lang/invoke/LambdaForm$BMH+0x00000227b81b1800'
Event: 3.772 Thread 0x000002279f7e4570 Unloading class 0x00000227b81b1400 'java/lang/invoke/LambdaForm$DMH+0x00000227b81b1400'
Event: 3.772 Thread 0x000002279f7e4570 Unloading class 0x00000227b81b0000 'java/lang/invoke/LambdaForm$DMH+0x00000227b81b0000'
Event: 5.126 Thread 0x000002279f7e4570 Unloading class 0x00000227b8341800 'java/lang/invoke/LambdaForm$MH+0x00000227b8341800'
Event: 5.126 Thread 0x000002279f7e4570 Unloading class 0x00000227b8340c00 'java/lang/invoke/LambdaForm$MH+0x00000227b8340c00'
Event: 5.126 Thread 0x000002279f7e4570 Unloading class 0x00000227b8340800 'java/lang/invoke/LambdaForm$MH+0x00000227b8340800'
Event: 5.126 Thread 0x000002279f7e4570 Unloading class 0x00000227b833dc00 'java/lang/invoke/LambdaForm$MH+0x00000227b833dc00'
Event: 5.126 Thread 0x000002279f7e4570 Unloading class 0x00000227b833d800 'java/lang/invoke/LambdaForm$DMH+0x00000227b833d800'
Event: 5.126 Thread 0x000002279f7e4570 Unloading class 0x00000227b833cc00 'java/lang/invoke/LambdaForm$MH+0x00000227b833cc00'
Event: 5.126 Thread 0x000002279f7e4570 Unloading class 0x00000227b8332800 'java/lang/invoke/LambdaForm$MH+0x00000227b8332800'
Event: 5.126 Thread 0x000002279f7e4570 Unloading class 0x00000227b8332400 'java/lang/invoke/LambdaForm$MH+0x00000227b8332400'
Event: 5.126 Thread 0x000002279f7e4570 Unloading class 0x00000227b8330800 'java/lang/invoke/LambdaForm$MH+0x00000227b8330800'
Event: 5.126 Thread 0x000002279f7e4570 Unloading class 0x00000227b8330000 'java/lang/invoke/LambdaForm$MH+0x00000227b8330000'
Event: 5.126 Thread 0x000002279f7e4570 Unloading class 0x00000227b832b800 'java/lang/invoke/LambdaForm$MH+0x00000227b832b800'
Event: 5.126 Thread 0x000002279f7e4570 Unloading class 0x00000227b832b400 'java/lang/invoke/LambdaForm$MH+0x00000227b832b400'
Event: 5.126 Thread 0x000002279f7e4570 Unloading class 0x00000227b8329c00 'java/lang/invoke/LambdaForm$MH+0x00000227b8329c00'
Event: 5.126 Thread 0x000002279f7e4570 Unloading class 0x00000227b8329400 'java/lang/invoke/LambdaForm$DMH+0x00000227b8329400'

Classes redefined (0 events):
No events

Internal exceptions (20 events):
Event: 10.081 Thread 0x00000227fe5f8f40 Exception <a 'java/lang/NoSuchMethodError'{0x00000000d587e8e0}: 'java.lang.Object java.lang.invoke.DirectMethodHandle$Holder.invokeStatic(java.lang.Object, java.lang.Object, int, java.lang.Object, java.lang.Object)'> (0x00000000d587e8e0) 
thrown [s\src\hotspot\share\interpreter\linkResolver.cpp, line 773]
Event: 10.082 Thread 0x00000227fe5f8f40 Exception <a 'java/lang/NoSuchMethodError'{0x00000000d5884fe8}: 'java.lang.Object java.lang.invoke.DirectMethodHandle$Holder.newInvokeSpecial(java.lang.Object, java.lang.Object, int)'> (0x00000000d5884fe8) 
thrown [s\src\hotspot\share\interpreter\linkResolver.cpp, line 773]
Event: 10.100 Thread 0x00000227fe5f8f40 Exception <a 'java/lang/NoSuchMethodError'{0x00000000d5910708}: 'void java.lang.invoke.DirectMethodHandle$Holder.invokeStatic(java.lang.Object, int)'> (0x00000000d5910708) 
thrown [s\src\hotspot\share\interpreter\linkResolver.cpp, line 773]
Event: 10.179 Thread 0x00000227fe5f8f40 Exception <a 'java/io/FileNotFoundException'{0x00000000d5d76160}> (0x00000000d5d76160) 
thrown [s\src\hotspot\share\prims\jni.cpp, line 520]
Event: 10.221 Thread 0x00000227fe5fa2f0 Exception <a 'java/io/FileNotFoundException'{0x00000000d5f39188}> (0x00000000d5f39188) 
thrown [s\src\hotspot\share\prims\jni.cpp, line 520]
Event: 10.222 Thread 0x00000227fe5fa2f0 Exception <a 'java/io/FileNotFoundException'{0x00000000d5f3a1c8}> (0x00000000d5f3a1c8) 
thrown [s\src\hotspot\share\prims\jni.cpp, line 520]
Event: 10.222 Thread 0x00000227fe5fa2f0 Exception <a 'java/io/FileNotFoundException'{0x00000000d5f3b190}> (0x00000000d5f3b190) 
thrown [s\src\hotspot\share\prims\jni.cpp, line 520]
Event: 10.243 Thread 0x00000227fe5f8f40 Implicit null exception at 0x00000227aa83a74a to 0x00000227aa83ae78
Event: 10.276 Thread 0x00000227fe5f8f40 Exception <a 'java/lang/NoSuchMethodError'{0x00000000d60cb298}: 'int java.lang.invoke.DirectMethodHandle$Holder.invokeSpecialIFC(java.lang.Object, java.lang.Object, java.lang.Object)'> (0x00000000d60cb298) 
thrown [s\src\hotspot\share\interpreter\linkResolver.cpp, line 773]
Event: 10.286 Thread 0x00000227fe5f8f40 Exception <a 'java/lang/NoSuchMethodError'{0x00000000d6143008}: 'java.lang.Object java.lang.invoke.Invokers$Holder.invoker(java.lang.Object, java.lang.Object, java.lang.Object, java.lang.Object, java.lang.Object, java.lang.Object, java.lang.Object, java.lang.Object, java.lang.Object, java.lang.Object, java.lang.Object, java.lang.Object, java.lang.Object)'> (0x00000000d6143008) 
thrown [s\src\hotspot\share\interpreter\linkResolver.cpp, line 773]
Event: 10.288 Thread 0x00000227fe5f8f40 Exception <a 'java/lang/NoSuchMethodError'{0x00000000d614c480}: 'java.lang.Object java.lang.invoke.DelegatingMethodHandle$Holder.delegate(java.lang.Object, java.lang.Object, java.lang.Object, java.lang.Object, java.lang.Object, java.lang.Object, java.lang.Object, java.lang.Object, java.lang.Object, java.lang.Object, java.lang.Object, java.lang.Object, java.lang.Object)'> (0x00000000d614c480) 
thrown [s\src\hotspot\share\interpreter\linkResolver.cpp, line 773]
Event: 10.313 Thread 0x00000227fe5f8f40 Implicit null exception at 0x00000227aa9ab6e3 to 0x00000227aa9abb28
Event: 10.337 Thread 0x00000227fe5f8f40 Exception <a 'java/lang/NoSuchMethodError'{0x00000000d63f82a0}: 'java.lang.Object java.lang.invoke.DirectMethodHandle$Holder.newInvokeSpecial(java.lang.Object, java.lang.Object, java.lang.Object, java.lang.Object, java.lang.Object, java.lang.Object, java.lang.Object)'> (0x00000000d63f82a0) 
thrown [s\src\hotspot\share\interpreter\linkResolver.cpp, line 773]
Event: 10.351 Thread 0x00000227fe5f8f40 Exception <a 'java/lang/NoSuchMethodError'{0x00000000d64ff048}: 'void java.lang.invoke.DirectMethodHandle$Holder.invokeInterface(java.lang.Object, java.lang.Object)'> (0x00000000d64ff048) 
thrown [s\src\hotspot\share\interpreter\linkResolver.cpp, line 773]
Event: 10.365 Thread 0x00000227fe04f940 Exception <a 'java/lang/NoSuchMethodError'{0x00000000d65b8f18}: 'void java.lang.invoke.DirectMethodHandle$Holder.invokeSpecial(java.lang.Object, java.lang.Object, java.lang.Object, java.lang.Object, java.lang.Object, java.lang.Object, java.lang.Object, java.lang.Object)'> (0x00000000d65b8f18) 
thrown [s\src\hotspot\share\interpreter\linkResolver.cpp, line 773]
Event: 10.365 Thread 0x00000227fe051a10 Exception <a 'java/lang/NoSuchMethodError'{0x00000000d65cff88}: 'void java.lang.invoke.DirectMethodHandle$Holder.invokeSpecial(java.lang.Object, java.lang.Object, java.lang.Object, java.lang.Object, java.lang.Object, java.lang.Object, java.lang.Object, java.lang.Object)'> (0x00000000d65cff88) 
thrown [s\src\hotspot\share\interpreter\linkResolver.cpp, line 773]
Event: 10.480 Thread 0x00000227fe5f8f40 Implicit null exception at 0x00000227aa8cf13f to 0x00000227aa8d042c
Event: 10.661 Thread 0x00000227fe5f8f40 Exception <a 'java/io/FileNotFoundException'{0x00000000d6425a70}> (0x00000000d6425a70) 
thrown [s\src\hotspot\share\prims\jni.cpp, line 520]
Event: 10.931 Thread 0x00000227fe5f8f40 Implicit null exception at 0x00000227aaa38ea7 to 0x00000227aaa39064
Event: 10.933 Thread 0x00000227fe5f8f40 Implicit null exception at 0x00000227aaa359a7 to 0x00000227aaa35b68

ZGC Phase Switch (0 events):
No events

VM Operations (20 events):
Event: 10.743 Executing safepoint VM operation: ICBufferFull
Event: 10.743 Executing safepoint VM operation: ICBufferFull done
Event: 10.743 Executing safepoint VM operation: ICBufferFull
Event: 10.743 Executing safepoint VM operation: ICBufferFull done
Event: 10.743 Executing safepoint VM operation: ICBufferFull
Event: 10.743 Executing safepoint VM operation: ICBufferFull done
Event: 10.743 Executing safepoint VM operation: ICBufferFull
Event: 10.743 Executing safepoint VM operation: ICBufferFull done
Event: 10.745 Executing safepoint VM operation: ParallelGCFailedAllocation (Allocation Failure)
Event: 10.747 Executing safepoint VM operation: ParallelGCFailedAllocation (Allocation Failure) done
Event: 10.799 Executing safepoint VM operation: ParallelGCFailedAllocation (Allocation Failure)
Event: 10.803 Executing safepoint VM operation: ParallelGCFailedAllocation (Allocation Failure) done
Event: 10.858 Executing safepoint VM operation: ParallelGCFailedAllocation (Allocation Failure)
Event: 10.860 Executing safepoint VM operation: ParallelGCFailedAllocation (Allocation Failure) done
Event: 10.909 Executing safepoint VM operation: ParallelGCFailedAllocation (Allocation Failure)
Event: 10.911 Executing safepoint VM operation: ParallelGCFailedAllocation (Allocation Failure) done
Event: 11.047 Executing non-safepoint VM operation: HandshakeAllThreads (Deoptimize)
Event: 11.048 Executing non-safepoint VM operation: HandshakeAllThreads (Deoptimize) done
Event: 11.049 Executing non-safepoint VM operation: HandshakeAllThreads (Deoptimize)
Event: 11.049 Executing non-safepoint VM operation: HandshakeAllThreads (Deoptimize) done

Memory protections (0 events):
No events

Nmethod flushes (20 events):
Event: 5.137 Thread 0x000002279f7e4570 flushing  nmethod 0x00000227a3128190
Event: 5.137 Thread 0x000002279f7e4570 flushing  nmethod 0x00000227a3139410
Event: 5.137 Thread 0x000002279f7e4570 flushing  nmethod 0x00000227a318bb90
Event: 5.137 Thread 0x000002279f7e4570 flushing  nmethod 0x00000227a31a8b90
Event: 5.137 Thread 0x000002279f7e4570 flushing  nmethod 0x00000227a31c6710
Event: 5.137 Thread 0x000002279f7e4570 flushing  nmethod 0x00000227a31c6b10
Event: 5.137 Thread 0x000002279f7e4570 flushing  nmethod 0x00000227a31c7410
Event: 5.137 Thread 0x000002279f7e4570 flushing  nmethod 0x00000227a31c8610
Event: 5.137 Thread 0x000002279f7e4570 flushing  nmethod 0x00000227a31c9110
Event: 5.137 Thread 0x000002279f7e4570 flushing  nmethod 0x00000227a31c9890
Event: 5.137 Thread 0x000002279f7e4570 flushing  nmethod 0x00000227a31ca990
Event: 5.137 Thread 0x000002279f7e4570 flushing  nmethod 0x00000227a31cb310
Event: 5.137 Thread 0x000002279f7e4570 flushing  nmethod 0x00000227a31cc410
Event: 5.137 Thread 0x000002279f7e4570 flushing  nmethod 0x00000227a31cc890
Event: 5.137 Thread 0x000002279f7e4570 flushing  nmethod 0x00000227a31ccd90
Event: 5.137 Thread 0x000002279f7e4570 flushing  nmethod 0x00000227a31cea90
Event: 5.137 Thread 0x000002279f7e4570 flushing  nmethod 0x00000227a31ced90
Event: 5.137 Thread 0x000002279f7e4570 flushing  nmethod 0x00000227a31d8e90
Event: 5.137 Thread 0x000002279f7e4570 flushing  nmethod 0x00000227a31eef90
Event: 5.137 Thread 0x000002279f7e4570 flushing  nmethod 0x00000227a32a4d10

Events (20 events):
Event: 10.361 Thread 0x00000227fe5f8f40 Thread added: 0x00000227807c9790
Event: 10.361 Thread 0x00000227fe5f8f40 Thread added: 0x00000227fe04f940
Event: 10.362 Thread 0x00000227fe5f8f40 Thread added: 0x00000227fe051a10
Event: 10.363 Thread 0x00000227fe5f8f40 Thread added: 0x00000227fe051380
Event: 10.363 Thread 0x00000227fe5f8f40 Thread added: 0x00000227fe04f2b0
Event: 10.430 Thread 0x00000227fe04f2b0 Thread exited: 0x00000227fe04f2b0
Event: 10.430 Thread 0x00000227fe051a10 Thread exited: 0x00000227fe051a10
Event: 10.430 Thread 0x00000227807c9790 Thread exited: 0x00000227807c9790
Event: 10.430 Thread 0x00000227fe051380 Thread exited: 0x00000227fe051380
Event: 10.430 Thread 0x00000227fe04f940 Thread exited: 0x00000227fe04f940
Event: 10.741 Thread 0x00000227fe5f8f40 Thread added: 0x00000227807c9790
Event: 10.741 Thread 0x00000227fe5f8f40 Thread added: 0x00000227fe3f2970
Event: 10.741 Thread 0x00000227fe5f8f40 Thread added: 0x00000227fe3f3000
Event: 10.742 Thread 0x00000227fe5f8f40 Thread added: 0x00000227fe3f3690
Event: 10.742 Thread 0x00000227fe5f8f40 Thread added: 0x00000227fe3f15c0
Event: 10.928 Thread 0x00000227fe3f3000 Thread exited: 0x00000227fe3f3000
Event: 10.928 Thread 0x00000227807c9790 Thread exited: 0x00000227807c9790
Event: 10.928 Thread 0x00000227fe3f3690 Thread exited: 0x00000227fe3f3690
Event: 10.928 Thread 0x00000227fe3f2970 Thread exited: 0x00000227fe3f2970
Event: 10.929 Thread 0x00000227fe3f15c0 Thread exited: 0x00000227fe3f15c0


Dynamic libraries:
0x00007ff6b4380000 - 0x00007ff6b438e000 	c:\Users\LAPTOP\.antigravity\extensions\redhat.java-1.54.0-win32-x64\jre\21.0.10-win32-x86_64\bin\java.exe
0x00007ffd4cee0000 - 0x00007ffd4d147000 	C:\WINDOWS\SYSTEM32\ntdll.dll
0x00007ffd4b780000 - 0x00007ffd4b849000 	C:\WINDOWS\System32\KERNEL32.DLL
0x00007ffd4a5e0000 - 0x00007ffd4a9d7000 	C:\WINDOWS\System32\KERNELBASE.dll
0x00007ffd4ab10000 - 0x00007ffd4ac5b000 	C:\WINDOWS\System32\ucrtbase.dll
0x00007ffcf0490000 - 0x00007ffcf04a8000 	c:\Users\LAPTOP\.antigravity\extensions\redhat.java-1.54.0-win32-x64\jre\21.0.10-win32-x86_64\bin\jli.dll
0x00007ffcef2f0000 - 0x00007ffcef30e000 	c:\Users\LAPTOP\.antigravity\extensions\redhat.java-1.54.0-win32-x64\jre\21.0.10-win32-x86_64\bin\VCRUNTIME140.dll
0x00007ffd4bda0000 - 0x00007ffd4bf66000 	C:\WINDOWS\System32\USER32.dll
0x00007ffd4a5b0000 - 0x00007ffd4a5d7000 	C:\WINDOWS\System32\win32u.dll
0x00007ffd4c0e0000 - 0x00007ffd4c10b000 	C:\WINDOWS\System32\GDI32.dll
0x00007ffd4a9e0000 - 0x00007ffd4ab0c000 	C:\WINDOWS\System32\gdi32full.dll
0x00007ffd4a390000 - 0x00007ffd4a433000 	C:\WINDOWS\System32\msvcp_win.dll
0x00007ffd29440000 - 0x00007ffd296d2000 	C:\WINDOWS\WinSxS\amd64_microsoft.windows.common-controls_6595b64144ccf1df_6.0.26100.8457_none_3e0b2faee331e92d\COMCTL32.dll
0x00007ffd4b320000 - 0x00007ffd4b3c9000 	C:\WINDOWS\System32\msvcrt.dll
0x00007ffd4b060000 - 0x00007ffd4b092000 	C:\WINDOWS\System32\IMM32.DLL
0x000000006b960000 - 0x000000006b96c000 	C:\Program Files (x86)\360\Total Security\safemon\SafeWrapper.dll
0x00007ffd4b850000 - 0x00007ffd4b906000 	C:\WINDOWS\System32\ADVAPI32.dll
0x00007ffd4b0d0000 - 0x00007ffd4b177000 	C:\WINDOWS\System32\sechost.dll
0x00007ffd4af40000 - 0x00007ffd4b058000 	C:\WINDOWS\System32\RPCRT4.dll
0x00007ffcb6570000 - 0x00007ffcb661c000 	C:\Program Files (x86)\360\Total Security\safemon\libzdtp64.dll
0x00007ffd4c510000 - 0x00007ffd4cc7e000 	C:\WINDOWS\System32\SHELL32.dll
0x00007ffd4c1d0000 - 0x00007ffd4c236000 	C:\WINDOWS\System32\SHLWAPI.dll
0x00007ffd49910000 - 0x00007ffd4a17c000 	C:\WINDOWS\System32\Windows.Storage.dll
0x00007ffd4b3f0000 - 0x00007ffd4b773000 	C:\WINDOWS\System32\combase.dll
0x00007ffd493f0000 - 0x00007ffd493fb000 	C:\WINDOWS\SYSTEM32\VERSION.dll
0x00007ffd27c70000 - 0x00007ffd27c7c000 	c:\Users\LAPTOP\.antigravity\extensions\redhat.java-1.54.0-win32-x64\jre\21.0.10-win32-x86_64\bin\vcruntime140_1.dll
0x00007ffce3630000 - 0x00007ffce36bd000 	c:\Users\LAPTOP\.antigravity\extensions\redhat.java-1.54.0-win32-x64\jre\21.0.10-win32-x86_64\bin\msvcp140.dll
0x00007ffc91010000 - 0x00007ffc91db1000 	c:\Users\LAPTOP\.antigravity\extensions\redhat.java-1.54.0-win32-x64\jre\21.0.10-win32-x86_64\bin\server\jvm.dll
0x00007ffd4bfc0000 - 0x00007ffd4c040000 	C:\WINDOWS\System32\WS2_32.dll
0x00007ffd49770000 - 0x00007ffd497ce000 	C:\WINDOWS\SYSTEM32\POWRPROF.dll
0x00007ffd38380000 - 0x00007ffd383b6000 	C:\WINDOWS\SYSTEM32\WINMM.dll
0x00007ffd49750000 - 0x00007ffd49764000 	C:\WINDOWS\SYSTEM32\UMPDC.dll
0x00007ffd48630000 - 0x00007ffd4864b000 	C:\WINDOWS\SYSTEM32\kernel.appcore.dll
0x00007ffd25810000 - 0x00007ffd2581a000 	c:\Users\LAPTOP\.antigravity\extensions\redhat.java-1.54.0-win32-x64\jre\21.0.10-win32-x86_64\bin\jimage.dll
0x00007ffd477c0000 - 0x00007ffd47a02000 	C:\WINDOWS\SYSTEM32\DBGHELP.DLL
0x00007ffd4c430000 - 0x00007ffd4c509000 	C:\WINDOWS\System32\OLEAUT32.dll
0x00007ffd22280000 - 0x00007ffd222bb000 	C:\WINDOWS\SYSTEM32\dbgcore.DLL
0x00007ffd4a440000 - 0x00007ffd4a4e8000 	C:\WINDOWS\System32\bcryptPrimitives.dll
0x00007ffd22210000 - 0x00007ffd2221f000 	c:\Users\LAPTOP\.antigravity\extensions\redhat.java-1.54.0-win32-x64\jre\21.0.10-win32-x86_64\bin\instrument.dll
0x00007ffceb7b0000 - 0x00007ffceb7d0000 	c:\Users\LAPTOP\.antigravity\extensions\redhat.java-1.54.0-win32-x64\jre\21.0.10-win32-x86_64\bin\java.dll
0x00007ffd4b210000 - 0x00007ffd4b306000 	C:\WINDOWS\System32\SHCORE.dll
0x00007ffd49830000 - 0x00007ffd49859000 	C:\WINDOWS\SYSTEM32\profapi.dll
0x00007ffce44f0000 - 0x00007ffce4508000 	c:\Users\LAPTOP\.antigravity\extensions\redhat.java-1.54.0-win32-x64\jre\21.0.10-win32-x86_64\bin\zip.dll
0x00007ffcfc210000 - 0x00007ffcfc220000 	C:\Users\LAPTOP\.antigravity\extensions\redhat.java-1.54.0-win32-x64\jre\21.0.10-win32-x86_64\bin\net.dll
0x00007ffd40620000 - 0x00007ffd40749000 	C:\WINDOWS\SYSTEM32\WINHTTP.dll
0x00007ffd48ba0000 - 0x00007ffd48c0c000 	C:\WINDOWS\system32\mswsock.dll
0x00007ffce44d0000 - 0x00007ffce44e6000 	C:\Users\LAPTOP\.antigravity\extensions\redhat.java-1.54.0-win32-x64\jre\21.0.10-win32-x86_64\bin\nio.dll
0x00007ffcf4310000 - 0x00007ffcf4320000 	c:\Users\LAPTOP\.antigravity\extensions\redhat.java-1.54.0-win32-x64\jre\21.0.10-win32-x86_64\bin\verify.dll
0x00007ffcdf620000 - 0x00007ffcdf665000 	C:\Users\LAPTOP\AppData\Roaming\Antigravity\User\globalStorage\redhat.java\1.54.0\config_win\org.eclipse.equinox.launcher\org.eclipse.equinox.launcher.win32.win32.x86_64_1.3.0.v20260203-2149\eclipse_11919.dll
0x00007ffd4cc90000 - 0x00007ffd4ce27000 	C:\WINDOWS\System32\ole32.dll
0x00007ffcf4150000 - 0x00007ffcf415a000 	C:\Users\LAPTOP\.antigravity\extensions\redhat.java-1.54.0-win32-x64\jre\21.0.10-win32-x86_64\bin\management.dll
0x00007ffcf4130000 - 0x00007ffcf413c000 	C:\Users\LAPTOP\.antigravity\extensions\redhat.java-1.54.0-win32-x64\jre\21.0.10-win32-x86_64\bin\management_ext.dll
0x00007ffd4c240000 - 0x00007ffd4c248000 	C:\WINDOWS\System32\PSAPI.DLL
0x00007ffd48e80000 - 0x00007ffd48e9b000 	C:\WINDOWS\SYSTEM32\CRYPTSP.dll
0x00007ffd48590000 - 0x00007ffd485c9000 	C:\WINDOWS\system32\rsaenh.dll
0x00007ffd48c50000 - 0x00007ffd48c83000 	C:\WINDOWS\SYSTEM32\USERENV.dll
0x00007ffd49800000 - 0x00007ffd4982a000 	C:\WINDOWS\SYSTEM32\bcrypt.dll
0x00007ffd48ea0000 - 0x00007ffd48eac000 	C:\WINDOWS\SYSTEM32\CRYPTBASE.dll
0x00007ffd480b0000 - 0x00007ffd480e2000 	C:\WINDOWS\SYSTEM32\IPHLPAPI.DLL
0x00007ffd4ce30000 - 0x00007ffd4ce3a000 	C:\WINDOWS\System32\NSI.dll
0x00007ffcdbce0000 - 0x00007ffcdbd29000 	C:\Users\LAPTOP\AppData\Local\Temp\jna--2056656422\jna7032289100429876585.dll
0x00007ffd418e0000 - 0x00007ffd418fd000 	C:\WINDOWS\SYSTEM32\dhcpcsvc6.DLL
0x00007ffd418b0000 - 0x00007ffd418d5000 	C:\WINDOWS\SYSTEM32\dhcpcsvc.DLL

JVMTI agents:
c:\Users\LAPTOP\.antigravity\extensions\redhat.java-1.54.0-win32-x64\lombok\lombok-1.18.39-4050.jar path:c:\Users\LAPTOP\.antigravity\extensions\redhat.java-1.54.0-win32-x64\jre\21.0.10-win32-x86_64\bin\instrument.dll, loaded, initialized, instrumentlib options:none

dbghelp: loaded successfully - version: 4.0.5 - missing functions: none
symbol engine: initialized successfully - sym options: 0x614 - pdb path: .;c:\Users\LAPTOP\.antigravity\extensions\redhat.java-1.54.0-win32-x64\jre\21.0.10-win32-x86_64\bin;C:\WINDOWS\SYSTEM32;C:\WINDOWS\WinSxS\amd64_microsoft.windows.common-controls_6595b64144ccf1df_6.0.26100.8457_none_3e0b2faee331e92d;C:\Program Files (x86)\360\Total Security\safemon;c:\Users\LAPTOP\.antigravity\extensions\redhat.java-1.54.0-win32-x64\jre\21.0.10-win32-x86_64\bin\server;C:\Users\LAPTOP\AppData\Roaming\Antigravity\User\globalStorage\redhat.java\1.54.0\config_win\org.eclipse.equinox.launcher\org.eclipse.equinox.launcher.win32.win32.x86_64_1.3.0.v20260203-2149;C:\Users\LAPTOP\AppData\Local\Temp\jna--2056656422

VM Arguments:
jvm_args: --add-modules=ALL-SYSTEM --add-opens=java.base/java.util=ALL-UNNAMED --add-opens=java.base/java.lang=ALL-UNNAMED --add-opens=java.base/sun.nio.fs=ALL-UNNAMED -Declipse.application=org.eclipse.jdt.ls.core.id1 -Dosgi.bundles.defaultStartLevel=4 -Declipse.product=org.eclipse.jdt.ls.core.product -Djava.import.generatesMetadataFilesAtProjectRoot=false -DDetectVMInstallationsJob.disabled=true -Dfile.encoding=utf8 -XX:+UseParallelGC -XX:GCTimeRatio=4 -XX:AdaptiveSizePolicyWeight=90 -Dsun.zip.disableMemoryMapping=true -Xmx2G -Xms100m -Xlog:disable -javaagent:c:\Users\LAPTOP\.antigravity\extensions\redhat.java-1.54.0-win32-x64\lombok\lombok-1.18.39-4050.jar -XX:+HeapDumpOnOutOfMemoryError -XX:HeapDumpPath=c:\Users\LAPTOP\AppData\Roaming\Antigravity\User\workspaceStorage\ea1aecd79872bf51f1a29430e0d3635e\redhat.java -Daether.dependencyCollector.impl=bf 
java_command: c:\Users\LAPTOP\.antigravity\extensions\redhat.java-1.54.0-win32-x64\server\plugins\org.eclipse.equinox.launcher_1.7.100.v20251111-0406.jar -configuration c:\Users\LAPTOP\AppData\Roaming\Antigravity\User\globalStorage\redhat.java\1.54.0\config_win -data c:\Users\LAPTOP\AppData\Roaming\Antigravity\User\workspaceStorage\ea1aecd79872bf51f1a29430e0d3635e\redhat.java\jdt_ws --pipe=\\.\pipe\lsp-1ae9b78bd2e2056553a0f178ab5c791c-sock
java_class_path (initial): c:\Users\LAPTOP\.antigravity\extensions\redhat.java-1.54.0-win32-x64\server\plugins\org.eclipse.equinox.launcher_1.7.100.v20251111-0406.jar
Launcher Type: SUN_STANDARD

[Global flags]
    uintx AdaptiveSizePolicyWeight                 = 90                                        {product} {command line}
     intx CICompilerCount                          = 4                                         {product} {ergonomic}
    uintx GCTimeRatio                              = 4                                         {product} {command line}
     bool HeapDumpOnOutOfMemoryError               = true                                   {manageable} {command line}
    ccstr HeapDumpPath                             = c:\Users\LAPTOP\AppData\Roaming\Antigravity\User\workspaceStorage\ea1aecd79872bf51f1a29430e0d3635e\redhat.java         {manageable} {command line}
   size_t InitialHeapSize                          = 104857600                                 {product} {command line}
   size_t MaxHeapSize                              = 2147483648                                {product} {command line}
   size_t MaxNewSize                               = 715653120                                 {product} {ergonomic}
   size_t MinHeapDeltaBytes                        = 524288                                    {product} {ergonomic}
   size_t MinHeapSize                              = 104857600                                 {product} {command line}
   size_t NewSize                                  = 34603008                                  {product} {ergonomic}
    uintx NonNMethodCodeHeapSize                   = 5839372                                {pd product} {ergonomic}
    uintx NonProfiledCodeHeapSize                  = 122909434                              {pd product} {ergonomic}
   size_t OldSize                                  = 70254592                                  {product} {ergonomic}
    uintx ProfiledCodeHeapSize                     = 122909434                              {pd product} {ergonomic}
    uintx ReservedCodeCacheSize                    = 251658240                              {pd product} {ergonomic}
     bool SegmentedCodeCache                       = true                                      {product} {ergonomic}
   size_t SoftMaxHeapSize                          = 2147483648                             {manageable} {ergonomic}
     bool UseCompressedOops                        = true                           {product lp64_product} {ergonomic}
     bool UseLargePagesIndividualAllocation        = false                                  {pd product} {ergonomic}
     bool UseParallelGC                            = true                                      {product} {command line}

Logging:
Log output configuration:
 #0: stdout all=off uptime,level,tags foldmultilines=false
 #1: stderr all=off uptime,level,tags foldmultilines=false

Release file:
JAVA_VERSION="21.0.10" 
MODULES="java.base java.compiler java.datatransfer java.xml java.prefs java.desktop java.instrument java.logging java.management java.security.sasl java.naming java.rmi java.management.rmi java.net.http java.scripting java.security.jgss java.transaction.xa java.sql java.sql.rowset java.xml.crypto java.se java.smartcardio jdk.accessibility jdk.internal.jvmstat jdk.attach jdk.charsets jdk.internal.opt jdk.zipfs jdk.compiler jdk.crypto.ec jdk.crypto.cryptoki jdk.crypto.mscapi jdk.dynalink jdk.internal.ed jdk.editpad jdk.hotspot.agent jdk.httpserver jdk.internal.le jdk.internal.vm.ci jdk.internal.vm.compiler jdk.internal.vm.compiler.management jdk.jartool jdk.javadoc jdk.jcmd jdk.management jdk.management.agent jdk.jconsole jdk.jdeps jdk.jdwp.agent jdk.jdi jdk.jfr jdk.jshell jdk.jsobject jdk.jstatd jdk.localedata jdk.management.jfr jdk.naming.dns jdk.naming.rmi jdk.net jdk.nio.mapmode jdk.random jdk.sctp jdk.security.auth jdk.security.jgss jdk.unsupported jdk.unsupported.desktop jdk.xml.dom" 

Environment Variables:
PATH=C:\Program Files\Common Files\Oracle\Java\javapath;C:\windows\system32;C:\windows;C:\windows\System32\Wbem;C:\windows\System32\WindowsPowerShell\v1.0\;C:\windows\System32\OpenSSH\;C:\Program Files (x86)\NVIDIA Corporation\PhysX\Common;C:\Users\Administrator\AppData\Local\Microsoft\WindowsApps;;C:\Program Files\HP\OMEN-Broadcast\Common;C:\WINDOWS\system32;C:\WINDOWS;C:\WINDOWS\System32\Wbem;C:\WINDOWS\System32\WindowsPowerShell\v1.0\;C:\WINDOWS\System32\OpenSSH\;C:\Program Files\NVIDIA Corporation\NVIDIA app\NvDLISR;C:\Program Files\dotnet\;C:\Program Files (x86)\Windows Kits\10\Windows Performance Toolkit\;C:\Program Files (x86)\Microsoft SQL Server\160\Tools\Binn\;C:\Program Files\Microsoft SQL Server\160\Tools\Binn\;C:\Program Files\Microsoft SQL Server\Client SDK\ODBC\170\Tools\Binn\;C:\Program Files\Microsoft SQL Server\160\DTS\Binn\;C:\Program Files (x86)\Microsoft SQL Server\170\Tools\Binn\;C:\Program Files\Microsoft SQL Server\170\Tools\Binn\;C:\Program Files\Microsoft SQL Server\Client SDK\ODBC\180\Tools\Binn\;C:\Program Files\Microsoft SQL Server\170\DTS\Binn\;C:\Users\LAPTOP\AppData\Local\Microsoft\WindowsApps;C:\Users\LAPTOP\AppData\Local\Python\bin;C:\Users\LAPTOP\AppData\Local\Programs\Microsoft VS Code\bin;C:\maven\apache-maven-3.9.15-bin\apache-maven-3.9.15\bin;C:\Users\LAPTOP\AppData\Local\Programs\Antigravity\bin
USERNAME=LAPTOP
OS=Windows_NT
PROCESSOR_IDENTIFIER=Intel64 Family 6 Model 154 Stepping 3, GenuineIntel
TMP=C:\Users\LAPTOP\AppData\Local\Temp
TEMP=C:\Users\LAPTOP\AppData\Local\Temp




Periodic native trim disabled

---------------  S Y S T E M  ---------------

OS:
 Windows 11 , 64 bit Build 26100 (10.0.26100.8328)
OS uptime: 0 days 6:26 hours
Hyper-V role detected

CPU: total 12 (initial active 12) (6 cores per cpu, 2 threads per core) family 6 model 154 stepping 3 microcode 0x434, cx8, cmov, fxsr, ht, mmx, 3dnowpref, sse, sse2, sse3, ssse3, sse4.1, sse4.2, popcnt, lzcnt, tsc, tscinvbit, avx, avx2, aes, erms, clmul, bmi1, bmi2, adx, sha, fma, vzeroupper, clflush, clflushopt, clwb, hv, serialize, rdtscp, rdpid, fsrm, f16c, cet_ibt, cet_ss
Processor Information for processor 0
  Max Mhz: 2000, Current Mhz: 1520, Mhz Limit: 2000
Processor Information for processor 1
  Max Mhz: 2000, Current Mhz: 2000, Mhz Limit: 2000
Processor Information for processor 2
  Max Mhz: 2000, Current Mhz: 1520, Mhz Limit: 2000
Processor Information for processor 3
  Max Mhz: 2000, Current Mhz: 1520, Mhz Limit: 2000
Processor Information for processor 4
  Max Mhz: 2000, Current Mhz: 1520, Mhz Limit: 2000
Processor Information for processor 5
  Max Mhz: 2000, Current Mhz: 2000, Mhz Limit: 2000
Processor Information for processor 6
  Max Mhz: 2000, Current Mhz: 2000, Mhz Limit: 2000
Processor Information for processor 7
  Max Mhz: 2000, Current Mhz: 1520, Mhz Limit: 2000
Processor Information for processor 8
  Max Mhz: 2000, Current Mhz: 1466, Mhz Limit: 2000
Processor Information for processor 9
  Max Mhz: 2000, Current Mhz: 2000, Mhz Limit: 2000
Processor Information for processor 10
  Max Mhz: 2000, Current Mhz: 1466, Mhz Limit: 2000
Processor Information for processor 11
  Max Mhz: 2000, Current Mhz: 1466, Mhz Limit: 2000

Memory: 4k page, system-wide physical 16024M (3262M free)
TotalPageFile size 20120M (AvailPageFile size 41M)
current process WorkingSet (physical memory assigned to process): 250M, peak: 253M
current process commit charge ("private bytes"): 359M, peak: 368M

vm_info: OpenJDK 64-Bit Server VM (21.0.10+7-LTS) for windows-amd64 JRE (21.0.10+7-LTS), built on 2026-01-20T00:00:00Z by "admin" with MS VC++ 17.12 (VS2022)

END.
