#
# There is insufficient memory for the Java Runtime Environment to continue.
# Native memory allocation (malloc) failed to allocate 4508976 bytes. Error detail: Chunk::new
# Possible reasons:
#   The system is out of physical RAM or swap space
#   This process is running with CompressedOops enabled, and the Java Heap may be blocking the growth of the native heap
# Possible solutions:
#   Reduce memory load on the system
#   Increase physical memory or swap space
#   Check if swap backing store is full
#   Decrease Java heap size (-Xmx/-Xms)
#   Decrease number of Java threads
#   Decrease Java thread stack sizes (-Xss)
#   Set larger code cache with -XX:ReservedCodeCacheSize=
#   JVM is running with Unscaled Compressed Oops mode in which the Java heap is
#     placed in the first 4GB address space. The Java Heap base address is the
#     maximum limit for the native heap growth. Please use -XX:HeapBaseMinAddress
#     to set the Java Heap base and to place the Java Heap above 4GB virtual address.
# This output file may be truncated or incomplete.
#
#  Out of Memory Error (arena.cpp:168), pid=39776, tid=32344
#
# JRE version: OpenJDK Runtime Environment Temurin-21.0.10+7 (21.0.10+7) (build 21.0.10+7-LTS)
# Java VM: OpenJDK 64-Bit Server VM Temurin-21.0.10+7 (21.0.10+7-LTS, mixed mode, sharing, tiered, compressed oops, compressed class ptrs, parallel gc, windows-amd64)
# No core dump will be written. Minidumps are not enabled by default on client versions of Windows
#

---------------  S U M M A R Y ------------

Command Line: --add-modules=ALL-SYSTEM --add-opens=java.base/java.util=ALL-UNNAMED --add-opens=java.base/java.lang=ALL-UNNAMED --add-opens=java.base/sun.nio.fs=ALL-UNNAMED -Declipse.application=org.eclipse.jdt.ls.core.id1 -Dosgi.bundles.defaultStartLevel=4 -Declipse.product=org.eclipse.jdt.ls.core.product -Djava.import.generatesMetadataFilesAtProjectRoot=false -DDetectVMInstallationsJob.disabled=true -Dfile.encoding=utf8 -XX:+UseParallelGC -XX:GCTimeRatio=4 -XX:AdaptiveSizePolicyWeight=90 -Dsun.zip.disableMemoryMapping=true -Xmx2G -Xms100m -Xlog:disable -javaagent:c:\Users\LAPTOP\.antigravity\extensions\redhat.java-1.54.0-win32-x64\lombok\lombok-1.18.39-4050.jar -XX:+HeapDumpOnOutOfMemoryError -XX:HeapDumpPath=c:\Users\LAPTOP\AppData\Roaming\Antigravity\User\workspaceStorage\ea1aecd79872bf51f1a29430e0d3635e\redhat.java -Daether.dependencyCollector.impl=bf c:\Users\LAPTOP\.antigravity\extensions\redhat.java-1.54.0-win32-x64\server\plugins\org.eclipse.equinox.launcher_1.7.100.v20251111-0406.jar -configuration c:\Users\LAPTOP\AppData\Roaming\Antigravity\User\globalStorage\redhat.java\1.54.0\config_win -data c:\Users\LAPTOP\AppData\Roaming\Antigravity\User\workspaceStorage\ea1aecd79872bf51f1a29430e0d3635e\redhat.java\jdt_ws --pipe=\\.\pipe\lsp-1855d01a9abe1b278a482211a8c63b58-sock

Host: 12th Gen Intel(R) Core(TM) i5-12450H, 12 cores, 15G,  Windows 11 , 64 bit Build 26100 (10.0.26100.8328)
Time: Tue May 19 17:43:18 2026 SE Asia Standard Time elapsed time: 3718.217623 seconds (0d 1h 1m 58s)

---------------  T H R E A D  ---------------

Current thread (0x0000023aedf7e610):  JavaThread "C2 CompilerThread0" daemon [_thread_in_native, id=32344, stack(0x000000f53ce00000,0x000000f53cf00000) (1024K)]


Current CompileTask:
C2:3718217 18019   !   4       lombok.eclipse.agent.PatchValEclipsePortal::copyInitializationOfLocalDeclaration (65 bytes)

Stack: [0x000000f53ce00000,0x000000f53cf00000]
Native frames: (J=compiled Java code, j=interpreted, Vv=VM code, C=native code)
V  [jvm.dll+0x6d7a39]
V  [jvm.dll+0x8b4b26]
V  [jvm.dll+0x8b70de]
V  [jvm.dll+0x8b77c3]
V  [jvm.dll+0x284346]
V  [jvm.dll+0xc66ed]
V  [jvm.dll+0xc6c31]
V  [jvm.dll+0x3bec01]
V  [jvm.dll+0x38b162]
V  [jvm.dll+0x38a5aa]
V  [jvm.dll+0x24c560]
V  [jvm.dll+0x24bb40]
V  [jvm.dll+0x1cb34e]
V  [jvm.dll+0x25b85d]
V  [jvm.dll+0x259dea]
V  [jvm.dll+0x3f857e]
V  [jvm.dll+0x85f59d]
V  [jvm.dll+0x6d626d]
C  [ucrtbase.dll+0x37b0]
C  [KERNEL32.DLL+0x2e957]
C  [ntdll.dll+0x427c]


---------------  P R O C E S S  ---------------

Threads class SMR info:
_java_thread_list=0x0000023ad830ac50, length=53, elements={
0x0000023aeb9e7b60, 0x0000023aede6a290, 0x0000023aede6c1b0, 0x0000023aedf64f40,
0x0000023aedf659a0, 0x0000023aedf69130, 0x0000023aedf72390, 0x0000023aedf7e610,
0x0000023af69d41b0, 0x0000023af6bda3d0, 0x0000023af6d06300, 0x0000023afc938060,
0x0000023afca16d80, 0x0000023afc4a4aa0, 0x0000023afc4a5110, 0x0000023afd02d010,
0x0000023afcbb20b0, 0x0000023afd101810, 0x0000023afd06b350, 0x0000023afd06acc0,
0x0000023afd069fa0, 0x0000023afd4f2ae0, 0x0000023afd4f10a0, 0x0000023afd4f0380,
0x0000023afd4f0a10, 0x0000023afd4f1730, 0x0000023afd4f1dc0, 0x0000023afd4f2450,
0x0000023afd4f3170, 0x0000023afd4efcf0, 0x0000023afd4f5240, 0x0000023afd4f58d0,
0x0000023afd4f5f60, 0x0000023afd4f65f0, 0x0000023afd4f6c80, 0x0000023afd4f3800,
0x0000023afd4f7310, 0x0000023aff616620, 0x0000023aff612b10, 0x0000023aff618d80,
0x0000023ad329b8f0, 0x0000023ad329bf80, 0x0000023ad3299190, 0x0000023ad3298b00,
0x0000023ad329a540, 0x0000023ad3299820, 0x0000023ad3299eb0, 0x0000023ad329e050,
0x0000023ad329abd0, 0x0000023ad329ed70, 0x0000023ad32a0120, 0x0000023ad34bf150,
0x0000023ad34c0c90
}

Java Threads: ( => current thread )
  0x0000023aeb9e7b60 JavaThread "main"                              [_thread_blocked, id=13968, stack(0x000000f53c400000,0x000000f53c500000) (1024K)]
  0x0000023aede6a290 JavaThread "Reference Handler"          daemon [_thread_blocked, id=45216, stack(0x000000f53c800000,0x000000f53c900000) (1024K)]
  0x0000023aede6c1b0 JavaThread "Finalizer"                  daemon [_thread_blocked, id=22856, stack(0x000000f53c900000,0x000000f53ca00000) (1024K)]
  0x0000023aedf64f40 JavaThread "Signal Dispatcher"          daemon [_thread_blocked, id=42152, stack(0x000000f53ca00000,0x000000f53cb00000) (1024K)]
  0x0000023aedf659a0 JavaThread "Attach Listener"            daemon [_thread_blocked, id=44140, stack(0x000000f53cb00000,0x000000f53cc00000) (1024K)]
  0x0000023aedf69130 JavaThread "Service Thread"             daemon [_thread_blocked, id=44460, stack(0x000000f53cc00000,0x000000f53cd00000) (1024K)]
  0x0000023aedf72390 JavaThread "Monitor Deflation Thread"   daemon [_thread_blocked, id=46072, stack(0x000000f53cd00000,0x000000f53ce00000) (1024K)]
=>0x0000023aedf7e610 JavaThread "C2 CompilerThread0"         daemon [_thread_in_native, id=32344, stack(0x000000f53ce00000,0x000000f53cf00000) (1024K)]
  0x0000023af69d41b0 JavaThread "C1 CompilerThread0"         daemon [_thread_blocked, id=23592, stack(0x000000f53cf00000,0x000000f53d000000) (1024K)]
  0x0000023af6bda3d0 JavaThread "Common-Cleaner"             daemon [_thread_blocked, id=45208, stack(0x000000f53d100000,0x000000f53d200000) (1024K)]
  0x0000023af6d06300 JavaThread "Notification Thread"        daemon [_thread_blocked, id=38956, stack(0x000000f53d200000,0x000000f53d300000) (1024K)]
  0x0000023afc938060 JavaThread "Active Thread: Equinox Container: 5b3292ae-9a8c-4f58-9880-913a7587627d"        [_thread_blocked, id=46320, stack(0x000000f53da00000,0x000000f53db00000) (1024K)]
  0x0000023afca16d80 JavaThread "Refresh Thread: Equinox Container: 5b3292ae-9a8c-4f58-9880-913a7587627d" daemon [_thread_blocked, id=37024, stack(0x000000f53dc00000,0x000000f53dd00000) (1024K)]
  0x0000023afc4a4aa0 JavaThread "Framework Event Dispatcher: Equinox Container: 5b3292ae-9a8c-4f58-9880-913a7587627d" daemon [_thread_blocked, id=34268, stack(0x000000f53dd00000,0x000000f53de00000) (1024K)]
  0x0000023afc4a5110 JavaThread "Start Level: Equinox Container: 5b3292ae-9a8c-4f58-9880-913a7587627d" daemon [_thread_blocked, id=25632, stack(0x000000f53de00000,0x000000f53df00000) (1024K)]
  0x0000023afd02d010 JavaThread "Bundle File Closer"         daemon [_thread_blocked, id=26752, stack(0x000000f53e100000,0x000000f53e200000) (1024K)]
  0x0000023afcbb20b0 JavaThread "SCR Component Actor"        daemon [_thread_blocked, id=37720, stack(0x000000f53d000000,0x000000f53d100000) (1024K)]
  0x0000023afd101810 JavaThread "Worker-JM"                         [_thread_blocked, id=43400, stack(0x000000f53e200000,0x000000f53e300000) (1024K)]
  0x0000023afd06b350 JavaThread "JNA Cleaner"                daemon [_thread_blocked, id=46508, stack(0x000000f53e300000,0x000000f53e400000) (1024K)]
  0x0000023afd06acc0 JavaThread "Worker-2"                          [_thread_blocked, id=45764, stack(0x000000f53e600000,0x000000f53e700000) (1024K)]
  0x0000023afd069fa0 JavaThread "Java indexing"              daemon [_thread_blocked, id=16276, stack(0x000000f53e800000,0x000000f53e900000) (1024K)]
  0x0000023afd4f2ae0 JavaThread "Thread-1"                   daemon [_thread_in_native, id=38940, stack(0x000000f53ed00000,0x000000f53ee00000) (1024K)]
  0x0000023afd4f10a0 JavaThread "Thread-2"                   daemon [_thread_in_native, id=21952, stack(0x000000f53ee00000,0x000000f53ef00000) (1024K)]
  0x0000023afd4f0380 JavaThread "Thread-3"                   daemon [_thread_in_native, id=31272, stack(0x000000f53ef00000,0x000000f53f000000) (1024K)]
  0x0000023afd4f0a10 JavaThread "Thread-4"                   daemon [_thread_in_native, id=44360, stack(0x000000f53f000000,0x000000f53f100000) (1024K)]
  0x0000023afd4f1730 JavaThread "Thread-5"                   daemon [_thread_in_native, id=45280, stack(0x000000f53f100000,0x000000f53f200000) (1024K)]
  0x0000023afd4f1dc0 JavaThread "Thread-6"                   daemon [_thread_in_native, id=46764, stack(0x000000f53f200000,0x000000f53f300000) (1024K)]
  0x0000023afd4f2450 JavaThread "Thread-7"                   daemon [_thread_in_native, id=41448, stack(0x000000f53f300000,0x000000f53f400000) (1024K)]
  0x0000023afd4f3170 JavaThread "Thread-8"                   daemon [_thread_in_native, id=44680, stack(0x000000f53f400000,0x000000f53f500000) (1024K)]
  0x0000023afd4efcf0 JavaThread "Thread-9"                   daemon [_thread_in_native, id=32696, stack(0x000000f53f500000,0x000000f53f600000) (1024K)]
  0x0000023afd4f5240 JavaThread "Thread-10"                  daemon [_thread_in_native, id=46076, stack(0x000000f53f600000,0x000000f53f700000) (1024K)]
  0x0000023afd4f58d0 JavaThread "Thread-11"                  daemon [_thread_in_native, id=2864, stack(0x000000f53f700000,0x000000f53f800000) (1024K)]
  0x0000023afd4f5f60 JavaThread "Thread-12"                  daemon [_thread_in_native, id=45004, stack(0x000000f53f800000,0x000000f53f900000) (1024K)]
  0x0000023afd4f65f0 JavaThread "Thread-13"                  daemon [_thread_in_native, id=41348, stack(0x000000f53f900000,0x000000f53fa00000) (1024K)]
  0x0000023afd4f6c80 JavaThread "pool-2-thread-1"                   [_thread_blocked, id=44184, stack(0x000000f53fa00000,0x000000f53fb00000) (1024K)]
  0x0000023afd4f3800 JavaThread "WorkspaceEventsHandler"            [_thread_blocked, id=47016, stack(0x000000f53fb00000,0x000000f53fc00000) (1024K)]
  0x0000023afd4f7310 JavaThread "pool-1-thread-1"                   [_thread_blocked, id=43472, stack(0x000000f53fc00000,0x000000f53fd00000) (1024K)]
  0x0000023aff616620 JavaThread "Worker-11"                         [_thread_blocked, id=41508, stack(0x000000f53c100000,0x000000f53c200000) (1024K)]
  0x0000023aff612b10 JavaThread "Compiler Source File Reader" daemon [_thread_blocked, id=47700, stack(0x000000f53d300000,0x000000f53d400000) (1024K)]
  0x0000023aff618d80 JavaThread "Compiler Source File Reader" daemon [_thread_blocked, id=50684, stack(0x000000f53ea00000,0x000000f53eb00000) (1024K)]
  0x0000023ad329b8f0 JavaThread "Worker-15"                         [_thread_blocked, id=51872, stack(0x000000f53c300000,0x000000f53c400000) (1024K)]
  0x0000023ad329bf80 JavaThread "Compiler Source File Reader" daemon [_thread_blocked, id=53256, stack(0x000000f53c200000,0x000000f53c300000) (1024K)]
  0x0000023ad3299190 JavaThread "Compiler Processing Task"   daemon [_thread_blocked, id=52696, stack(0x000000f53e400000,0x000000f53e500000) (1024K)]
  0x0000023ad3298b00 JavaThread "Compiler Source File Reader" daemon [_thread_blocked, id=56040, stack(0x000000f53e900000,0x000000f53ea00000) (1024K)]
  0x0000023ad329a540 JavaThread "Worker-16: Java indexing... "        [_thread_blocked, id=53884, stack(0x000000f53eb00000,0x000000f53ec00000) (1024K)]
  0x0000023ad3299820 JavaThread "Worker-17: Publish Diagnostics"        [_thread_blocked, id=50672, stack(0x000000f53ec00000,0x000000f53ed00000) (1024K)]
  0x0000023ad3299eb0 JavaThread "Compiler Source File Reader" daemon [_thread_blocked, id=45128, stack(0x000000f53e700000,0x000000f53e800000) (1024K)]
  0x0000023ad329e050 JavaThread "Compiler Source File Reader" daemon [_thread_blocked, id=55928, stack(0x000000f53e500000,0x000000f53e600000) (1024K)]
  0x0000023ad329abd0 JavaThread "Compiler Source File Reader" daemon [_thread_blocked, id=55588, stack(0x000000f53ff00000,0x000000f540000000) (1024K)]
  0x0000023ad329ed70 JavaThread "Worker-18"                         [_thread_blocked, id=50048, stack(0x000000f53fd00000,0x000000f53fe00000) (1024K)]
  0x0000023ad32a0120 JavaThread "Compiler Source File Reader" daemon [_thread_blocked, id=49648, stack(0x000000f53fe00000,0x000000f53ff00000) (1024K)]
  0x0000023ad34bf150 JavaThread "C2 CompilerThread1"         daemon [_thread_blocked, id=10336, stack(0x000000f540000000,0x000000f540100000) (1024K)]
  0x0000023ad34c0c90 JavaThread "C2 CompilerThread2"         daemon [_thread_blocked, id=47500, stack(0x000000f540100000,0x000000f540200000) (1024K)]
Total: 53

Other Threads:
  0x0000023af69d2640 VMThread "VM Thread"                           [id=45452, stack(0x000000f53c700000,0x000000f53c800000) (1024K)]
  0x0000023aedd4ca00 WatcherThread "VM Periodic Task Thread"        [id=41524, stack(0x000000f53c600000,0x000000f53c700000) (1024K)]
  0x0000023aedeff370 WorkerThread "GC Thread#0"                     [id=41292, stack(0x000000f53c500000,0x000000f53c600000) (1024K)]
  0x0000023afc2a23c0 WorkerThread "GC Thread#1"                     [id=46920, stack(0x000000f53d400000,0x000000f53d500000) (1024K)]
  0x0000023afc251ab0 WorkerThread "GC Thread#2"                     [id=30984, stack(0x000000f53d500000,0x000000f53d600000) (1024K)]
  0x0000023afc2a2770 WorkerThread "GC Thread#3"                     [id=40276, stack(0x000000f53d600000,0x000000f53d700000) (1024K)]
  0x0000023afc2a2b20 WorkerThread "GC Thread#4"                     [id=39720, stack(0x000000f53d700000,0x000000f53d800000) (1024K)]
  0x0000023afc256250 WorkerThread "GC Thread#5"                     [id=43076, stack(0x000000f53d800000,0x000000f53d900000) (1024K)]
  0x0000023afc256600 WorkerThread "GC Thread#6"                     [id=43016, stack(0x000000f53d900000,0x000000f53da00000) (1024K)]
  0x0000023afc9c70a0 WorkerThread "GC Thread#7"                     [id=35624, stack(0x000000f53db00000,0x000000f53dc00000) (1024K)]
  0x0000023afcf1ecf0 WorkerThread "GC Thread#8"                     [id=42524, stack(0x000000f53df00000,0x000000f53e000000) (1024K)]
  0x0000023afcd57f80 WorkerThread "GC Thread#9"                     [id=22988, stack(0x000000f53e000000,0x000000f53e100000) (1024K)]
Total: 12

Threads with active compile tasks:
C2 CompilerThread0  3718255 18019   !   4       lombok.eclipse.agent.PatchValEclipsePortal::copyInitializationOfLocalDeclaration (65 bytes)
C2 CompilerThread1  3718255 18165       4       lombok.core.FieldAugment$MapFieldAugment::read (24 bytes)
C2 CompilerThread2  3718255 18166       4       lombok.eclipse.handlers.HandleBuilder::makePrefixedSetterMethodForBuilder (400 bytes)
Total: 3

VM state: at safepoint (normal execution)

VM Mutex/Monitor currently owned by a thread:  ([mutex/lock_event])
[0x00007ffd5db9e560] Threads_lock - owner thread: 0x0000023af69d2640
[0x00007ffd5db9e660] Heap_lock - owner thread: 0x0000023ad3299820
[0x00007ffd5db9eae0] PSOldGenExpand_lock - owner thread: 0x0000023aedeff370

Heap address: 0x0000000080000000, size: 2048 MB, Compressed Oops mode: 32-bit

CDS archive(s) mapped at: [0x0000023a8f000000-0x0000023a8fba0000-0x0000023a8fba0000), size 12189696, SharedBaseAddress: 0x0000023a8f000000, ArchiveRelocationMode: 1.
Compressed class space mapped at: 0x0000023a90000000-0x0000023ad0000000, reserved size: 1073741824
Narrow klass base: 0x0000023a8f000000, Narrow klass shift: 0, Narrow klass range: 0x100000000

GC Precious Log:
 CardTable entry size: 512
 CPUs: 12 total, 12 available
 Memory: 16024M
 Large Page Support: Disabled
 NUMA Support: Disabled
 Compressed Oops: Enabled (32-bit)
 Alignments: Space 512K, Generation 512K, Heap 2M
 Heap Min Capacity: 100M
 Heap Initial Capacity: 100M
 Heap Max Capacity: 2G
 Pre-touch: Disabled
 Parallel Workers: 10

Heap:
 PSYoungGen      total 13824K, used 12880K [0x00000000d5580000, 0x00000000d6480000, 0x0000000100000000)
  eden space 11776K, 100% used [0x00000000d5580000,0x00000000d6100000,0x00000000d6100000)
  from space 2048K, 53% used [0x00000000d6100000,0x00000000d6214010,0x00000000d6300000)
  to   space 1536K, 54% used [0x00000000d6300000,0x00000000d63d0000,0x00000000d6480000)
 ParOldGen       total 998400K, used 998392K [0x0000000080000000, 0x00000000bcf00000, 0x00000000d5580000)
  object space 998400K, 99% used [0x0000000080000000,0x00000000bcefe218,0x00000000bcf00000)
 Metaspace       used 73475K, committed 75136K, reserved 1179648K
  class space    used 7394K, committed 8128K, reserved 1048576K

Card table byte_map: [0x0000023aed860000,0x0000023aedc70000] _byte_map_base: 0x0000023aed460000

Marking Bits: (ParMarkBitMap*) 0x00007ffd5dba3450
 Begin Bits: [0x0000023af1370000, 0x0000023af3370000)
 End Bits:   [0x0000023af3370000, 0x0000023af5370000)

Polling page: 0x0000023aebcf0000

Metaspace:

Usage:
  Non-class:     64.53 MB used.
      Class:      7.22 MB used.
       Both:     71.75 MB used.

Virtual space:
  Non-class space:      128.00 MB reserved,      65.44 MB ( 51%) committed,  2 nodes.
      Class space:        1.00 GB reserved,       7.94 MB ( <1%) committed,  1 nodes.
             Both:        1.12 GB reserved,      73.38 MB (  6%) committed. 

Chunk freelists:
   Non-Class:  14.45 MB
       Class:  8.08 MB
        Both:  22.54 MB

MaxMetaspaceSize: unlimited
CompressedClassSpaceSize: 1.00 GB
Initial GC threshold: 21.00 MB
Current GC threshold: 116.06 MB
CDS: on
 - commit_granule_bytes: 65536.
 - commit_granule_words: 8192.
 - virtual_space_node_default_size: 8388608.
 - enlarge_chunks_in_place: 1.
 - use_allocation_guard: 0.


Internal statistics:

num_allocs_failed_limit: 9.
num_arena_births: 1526.
num_arena_deaths: 22.
num_vsnodes_births: 3.
num_vsnodes_deaths: 0.
num_space_committed: 1174.
num_space_uncommitted: 0.
num_chunks_returned_to_freelist: 34.
num_chunks_taken_from_freelist: 5234.
num_chunk_merges: 15.
num_chunk_splits: 3121.
num_chunks_enlarged: 1663.
num_inconsistent_stats: 0.

CodeHeap 'non-profiled nmethods': size=120000Kb used=15927Kb max_used=15927Kb free=104073Kb
 bounds [0x0000023a87ad0000, 0x0000023a88a60000, 0x0000023a8f000000]
CodeHeap 'profiled nmethods': size=120000Kb used=39537Kb max_used=39537Kb free=80462Kb
 bounds [0x0000023a80000000, 0x0000023a826a0000, 0x0000023a87530000]
CodeHeap 'non-nmethods': size=5760Kb used=1472Kb max_used=1616Kb free=4287Kb
 bounds [0x0000023a87530000, 0x0000023a877a0000, 0x0000023a87ad0000]
CodeCache: size=245760Kb, used=56936Kb, max_used=57080Kb, free=188822Kb
 total_blobs=16943, nmethods=16171, adapters=672, full_count=0
Compilation: enabled, stopped_count=0, restarted_count=0

Compilation events (20 events):
Event: 3717.097 Thread 0x0000023ad34bf150 18152       4       org.eclipse.jdt.internal.core.search.matching.JavaSearchNameEnvironment::findClass (449 bytes)
Event: 3717.168 Thread 0x0000023af69d41b0 18160       1       org.eclipse.jdt.core.search.SearchDocument::getPath (5 bytes)
Event: 3717.168 Thread 0x0000023af69d41b0 nmethod 18160 0x0000023a88a49f90 code [0x0000023a88a4a120, 0x0000023a88a4a1e8]
Event: 3717.177 Thread 0x0000023af69d41b0 18161       3       java.lang.invoke.LambdaForm$MH/0x0000023a907e4400::invoke (42 bytes)
Event: 3717.177 Thread 0x0000023af69d41b0 nmethod 18161 0x0000023a8268ae90 code [0x0000023a8268b120, 0x0000023a8268bea0]
Event: 3717.177 Thread 0x0000023af69d41b0 18162       3       java.lang.invoke.LambdaForm$MH/0x0000023a907e4800::invoke (42 bytes)
Event: 3717.178 Thread 0x0000023af69d41b0 nmethod 18162 0x0000023a8268c310 code [0x0000023a8268c5a0, 0x0000023a8268d320]
Event: 3717.179 Thread 0x0000023ad34c0c90 nmethod 18151 0x0000023a88a4a290 code [0x0000023a88a4a7a0, 0x0000023a88a4ddb0]
Event: 3717.179 Thread 0x0000023ad34c0c90 18154 %     4       lombok.eclipse.handlers.HandleConstructor::fieldsNeedingBuilderDefaults @ 78 (139 bytes)
Event: 3717.181 Thread 0x0000023af69d41b0 18163       1       org.eclipse.jdt.internal.core.PackageDeclaration::getElementName (5 bytes)
Event: 3717.181 Thread 0x0000023af69d41b0 nmethod 18163 0x0000023a88a4fd10 code [0x0000023a88a4fea0, 0x0000023a88a4ff68]
Event: 3717.184 Thread 0x0000023af69d41b0 18164       3       java.util.AbstractCollection::containsAll (38 bytes)
Event: 3717.184 Thread 0x0000023af69d41b0 nmethod 18164 0x0000023a8268d790 code [0x0000023a8268d980, 0x0000023a8268deb8]
Event: 3717.203 Thread 0x0000023ad34c0c90 nmethod 18154% 0x0000023a88a50010 code [0x0000023a88a50340, 0x0000023a88a51570]
Event: 3717.203 Thread 0x0000023ad34c0c90 18157       4       org.eclipse.jdt.internal.compiler.lookup.UnresolvedReferenceBinding::setResolvedType (69 bytes)
Event: 3717.205 Thread 0x0000023af69d41b0 18167       3       lombok.eclipse.handlers.HandleData::handle (138 bytes)
Event: 3717.206 Thread 0x0000023af69d41b0 nmethod 18167 0x0000023a8268e010 code [0x0000023a8268e320, 0x0000023a8268f2f8]
Event: 3717.206 Thread 0x0000023af69d41b0 18168       3       jdk.proxy9.$Proxy45::<init> (6 bytes)
Event: 3717.206 Thread 0x0000023af69d41b0 nmethod 18168 0x0000023a8268f910 code [0x0000023a8268fae0, 0x0000023a8268fe20]
Event: 3717.206 Thread 0x0000023af69d41b0 18169       3       lombok.core.handlers.InclusionExclusionUtils::handleEqualsAndHashCodeMarking (30 bytes)

GC Heap History (20 events):
Event: 3716.883 GC heap after
{Heap after GC invocations=758 (full 4):
 PSYoungGen      total 9216K, used 3056K [0x00000000d5580000, 0x00000000d6400000, 0x0000000100000000)
  eden space 6144K, 0% used [0x00000000d5580000,0x00000000d5580000,0x00000000d5b80000)
  from space 3072K, 99% used [0x00000000d5b80000,0x00000000d5e7c010,0x00000000d5e80000)
  to   space 3584K, 0% used [0x00000000d6080000,0x00000000d6080000,0x00000000d6400000)
 ParOldGen       total 942080K, used 941817K [0x0000000080000000, 0x00000000b9800000, 0x00000000d5580000)
  object space 942080K, 99% used [0x0000000080000000,0x00000000b97be5e0,0x00000000b9800000)
 Metaspace       used 73403K, committed 75072K, reserved 1179648K
  class space    used 7393K, committed 8128K, reserved 1048576K
}
Event: 3716.892 GC heap before
{Heap before GC invocations=759 (full 4):
 PSYoungGen      total 9216K, used 9200K [0x00000000d5580000, 0x00000000d6400000, 0x0000000100000000)
  eden space 6144K, 100% used [0x00000000d5580000,0x00000000d5b80000,0x00000000d5b80000)
  from space 3072K, 99% used [0x00000000d5b80000,0x00000000d5e7c010,0x00000000d5e80000)
  to   space 3584K, 0% used [0x00000000d6080000,0x00000000d6080000,0x00000000d6400000)
 ParOldGen       total 942080K, used 941817K [0x0000000080000000, 0x00000000b9800000, 0x00000000d5580000)
  object space 942080K, 99% used [0x0000000080000000,0x00000000b97be5e0,0x00000000b9800000)
 Metaspace       used 73405K, committed 75072K, reserved 1179648K
  class space    used 7394K, committed 8128K, reserved 1048576K
}
Event: 3716.895 GC heap after
{Heap after GC invocations=759 (full 4):
 PSYoungGen      total 10752K, used 2920K [0x00000000d5580000, 0x00000000d6380000, 0x0000000100000000)
  eden space 7680K, 0% used [0x00000000d5580000,0x00000000d5580000,0x00000000d5d00000)
  from space 3072K, 95% used [0x00000000d6080000,0x00000000d635a020,0x00000000d6380000)
  to   space 3072K, 0% used [0x00000000d5d80000,0x00000000d5d80000,0x00000000d6080000)
 ParOldGen       total 945152K, used 944741K [0x0000000080000000, 0x00000000b9b00000, 0x00000000d5580000)
  object space 945152K, 99% used [0x0000000080000000,0x00000000b9a99610,0x00000000b9b00000)
 Metaspace       used 73405K, committed 75072K, reserved 1179648K
  class space    used 7394K, committed 8128K, reserved 1048576K
}
Event: 3716.937 GC heap before
{Heap before GC invocations=760 (full 4):
 PSYoungGen      total 10752K, used 10600K [0x00000000d5580000, 0x00000000d6380000, 0x0000000100000000)
  eden space 7680K, 100% used [0x00000000d5580000,0x00000000d5d00000,0x00000000d5d00000)
  from space 3072K, 95% used [0x00000000d6080000,0x00000000d635a020,0x00000000d6380000)
  to   space 3072K, 0% used [0x00000000d5d80000,0x00000000d5d80000,0x00000000d6080000)
 ParOldGen       total 945152K, used 944741K [0x0000000080000000, 0x00000000b9b00000, 0x00000000d5580000)
  object space 945152K, 99% used [0x0000000080000000,0x00000000b9a99610,0x00000000b9b00000)
 Metaspace       used 73426K, committed 75072K, reserved 1179648K
  class space    used 7394K, committed 8128K, reserved 1048576K
}
Event: 3716.941 GC heap after
{Heap after GC invocations=760 (full 4):
 PSYoungGen      total 11264K, used 2498K [0x00000000d5580000, 0x00000000d6480000, 0x0000000100000000)
  eden space 8192K, 0% used [0x00000000d5580000,0x00000000d5580000,0x00000000d5d80000)
  from space 3072K, 81% used [0x00000000d5d80000,0x00000000d5ff09f8,0x00000000d6080000)
  to   space 3072K, 0% used [0x00000000d6180000,0x00000000d6180000,0x00000000d6480000)
 ParOldGen       total 947200K, used 947197K [0x0000000080000000, 0x00000000b9d00000, 0x00000000d5580000)
  object space 947200K, 99% used [0x0000000080000000,0x00000000b9cff630,0x00000000b9d00000)
 Metaspace       used 73426K, committed 75072K, reserved 1179648K
  class space    used 7394K, committed 8128K, reserved 1048576K
}
Event: 3716.999 GC heap before
{Heap before GC invocations=761 (full 4):
 PSYoungGen      total 11264K, used 10682K [0x00000000d5580000, 0x00000000d6480000, 0x0000000100000000)
  eden space 8192K, 99% used [0x00000000d5580000,0x00000000d5d7e0c8,0x00000000d5d80000)
  from space 3072K, 81% used [0x00000000d5d80000,0x00000000d5ff09f8,0x00000000d6080000)
  to   space 3072K, 0% used [0x00000000d6180000,0x00000000d6180000,0x00000000d6480000)
 ParOldGen       total 967168K, used 966397K [0x0000000080000000, 0x00000000bb080000, 0x00000000d5580000)
  object space 967168K, 99% used [0x0000000080000000,0x00000000bafbf650,0x00000000bb080000)
 Metaspace       used 73449K, committed 75136K, reserved 1179648K
  class space    used 7394K, committed 8128K, reserved 1048576K
}
Event: 3717.002 GC heap after
{Heap after GC invocations=761 (full 4):
 PSYoungGen      total 11264K, used 2913K [0x00000000d5580000, 0x00000000d6480000, 0x0000000100000000)
  eden space 8192K, 0% used [0x00000000d5580000,0x00000000d5580000,0x00000000d5d80000)
  from space 3072K, 94% used [0x00000000d6180000,0x00000000d6458748,0x00000000d6480000)
  to   space 3072K, 0% used [0x00000000d5d80000,0x00000000d5d80000,0x00000000d6080000)
 ParOldGen       total 969216K, used 968773K [0x0000000080000000, 0x00000000bb280000, 0x00000000d5580000)
  object space 969216K, 99% used [0x0000000080000000,0x00000000bb211750,0x00000000bb280000)
 Metaspace       used 73449K, committed 75136K, reserved 1179648K
  class space    used 7394K, committed 8128K, reserved 1048576K
}
Event: 3717.042 GC heap before
{Heap before GC invocations=762 (full 4):
 PSYoungGen      total 11264K, used 11105K [0x00000000d5580000, 0x00000000d6480000, 0x0000000100000000)
  eden space 8192K, 100% used [0x00000000d5580000,0x00000000d5d80000,0x00000000d5d80000)
  from space 3072K, 94% used [0x00000000d6180000,0x00000000d6458748,0x00000000d6480000)
  to   space 3072K, 0% used [0x00000000d5d80000,0x00000000d5d80000,0x00000000d6080000)
 ParOldGen       total 980992K, used 980293K [0x0000000080000000, 0x00000000bbe00000, 0x00000000d5580000)
  object space 980992K, 99% used [0x0000000080000000,0x00000000bbd51760,0x00000000bbe00000)
 Metaspace       used 73452K, committed 75136K, reserved 1179648K
  class space    used 7394K, committed 8128K, reserved 1048576K
}
Event: 3717.045 GC heap after
{Heap after GC invocations=762 (full 4):
 PSYoungGen      total 11264K, used 3059K [0x00000000d5580000, 0x00000000d7080000, 0x0000000100000000)
  eden space 8192K, 0% used [0x00000000d5580000,0x00000000d5580000,0x00000000d5d80000)
  from space 3072K, 99% used [0x00000000d5d80000,0x00000000d607cf48,0x00000000d6080000)
  to   space 9728K, 0% used [0x00000000d6700000,0x00000000d6700000,0x00000000d7080000)
 ParOldGen       total 985600K, used 985583K [0x0000000080000000, 0x00000000bc280000, 0x00000000d5580000)
  object space 985600K, 99% used [0x0000000080000000,0x00000000bc27bcf8,0x00000000bc280000)
 Metaspace       used 73452K, committed 75136K, reserved 1179648K
  class space    used 7394K, committed 8128K, reserved 1048576K
}
Event: 3717.103 GC heap before
{Heap before GC invocations=763 (full 4):
 PSYoungGen      total 11264K, used 11251K [0x00000000d5580000, 0x00000000d7080000, 0x0000000100000000)
  eden space 8192K, 100% used [0x00000000d5580000,0x00000000d5d80000,0x00000000d5d80000)
  from space 3072K, 99% used [0x00000000d5d80000,0x00000000d607cf48,0x00000000d6080000)
  to   space 9728K, 0% used [0x00000000d6700000,0x00000000d6700000,0x00000000d7080000)
 ParOldGen       total 985600K, used 985583K [0x0000000080000000, 0x00000000bc280000, 0x00000000d5580000)
  object space 985600K, 99% used [0x0000000080000000,0x00000000bc27bcf8,0x00000000bc280000)
 Metaspace       used 73457K, committed 75136K, reserved 1179648K
  class space    used 7394K, committed 8128K, reserved 1048576K
}
Event: 3717.105 GC heap after
{Heap after GC invocations=763 (full 4):
 PSYoungGen      total 10752K, used 2174K [0x00000000d5580000, 0x00000000d6980000, 0x0000000100000000)
  eden space 8192K, 0% used [0x00000000d5580000,0x00000000d5580000,0x00000000d5d80000)
  from space 2560K, 84% used [0x00000000d6700000,0x00000000d691fad0,0x00000000d6980000)
  to   space 4608K, 0% used [0x00000000d6080000,0x00000000d6080000,0x00000000d6500000)
 ParOldGen       total 988672K, used 988631K [0x0000000080000000, 0x00000000bc580000, 0x00000000d5580000)
  object space 988672K, 99% used [0x0000000080000000,0x00000000bc575f30,0x00000000bc580000)
 Metaspace       used 73457K, committed 75136K, reserved 1179648K
  class space    used 7394K, committed 8128K, reserved 1048576K
}
Event: 3717.128 GC heap before
{Heap before GC invocations=764 (full 4):
 PSYoungGen      total 10752K, used 10366K [0x00000000d5580000, 0x00000000d6980000, 0x0000000100000000)
  eden space 8192K, 100% used [0x00000000d5580000,0x00000000d5d80000,0x00000000d5d80000)
  from space 2560K, 84% used [0x00000000d6700000,0x00000000d691fad0,0x00000000d6980000)
  to   space 4608K, 0% used [0x00000000d6080000,0x00000000d6080000,0x00000000d6500000)
 ParOldGen       total 988672K, used 988631K [0x0000000080000000, 0x00000000bc580000, 0x00000000d5580000)
  object space 988672K, 99% used [0x0000000080000000,0x00000000bc575f30,0x00000000bc580000)
 Metaspace       used 73457K, committed 75136K, reserved 1179648K
  class space    used 7394K, committed 8128K, reserved 1048576K
}
Event: 3717.130 GC heap after
{Heap after GC invocations=764 (full 4):
 PSYoungGen      total 12800K, used 832K [0x00000000d5580000, 0x00000000d6780000, 0x0000000100000000)
  eden space 8192K, 0% used [0x00000000d5580000,0x00000000d5580000,0x00000000d5d80000)
  from space 4608K, 18% used [0x00000000d6080000,0x00000000d6150020,0x00000000d6500000)
  to   space 2048K, 0% used [0x00000000d6580000,0x00000000d6580000,0x00000000d6780000)
 ParOldGen       total 990720K, used 990661K [0x0000000080000000, 0x00000000bc780000, 0x00000000d5580000)
  object space 990720K, 99% used [0x0000000080000000,0x00000000bc771790,0x00000000bc780000)
 Metaspace       used 73457K, committed 75136K, reserved 1179648K
  class space    used 7394K, committed 8128K, reserved 1048576K
}
Event: 3717.144 GC heap before
{Heap before GC invocations=765 (full 4):
 PSYoungGen      total 12800K, used 9024K [0x00000000d5580000, 0x00000000d6780000, 0x0000000100000000)
  eden space 8192K, 100% used [0x00000000d5580000,0x00000000d5d80000,0x00000000d5d80000)
  from space 4608K, 18% used [0x00000000d6080000,0x00000000d6150020,0x00000000d6500000)
  to   space 2048K, 0% used [0x00000000d6580000,0x00000000d6580000,0x00000000d6780000)
 ParOldGen       total 990720K, used 990661K [0x0000000080000000, 0x00000000bc780000, 0x00000000d5580000)
  object space 990720K, 99% used [0x0000000080000000,0x00000000bc771790,0x00000000bc780000)
 Metaspace       used 73457K, committed 75136K, reserved 1179648K
  class space    used 7394K, committed 8128K, reserved 1048576K
}
Event: 3717.146 GC heap after
{Heap after GC invocations=765 (full 4):
 PSYoungGen      total 9216K, used 976K [0x00000000d5580000, 0x00000000d6680000, 0x0000000100000000)
  eden space 8192K, 0% used [0x00000000d5580000,0x00000000d5580000,0x00000000d5d80000)
  from space 1024K, 95% used [0x00000000d6580000,0x00000000d6674030,0x00000000d6680000)
  to   space 1536K, 0% used [0x00000000d6380000,0x00000000d6380000,0x00000000d6500000)
 ParOldGen       total 991744K, used 991405K [0x0000000080000000, 0x00000000bc880000, 0x00000000d5580000)
  object space 991744K, 99% used [0x0000000080000000,0x00000000bc82b7b0,0x00000000bc880000)
 Metaspace       used 73457K, committed 75136K, reserved 1179648K
  class space    used 7394K, committed 8128K, reserved 1048576K
}
Event: 3717.169 GC heap before
{Heap before GC invocations=766 (full 4):
 PSYoungGen      total 9216K, used 9168K [0x00000000d5580000, 0x00000000d6680000, 0x0000000100000000)
  eden space 8192K, 100% used [0x00000000d5580000,0x00000000d5d80000,0x00000000d5d80000)
  from space 1024K, 95% used [0x00000000d6580000,0x00000000d6674030,0x00000000d6680000)
  to   space 1536K, 0% used [0x00000000d6380000,0x00000000d6380000,0x00000000d6500000)
 ParOldGen       total 991744K, used 991405K [0x0000000080000000, 0x00000000bc880000, 0x00000000d5580000)
  object space 991744K, 99% used [0x0000000080000000,0x00000000bc82b7b0,0x00000000bc880000)
 Metaspace       used 73457K, committed 75136K, reserved 1179648K
  class space    used 7394K, committed 8128K, reserved 1048576K
}
Event: 3717.171 GC heap after
{Heap after GC invocations=766 (full 4):
 PSYoungGen      total 9728K, used 1104K [0x00000000d5580000, 0x00000000d6600000, 0x0000000100000000)
  eden space 8192K, 0% used [0x00000000d5580000,0x00000000d5580000,0x00000000d5d80000)
  from space 1536K, 71% used [0x00000000d6380000,0x00000000d64943b0,0x00000000d6500000)
  to   space 1024K, 0% used [0x00000000d6500000,0x00000000d6500000,0x00000000d6600000)
 ParOldGen       total 992256K, used 992234K [0x0000000080000000, 0x00000000bc900000, 0x00000000d5580000)
  object space 992256K, 99% used [0x0000000080000000,0x00000000bc8fa820,0x00000000bc900000)
 Metaspace       used 73457K, committed 75136K, reserved 1179648K
  class space    used 7394K, committed 8128K, reserved 1048576K
}
Event: 3717.188 GC heap before
{Heap before GC invocations=767 (full 4):
 PSYoungGen      total 9728K, used 9296K [0x00000000d5580000, 0x00000000d6600000, 0x0000000100000000)
  eden space 8192K, 100% used [0x00000000d5580000,0x00000000d5d80000,0x00000000d5d80000)
  from space 1536K, 71% used [0x00000000d6380000,0x00000000d64943b0,0x00000000d6500000)
  to   space 1024K, 0% used [0x00000000d6500000,0x00000000d6500000,0x00000000d6600000)
 ParOldGen       total 992256K, used 992234K [0x0000000080000000, 0x00000000bc900000, 0x00000000d5580000)
  object space 992256K, 99% used [0x0000000080000000,0x00000000bc8fa820,0x00000000bc900000)
 Metaspace       used 73460K, committed 75136K, reserved 1179648K
  class space    used 7394K, committed 8128K, reserved 1048576K
}
Event: 3717.192 GC heap after
{Heap after GC invocations=767 (full 4):
 PSYoungGen      total 9216K, used 1001K [0x00000000d5580000, 0x00000000d6680000, 0x0000000100000000)
  eden space 8192K, 0% used [0x00000000d5580000,0x00000000d5580000,0x00000000d5d80000)
  from space 1024K, 97% used [0x00000000d6500000,0x00000000d65fa440,0x00000000d6600000)
  to   space 4608K, 0% used [0x00000000d5d80000,0x00000000d5d80000,0x00000000d6200000)
 ParOldGen       total 995328K, used 994923K [0x0000000080000000, 0x00000000bcc00000, 0x00000000d5580000)
  object space 995328K, 99% used [0x0000000080000000,0x00000000bcb9ac20,0x00000000bcc00000)
 Metaspace       used 73460K, committed 75136K, reserved 1179648K
  class space    used 7394K, committed 8128K, reserved 1048576K
}
Event: 3717.206 GC heap before
{Heap before GC invocations=768 (full 4):
 PSYoungGen      total 9216K, used 9193K [0x00000000d5580000, 0x00000000d6680000, 0x0000000100000000)
  eden space 8192K, 100% used [0x00000000d5580000,0x00000000d5d80000,0x00000000d5d80000)
  from space 1024K, 97% used [0x00000000d6500000,0x00000000d65fa440,0x00000000d6600000)
  to   space 4608K, 0% used [0x00000000d5d80000,0x00000000d5d80000,0x00000000d6200000)
 ParOldGen       total 995328K, used 994923K [0x0000000080000000, 0x00000000bcc00000, 0x00000000d5580000)
  object space 995328K, 99% used [0x0000000080000000,0x00000000bcb9ac20,0x00000000bcc00000)
 Metaspace       used 73465K, committed 75136K, reserved 1179648K
  class space    used 7394K, committed 8128K, reserved 1048576K
}

Dll operation events (12 events):
Event: 0.010 Loaded shared library c:\Users\LAPTOP\.antigravity\extensions\redhat.java-1.54.0-win32-x64\jre\21.0.10-win32-x86_64\bin\java.dll
Event: 0.059 Loaded shared library c:\Users\LAPTOP\.antigravity\extensions\redhat.java-1.54.0-win32-x64\jre\21.0.10-win32-x86_64\bin\zip.dll
Event: 0.074 Loaded shared library C:\Users\LAPTOP\.antigravity\extensions\redhat.java-1.54.0-win32-x64\jre\21.0.10-win32-x86_64\bin\instrument.dll
Event: 0.078 Loaded shared library C:\Users\LAPTOP\.antigravity\extensions\redhat.java-1.54.0-win32-x64\jre\21.0.10-win32-x86_64\bin\net.dll
Event: 0.081 Loaded shared library C:\Users\LAPTOP\.antigravity\extensions\redhat.java-1.54.0-win32-x64\jre\21.0.10-win32-x86_64\bin\nio.dll
Event: 0.084 Loaded shared library C:\Users\LAPTOP\.antigravity\extensions\redhat.java-1.54.0-win32-x64\jre\21.0.10-win32-x86_64\bin\zip.dll
Event: 0.097 Loaded shared library C:\Users\LAPTOP\.antigravity\extensions\redhat.java-1.54.0-win32-x64\jre\21.0.10-win32-x86_64\bin\jimage.dll
Event: 0.157 Loaded shared library c:\Users\LAPTOP\.antigravity\extensions\redhat.java-1.54.0-win32-x64\jre\21.0.10-win32-x86_64\bin\verify.dll
Event: 0.954 Loaded shared library C:\Users\LAPTOP\AppData\Roaming\Antigravity\User\globalStorage\redhat.java\1.54.0\config_win\org.eclipse.equinox.launcher\org.eclipse.equinox.launcher.win32.win32.x86_64_1.3.0.v20260203-2149\eclipse_11919.dll
Event: 4.314 Loaded shared library C:\Users\LAPTOP\AppData\Local\Temp\jna--2056656422\jna1060996440283338603.dll
Event: 5.545 Loaded shared library C:\Users\LAPTOP\.antigravity\extensions\redhat.java-1.54.0-win32-x64\jre\21.0.10-win32-x86_64\bin\management.dll
Event: 5.554 Loaded shared library C:\Users\LAPTOP\.antigravity\extensions\redhat.java-1.54.0-win32-x64\jre\21.0.10-win32-x86_64\bin\management_ext.dll

Deoptimization events (20 events):
Event: 3716.736 Thread 0x0000023ad329b8f0 Uncommon trap: trap_request=0xffffff6e fr.pc=0x0000023a88998bb8 relative=0x00000000000002d8
Event: 3716.736 Thread 0x0000023ad329b8f0 Uncommon trap: reason=loop_limit_check action=maybe_recompile pc=0x0000023a88998bb8 method=org.eclipse.jdt.internal.compiler.parser.Parser.flushCommentsDefinedPriorTo(I)I @ 59 c2
Event: 3716.736 Thread 0x0000023ad329b8f0 DEOPT PACKING pc=0x0000023a88998bb8 sp=0x000000f53c3fe110
Event: 3716.736 Thread 0x0000023ad329b8f0 DEOPT UNPACKING pc=0x0000023a87583aa2 sp=0x000000f53c3fe090 mode 2
Event: 3717.149 Thread 0x0000023afd069fa0 Uncommon trap: trap_request=0xffffffde fr.pc=0x0000023a88a43f44 relative=0x0000000000000824
Event: 3717.149 Thread 0x0000023afd069fa0 Uncommon trap: reason=class_check action=maybe_recompile pc=0x0000023a88a43f44 method=java.util.stream.ReferencePipeline.toArray(Ljava/util/function/IntFunction;)[Ljava/lang/Object; @ 12 c2
Event: 3717.149 Thread 0x0000023afd069fa0 DEOPT PACKING pc=0x0000023a88a43f44 sp=0x000000f53e8fdc50
Event: 3717.149 Thread 0x0000023afd069fa0 DEOPT UNPACKING pc=0x0000023a87583aa2 sp=0x000000f53e8fdc30 mode 2
Event: 3717.149 Thread 0x0000023afd069fa0 Uncommon trap: trap_request=0xffffffde fr.pc=0x0000023a88a43f44 relative=0x0000000000000824
Event: 3717.149 Thread 0x0000023afd069fa0 Uncommon trap: reason=class_check action=maybe_recompile pc=0x0000023a88a43f44 method=java.util.stream.ReferencePipeline.toArray(Ljava/util/function/IntFunction;)[Ljava/lang/Object; @ 12 c2
Event: 3717.149 Thread 0x0000023afd069fa0 DEOPT PACKING pc=0x0000023a88a43f44 sp=0x000000f53e8fdc50
Event: 3717.149 Thread 0x0000023afd069fa0 DEOPT UNPACKING pc=0x0000023a87583aa2 sp=0x000000f53e8fdc30 mode 2
Event: 3717.150 Thread 0x0000023afd069fa0 Uncommon trap: trap_request=0xffffffde fr.pc=0x0000023a88a43f44 relative=0x0000000000000824
Event: 3717.150 Thread 0x0000023afd069fa0 Uncommon trap: reason=class_check action=maybe_recompile pc=0x0000023a88a43f44 method=java.util.stream.ReferencePipeline.toArray(Ljava/util/function/IntFunction;)[Ljava/lang/Object; @ 12 c2
Event: 3717.150 Thread 0x0000023afd069fa0 DEOPT PACKING pc=0x0000023a88a43f44 sp=0x000000f53e8fd8d0
Event: 3717.150 Thread 0x0000023afd069fa0 DEOPT UNPACKING pc=0x0000023a87583aa2 sp=0x000000f53e8fd8b0 mode 2
Event: 3717.150 Thread 0x0000023afd069fa0 Uncommon trap: trap_request=0xffffffde fr.pc=0x0000023a88a43f44 relative=0x0000000000000824
Event: 3717.150 Thread 0x0000023afd069fa0 Uncommon trap: reason=class_check action=maybe_recompile pc=0x0000023a88a43f44 method=java.util.stream.ReferencePipeline.toArray(Ljava/util/function/IntFunction;)[Ljava/lang/Object; @ 12 c2
Event: 3717.150 Thread 0x0000023afd069fa0 DEOPT PACKING pc=0x0000023a88a43f44 sp=0x000000f53e8fd8d0
Event: 3717.150 Thread 0x0000023afd069fa0 DEOPT UNPACKING pc=0x0000023a87583aa2 sp=0x000000f53e8fd8b0 mode 2

Classes loaded (20 events):
Event: 1643.157 Loading class java/lang/UnsupportedClassVersionError
Event: 1643.158 Loading class java/lang/UnsupportedClassVersionError done
Event: 1643.408 Loading class java/util/LinkedList$LLSpliterator
Event: 1643.408 Loading class java/util/LinkedList$LLSpliterator done
Event: 1678.798 Loading class jdk/internal/module/IllegalAccessLogger
Event: 1678.798 Loading class jdk/internal/module/IllegalAccessLogger done
Event: 3373.965 Loading class jdk/internal/module/IllegalAccessLogger
Event: 3373.965 Loading class jdk/internal/module/IllegalAccessLogger done
Event: 3602.627 Loading class jdk/internal/module/IllegalAccessLogger
Event: 3602.627 Loading class jdk/internal/module/IllegalAccessLogger done
Event: 3685.081 Loading class jdk/internal/module/IllegalAccessLogger
Event: 3685.081 Loading class jdk/internal/module/IllegalAccessLogger done
Event: 3693.948 Loading class jdk/internal/module/IllegalAccessLogger
Event: 3693.948 Loading class jdk/internal/module/IllegalAccessLogger done
Event: 3707.774 Loading class jdk/internal/module/IllegalAccessLogger
Event: 3707.774 Loading class jdk/internal/module/IllegalAccessLogger done
Event: 3711.499 Loading class jdk/internal/module/IllegalAccessLogger
Event: 3711.499 Loading class jdk/internal/module/IllegalAccessLogger done
Event: 3716.864 Loading class jdk/internal/module/IllegalAccessLogger
Event: 3716.864 Loading class jdk/internal/module/IllegalAccessLogger done

Classes unloaded (11 events):
Event: 4.783 Thread 0x0000023af69d2640 Unloading class 0x0000023a901aa000 'java/lang/invoke/LambdaForm$MH+0x0000023a901aa000'
Event: 4.783 Thread 0x0000023af69d2640 Unloading class 0x0000023a901a9c00 'java/lang/invoke/LambdaForm$MH+0x0000023a901a9c00'
Event: 4.783 Thread 0x0000023af69d2640 Unloading class 0x0000023a901a9800 'java/lang/invoke/LambdaForm$MH+0x0000023a901a9800'
Event: 4.783 Thread 0x0000023af69d2640 Unloading class 0x0000023a901a9400 'java/lang/invoke/LambdaForm$MH+0x0000023a901a9400'
Event: 4.783 Thread 0x0000023af69d2640 Unloading class 0x0000023a901a9000 'java/lang/invoke/LambdaForm$BMH+0x0000023a901a9000'
Event: 4.783 Thread 0x0000023af69d2640 Unloading class 0x0000023a901a8c00 'java/lang/invoke/LambdaForm$DMH+0x0000023a901a8c00'
Event: 4.783 Thread 0x0000023af69d2640 Unloading class 0x0000023a901a3800 'java/lang/invoke/LambdaForm$DMH+0x0000023a901a3800'
Event: 12.264 Thread 0x0000023af69d2640 Unloading class 0x0000023a90664000 'java/lang/invoke/LambdaForm$MH+0x0000023a90664000'
Event: 789.019 Thread 0x0000023af69d2640 Unloading class 0x0000023a906fd000 'java/lang/invoke/LambdaForm$DMH+0x0000023a906fd000'
Event: 789.019 Thread 0x0000023af69d2640 Unloading class 0x0000023a906fcc00 'java/lang/invoke/LambdaForm$DMH+0x0000023a906fcc00'
Event: 789.019 Thread 0x0000023af69d2640 Unloading class 0x0000023a906fc400 'java/lang/invoke/LambdaForm$DMH+0x0000023a906fc400'

Classes redefined (0 events):
No events

Internal exceptions (20 events):
Event: 1942.942 Thread 0x0000023afd06acc0 Exception <a 'sun/nio/fs/WindowsException'{0x00000000d5671d50}> (0x00000000d5671d50) 
thrown [s\src\hotspot\share\prims\jni.cpp, line 520]
Event: 1942.942 Thread 0x0000023afd06acc0 Exception <a 'sun/nio/fs/WindowsException'{0x00000000d5672e20}> (0x00000000d5672e20) 
thrown [s\src\hotspot\share\prims\jni.cpp, line 520]
Event: 3373.724 Thread 0x0000023afd069fa0 Exception <a 'sun/nio/fs/WindowsException'{0x00000000d55abec8}> (0x00000000d55abec8) 
thrown [s\src\hotspot\share\prims\jni.cpp, line 520]
Event: 3373.907 Thread 0x0000023afd069fa0 Exception <a 'sun/nio/fs/WindowsException'{0x00000000d567e4e0}> (0x00000000d567e4e0) 
thrown [s\src\hotspot\share\prims\jni.cpp, line 520]
Event: 3373.911 Thread 0x0000023afd069fa0 Implicit null exception at 0x0000023a883f54b5 to 0x0000023a883f5aec
Event: 3602.434 Thread 0x0000023afd069fa0 Exception <a 'sun/nio/fs/WindowsException'{0x00000000d56fa4a0}> (0x00000000d56fa4a0) 
thrown [s\src\hotspot\share\prims\jni.cpp, line 520]
Event: 3602.719 Thread 0x0000023afd069fa0 Exception <a 'sun/nio/fs/WindowsException'{0x00000000d55bf490}> (0x00000000d55bf490) 
thrown [s\src\hotspot\share\prims\jni.cpp, line 520]
Event: 3602.731 Thread 0x0000023aff619410 Exception <a 'java/lang/NoSuchMethodError'{0x00000000d55eda78}: 'void java.lang.invoke.DirectMethodHandle$Holder.invokeVirtual(java.lang.Object, java.lang.Object, java.lang.Object, java.lang.Object, java.lang.Object)'> (0x00000000d55eda78) 
thrown [s\src\hotspot\share\interpreter\linkResolver.cpp, line 773]
Event: 3673.719 Thread 0x0000023afd06acc0 Exception <a 'sun/nio/fs/WindowsException'{0x00000000d58fb850}> (0x00000000d58fb850) 
thrown [s\src\hotspot\share\prims\jni.cpp, line 520]
Event: 3673.720 Thread 0x0000023afd06acc0 Exception <a 'sun/nio/fs/WindowsException'{0x00000000d58fc920}> (0x00000000d58fc920) 
thrown [s\src\hotspot\share\prims\jni.cpp, line 520]
Event: 3684.916 Thread 0x0000023afd069fa0 Exception <a 'sun/nio/fs/WindowsException'{0x00000000d55b2cd0}> (0x00000000d55b2cd0) 
thrown [s\src\hotspot\share\prims\jni.cpp, line 520]
Event: 3685.125 Thread 0x0000023afd069fa0 Exception <a 'sun/nio/fs/WindowsException'{0x00000000d568b708}> (0x00000000d568b708) 
thrown [s\src\hotspot\share\prims\jni.cpp, line 520]
Event: 3693.740 Thread 0x0000023afd069fa0 Exception <a 'sun/nio/fs/WindowsException'{0x00000000d5623bc0}> (0x00000000d5623bc0) 
thrown [s\src\hotspot\share\prims\jni.cpp, line 520]
Event: 3694.075 Thread 0x0000023afd069fa0 Exception <a 'sun/nio/fs/WindowsException'{0x00000000d5c21cd8}> (0x00000000d5c21cd8) 
thrown [s\src\hotspot\share\prims\jni.cpp, line 520]
Event: 3707.586 Thread 0x0000023afd069fa0 Exception <a 'sun/nio/fs/WindowsException'{0x00000000d56fd888}> (0x00000000d56fd888) 
thrown [s\src\hotspot\share\prims\jni.cpp, line 520]
Event: 3707.762 Thread 0x0000023afd069fa0 Exception <a 'sun/nio/fs/WindowsException'{0x00000000d558aae0}> (0x00000000d558aae0) 
thrown [s\src\hotspot\share\prims\jni.cpp, line 520]
Event: 3711.286 Thread 0x0000023afd069fa0 Exception <a 'sun/nio/fs/WindowsException'{0x00000000d5bffd30}> (0x00000000d5bffd30) 
thrown [s\src\hotspot\share\prims\jni.cpp, line 520]
Event: 3711.635 Thread 0x0000023afd069fa0 Exception <a 'sun/nio/fs/WindowsException'{0x00000000d55a9a18}> (0x00000000d55a9a18) 
thrown [s\src\hotspot\share\prims\jni.cpp, line 520]
Event: 3715.657 Thread 0x0000023afd069fa0 Exception <a 'sun/nio/fs/WindowsException'{0x00000000d59c83c0}> (0x00000000d59c83c0) 
thrown [s\src\hotspot\share\prims\jni.cpp, line 520]
Event: 3716.964 Thread 0x0000023afd069fa0 Exception <a 'sun/nio/fs/WindowsException'{0x00000000d567c0b8}> (0x00000000d567c0b8) 
thrown [s\src\hotspot\share\prims\jni.cpp, line 520]

ZGC Phase Switch (0 events):
No events

VM Operations (20 events):
Event: 3716.884 Executing safepoint VM operation: ParallelGCFailedAllocation (Allocation Failure) done
Event: 3716.892 Executing safepoint VM operation: ParallelGCFailedAllocation (Allocation Failure)
Event: 3716.895 Executing safepoint VM operation: ParallelGCFailedAllocation (Allocation Failure) done
Event: 3716.937 Executing safepoint VM operation: ParallelGCFailedAllocation (Allocation Failure)
Event: 3716.941 Executing safepoint VM operation: ParallelGCFailedAllocation (Allocation Failure) done
Event: 3716.996 Executing safepoint VM operation: ParallelGCFailedAllocation (Allocation Failure)
Event: 3717.002 Executing safepoint VM operation: ParallelGCFailedAllocation (Allocation Failure) done
Event: 3717.042 Executing safepoint VM operation: ParallelGCFailedAllocation (Allocation Failure)
Event: 3717.045 Executing safepoint VM operation: ParallelGCFailedAllocation (Allocation Failure) done
Event: 3717.103 Executing safepoint VM operation: ParallelGCFailedAllocation (Allocation Failure)
Event: 3717.106 Executing safepoint VM operation: ParallelGCFailedAllocation (Allocation Failure) done
Event: 3717.128 Executing safepoint VM operation: ParallelGCFailedAllocation (Allocation Failure)
Event: 3717.130 Executing safepoint VM operation: ParallelGCFailedAllocation (Allocation Failure) done
Event: 3717.144 Executing safepoint VM operation: ParallelGCFailedAllocation (Allocation Failure)
Event: 3717.146 Executing safepoint VM operation: ParallelGCFailedAllocation (Allocation Failure) done
Event: 3717.169 Executing safepoint VM operation: ParallelGCFailedAllocation (Allocation Failure)
Event: 3717.171 Executing safepoint VM operation: ParallelGCFailedAllocation (Allocation Failure) done
Event: 3717.188 Executing safepoint VM operation: ParallelGCFailedAllocation (Allocation Failure)
Event: 3717.192 Executing safepoint VM operation: ParallelGCFailedAllocation (Allocation Failure) done
Event: 3717.206 Executing safepoint VM operation: ParallelGCFailedAllocation (Allocation Failure)

Memory protections (0 events):
No events

Nmethod flushes (20 events):
Event: 789.048 Thread 0x0000023af69d2640 flushing  nmethod 0x0000023a81194a10
Event: 789.048 Thread 0x0000023af69d2640 flushing  nmethod 0x0000023a81194d90
Event: 789.048 Thread 0x0000023af69d2640 flushing  nmethod 0x0000023a8119cb90
Event: 789.048 Thread 0x0000023af69d2640 flushing  nmethod 0x0000023a8119de10
Event: 789.048 Thread 0x0000023af69d2640 flushing  nmethod 0x0000023a811afe90
Event: 789.048 Thread 0x0000023af69d2640 flushing  nmethod 0x0000023a811c0290
Event: 789.048 Thread 0x0000023af69d2640 flushing  nmethod 0x0000023a811c3f10
Event: 789.048 Thread 0x0000023af69d2640 flushing  nmethod 0x0000023a811c5f90
Event: 789.048 Thread 0x0000023af69d2640 flushing  nmethod 0x0000023a811cb410
Event: 789.048 Thread 0x0000023af69d2640 flushing  nmethod 0x0000023a811d6a90
Event: 789.048 Thread 0x0000023af69d2640 flushing  nmethod 0x0000023a811f1b10
Event: 789.048 Thread 0x0000023af69d2640 flushing  nmethod 0x0000023a81201e10
Event: 789.048 Thread 0x0000023af69d2640 flushing  nmethod 0x0000023a8120c710
Event: 789.048 Thread 0x0000023af69d2640 flushing  nmethod 0x0000023a812b3e10
Event: 789.048 Thread 0x0000023af69d2640 flushing  nmethod 0x0000023a8133b790
Event: 789.048 Thread 0x0000023af69d2640 flushing  nmethod 0x0000023a81340290
Event: 789.048 Thread 0x0000023af69d2640 flushing  nmethod 0x0000023a81344410
Event: 789.048 Thread 0x0000023af69d2640 flushing  nmethod 0x0000023a81344910
Event: 789.048 Thread 0x0000023af69d2640 flushing  nmethod 0x0000023a81352c10
Event: 789.048 Thread 0x0000023af69d2640 flushing  nmethod 0x0000023a81357e90

Events (20 events):
Event: 3694.614 Thread 0x0000023ad34bf150 Thread exited: 0x0000023ad34bf150
Event: 3694.614 Thread 0x0000023ad34bea80 Thread exited: 0x0000023ad34bea80
Event: 3694.630 Thread 0x0000023aedf7e610 Thread added: 0x0000023ad34c0c90
Event: 3694.674 Thread 0x0000023af69d41b0 Thread added: 0x0000023ad34bea80
Event: 3699.811 Thread 0x0000023ad34bea80 Thread exited: 0x0000023ad34bea80
Event: 3699.843 Thread 0x0000023ad34c0c90 Thread exited: 0x0000023ad34c0c90
Event: 3707.743 Thread 0x0000023aff616620 Thread added: 0x0000023ad329e050
Event: 3707.775 Thread 0x0000023af69d41b0 Thread added: 0x0000023ad34c1360
Event: 3707.818 Thread 0x0000023af69d41b0 Thread added: 0x0000023ad34bea80
Event: 3710.855 Thread 0x0000023ad34bea80 Thread exited: 0x0000023ad34bea80
Event: 3711.278 Thread 0x0000023ad34c1360 Thread exited: 0x0000023ad34c1360
Event: 3711.360 Thread 0x0000023af69d41b0 Thread added: 0x0000023ad34c0c90
Event: 3711.418 Thread 0x0000023ad34c0c90 Thread added: 0x0000023ad34bf150
Event: 3711.441 Thread 0x0000023afd06acc0 Thread added: 0x0000023ad329abd0
Event: 3715.276 Thread 0x0000023ad34bf150 Thread exited: 0x0000023ad34bf150
Event: 3715.277 Thread 0x0000023ad34c0c90 Thread exited: 0x0000023ad34c0c90
Event: 3716.671 Thread 0x0000023ad3299820 Thread added: 0x0000023ad329ed70
Event: 3716.735 Thread 0x0000023ad329b8f0 Thread added: 0x0000023ad32a0120
Event: 3716.738 Thread 0x0000023af69d41b0 Thread added: 0x0000023ad34bf150
Event: 3716.792 Thread 0x0000023af69d41b0 Thread added: 0x0000023ad34c0c90


Dynamic libraries:
0x00007ff7de2f0000 - 0x00007ff7de2fe000 	c:\Users\LAPTOP\.antigravity\extensions\redhat.java-1.54.0-win32-x64\jre\21.0.10-win32-x86_64\bin\java.exe
0x00007ffe45f40000 - 0x00007ffe461a7000 	C:\WINDOWS\SYSTEM32\ntdll.dll
0x00007ffe448d0000 - 0x00007ffe44999000 	C:\WINDOWS\System32\KERNEL32.DLL
0x00007ffe42a30000 - 0x00007ffe42e27000 	C:\WINDOWS\System32\KERNELBASE.dll
0x00007ffe43060000 - 0x00007ffe431ab000 	C:\WINDOWS\System32\ucrtbase.dll
0x00007ffdc2da0000 - 0x00007ffdc2dbe000 	c:\Users\LAPTOP\.antigravity\extensions\redhat.java-1.54.0-win32-x64\jre\21.0.10-win32-x86_64\bin\VCRUNTIME140.dll
0x00007ffdc18e0000 - 0x00007ffdc18f8000 	c:\Users\LAPTOP\.antigravity\extensions\redhat.java-1.54.0-win32-x64\jre\21.0.10-win32-x86_64\bin\jli.dll
0x00007ffe45560000 - 0x00007ffe45726000 	C:\WINDOWS\System32\USER32.dll
0x00007ffe43be0000 - 0x00007ffe43c07000 	C:\WINDOWS\System32\win32u.dll
0x00007ffe44c70000 - 0x00007ffe44c9b000 	C:\WINDOWS\System32\GDI32.dll
0x00007ffe431b0000 - 0x00007ffe432dc000 	C:\WINDOWS\System32\gdi32full.dll
0x00007ffe42e30000 - 0x00007ffe42ed3000 	C:\WINDOWS\System32\msvcp_win.dll
0x00007ffe23100000 - 0x00007ffe23392000 	C:\WINDOWS\WinSxS\amd64_microsoft.windows.common-controls_6595b64144ccf1df_6.0.26100.8457_none_3e0b2faee331e92d\COMCTL32.dll
0x00007ffe44820000 - 0x00007ffe448c9000 	C:\WINDOWS\System32\msvcrt.dll
0x00007ffe44440000 - 0x00007ffe44472000 	C:\WINDOWS\System32\IMM32.DLL
0x0000000052ef0000 - 0x0000000052efc000 	C:\Program Files (x86)\360\Total Security\safemon\SafeWrapper.dll
0x00007ffe44e80000 - 0x00007ffe44f36000 	C:\WINDOWS\System32\ADVAPI32.dll
0x00007ffe44f40000 - 0x00007ffe44fe7000 	C:\WINDOWS\System32\sechost.dll
0x00007ffe45730000 - 0x00007ffe45848000 	C:\WINDOWS\System32\RPCRT4.dll
0x00007ffd952d0000 - 0x00007ffd9537c000 	C:\Program Files (x86)\360\Total Security\safemon\libzdtp64.dll
0x00007ffe43cc0000 - 0x00007ffe4442e000 	C:\WINDOWS\System32\SHELL32.dll
0x00007ffe449a0000 - 0x00007ffe44a06000 	C:\WINDOWS\System32\SHLWAPI.dll
0x00007ffe43370000 - 0x00007ffe43bdc000 	C:\WINDOWS\System32\Windows.Storage.dll
0x00007ffe44490000 - 0x00007ffe44813000 	C:\WINDOWS\System32\combase.dll
0x00007ffe42450000 - 0x00007ffe4245b000 	C:\WINDOWS\SYSTEM32\VERSION.dll
0x00007ffe0e8e0000 - 0x00007ffe0e8ec000 	c:\Users\LAPTOP\.antigravity\extensions\redhat.java-1.54.0-win32-x64\jre\21.0.10-win32-x86_64\bin\vcruntime140_1.dll
0x00007ffd6c270000 - 0x00007ffd6c2fd000 	c:\Users\LAPTOP\.antigravity\extensions\redhat.java-1.54.0-win32-x64\jre\21.0.10-win32-x86_64\bin\msvcp140.dll
0x00007ffd5cee0000 - 0x00007ffd5dc81000 	c:\Users\LAPTOP\.antigravity\extensions\redhat.java-1.54.0-win32-x64\jre\21.0.10-win32-x86_64\bin\server\jvm.dll
0x00007ffe45160000 - 0x00007ffe451e0000 	C:\WINDOWS\System32\WS2_32.dll
0x00007ffe427d0000 - 0x00007ffe4282e000 	C:\WINDOWS\SYSTEM32\POWRPROF.dll
0x00007ffe34fe0000 - 0x00007ffe35016000 	C:\WINDOWS\SYSTEM32\WINMM.dll
0x00007ffe427b0000 - 0x00007ffe427c4000 	C:\WINDOWS\SYSTEM32\UMPDC.dll
0x00007ffe41690000 - 0x00007ffe416ab000 	C:\WINDOWS\SYSTEM32\kernel.appcore.dll
0x00007ffe0e540000 - 0x00007ffe0e54a000 	c:\Users\LAPTOP\.antigravity\extensions\redhat.java-1.54.0-win32-x64\jre\21.0.10-win32-x86_64\bin\jimage.dll
0x00007ffe402f0000 - 0x00007ffe40532000 	C:\WINDOWS\SYSTEM32\DBGHELP.DLL
0x00007ffe44b10000 - 0x00007ffe44be9000 	C:\WINDOWS\System32\OLEAUT32.dll
0x00007ffe1b9a0000 - 0x00007ffe1b9db000 	C:\WINDOWS\SYSTEM32\dbgcore.DLL
0x00007ffe43c10000 - 0x00007ffe43cb8000 	C:\WINDOWS\System32\bcryptPrimitives.dll
0x00007ffe21000000 - 0x00007ffe2100f000 	c:\Users\LAPTOP\.antigravity\extensions\redhat.java-1.54.0-win32-x64\jre\21.0.10-win32-x86_64\bin\instrument.dll
0x00007ffd9fdc0000 - 0x00007ffd9fde0000 	c:\Users\LAPTOP\.antigravity\extensions\redhat.java-1.54.0-win32-x64\jre\21.0.10-win32-x86_64\bin\java.dll
0x00007ffe44a10000 - 0x00007ffe44b06000 	C:\WINDOWS\System32\SHCORE.dll
0x00007ffe42890000 - 0x00007ffe428b9000 	C:\WINDOWS\SYSTEM32\profapi.dll
0x00007ffd9fda0000 - 0x00007ffd9fdb8000 	c:\Users\LAPTOP\.antigravity\extensions\redhat.java-1.54.0-win32-x64\jre\21.0.10-win32-x86_64\bin\zip.dll
0x00007ffe20800000 - 0x00007ffe20810000 	C:\Users\LAPTOP\.antigravity\extensions\redhat.java-1.54.0-win32-x64\jre\21.0.10-win32-x86_64\bin\net.dll
0x00007ffe3a210000 - 0x00007ffe3a339000 	C:\WINDOWS\SYSTEM32\WINHTTP.dll
0x00007ffe41c00000 - 0x00007ffe41c6c000 	C:\WINDOWS\system32\mswsock.dll
0x00007ffe1f890000 - 0x00007ffe1f8a6000 	C:\Users\LAPTOP\.antigravity\extensions\redhat.java-1.54.0-win32-x64\jre\21.0.10-win32-x86_64\bin\nio.dll
0x00007ffe207f0000 - 0x00007ffe20800000 	c:\Users\LAPTOP\.antigravity\extensions\redhat.java-1.54.0-win32-x64\jre\21.0.10-win32-x86_64\bin\verify.dll
0x00007ffdec610000 - 0x00007ffdec655000 	C:\Users\LAPTOP\AppData\Roaming\Antigravity\User\globalStorage\redhat.java\1.54.0\config_win\org.eclipse.equinox.launcher\org.eclipse.equinox.launcher.win32.win32.x86_64_1.3.0.v20260203-2149\eclipse_11919.dll
0x00007ffe45ce0000 - 0x00007ffe45e77000 	C:\WINDOWS\System32\ole32.dll
0x00007ffe41ee0000 - 0x00007ffe41efb000 	C:\WINDOWS\SYSTEM32\CRYPTSP.dll
0x00007ffe415f0000 - 0x00007ffe41629000 	C:\WINDOWS\system32\rsaenh.dll
0x00007ffe41cb0000 - 0x00007ffe41ce3000 	C:\WINDOWS\SYSTEM32\USERENV.dll
0x00007ffe42860000 - 0x00007ffe4288a000 	C:\WINDOWS\SYSTEM32\bcrypt.dll
0x00007ffe41f00000 - 0x00007ffe41f0c000 	C:\WINDOWS\SYSTEM32\CRYPTBASE.dll
0x00007ffe410b0000 - 0x00007ffe410e2000 	C:\WINDOWS\SYSTEM32\IPHLPAPI.DLL
0x00007ffe44480000 - 0x00007ffe4448a000 	C:\WINDOWS\System32\NSI.dll
0x00007ffdec570000 - 0x00007ffdec5b9000 	C:\Users\LAPTOP\AppData\Local\Temp\jna--2056656422\jna1060996440283338603.dll
0x00007ffe45310000 - 0x00007ffe45318000 	C:\WINDOWS\System32\PSAPI.DLL
0x00007ffe1f880000 - 0x00007ffe1f88a000 	C:\Users\LAPTOP\.antigravity\extensions\redhat.java-1.54.0-win32-x64\jre\21.0.10-win32-x86_64\bin\management.dll
0x00007ffe1f420000 - 0x00007ffe1f42c000 	C:\Users\LAPTOP\.antigravity\extensions\redhat.java-1.54.0-win32-x64\jre\21.0.10-win32-x86_64\bin\management_ext.dll
0x00007ffe3aae0000 - 0x00007ffe3aafd000 	C:\WINDOWS\SYSTEM32\dhcpcsvc6.DLL
0x00007ffe3aab0000 - 0x00007ffe3aad5000 	C:\WINDOWS\SYSTEM32\dhcpcsvc.DLL

JVMTI agents:
c:\Users\LAPTOP\.antigravity\extensions\redhat.java-1.54.0-win32-x64\lombok\lombok-1.18.39-4050.jar path:c:\Users\LAPTOP\.antigravity\extensions\redhat.java-1.54.0-win32-x64\jre\21.0.10-win32-x86_64\bin\instrument.dll, loaded, initialized, instrumentlib options:none

dbghelp: loaded successfully - version: 4.0.5 - missing functions: none
symbol engine: initialized successfully - sym options: 0x614 - pdb path: .;c:\Users\LAPTOP\.antigravity\extensions\redhat.java-1.54.0-win32-x64\jre\21.0.10-win32-x86_64\bin;C:\WINDOWS\SYSTEM32;C:\WINDOWS\WinSxS\amd64_microsoft.windows.common-controls_6595b64144ccf1df_6.0.26100.8457_none_3e0b2faee331e92d;C:\Program Files (x86)\360\Total Security\safemon;c:\Users\LAPTOP\.antigravity\extensions\redhat.java-1.54.0-win32-x64\jre\21.0.10-win32-x86_64\bin\server;C:\Users\LAPTOP\AppData\Roaming\Antigravity\User\globalStorage\redhat.java\1.54.0\config_win\org.eclipse.equinox.launcher\org.eclipse.equinox.launcher.win32.win32.x86_64_1.3.0.v20260203-2149;C:\Users\LAPTOP\AppData\Local\Temp\jna--2056656422

VM Arguments:
jvm_args: --add-modules=ALL-SYSTEM --add-opens=java.base/java.util=ALL-UNNAMED --add-opens=java.base/java.lang=ALL-UNNAMED --add-opens=java.base/sun.nio.fs=ALL-UNNAMED -Declipse.application=org.eclipse.jdt.ls.core.id1 -Dosgi.bundles.defaultStartLevel=4 -Declipse.product=org.eclipse.jdt.ls.core.product -Djava.import.generatesMetadataFilesAtProjectRoot=false -DDetectVMInstallationsJob.disabled=true -Dfile.encoding=utf8 -XX:+UseParallelGC -XX:GCTimeRatio=4 -XX:AdaptiveSizePolicyWeight=90 -Dsun.zip.disableMemoryMapping=true -Xmx2G -Xms100m -Xlog:disable -javaagent:c:\Users\LAPTOP\.antigravity\extensions\redhat.java-1.54.0-win32-x64\lombok\lombok-1.18.39-4050.jar -XX:+HeapDumpOnOutOfMemoryError -XX:HeapDumpPath=c:\Users\LAPTOP\AppData\Roaming\Antigravity\User\workspaceStorage\ea1aecd79872bf51f1a29430e0d3635e\redhat.java -Daether.dependencyCollector.impl=bf 
java_command: c:\Users\LAPTOP\.antigravity\extensions\redhat.java-1.54.0-win32-x64\server\plugins\org.eclipse.equinox.launcher_1.7.100.v20251111-0406.jar -configuration c:\Users\LAPTOP\AppData\Roaming\Antigravity\User\globalStorage\redhat.java\1.54.0\config_win -data c:\Users\LAPTOP\AppData\Roaming\Antigravity\User\workspaceStorage\ea1aecd79872bf51f1a29430e0d3635e\redhat.java\jdt_ws --pipe=\\.\pipe\lsp-1855d01a9abe1b278a482211a8c63b58-sock
java_class_path (initial): c:\Users\LAPTOP\.antigravity\extensions\redhat.java-1.54.0-win32-x64\server\plugins\org.eclipse.equinox.launcher_1.7.100.v20251111-0406.jar
Launcher Type: SUN_STANDARD

[Global flags]
    uintx AdaptiveSizePolicyWeight                 = 90                                        {product} {command line}
     intx CICompilerCount                          = 4                                         {product} {ergonomic}
    uintx GCTimeRatio                              = 4                                         {product} {command line}
     bool HeapDumpOnOutOfMemoryError               = true                                   {manageable} {command line}
    ccstr HeapDumpPath                             = c:\Users\LAPTOP\AppData\Roaming\Antigravity\User\workspaceStorage\ea1aecd79872bf51f1a29430e0d3635e\redhat.java         {manageable} {command line}
   size_t InitialHeapSize                          = 104857600                                 {product} {command line}
   size_t MaxHeapSize                              = 2147483648                                {product} {command line}
   size_t MaxNewSize                               = 715653120                                 {product} {ergonomic}
   size_t MinHeapDeltaBytes                        = 524288                                    {product} {ergonomic}
   size_t MinHeapSize                              = 104857600                                 {product} {command line}
   size_t NewSize                                  = 34603008                                  {product} {ergonomic}
    uintx NonNMethodCodeHeapSize                   = 5839372                                {pd product} {ergonomic}
    uintx NonProfiledCodeHeapSize                  = 122909434                              {pd product} {ergonomic}
   size_t OldSize                                  = 70254592                                  {product} {ergonomic}
    uintx ProfiledCodeHeapSize                     = 122909434                              {pd product} {ergonomic}
    uintx ReservedCodeCacheSize                    = 251658240                              {pd product} {ergonomic}
     bool SegmentedCodeCache                       = true                                      {product} {ergonomic}
   size_t SoftMaxHeapSize                          = 2147483648                             {manageable} {ergonomic}
     bool UseCompressedOops                        = true                           {product lp64_product} {ergonomic}
     bool UseLargePagesIndividualAllocation        = false                                  {pd product} {ergonomic}
     bool UseParallelGC                            = true                                      {product} {command line}

Logging:
Log output configuration:
 #0: stdout all=off uptime,level,tags foldmultilines=false
 #1: stderr all=off uptime,level,tags foldmultilines=false

Release file:
JAVA_VERSION="21.0.10" 
MODULES="java.base java.compiler java.datatransfer java.xml java.prefs java.desktop java.instrument java.logging java.management java.security.sasl java.naming java.rmi java.management.rmi java.net.http java.scripting java.security.jgss java.transaction.xa java.sql java.sql.rowset java.xml.crypto java.se java.smartcardio jdk.accessibility jdk.internal.jvmstat jdk.attach jdk.charsets jdk.internal.opt jdk.zipfs jdk.compiler jdk.crypto.ec jdk.crypto.cryptoki jdk.crypto.mscapi jdk.dynalink jdk.internal.ed jdk.editpad jdk.hotspot.agent jdk.httpserver jdk.internal.le jdk.internal.vm.ci jdk.internal.vm.compiler jdk.internal.vm.compiler.management jdk.jartool jdk.javadoc jdk.jcmd jdk.management jdk.management.agent jdk.jconsole jdk.jdeps jdk.jdwp.agent jdk.jdi jdk.jfr jdk.jshell jdk.jsobject jdk.jstatd jdk.localedata jdk.management.jfr jdk.naming.dns jdk.naming.rmi jdk.net jdk.nio.mapmode jdk.random jdk.sctp jdk.security.auth jdk.security.jgss jdk.unsupported jdk.unsupported.desktop jdk.xml.dom" 

Environment Variables:
PATH=C:\Program Files\Common Files\Oracle\Java\javapath;C:\windows\system32;C:\windows;C:\windows\System32\Wbem;C:\windows\System32\WindowsPowerShell\v1.0\;C:\windows\System32\OpenSSH\;C:\Program Files (x86)\NVIDIA Corporation\PhysX\Common;C:\Users\Administrator\AppData\Local\Microsoft\WindowsApps;;C:\Program Files\HP\OMEN-Broadcast\Common;C:\WINDOWS\system32;C:\WINDOWS;C:\WINDOWS\System32\Wbem;C:\WINDOWS\System32\WindowsPowerShell\v1.0\;C:\WINDOWS\System32\OpenSSH\;C:\Program Files\NVIDIA Corporation\NVIDIA app\NvDLISR;C:\Program Files\dotnet\;C:\Program Files (x86)\Windows Kits\10\Windows Performance Toolkit\;C:\Program Files (x86)\Microsoft SQL Server\160\Tools\Binn\;C:\Program Files\Microsoft SQL Server\160\Tools\Binn\;C:\Program Files\Microsoft SQL Server\Client SDK\ODBC\170\Tools\Binn\;C:\Program Files\Microsoft SQL Server\160\DTS\Binn\;C:\Program Files (x86)\Microsoft SQL Server\170\Tools\Binn\;C:\Program Files\Microsoft SQL Server\170\Tools\Binn\;C:\Program Files\Microsoft SQL Server\Client SDK\ODBC\180\Tools\Binn\;C:\Program Files\Microsoft SQL Server\170\DTS\Binn\;C:\Users\LAPTOP\AppData\Local\Microsoft\WindowsApps;C:\Users\LAPTOP\AppData\Local\Python\bin;C:\Users\LAPTOP\AppData\Local\Programs\Microsoft VS Code\bin;C:\maven\apache-maven-3.9.15-bin\apache-maven-3.9.15\bin;C:\Users\LAPTOP\AppData\Local\Programs\Antigravity\bin
USERNAME=LAPTOP
OS=Windows_NT
PROCESSOR_IDENTIFIER=Intel64 Family 6 Model 154 Stepping 3, GenuineIntel
TMP=C:\Users\LAPTOP\AppData\Local\Temp
TEMP=C:\Users\LAPTOP\AppData\Local\Temp




Periodic native trim disabled

---------------  S Y S T E M  ---------------

OS:
 Windows 11 , 64 bit Build 26100 (10.0.26100.8328)
OS uptime: 0 days 3:45 hours
Hyper-V role detected

CPU: total 12 (initial active 12) (6 cores per cpu, 2 threads per core) family 6 model 154 stepping 3 microcode 0x434, cx8, cmov, fxsr, ht, mmx, 3dnowpref, sse, sse2, sse3, ssse3, sse4.1, sse4.2, popcnt, lzcnt, tsc, tscinvbit, avx, avx2, aes, erms, clmul, bmi1, bmi2, adx, sha, fma, vzeroupper, clflush, clflushopt, clwb, hv, serialize, rdtscp, rdpid, fsrm, f16c, cet_ibt, cet_ss
Processor Information for the first 12 processors :
  Max Mhz: 2000, Current Mhz: 2000, Mhz Limit: 2000

Memory: 4k page, system-wide physical 16024M (2974M free)
TotalPageFile size 20120M (AvailPageFile size 4M)
current process WorkingSet (physical memory assigned to process): 1255M, peak: 1261M
current process commit charge ("private bytes"): 1365M, peak: 1372M

vm_info: OpenJDK 64-Bit Server VM (21.0.10+7-LTS) for windows-amd64 JRE (21.0.10+7-LTS), built on 2026-01-20T00:00:00Z by "admin" with MS VC++ 17.12 (VS2022)

END.
