#
# There is insufficient memory for the Java Runtime Environment to continue.
# Native memory allocation (mmap) failed to map 264241152 bytes for G1 virtual space
# Possible reasons:
#   The system is out of physical RAM or swap space
#   The process is running with CompressedOops enabled, and the Java Heap may be blocking the growth of the native heap
# Possible solutions:
#   Reduce memory load on the system
#   Increase physical memory or swap space
#   Check if swap backing store is full
#   Decrease Java heap size (-Xmx/-Xms)
#   Decrease number of Java threads
#   Decrease Java thread stack sizes (-Xss)
#   Set larger code cache with -XX:ReservedCodeCacheSize=
#   JVM is running with Zero Based Compressed Oops mode in which the Java heap is
#     placed in the first 32GB address space. The Java Heap base address is the
#     maximum limit for the native heap growth. Please use -XX:HeapBaseMinAddress
#     to set the Java Heap base and to place the Java Heap above 32GB virtual address.
# This output file may be truncated or incomplete.
#
#  Out of Memory Error (os_windows.cpp:3604), pid=69492, tid=71304
#
# JRE version:  (21.0.10+8) (build )
# Java VM: Java HotSpot(TM) 64-Bit Server VM (21.0.10+8-LTS-217, mixed mode, sharing, tiered, compressed oops, compressed class ptrs, g1 gc, windows-amd64)
# No core dump will be written. Minidumps are not enabled by default on client versions of Windows
#

---------------  S U M M A R Y ------------

Command Line: -Dclassworlds.conf=C:\maven\apache-maven-3.9.15-bin\apache-maven-3.9.15\bin\m2.conf -Dmaven.home=C:\maven\apache-maven-3.9.15-bin\apache-maven-3.9.15 -Dlibrary.jansi.path=C:\maven\apache-maven-3.9.15-bin\apache-maven-3.9.15\lib\jansi-native -Dmaven.multiModuleProjectDirectory=D:\HIMS\backend org.codehaus.plexus.classworlds.launcher.Launcher compile -e

Host: 12th Gen Intel(R) Core(TM) i5-12450H, 12 cores, 15G,  Windows 11 , 64 bit Build 26100 (10.0.26100.8328)
Time: Tue May 19 03:31:45 2026 SE Asia Standard Time elapsed time: 2.044237 seconds (0d 0h 0m 2s)

---------------  T H R E A D  ---------------

Current thread (0x0000024ea51041e0):  JavaThread "Unknown thread" [_thread_in_vm, id=71304, stack(0x00000054d7700000,0x00000054d7800000) (1024K)]

Stack: [0x00000054d7700000,0x00000054d7800000]
Native frames: (J=compiled Java code, j=interpreted, Vv=VM code, C=native code)
V  [jvm.dll+0x6d0b59]
V  [jvm.dll+0x85fd56]
V  [jvm.dll+0x86224e]
V  [jvm.dll+0x862923]
V  [jvm.dll+0x282a16]
V  [jvm.dll+0x6cd405]
V  [jvm.dll+0x6c1f8a]
V  [jvm.dll+0x35bcc8]
V  [jvm.dll+0x363986]
V  [jvm.dll+0x3b4a3e]
V  [jvm.dll+0x3b4ce8]
V  [jvm.dll+0x32f98c]
V  [jvm.dll+0x3304db]
V  [jvm.dll+0x829d3e]
V  [jvm.dll+0x3c19d1]
V  [jvm.dll+0x812c0a]
V  [jvm.dll+0x4543d1]
V  [jvm.dll+0x455e21]
C  [jli.dll+0x5310]
C  [ucrtbase.dll+0x37b0]
C  [KERNEL32.DLL+0x2e957]
C  [ntdll.dll+0x427c]


---------------  P R O C E S S  ---------------

Threads class SMR info:
_java_thread_list=0x00007ffc83978c88, length=0, elements={
}

Java Threads: ( => current thread )
Total: 0

Other Threads:
  0x0000024ea759d1a0 WorkerThread "GC Thread#0"                     [id=69012, stack(0x00000054d7800000,0x00000054d7900000) (1024K)]
  0x0000024ea75adb20 ConcurrentGCThread "G1 Main Marker"            [id=59232, stack(0x00000054d7900000,0x00000054d7a00000) (1024K)]
  0x0000024ea75af5d0 WorkerThread "G1 Conc#0"                       [id=69068, stack(0x00000054d7a00000,0x00000054d7b00000) (1024K)]

[error occurred during error reporting (printing all threads), id 0xc0000005, EXCEPTION_ACCESS_VIOLATION (0xc0000005) at pc=0x00007ffc830e2447]
VM state: not at safepoint (not fully initialized)

VM Mutex/Monitor currently owned by a thread:  ([mutex/lock_event])
[0x00007ffc839ea010] Heap_lock - owner thread: 0x0000024ea51041e0

Heap address: 0x0000000705800000, size: 4008 MB, Compressed Oops mode: Zero based, Oop shift amount: 3

CDS archive(s) mapped at: [0x0000000000000000-0x0000000000000000-0x0000000000000000), size 0, SharedBaseAddress: 0x0000000800000000, ArchiveRelocationMode: 1.
Narrow klass base: 0x0000000000000000, Narrow klass shift: 0, Narrow klass range: 0x0

GC Precious Log:
 CardTable entry size: 512
 Card Set container configuration: InlinePtr #cards 4 size 8 Array Of Cards #cards 16 size 48 Howl #buckets 8 coarsen threshold 3686 Howl Bitmap #cards 512 size 80 coarsen threshold 460 Card regions per heap region 1 cards per card region 4096

Heap:
 garbage-first heap   total 0K, used 0K [0x0000000705800000, 0x0000000800000000)
  region size 2048K, 0 young (0K), 0 survivors (0K)

[error occurred during error reporting (printing heap information), id 0xc0000005, EXCEPTION_ACCESS_VIOLATION (0xc0000005) at pc=0x00007ffc834cac39]
GC Heap History (0 events):
No events

Dll operation events (1 events):
Event: 0.016 Loaded shared library C:\Program Files\Java\jdk-21.0.10\bin\java.dll

Deoptimization events (0 events):
No events

Classes loaded (0 events):
No events

Classes unloaded (0 events):
No events

Classes redefined (0 events):
No events

Internal exceptions (0 events):
No events

ZGC Phase Switch (0 events):
No events

VM Operations (0 events):
No events

Events (0 events):
No events


Dynamic libraries:
0x00007ff650c10000 - 0x00007ff650c20000 	C:\Program Files\Java\jdk-21.0.10\bin\java.exe
0x00007ffd4cee0000 - 0x00007ffd4d147000 	C:\WINDOWS\SYSTEM32\ntdll.dll
0x00007ffd4b780000 - 0x00007ffd4b849000 	C:\WINDOWS\System32\KERNEL32.DLL
0x00007ffd4a5e0000 - 0x00007ffd4a9d7000 	C:\WINDOWS\System32\KERNELBASE.dll
0x00007ffd4ab10000 - 0x00007ffd4ac5b000 	C:\WINDOWS\System32\ucrtbase.dll
0x00007ffd3fb30000 - 0x00007ffd3fb4e000 	C:\Program Files\Java\jdk-21.0.10\bin\VCRUNTIME140.dll
0x00007ffcfc2c0000 - 0x00007ffcfc2d9000 	C:\Program Files\Java\jdk-21.0.10\bin\jli.dll
0x00007ffd4b850000 - 0x00007ffd4b906000 	C:\WINDOWS\System32\ADVAPI32.dll
0x00007ffd4b320000 - 0x00007ffd4b3c9000 	C:\WINDOWS\System32\msvcrt.dll
0x00007ffd4b0d0000 - 0x00007ffd4b177000 	C:\WINDOWS\System32\sechost.dll
0x00007ffd4af40000 - 0x00007ffd4b058000 	C:\WINDOWS\System32\RPCRT4.dll
0x00007ffd4bda0000 - 0x00007ffd4bf66000 	C:\WINDOWS\System32\USER32.dll
0x00007ffd4a5b0000 - 0x00007ffd4a5d7000 	C:\WINDOWS\System32\win32u.dll
0x00007ffd4c0e0000 - 0x00007ffd4c10b000 	C:\WINDOWS\System32\GDI32.dll
0x00007ffd4a9e0000 - 0x00007ffd4ab0c000 	C:\WINDOWS\System32\gdi32full.dll
0x00007ffd29440000 - 0x00007ffd296d2000 	C:\WINDOWS\WinSxS\amd64_microsoft.windows.common-controls_6595b64144ccf1df_6.0.26100.8457_none_3e0b2faee331e92d\COMCTL32.dll
0x00007ffd4a390000 - 0x00007ffd4a433000 	C:\WINDOWS\System32\msvcp_win.dll
0x00007ffd493f0000 - 0x00007ffd493fb000 	C:\WINDOWS\SYSTEM32\VERSION.dll
0x00007ffd4b060000 - 0x00007ffd4b092000 	C:\WINDOWS\System32\IMM32.DLL
0x000000006b960000 - 0x000000006b96c000 	C:\Program Files (x86)\360\Total Security\safemon\SafeWrapper.dll
0x00007ffcb6570000 - 0x00007ffcb661c000 	C:\Program Files (x86)\360\Total Security\safemon\libzdtp64.dll
0x00007ffd4c510000 - 0x00007ffd4cc7e000 	C:\WINDOWS\System32\SHELL32.dll
0x00007ffd4c1d0000 - 0x00007ffd4c236000 	C:\WINDOWS\System32\SHLWAPI.dll
0x00007ffd49910000 - 0x00007ffd4a17c000 	C:\WINDOWS\System32\Windows.Storage.dll
0x00007ffd4b3f0000 - 0x00007ffd4b773000 	C:\WINDOWS\System32\combase.dll
0x00007ffd40150000 - 0x00007ffd4015c000 	C:\Program Files\Java\jdk-21.0.10\bin\vcruntime140_1.dll
0x00007ffce3f10000 - 0x00007ffce3f9d000 	C:\Program Files\Java\jdk-21.0.10\bin\msvcp140.dll
0x00007ffc82da0000 - 0x00007ffc83ac7000 	C:\Program Files\Java\jdk-21.0.10\bin\server\jvm.dll
0x00007ffd4bfc0000 - 0x00007ffd4c040000 	C:\WINDOWS\System32\WS2_32.dll
0x00007ffd49770000 - 0x00007ffd497ce000 	C:\WINDOWS\SYSTEM32\POWRPROF.dll
0x00007ffd38380000 - 0x00007ffd383b6000 	C:\WINDOWS\SYSTEM32\WINMM.dll
0x00007ffd49750000 - 0x00007ffd49764000 	C:\WINDOWS\SYSTEM32\UMPDC.dll
0x00007ffd48630000 - 0x00007ffd4864b000 	C:\WINDOWS\SYSTEM32\kernel.appcore.dll
0x00007ffd3fb20000 - 0x00007ffd3fb2a000 	C:\Program Files\Java\jdk-21.0.10\bin\jimage.dll
0x00007ffd477c0000 - 0x00007ffd47a02000 	C:\WINDOWS\SYSTEM32\DBGHELP.DLL
0x00007ffd4c430000 - 0x00007ffd4c509000 	C:\WINDOWS\System32\OLEAUT32.dll
0x00007ffd22280000 - 0x00007ffd222bb000 	C:\WINDOWS\SYSTEM32\dbgcore.DLL
0x00007ffd4a440000 - 0x00007ffd4a4e8000 	C:\WINDOWS\System32\bcryptPrimitives.dll
0x00007ffd25e20000 - 0x00007ffd25e41000 	C:\Program Files\Java\jdk-21.0.10\bin\java.dll

dbghelp: loaded successfully - version: 4.0.5 - missing functions: none
symbol engine: initialized successfully - sym options: 0x614 - pdb path: .;C:\Program Files\Java\jdk-21.0.10\bin;C:\WINDOWS\SYSTEM32;C:\WINDOWS\WinSxS\amd64_microsoft.windows.common-controls_6595b64144ccf1df_6.0.26100.8457_none_3e0b2faee331e92d;C:\Program Files (x86)\360\Total Security\safemon;C:\Program Files\Java\jdk-21.0.10\bin\server

VM Arguments:
jvm_args: -Dclassworlds.conf=C:\maven\apache-maven-3.9.15-bin\apache-maven-3.9.15\bin\m2.conf -Dmaven.home=C:\maven\apache-maven-3.9.15-bin\apache-maven-3.9.15 -Dlibrary.jansi.path=C:\maven\apache-maven-3.9.15-bin\apache-maven-3.9.15\lib\jansi-native -Dmaven.multiModuleProjectDirectory=D:\HIMS\backend 
java_command: org.codehaus.plexus.classworlds.launcher.Launcher compile -e
java_class_path (initial): C:\maven\apache-maven-3.9.15-bin\apache-maven-3.9.15\boot\plexus-classworlds-2.9.0.jar
Launcher Type: SUN_STANDARD

[Global flags]
     intx CICompilerCount                          = 4                                         {product} {ergonomic}
     uint ConcGCThreads                            = 3                                         {product} {ergonomic}
     uint G1ConcRefinementThreads                  = 10                                        {product} {ergonomic}
   size_t G1HeapRegionSize                         = 2097152                                   {product} {ergonomic}
    uintx GCDrainStackTargetSize                   = 64                                        {product} {ergonomic}
   size_t InitialHeapSize                          = 264241152                                 {product} {ergonomic}
   size_t MarkStackSize                            = 4194304                                   {product} {ergonomic}
   size_t MaxHeapSize                              = 4202692608                                {product} {ergonomic}
   size_t MinHeapDeltaBytes                        = 2097152                                   {product} {ergonomic}
   size_t MinHeapSize                              = 8388608                                   {product} {ergonomic}
    uintx NonNMethodCodeHeapSize                   = 5839372                                {pd product} {ergonomic}
    uintx NonProfiledCodeHeapSize                  = 122909434                              {pd product} {ergonomic}
    uintx ProfiledCodeHeapSize                     = 122909434                              {pd product} {ergonomic}
    uintx ReservedCodeCacheSize                    = 251658240                              {pd product} {ergonomic}
     bool SegmentedCodeCache                       = true                                      {product} {ergonomic}
   size_t SoftMaxHeapSize                          = 4202692608                             {manageable} {ergonomic}
     bool UseCompressedOops                        = true                           {product lp64_product} {ergonomic}
     bool UseG1GC                                  = true                                      {product} {ergonomic}
     bool UseLargePagesIndividualAllocation        = false                                  {pd product} {ergonomic}

Logging:
Log output configuration:
 #0: stdout all=warning uptime,level,tags foldmultilines=false
 #1: stderr all=off uptime,level,tags foldmultilines=false

Environment Variables:
PATH=C:\Program Files\Common Files\Oracle\Java\javapath;C:\windows\system32;C:\windows;C:\windows\System32\Wbem;C:\windows\System32\WindowsPowerShell\v1.0\;C:\windows\System32\OpenSSH\;C:\Program Files (x86)\NVIDIA Corporation\PhysX\Common;C:\Users\Administrator\AppData\Local\Microsoft\WindowsApps;;C:\Program Files\HP\OMEN-Broadcast\Common;C:\WINDOWS\system32;C:\WINDOWS;C:\WINDOWS\System32\Wbem;C:\WINDOWS\System32\WindowsPowerShell\v1.0\;C:\WINDOWS\System32\OpenSSH\;C:\Program Files\NVIDIA Corporation\NVIDIA app\NvDLISR;C:\Program Files\dotnet\;C:\Program Files (x86)\Windows Kits\10\Windows Performance Toolkit\;C:\Program Files (x86)\Microsoft SQL Server\160\Tools\Binn\;C:\Program Files\Microsoft SQL Server\160\Tools\Binn\;C:\Program Files\Microsoft SQL Server\Client SDK\ODBC\170\Tools\Binn\;C:\Program Files\Microsoft SQL Server\160\DTS\Binn\;C:\Program Files (x86)\Microsoft SQL Server\170\Tools\Binn\;C:\Program Files\Microsoft SQL Server\170\Tools\Binn\;C:\Program Files\Microsoft SQL Server\Client SDK\ODBC\180\Tools\Binn\;C:\Program Files\Microsoft SQL Server\170\DTS\Binn\;C:\Users\LAPTOP\AppData\Local\Microsoft\WindowsApps;C:\Users\LAPTOP\AppData\Local\Python\bin;C:\Users\LAPTOP\AppData\Local\Programs\Microsoft VS Code\bin;C:\maven\apache-maven-3.9.15-bin\apache-maven-3.9.15\bin;C:\Users\LAPTOP\AppData\Local\Programs\Antigravity\bin
USERNAME=LAPTOP
OS=Windows_NT
PROCESSOR_IDENTIFIER=Intel64 Family 6 Model 154 Stepping 3, GenuineIntel
TMP=C:\Users\LAPTOP\AppData\Local\Temp
TEMP=C:\Users\LAPTOP\AppData\Local\Temp




Periodic native trim disabled

---------------  S Y S T E M  ---------------

OS:
 Windows 11 , 64 bit Build 26100 (10.0.26100.8328)
OS uptime: 0 days 6:25 hours
Hyper-V role detected

CPU: total 12 (initial active 12) (6 cores per cpu, 2 threads per core) family 6 model 154 stepping 3 microcode 0x434, cx8, cmov, fxsr, ht, mmx, 3dnowpref, sse, sse2, sse3, ssse3, sse4.1, sse4.2, popcnt, lzcnt, tsc, tscinvbit, avx, avx2, aes, erms, clmul, bmi1, bmi2, adx, sha, fma, vzeroupper, clflush, clflushopt, clwb, hv, serialize, rdtscp, rdpid, fsrm, f16c, cet_ibt, cet_ss
Processor Information for all 12 processors :
  Max Mhz: 2000, Current Mhz: 2000, Mhz Limit: 2000

Memory: 4k page, system-wide physical 16024M (3431M free)
TotalPageFile size 20120M (AvailPageFile size 71M)
current process WorkingSet (physical memory assigned to process): 14M, peak: 14M
current process commit charge ("private bytes"): 65M, peak: 317M

vm_info: Java HotSpot(TM) 64-Bit Server VM (21.0.10+8-LTS-217) for windows-amd64 JRE (21.0.10+8-LTS-217), built on 2025-12-18T14:59:28Z by "mach5run" with MS VC++ 17.13 (VS2022)

END.
