#
# There is insufficient memory for the Java Runtime Environment to continue.
# Native memory allocation (malloc) failed to allocate 904128 bytes for Chunk::new
# Possible reasons:
#   The system is out of physical RAM or swap space
#   The process is running with CompressedOops enabled, and the Java Heap may be blocking the growth of the native heap
# Possible solutions:
#   Reduce memory load on the system
#   Increase physical memory or swap space
#   Check if swap backing store is full
#   Decrease Java heap size (-Xmx/-Xms)
#   Decrease number of Java threads
#   Decrease Java thread stack sizes (-Xss)
#   Set larger code cache with -XX:ReservedCodeCacheSize=
#   JVM is running with Zero Based Compressed Oops mode in which the Java heap is
#     placed in the first 32GB address space. The Java Heap base address is the
#     maximum limit for the native heap growth. Please use -XX:HeapBaseMinAddress
#     to set the Java Heap base and to place the Java Heap above 32GB virtual address.
# This output file may be truncated or incomplete.
#
#  Out of Memory Error (arena.cpp:168), pid=42580, tid=47908
#
# JRE version: Java(TM) SE Runtime Environment (21.0.10+8) (build 21.0.10+8-LTS-217)
# Java VM: Java HotSpot(TM) 64-Bit Server VM (21.0.10+8-LTS-217, mixed mode, sharing, tiered, compressed oops, compressed class ptrs, g1 gc, windows-amd64)
# No core dump will be written. Minidumps are not enabled by default on client versions of Windows
#

---------------  S U M M A R Y ------------

Command Line: --enable-native-access=ALL-UNNAMED -Dclassworlds.conf=C:\maven\apache-maven-3.9.15-bin\apache-maven-3.9.15\bin\m2.conf -Dmaven.home=C:\maven\apache-maven-3.9.15-bin\apache-maven-3.9.15 -Dlibrary.jansi.path=C:\maven\apache-maven-3.9.15-bin\apache-maven-3.9.15\lib\jansi-native -Dmaven.multiModuleProjectDirectory=D:\HIMS\backend org.codehaus.plexus.classworlds.launcher.Launcher compile exec:java -Dexec.mainClass=com.hospital.system.TestMySQL

Host: 12th Gen Intel(R) Core(TM) i5-12450H, 12 cores, 15G,  Windows 11 , 64 bit Build 26100 (10.0.26100.8328)
Time: Tue May 19 17:54:35 2026 SE Asia Standard Time elapsed time: 8.012853 seconds (0d 0h 0m 8s)

---------------  T H R E A D  ---------------

Current thread (0x00000256c703d5c0):  JavaThread "C2 CompilerThread0" daemon [_thread_in_native, id=47908, stack(0x000000c6bb000000,0x000000c6bb100000) (1024K)]


Current CompileTask:
C2:   8012 3716       4       org.codehaus.plexus.util.xml.Xpp3Dom::<init> (125 bytes)

Stack: [0x000000c6bb000000,0x000000c6bb100000]
Native frames: (J=compiled Java code, j=interpreted, Vv=VM code, C=native code)
V  [jvm.dll+0x6d0b59]
V  [jvm.dll+0x85fd56]
V  [jvm.dll+0x86224e]
V  [jvm.dll+0x862923]
V  [jvm.dll+0x282a16]
V  [jvm.dll+0xc662d]
V  [jvm.dll+0xc6b71]
V  [jvm.dll+0x3bbb5b]
V  [jvm.dll+0x387fd2]
V  [jvm.dll+0x38741a]
V  [jvm.dll+0x24b370]
V  [jvm.dll+0x24a94f]
V  [jvm.dll+0x1cacfe]
V  [jvm.dll+0x25a629]
V  [jvm.dll+0x258bb5]
V  [jvm.dll+0x3f4da1]
V  [jvm.dll+0x80a83d]
V  [jvm.dll+0x6cf3fd]
C  [ucrtbase.dll+0x37b0]
C  [KERNEL32.DLL+0x2e957]
C  [ntdll.dll+0x427c]


---------------  P R O C E S S  ---------------

Threads class SMR info:
_java_thread_list=0x00000256c87a1f20, length=14, elements={
0x00000256e290f870, 0x00000256c701c620, 0x00000256c701d080, 0x00000256c701e0a0,
0x00000256c701ec30, 0x00000256c701faa0, 0x00000256c7021c80, 0x00000256c703d5c0,
0x00000256c7042fd0, 0x00000256c718dc00, 0x00000256c7193ca0, 0x00000256c70436a0,
0x00000256c70451e0, 0x00000256c84db870
}

Java Threads: ( => current thread )
  0x00000256e290f870 JavaThread "main"                              [_thread_in_native, id=52192, stack(0x000000c6ba200000,0x000000c6ba300000) (1024K)]
  0x00000256c701c620 JavaThread "Reference Handler"          daemon [_thread_blocked, id=50680, stack(0x000000c6baa00000,0x000000c6bab00000) (1024K)]
  0x00000256c701d080 JavaThread "Finalizer"                  daemon [_thread_blocked, id=55816, stack(0x000000c6bab00000,0x000000c6bac00000) (1024K)]
  0x00000256c701e0a0 JavaThread "Signal Dispatcher"          daemon [_thread_blocked, id=55672, stack(0x000000c6bac00000,0x000000c6bad00000) (1024K)]
  0x00000256c701ec30 JavaThread "Attach Listener"            daemon [_thread_blocked, id=4600, stack(0x000000c6bad00000,0x000000c6bae00000) (1024K)]
  0x00000256c701faa0 JavaThread "Service Thread"             daemon [_thread_blocked, id=22864, stack(0x000000c6bae00000,0x000000c6baf00000) (1024K)]
  0x00000256c7021c80 JavaThread "Monitor Deflation Thread"   daemon [_thread_blocked, id=44460, stack(0x000000c6baf00000,0x000000c6bb000000) (1024K)]
=>0x00000256c703d5c0 JavaThread "C2 CompilerThread0"         daemon [_thread_in_native, id=47908, stack(0x000000c6bb000000,0x000000c6bb100000) (1024K)]
  0x00000256c7042fd0 JavaThread "C1 CompilerThread0"         daemon [_thread_blocked, id=53036, stack(0x000000c6bb100000,0x000000c6bb200000) (1024K)]
  0x00000256c718dc00 JavaThread "Notification Thread"        daemon [_thread_blocked, id=21204, stack(0x000000c6bb200000,0x000000c6bb300000) (1024K)]
  0x00000256c7193ca0 JavaThread "Common-Cleaner"             daemon [_thread_blocked, id=55444, stack(0x000000c6bb300000,0x000000c6bb400000) (1024K)]
  0x00000256c70436a0 JavaThread "C2 CompilerThread1"         daemon [_thread_in_native, id=28164, stack(0x000000c6bb400000,0x000000c6bb500000) (1024K)]
  0x00000256c70451e0 JavaThread "C2 CompilerThread2"         daemon [_thread_in_native, id=49168, stack(0x000000c6bb500000,0x000000c6bb600000) (1024K)]
  0x00000256c84db870 JavaThread "Thread-1"                   daemon [_thread_blocked, id=10284, stack(0x000000c6bbf00000,0x000000c6bc000000) (1024K)]
Total: 14

Other Threads:
  0x00000256ff77e780 VMThread "VM Thread"                           [id=55840, stack(0x000000c6ba900000,0x000000c6baa00000) (1024K)]
  0x00000256ff769910 WatcherThread "VM Periodic Task Thread"        [id=56216, stack(0x000000c6ba800000,0x000000c6ba900000) (1024K)]
  0x00000256e296cce0 WorkerThread "GC Thread#0"                     [id=46264, stack(0x000000c6ba300000,0x000000c6ba400000) (1024K)]
  0x00000256c7cbd590 WorkerThread "GC Thread#1"                     [id=47024, stack(0x000000c6bb600000,0x000000c6bb700000) (1024K)]
  0x00000256c7bf7820 WorkerThread "GC Thread#2"                     [id=55112, stack(0x000000c6bb700000,0x000000c6bb800000) (1024K)]
  0x00000256c7978900 WorkerThread "GC Thread#3"                     [id=46408, stack(0x000000c6bb800000,0x000000c6bb900000) (1024K)]
  0x00000256c7de2f10 WorkerThread "GC Thread#4"                     [id=9592, stack(0x000000c6bb900000,0x000000c6bba00000) (1024K)]
  0x00000256c7de3ae0 WorkerThread "GC Thread#5"                     [id=55788, stack(0x000000c6bba00000,0x000000c6bbb00000) (1024K)]
  0x00000256c8226f50 WorkerThread "GC Thread#6"                     [id=52164, stack(0x000000c6bbb00000,0x000000c6bbc00000) (1024K)]
  0x00000256c8227300 WorkerThread "GC Thread#7"                     [id=24072, stack(0x000000c6bbc00000,0x000000c6bbd00000) (1024K)]
  0x00000256c8776400 WorkerThread "GC Thread#8"                     [id=42936, stack(0x000000c6bbd00000,0x000000c6bbe00000) (1024K)]
  0x00000256c8209ff0 WorkerThread "GC Thread#9"                     [id=55564, stack(0x000000c6bbe00000,0x000000c6bbf00000) (1024K)]
  0x00000256e297f7f0 ConcurrentGCThread "G1 Main Marker"            [id=7432, stack(0x000000c6ba400000,0x000000c6ba500000) (1024K)]
  0x00000256e29811b0 WorkerThread "G1 Conc#0"                       [id=55152, stack(0x000000c6ba500000,0x000000c6ba600000) (1024K)]
  0x00000256ff6413c0 ConcurrentGCThread "G1 Refine#0"               [id=49832, stack(0x000000c6ba600000,0x000000c6ba700000) (1024K)]
  0x00000256ff641de0 ConcurrentGCThread "G1 Service"                [id=56132, stack(0x000000c6ba700000,0x000000c6ba800000) (1024K)]
Total: 16

Threads with active compile tasks:
C2 CompilerThread0     8036 3716       4       org.codehaus.plexus.util.xml.Xpp3Dom::<init> (125 bytes)
C2 CompilerThread1     8036 3818       4       java.util.HashMap::get (19 bytes)
C2 CompilerThread2     8036 3823       4       java.lang.String::endsWith (15 bytes)
Total: 3

VM state: not at safepoint (normal execution)

VM Mutex/Monitor currently owned by a thread: None

Heap address: 0x0000000705800000, size: 4008 MB, Compressed Oops mode: Zero based, Oop shift amount: 3

CDS archive(s) mapped at: [0x0000025682000000-0x0000025682c90000-0x0000025682c90000), size 13172736, SharedBaseAddress: 0x0000025682000000, ArchiveRelocationMode: 1.
Compressed class space mapped at: 0x0000025683000000-0x00000256c3000000, reserved size: 1073741824
Narrow klass base: 0x0000025682000000, Narrow klass shift: 0, Narrow klass range: 0x100000000

GC Precious Log:
 CardTable entry size: 512
 Card Set container configuration: InlinePtr #cards 4 size 8 Array Of Cards #cards 16 size 48 Howl #buckets 8 coarsen threshold 3686 Howl Bitmap #cards 512 size 80 coarsen threshold 460 Card regions per heap region 1 cards per card region 4096
 CPUs: 12 total, 12 available
 Memory: 16024M
 Large Page Support: Disabled
 NUMA Support: Disabled
 Compressed Oops: Enabled (Zero based)
 Heap Region Size: 2M
 Heap Min Capacity: 8M
 Heap Initial Capacity: 252M
 Heap Max Capacity: 4008M
 Pre-touch: Disabled
 Parallel Workers: 10
 Concurrent Workers: 3
 Concurrent Refinement Workers: 10
 Periodic GC: Disabled

Heap:
 garbage-first heap   total 258048K, used 66832K [0x0000000705800000, 0x0000000800000000)
  region size 2048K, 33 young (67584K), 1 survivors (2048K)
 Metaspace       used 15784K, committed 16064K, reserved 1114112K
  class space    used 1841K, committed 1984K, reserved 1048576K

Heap Regions: E=young(eden), S=young(survivor), O=old, HS=humongous(starts), HC=humongous(continues), CS=collection set, F=free, TAMS=top-at-mark-start, PB=parsable bottom
|   0|0x0000000705800000, 0x0000000705a00000, 0x0000000705a00000|100%| O|  |TAMS 0x0000000705800000| PB 0x0000000705800000| Untracked 
|   1|0x0000000705a00000, 0x0000000705b793f8, 0x0000000705c00000| 73%| O|  |TAMS 0x0000000705a00000| PB 0x0000000705a00000| Untracked 
|   2|0x0000000705c00000, 0x0000000705c00000, 0x0000000705e00000|  0%| F|  |TAMS 0x0000000705c00000| PB 0x0000000705c00000| Untracked 
|   3|0x0000000705e00000, 0x0000000705e00000, 0x0000000706000000|  0%| F|  |TAMS 0x0000000705e00000| PB 0x0000000705e00000| Untracked 
|   4|0x0000000706000000, 0x0000000706000000, 0x0000000706200000|  0%| F|  |TAMS 0x0000000706000000| PB 0x0000000706000000| Untracked 
|   5|0x0000000706200000, 0x0000000706200000, 0x0000000706400000|  0%| F|  |TAMS 0x0000000706200000| PB 0x0000000706200000| Untracked 
|   6|0x0000000706400000, 0x0000000706400000, 0x0000000706600000|  0%| F|  |TAMS 0x0000000706400000| PB 0x0000000706400000| Untracked 
|   7|0x0000000706600000, 0x0000000706600000, 0x0000000706800000|  0%| F|  |TAMS 0x0000000706600000| PB 0x0000000706600000| Untracked 
|   8|0x0000000706800000, 0x0000000706800000, 0x0000000706a00000|  0%| F|  |TAMS 0x0000000706800000| PB 0x0000000706800000| Untracked 
|   9|0x0000000706a00000, 0x0000000706a00000, 0x0000000706c00000|  0%| F|  |TAMS 0x0000000706a00000| PB 0x0000000706a00000| Untracked 
|  10|0x0000000706c00000, 0x0000000706c00000, 0x0000000706e00000|  0%| F|  |TAMS 0x0000000706c00000| PB 0x0000000706c00000| Untracked 
|  11|0x0000000706e00000, 0x0000000706e00000, 0x0000000707000000|  0%| F|  |TAMS 0x0000000706e00000| PB 0x0000000706e00000| Untracked 
|  12|0x0000000707000000, 0x0000000707000000, 0x0000000707200000|  0%| F|  |TAMS 0x0000000707000000| PB 0x0000000707000000| Untracked 
|  13|0x0000000707200000, 0x0000000707200000, 0x0000000707400000|  0%| F|  |TAMS 0x0000000707200000| PB 0x0000000707200000| Untracked 
|  14|0x0000000707400000, 0x0000000707400000, 0x0000000707600000|  0%| F|  |TAMS 0x0000000707400000| PB 0x0000000707400000| Untracked 
|  15|0x0000000707600000, 0x0000000707600000, 0x0000000707800000|  0%| F|  |TAMS 0x0000000707600000| PB 0x0000000707600000| Untracked 
|  16|0x0000000707800000, 0x0000000707800000, 0x0000000707a00000|  0%| F|  |TAMS 0x0000000707800000| PB 0x0000000707800000| Untracked 
|  17|0x0000000707a00000, 0x0000000707a00000, 0x0000000707c00000|  0%| F|  |TAMS 0x0000000707a00000| PB 0x0000000707a00000| Untracked 
|  18|0x0000000707c00000, 0x0000000707c00000, 0x0000000707e00000|  0%| F|  |TAMS 0x0000000707c00000| PB 0x0000000707c00000| Untracked 
|  19|0x0000000707e00000, 0x0000000707e00000, 0x0000000708000000|  0%| F|  |TAMS 0x0000000707e00000| PB 0x0000000707e00000| Untracked 
|  20|0x0000000708000000, 0x0000000708000000, 0x0000000708200000|  0%| F|  |TAMS 0x0000000708000000| PB 0x0000000708000000| Untracked 
|  21|0x0000000708200000, 0x0000000708200000, 0x0000000708400000|  0%| F|  |TAMS 0x0000000708200000| PB 0x0000000708200000| Untracked 
|  22|0x0000000708400000, 0x0000000708400000, 0x0000000708600000|  0%| F|  |TAMS 0x0000000708400000| PB 0x0000000708400000| Untracked 
|  23|0x0000000708600000, 0x0000000708600000, 0x0000000708800000|  0%| F|  |TAMS 0x0000000708600000| PB 0x0000000708600000| Untracked 
|  24|0x0000000708800000, 0x0000000708800000, 0x0000000708a00000|  0%| F|  |TAMS 0x0000000708800000| PB 0x0000000708800000| Untracked 
|  25|0x0000000708a00000, 0x0000000708a00000, 0x0000000708c00000|  0%| F|  |TAMS 0x0000000708a00000| PB 0x0000000708a00000| Untracked 
|  26|0x0000000708c00000, 0x0000000708c00000, 0x0000000708e00000|  0%| F|  |TAMS 0x0000000708c00000| PB 0x0000000708c00000| Untracked 
|  27|0x0000000708e00000, 0x0000000708e00000, 0x0000000709000000|  0%| F|  |TAMS 0x0000000708e00000| PB 0x0000000708e00000| Untracked 
|  28|0x0000000709000000, 0x0000000709000000, 0x0000000709200000|  0%| F|  |TAMS 0x0000000709000000| PB 0x0000000709000000| Untracked 
|  29|0x0000000709200000, 0x0000000709200000, 0x0000000709400000|  0%| F|  |TAMS 0x0000000709200000| PB 0x0000000709200000| Untracked 
|  30|0x0000000709400000, 0x0000000709400000, 0x0000000709600000|  0%| F|  |TAMS 0x0000000709400000| PB 0x0000000709400000| Untracked 
|  31|0x0000000709600000, 0x0000000709600000, 0x0000000709800000|  0%| F|  |TAMS 0x0000000709600000| PB 0x0000000709600000| Untracked 
|  32|0x0000000709800000, 0x0000000709800000, 0x0000000709a00000|  0%| F|  |TAMS 0x0000000709800000| PB 0x0000000709800000| Untracked 
|  33|0x0000000709a00000, 0x0000000709a00000, 0x0000000709c00000|  0%| F|  |TAMS 0x0000000709a00000| PB 0x0000000709a00000| Untracked 
|  34|0x0000000709c00000, 0x0000000709c00000, 0x0000000709e00000|  0%| F|  |TAMS 0x0000000709c00000| PB 0x0000000709c00000| Untracked 
|  35|0x0000000709e00000, 0x0000000709e00000, 0x000000070a000000|  0%| F|  |TAMS 0x0000000709e00000| PB 0x0000000709e00000| Untracked 
|  36|0x000000070a000000, 0x000000070a000000, 0x000000070a200000|  0%| F|  |TAMS 0x000000070a000000| PB 0x000000070a000000| Untracked 
|  37|0x000000070a200000, 0x000000070a200000, 0x000000070a400000|  0%| F|  |TAMS 0x000000070a200000| PB 0x000000070a200000| Untracked 
|  38|0x000000070a400000, 0x000000070a400000, 0x000000070a600000|  0%| F|  |TAMS 0x000000070a400000| PB 0x000000070a400000| Untracked 
|  39|0x000000070a600000, 0x000000070a600000, 0x000000070a800000|  0%| F|  |TAMS 0x000000070a600000| PB 0x000000070a600000| Untracked 
|  40|0x000000070a800000, 0x000000070a800000, 0x000000070aa00000|  0%| F|  |TAMS 0x000000070a800000| PB 0x000000070a800000| Untracked 
|  41|0x000000070aa00000, 0x000000070aa00000, 0x000000070ac00000|  0%| F|  |TAMS 0x000000070aa00000| PB 0x000000070aa00000| Untracked 
|  42|0x000000070ac00000, 0x000000070ac00000, 0x000000070ae00000|  0%| F|  |TAMS 0x000000070ac00000| PB 0x000000070ac00000| Untracked 
|  43|0x000000070ae00000, 0x000000070ae00000, 0x000000070b000000|  0%| F|  |TAMS 0x000000070ae00000| PB 0x000000070ae00000| Untracked 
|  44|0x000000070b000000, 0x000000070b000000, 0x000000070b200000|  0%| F|  |TAMS 0x000000070b000000| PB 0x000000070b000000| Untracked 
|  45|0x000000070b200000, 0x000000070b200000, 0x000000070b400000|  0%| F|  |TAMS 0x000000070b200000| PB 0x000000070b200000| Untracked 
|  46|0x000000070b400000, 0x000000070b400000, 0x000000070b600000|  0%| F|  |TAMS 0x000000070b400000| PB 0x000000070b400000| Untracked 
|  47|0x000000070b600000, 0x000000070b600000, 0x000000070b800000|  0%| F|  |TAMS 0x000000070b600000| PB 0x000000070b600000| Untracked 
|  48|0x000000070b800000, 0x000000070b800000, 0x000000070ba00000|  0%| F|  |TAMS 0x000000070b800000| PB 0x000000070b800000| Untracked 
|  49|0x000000070ba00000, 0x000000070ba00000, 0x000000070bc00000|  0%| F|  |TAMS 0x000000070ba00000| PB 0x000000070ba00000| Untracked 
|  50|0x000000070bc00000, 0x000000070bc00000, 0x000000070be00000|  0%| F|  |TAMS 0x000000070bc00000| PB 0x000000070bc00000| Untracked 
|  51|0x000000070be00000, 0x000000070be00000, 0x000000070c000000|  0%| F|  |TAMS 0x000000070be00000| PB 0x000000070be00000| Untracked 
|  52|0x000000070c000000, 0x000000070c000000, 0x000000070c200000|  0%| F|  |TAMS 0x000000070c000000| PB 0x000000070c000000| Untracked 
|  53|0x000000070c200000, 0x000000070c200000, 0x000000070c400000|  0%| F|  |TAMS 0x000000070c200000| PB 0x000000070c200000| Untracked 
|  54|0x000000070c400000, 0x000000070c400000, 0x000000070c600000|  0%| F|  |TAMS 0x000000070c400000| PB 0x000000070c400000| Untracked 
|  55|0x000000070c600000, 0x000000070c600000, 0x000000070c800000|  0%| F|  |TAMS 0x000000070c600000| PB 0x000000070c600000| Untracked 
|  56|0x000000070c800000, 0x000000070c800000, 0x000000070ca00000|  0%| F|  |TAMS 0x000000070c800000| PB 0x000000070c800000| Untracked 
|  57|0x000000070ca00000, 0x000000070ca00000, 0x000000070cc00000|  0%| F|  |TAMS 0x000000070ca00000| PB 0x000000070ca00000| Untracked 
|  58|0x000000070cc00000, 0x000000070cc00000, 0x000000070ce00000|  0%| F|  |TAMS 0x000000070cc00000| PB 0x000000070cc00000| Untracked 
|  59|0x000000070ce00000, 0x000000070ce00000, 0x000000070d000000|  0%| F|  |TAMS 0x000000070ce00000| PB 0x000000070ce00000| Untracked 
|  60|0x000000070d000000, 0x000000070d000000, 0x000000070d200000|  0%| F|  |TAMS 0x000000070d000000| PB 0x000000070d000000| Untracked 
|  61|0x000000070d200000, 0x000000070d200000, 0x000000070d400000|  0%| F|  |TAMS 0x000000070d200000| PB 0x000000070d200000| Untracked 
|  62|0x000000070d400000, 0x000000070d400000, 0x000000070d600000|  0%| F|  |TAMS 0x000000070d400000| PB 0x000000070d400000| Untracked 
|  63|0x000000070d600000, 0x000000070d600000, 0x000000070d800000|  0%| F|  |TAMS 0x000000070d600000| PB 0x000000070d600000| Untracked 
|  64|0x000000070d800000, 0x000000070d800000, 0x000000070da00000|  0%| F|  |TAMS 0x000000070d800000| PB 0x000000070d800000| Untracked 
|  65|0x000000070da00000, 0x000000070da00000, 0x000000070dc00000|  0%| F|  |TAMS 0x000000070da00000| PB 0x000000070da00000| Untracked 
|  66|0x000000070dc00000, 0x000000070dc00000, 0x000000070de00000|  0%| F|  |TAMS 0x000000070dc00000| PB 0x000000070dc00000| Untracked 
|  67|0x000000070de00000, 0x000000070de00000, 0x000000070e000000|  0%| F|  |TAMS 0x000000070de00000| PB 0x000000070de00000| Untracked 
|  68|0x000000070e000000, 0x000000070e000000, 0x000000070e200000|  0%| F|  |TAMS 0x000000070e000000| PB 0x000000070e000000| Untracked 
|  69|0x000000070e200000, 0x000000070e200000, 0x000000070e400000|  0%| F|  |TAMS 0x000000070e200000| PB 0x000000070e200000| Untracked 
|  70|0x000000070e400000, 0x000000070e400000, 0x000000070e600000|  0%| F|  |TAMS 0x000000070e400000| PB 0x000000070e400000| Untracked 
|  71|0x000000070e600000, 0x000000070e600000, 0x000000070e800000|  0%| F|  |TAMS 0x000000070e600000| PB 0x000000070e600000| Untracked 
|  72|0x000000070e800000, 0x000000070e800000, 0x000000070ea00000|  0%| F|  |TAMS 0x000000070e800000| PB 0x000000070e800000| Untracked 
|  73|0x000000070ea00000, 0x000000070ea00000, 0x000000070ec00000|  0%| F|  |TAMS 0x000000070ea00000| PB 0x000000070ea00000| Untracked 
|  74|0x000000070ec00000, 0x000000070ec00000, 0x000000070ee00000|  0%| F|  |TAMS 0x000000070ec00000| PB 0x000000070ec00000| Untracked 
|  75|0x000000070ee00000, 0x000000070ee00000, 0x000000070f000000|  0%| F|  |TAMS 0x000000070ee00000| PB 0x000000070ee00000| Untracked 
|  76|0x000000070f000000, 0x000000070f000000, 0x000000070f200000|  0%| F|  |TAMS 0x000000070f000000| PB 0x000000070f000000| Untracked 
|  77|0x000000070f200000, 0x000000070f200000, 0x000000070f400000|  0%| F|  |TAMS 0x000000070f200000| PB 0x000000070f200000| Untracked 
|  78|0x000000070f400000, 0x000000070f400000, 0x000000070f600000|  0%| F|  |TAMS 0x000000070f400000| PB 0x000000070f400000| Untracked 
|  79|0x000000070f600000, 0x000000070f600000, 0x000000070f800000|  0%| F|  |TAMS 0x000000070f600000| PB 0x000000070f600000| Untracked 
|  80|0x000000070f800000, 0x000000070f800000, 0x000000070fa00000|  0%| F|  |TAMS 0x000000070f800000| PB 0x000000070f800000| Untracked 
|  81|0x000000070fa00000, 0x000000070fa00000, 0x000000070fc00000|  0%| F|  |TAMS 0x000000070fa00000| PB 0x000000070fa00000| Untracked 
|  82|0x000000070fc00000, 0x000000070fc00000, 0x000000070fe00000|  0%| F|  |TAMS 0x000000070fc00000| PB 0x000000070fc00000| Untracked 
|  83|0x000000070fe00000, 0x000000070fe00000, 0x0000000710000000|  0%| F|  |TAMS 0x000000070fe00000| PB 0x000000070fe00000| Untracked 
|  84|0x0000000710000000, 0x0000000710000000, 0x0000000710200000|  0%| F|  |TAMS 0x0000000710000000| PB 0x0000000710000000| Untracked 
|  85|0x0000000710200000, 0x0000000710200000, 0x0000000710400000|  0%| F|  |TAMS 0x0000000710200000| PB 0x0000000710200000| Untracked 
|  86|0x0000000710400000, 0x0000000710400000, 0x0000000710600000|  0%| F|  |TAMS 0x0000000710400000| PB 0x0000000710400000| Untracked 
|  87|0x0000000710600000, 0x0000000710600000, 0x0000000710800000|  0%| F|  |TAMS 0x0000000710600000| PB 0x0000000710600000| Untracked 
|  88|0x0000000710800000, 0x0000000710800000, 0x0000000710a00000|  0%| F|  |TAMS 0x0000000710800000| PB 0x0000000710800000| Untracked 
|  89|0x0000000710a00000, 0x0000000710a00000, 0x0000000710c00000|  0%| F|  |TAMS 0x0000000710a00000| PB 0x0000000710a00000| Untracked 
|  90|0x0000000710c00000, 0x0000000710c00000, 0x0000000710e00000|  0%| F|  |TAMS 0x0000000710c00000| PB 0x0000000710c00000| Untracked 
|  91|0x0000000710e00000, 0x0000000710e00000, 0x0000000711000000|  0%| F|  |TAMS 0x0000000710e00000| PB 0x0000000710e00000| Untracked 
|  92|0x0000000711000000, 0x0000000711000000, 0x0000000711200000|  0%| F|  |TAMS 0x0000000711000000| PB 0x0000000711000000| Untracked 
|  93|0x0000000711200000, 0x00000007112a7388, 0x0000000711400000| 32%| E|  |TAMS 0x0000000711200000| PB 0x0000000711200000| Complete 
|  94|0x0000000711400000, 0x0000000711600000, 0x0000000711600000|100%| E|CS|TAMS 0x0000000711400000| PB 0x0000000711400000| Complete 
|  95|0x0000000711600000, 0x0000000711800000, 0x0000000711800000|100%| E|CS|TAMS 0x0000000711600000| PB 0x0000000711600000| Complete 
|  96|0x0000000711800000, 0x0000000711a00000, 0x0000000711a00000|100%| E|CS|TAMS 0x0000000711800000| PB 0x0000000711800000| Complete 
|  97|0x0000000711a00000, 0x0000000711c00000, 0x0000000711c00000|100%| E|CS|TAMS 0x0000000711a00000| PB 0x0000000711a00000| Complete 
|  98|0x0000000711c00000, 0x0000000711e00000, 0x0000000711e00000|100%| E|CS|TAMS 0x0000000711c00000| PB 0x0000000711c00000| Complete 
|  99|0x0000000711e00000, 0x0000000712000000, 0x0000000712000000|100%| E|CS|TAMS 0x0000000711e00000| PB 0x0000000711e00000| Complete 
| 100|0x0000000712000000, 0x0000000712200000, 0x0000000712200000|100%| E|CS|TAMS 0x0000000712000000| PB 0x0000000712000000| Complete 
| 101|0x0000000712200000, 0x0000000712400000, 0x0000000712400000|100%| E|CS|TAMS 0x0000000712200000| PB 0x0000000712200000| Complete 
| 102|0x0000000712400000, 0x0000000712600000, 0x0000000712600000|100%| E|CS|TAMS 0x0000000712400000| PB 0x0000000712400000| Complete 
| 103|0x0000000712600000, 0x0000000712800000, 0x0000000712800000|100%| E|CS|TAMS 0x0000000712600000| PB 0x0000000712600000| Complete 
| 104|0x0000000712800000, 0x0000000712a00000, 0x0000000712a00000|100%| E|CS|TAMS 0x0000000712800000| PB 0x0000000712800000| Complete 
| 105|0x0000000712a00000, 0x0000000712c00000, 0x0000000712c00000|100%| E|CS|TAMS 0x0000000712a00000| PB 0x0000000712a00000| Complete 
| 106|0x0000000712c00000, 0x0000000712e00000, 0x0000000712e00000|100%| E|CS|TAMS 0x0000000712c00000| PB 0x0000000712c00000| Complete 
| 107|0x0000000712e00000, 0x0000000712fcae50, 0x0000000713000000| 89%| S|CS|TAMS 0x0000000712e00000| PB 0x0000000712e00000| Complete 
| 108|0x0000000713000000, 0x0000000713200000, 0x0000000713200000|100%| E|  |TAMS 0x0000000713000000| PB 0x0000000713000000| Complete 
| 109|0x0000000713200000, 0x0000000713400000, 0x0000000713400000|100%| E|CS|TAMS 0x0000000713200000| PB 0x0000000713200000| Complete 
| 110|0x0000000713400000, 0x0000000713600000, 0x0000000713600000|100%| E|CS|TAMS 0x0000000713400000| PB 0x0000000713400000| Complete 
| 111|0x0000000713600000, 0x0000000713800000, 0x0000000713800000|100%| E|CS|TAMS 0x0000000713600000| PB 0x0000000713600000| Complete 
| 112|0x0000000713800000, 0x0000000713a00000, 0x0000000713a00000|100%| E|CS|TAMS 0x0000000713800000| PB 0x0000000713800000| Complete 
| 113|0x0000000713a00000, 0x0000000713c00000, 0x0000000713c00000|100%| E|CS|TAMS 0x0000000713a00000| PB 0x0000000713a00000| Complete 
| 114|0x0000000713c00000, 0x0000000713e00000, 0x0000000713e00000|100%| E|CS|TAMS 0x0000000713c00000| PB 0x0000000713c00000| Complete 
| 115|0x0000000713e00000, 0x0000000714000000, 0x0000000714000000|100%| E|CS|TAMS 0x0000000713e00000| PB 0x0000000713e00000| Complete 
| 116|0x0000000714000000, 0x0000000714200000, 0x0000000714200000|100%| E|CS|TAMS 0x0000000714000000| PB 0x0000000714000000| Complete 
| 117|0x0000000714200000, 0x0000000714400000, 0x0000000714400000|100%| E|CS|TAMS 0x0000000714200000| PB 0x0000000714200000| Complete 
| 118|0x0000000714400000, 0x0000000714600000, 0x0000000714600000|100%| E|CS|TAMS 0x0000000714400000| PB 0x0000000714400000| Complete 
| 119|0x0000000714600000, 0x0000000714800000, 0x0000000714800000|100%| E|CS|TAMS 0x0000000714600000| PB 0x0000000714600000| Complete 
| 120|0x0000000714800000, 0x0000000714a00000, 0x0000000714a00000|100%| E|CS|TAMS 0x0000000714800000| PB 0x0000000714800000| Complete 
| 121|0x0000000714a00000, 0x0000000714c00000, 0x0000000714c00000|100%| E|CS|TAMS 0x0000000714a00000| PB 0x0000000714a00000| Complete 
| 122|0x0000000714c00000, 0x0000000714e00000, 0x0000000714e00000|100%| E|CS|TAMS 0x0000000714c00000| PB 0x0000000714c00000| Complete 
| 123|0x0000000714e00000, 0x0000000715000000, 0x0000000715000000|100%| E|CS|TAMS 0x0000000714e00000| PB 0x0000000714e00000| Complete 
| 124|0x0000000715000000, 0x0000000715200000, 0x0000000715200000|100%| E|CS|TAMS 0x0000000715000000| PB 0x0000000715000000| Complete 
| 125|0x0000000715200000, 0x0000000715400000, 0x0000000715400000|100%| E|CS|TAMS 0x0000000715200000| PB 0x0000000715200000| Complete 

Card table byte_map: [0x00000256faab0000,0x00000256fb290000] _byte_map_base: 0x00000256f7284000

Marking Bits: (CMBitMap*) 0x00000256e296d3f0
 Bits: [0x00000256fb290000, 0x00000256ff130000)

Polling page: 0x00000256e07b0000

Metaspace:

Usage:
  Non-class:     13.62 MB used.
      Class:      1.80 MB used.
       Both:     15.42 MB used.

Virtual space:
  Non-class space:       64.00 MB reserved,      13.75 MB ( 21%) committed,  1 nodes.
      Class space:        1.00 GB reserved,       1.94 MB ( <1%) committed,  1 nodes.
             Both:        1.06 GB reserved,      15.69 MB (  1%) committed. 

Chunk freelists:
   Non-Class:  1.81 MB
       Class:  13.92 MB
        Both:  15.73 MB

MaxMetaspaceSize: unlimited
CompressedClassSpaceSize: 1.00 GB
Initial GC threshold: 21.00 MB
Current GC threshold: 21.00 MB
CDS: on
 - commit_granule_bytes: 65536.
 - commit_granule_words: 8192.
 - virtual_space_node_default_size: 8388608.
 - enlarge_chunks_in_place: 1.
 - use_allocation_guard: 0.


Internal statistics:

num_allocs_failed_limit: 0.
num_arena_births: 148.
num_arena_deaths: 0.
num_vsnodes_births: 2.
num_vsnodes_deaths: 0.
num_space_committed: 251.
num_space_uncommitted: 0.
num_chunks_returned_to_freelist: 0.
num_chunks_taken_from_freelist: 693.
num_chunk_merges: 0.
num_chunk_splits: 475.
num_chunks_enlarged: 384.
num_inconsistent_stats: 0.

CodeHeap 'non-profiled nmethods': size=120000Kb used=1746Kb max_used=1746Kb free=118253Kb
 bounds [0x00000256f2850000, 0x00000256f2ac0000, 0x00000256f9d80000]
CodeHeap 'profiled nmethods': size=120000Kb used=7654Kb max_used=7654Kb free=112345Kb
 bounds [0x00000256ead80000, 0x00000256eb500000, 0x00000256f22b0000]
CodeHeap 'non-nmethods': size=5760Kb used=1389Kb max_used=1429Kb free=4370Kb
 bounds [0x00000256f22b0000, 0x00000256f2520000, 0x00000256f2850000]
 total_blobs=4309 nmethods=3825 adapters=388
 compilation: enabled
              stopped_count=0, restarted_count=0
 full_count=0

Compilation events (20 events):
Event: 1.936 Thread 0x00000256c7042fd0 nmethod 3778 0x00000256eb4e8610 code [0x00000256eb4e87e0, 0x00000256eb4e8cb0]
Event: 1.936 Thread 0x00000256c7042fd0 3779       3       org.eclipse.sisu.wire.NamedIterableAdapter$NamedIterator::next (20 bytes)
Event: 1.936 Thread 0x00000256c7042fd0 nmethod 3779 0x00000256eb4e8e10 code [0x00000256eb4e8fe0, 0x00000256eb4e9450]
Event: 1.936 Thread 0x00000256c7042fd0 3774       3       org.apache.maven.model.ModelBase::getLocation (366 bytes)
Event: 1.937 Thread 0x00000256c7042fd0 nmethod 3774 0x00000256eb4e9590 code [0x00000256eb4e98c0, 0x00000256eb4eabf8]
Event: 1.939 Thread 0x00000256c7042fd0 3780       3       java.util.regex.Matcher::group (65 bytes)
Event: 1.939 Thread 0x00000256c7042fd0 nmethod 3780 0x00000256eb4eae90 code [0x00000256eb4eb0c0, 0x00000256eb4eb748]
Event: 1.939 Thread 0x00000256c7042fd0 3781       3       java.util.LinkedHashMap$LinkedValues::toArray (22 bytes)
Event: 1.939 Thread 0x00000256c7042fd0 nmethod 3781 0x00000256eb4eb990 code [0x00000256eb4ebb40, 0x00000256eb4ebd30]
Event: 1.940 Thread 0x00000256c7042fd0 3782       3       org.apache.maven.model.Model::getContributors (23 bytes)
Event: 1.940 Thread 0x00000256c7042fd0 nmethod 3782 0x00000256eb4ebe10 code [0x00000256eb4ebfe0, 0x00000256eb4ec3e8]
Event: 1.940 Thread 0x00000256c7042fd0 3783       1       org.apache.maven.model.Scm::getTag (5 bytes)
Event: 1.940 Thread 0x00000256c7042fd0 nmethod 3783 0x00000256f29f9490 code [0x00000256f29f9620, 0x00000256f29f96f0]
Event: 1.942 Thread 0x00000256c7042fd0 3784       1       org.apache.maven.model.Contributor::setOrganization (6 bytes)
Event: 1.942 Thread 0x00000256c7042fd0 nmethod 3784 0x00000256f29f9790 code [0x00000256f29f9920, 0x00000256f29f9a38]
Event: 1.943 Thread 0x00000256c7042fd0 3786       1       org.apache.maven.model.building.ModelData::getSource (5 bytes)
Event: 1.943 Thread 0x00000256c7042fd0 nmethod 3786 0x00000256f29f9a90 code [0x00000256f29f9c20, 0x00000256f29f9cf0]
Event: 1.943 Thread 0x00000256c7042fd0 3787       3       org.apache.maven.model.BuildBase::getTestResources (23 bytes)
Event: 1.943 Thread 0x00000256c7042fd0 nmethod 3787 0x00000256eb4ec510 code [0x00000256eb4ec6e0, 0x00000256eb4ecae0]
Event: 1.946 Thread 0x00000256c7042fd0 3789       3       java.nio.charset.Charset::lookup (44 bytes)

GC Heap History (4 events):
Event: 0.432 GC heap before
{Heap before GC invocations=0 (full 0):
 garbage-first heap   total 258048K, used 22528K [0x0000000705800000, 0x0000000800000000)
  region size 2048K, 11 young (22528K), 0 survivors (0K)
 Metaspace       used 5609K, committed 5824K, reserved 1114112K
  class space    used 643K, committed 768K, reserved 1048576K
}
Event: 0.436 GC heap after
{Heap after GC invocations=1 (full 0):
 garbage-first heap   total 258048K, used 3791K [0x0000000705800000, 0x0000000800000000)
  region size 2048K, 2 young (4096K), 2 survivors (4096K)
 Metaspace       used 5609K, committed 5824K, reserved 1114112K
  class space    used 643K, committed 768K, reserved 1048576K
}
Event: 0.946 GC heap before
{Heap before GC invocations=1 (full 0):
 garbage-first heap   total 258048K, used 36559K [0x0000000705800000, 0x0000000800000000)
  region size 2048K, 18 young (36864K), 2 survivors (4096K)
 Metaspace       used 9829K, committed 9984K, reserved 1114112K
  class space    used 1151K, committed 1216K, reserved 1048576K
}
Event: 0.949 GC heap after
{Heap after GC invocations=2 (full 0):
 garbage-first heap   total 258048K, used 5392K [0x0000000705800000, 0x0000000800000000)
  region size 2048K, 1 young (2048K), 1 survivors (2048K)
 Metaspace       used 9829K, committed 9984K, reserved 1114112K
  class space    used 1151K, committed 1216K, reserved 1048576K
}

Dll operation events (8 events):
Event: 0.006 Loaded shared library C:\Program Files\Java\jdk-21.0.10\bin\java.dll
Event: 0.024 Loaded shared library C:\Program Files\Java\jdk-21.0.10\bin\jsvml.dll
Event: 0.035 Loaded shared library C:\Program Files\Java\jdk-21.0.10\bin\net.dll
Event: 0.037 Loaded shared library C:\Program Files\Java\jdk-21.0.10\bin\nio.dll
Event: 0.039 Loaded shared library C:\Program Files\Java\jdk-21.0.10\bin\zip.dll
Event: 0.115 Loaded shared library C:\Program Files\Java\jdk-21.0.10\bin\jimage.dll
Event: 0.116 Loaded shared library C:\maven\apache-maven-3.9.15-bin\apache-maven-3.9.15\lib\jansi-native\Windows\x86_64\jansi.dll
Event: 0.123 Loaded shared library C:\Program Files\Java\jdk-21.0.10\bin\verify.dll

Deoptimization events (20 events):
Event: 1.900 Thread 0x00000256e290f870 Uncommon trap: reason=unstable_if action=reinterpret pc=0x00000256f29a097c method=org.codehaus.plexus.util.xml.pull.MXParser.isValidCodePoint(I)Z @ 15 c2
Event: 1.900 Thread 0x00000256e290f870 DEOPT PACKING pc=0x00000256f29a097c sp=0x000000c6ba2fc770
Event: 1.900 Thread 0x00000256e290f870 DEOPT UNPACKING pc=0x00000256f23046a2 sp=0x000000c6ba2fc708 mode 2
Event: 1.900 Thread 0x00000256e290f870 Uncommon trap: trap_request=0xffffff45 fr.pc=0x00000256f29a2354 relative=0x0000000000000494
Event: 1.900 Thread 0x00000256e290f870 Uncommon trap: reason=unstable_if action=reinterpret pc=0x00000256f29a2354 method=org.codehaus.plexus.util.xml.pull.MXParser.isValidCodePoint(I)Z @ 15 c2
Event: 1.900 Thread 0x00000256e290f870 DEOPT PACKING pc=0x00000256f29a2354 sp=0x000000c6ba2fc680
Event: 1.900 Thread 0x00000256e290f870 DEOPT UNPACKING pc=0x00000256f23046a2 sp=0x000000c6ba2fc5c8 mode 2
Event: 1.916 Thread 0x00000256e290f870 Uncommon trap: trap_request=0xffffffbe fr.pc=0x00000256f29f2850 relative=0x0000000000000bb0
Event: 1.916 Thread 0x00000256e290f870 Uncommon trap: reason=profile_predicate action=maybe_recompile pc=0x00000256f29f2850 method=java.util.regex.Pattern$CharPropertyGreedy.match(Ljava/util/regex/Matcher;ILjava/lang/CharSequence;)Z @ 103 c2
Event: 1.916 Thread 0x00000256e290f870 DEOPT PACKING pc=0x00000256f29f2850 sp=0x000000c6ba2fbfd0
Event: 1.916 Thread 0x00000256e290f870 DEOPT UNPACKING pc=0x00000256f23046a2 sp=0x000000c6ba2fbf60 mode 2
Event: 1.916 Thread 0x00000256e290f870 Uncommon trap: trap_request=0xffffffbe fr.pc=0x00000256f29f2850 relative=0x0000000000000bb0
Event: 1.916 Thread 0x00000256e290f870 Uncommon trap: reason=profile_predicate action=maybe_recompile pc=0x00000256f29f2850 method=java.util.regex.Pattern$CharPropertyGreedy.match(Ljava/util/regex/Matcher;ILjava/lang/CharSequence;)Z @ 103 c2
Event: 1.916 Thread 0x00000256e290f870 DEOPT PACKING pc=0x00000256f29f2850 sp=0x000000c6ba2fc0f0
Event: 1.916 Thread 0x00000256e290f870 DEOPT UNPACKING pc=0x00000256f23046a2 sp=0x000000c6ba2fc080 mode 2
Event: 1.930 Thread 0x00000256e290f870 DEOPT PACKING pc=0x00000256eb314334 sp=0x000000c6ba2fc0e0
Event: 1.930 Thread 0x00000256e290f870 DEOPT UNPACKING pc=0x00000256f2304e42 sp=0x000000c6ba2fb638 mode 0
Event: 1.942 Thread 0x00000256e290f870 DEOPT PACKING pc=0x00000256eb314334 sp=0x000000c6ba2fbe80
Event: 1.942 Thread 0x00000256e290f870 DEOPT UNPACKING pc=0x00000256f2304e42 sp=0x000000c6ba2fb3d8 mode 0
Event: 1.978 Thread 0x00000256e290f870 Uncommon trap: trap_request=0xffffff45 fr.pc=0x00000256f28952fc relative=0x00000000000002bc

Classes loaded (20 events):
Event: 1.371 Loading class java/util/AbstractMap$2$1
Event: 1.371 Loading class java/util/AbstractMap$2$1 done
Event: 1.445 Loading class java/util/StringTokenizer
Event: 1.445 Loading class java/util/StringTokenizer done
Event: 1.457 Loading class sun/invoke/util/ValueConversions$1
Event: 1.457 Loading class sun/invoke/util/ValueConversions$1 done
Event: 1.458 Loading class java/lang/invoke/BoundMethodHandle$Species_LI
Event: 1.458 Loading class java/lang/invoke/BoundMethodHandle$Species_LI done
Event: 1.490 Loading class java/util/stream/Streams$RangeIntSpliterator
Event: 1.490 Loading class java/util/stream/Streams$RangeIntSpliterator done
Event: 1.747 Loading class java/util/stream/MatchOps$MatchKind
Event: 1.747 Loading class java/util/stream/MatchOps$MatchKind done
Event: 1.747 Loading class java/util/stream/MatchOps
Event: 1.747 Loading class java/util/stream/MatchOps done
Event: 1.747 Loading class java/util/stream/MatchOps$MatchOp
Event: 1.747 Loading class java/util/stream/MatchOps$MatchOp done
Event: 1.747 Loading class java/util/stream/MatchOps$BooleanTerminalSink
Event: 1.747 Loading class java/util/stream/MatchOps$BooleanTerminalSink done
Event: 1.747 Loading class java/util/stream/MatchOps$1MatchSink
Event: 1.747 Loading class java/util/stream/MatchOps$1MatchSink done

Classes unloaded (0 events):
No events

Classes redefined (0 events):
No events

Internal exceptions (20 events):
Event: 1.210 Thread 0x00000256e290f870 Exception <a 'java/lang/NoClassDefFoundError'{0x000000071472c0c8}: com/google/inject/servlet/ServletModuleTargetVisitor> (0x000000071472c0c8) 
thrown [s\open\src\hotspot\share\classfile\systemDictionary.cpp, line 301]
Event: 1.290 Thread 0x00000256e290f870 Exception <a 'java/lang/NoSuchMethodError'{0x000000071458cab0}: 'java.lang.Object java.lang.invoke.DirectMethodHandle$Holder.invokeStaticInit(java.lang.Object, int, int, int, int)'> (0x000000071458cab0) 
thrown [s\open\src\hotspot\share\interpreter\linkResolver.cpp, line 773]
Event: 1.350 Thread 0x00000256e290f870 Implicit null exception at 0x00000256f28a1da4 to 0x00000256f28a241c
Event: 1.350 Thread 0x00000256e290f870 Implicit null exception at 0x00000256f287c6a0 to 0x00000256f287cd0c
Event: 1.380 Thread 0x00000256e290f870 Exception <a 'java/lang/NoSuchMethodError'{0x0000000713e95f30}: 'void java.lang.invoke.DirectMethodHandle$Holder.invokeSpecial(java.lang.Object, java.lang.Object, java.lang.Object, java.lang.Object, java.lang.Object, java.lang.Object)'> (0x0000000713e95f30) 
thrown [s\open\src\hotspot\share\interpreter\linkResolver.cpp, line 773]
Event: 1.389 Thread 0x00000256e290f870 Exception <a 'java/lang/NoSuchMethodError'{0x0000000713fa7640}: 'java.lang.Object java.lang.invoke.DirectMethodHandle$Holder.invokeVirtual(java.lang.Object, java.lang.Object, java.lang.Object)'> (0x0000000713fa7640) 
thrown [s\open\src\hotspot\share\interpreter\linkResolver.cpp, line 773]
Event: 1.457 Thread 0x00000256e290f870 Exception <a 'java/lang/NoSuchMethodError'{0x0000000713d167a8}: 'void java.lang.invoke.DirectMethodHandle$Holder.invokeVirtual(java.lang.Object, java.lang.Object, int)'> (0x0000000713d167a8) 
thrown [s\open\src\hotspot\share\interpreter\linkResolver.cpp, line 773]
Event: 1.457 Thread 0x00000256e290f870 Exception <a 'java/lang/NoSuchMethodError'{0x0000000713d1a910}: 'int java.lang.invoke.DirectMethodHandle$Holder.invokeSpecial(java.lang.Object, java.lang.Object, java.lang.Object, int)'> (0x0000000713d1a910) 
thrown [s\open\src\hotspot\share\interpreter\linkResolver.cpp, line 773]
Event: 1.459 Thread 0x00000256e290f870 Exception <a 'java/lang/NoSuchMethodError'{0x0000000713d2cff8}: 'java.lang.Object java.lang.invoke.DirectMethodHandle$Holder.invokeStatic(java.lang.Object, java.lang.Object, java.lang.Object, java.lang.Object, int)'> (0x0000000713d2cff8) 
thrown [s\open\src\hotspot\share\interpreter\linkResolver.cpp, line 773]
Event: 1.460 Thread 0x00000256e290f870 Exception <a 'java/lang/NoSuchMethodError'{0x0000000713d34df8}: 'void java.lang.invoke.DirectMethodHandle$Holder.invokeSpecial(java.lang.Object, java.lang.Object, java.lang.Object, int)'> (0x0000000713d34df8) 
thrown [s\open\src\hotspot\share\interpreter\linkResolver.cpp, line 773]
Event: 1.460 Thread 0x00000256e290f870 Exception <a 'java/lang/NoSuchMethodError'{0x0000000713d384c8}: 'void java.lang.invoke.DelegatingMethodHandle$Holder.reinvoke_L(java.lang.Object, java.lang.Object, int)'> (0x0000000713d384c8) 
thrown [s\open\src\hotspot\share\interpreter\linkResolver.cpp, line 773]
Event: 1.724 Thread 0x00000256e290f870 Exception <a 'java/lang/NoSuchMethodError'{0x00000007129d10e8}: 'java.lang.Object java.lang.invoke.DirectMethodHandle$Holder.invokeInterface(java.lang.Object, java.lang.Object, java.lang.Object, java.lang.Object, java.lang.Object)'> (0x00000007129d10e8) 
thrown [s\open\src\hotspot\share\interpreter\linkResolver.cpp, line 773]
Event: 1.755 Thread 0x00000256e290f870 Exception <a 'java/lang/NoSuchMethodError'{0x000000071241f928}: 'void java.lang.invoke.DirectMethodHandle$Holder.invokeInterface(java.lang.Object, java.lang.Object, java.lang.Object)'> (0x000000071241f928) 
thrown [s\open\src\hotspot\share\interpreter\linkResolver.cpp, line 773]
Event: 1.755 Thread 0x00000256e290f870 Exception <a 'java/lang/IncompatibleClassChangeError'{0x0000000712422cc8}: Found class java.lang.Object, but interface was expected> (0x0000000712422cc8) 
thrown [s\open\src\hotspot\share\interpreter\linkResolver.cpp, line 840]
Event: 1.755 Thread 0x00000256e290f870 Exception <a 'java/lang/NoSuchMethodError'{0x0000000712423db0}: 'void java.lang.invoke.DirectMethodHandle$Holder.invokeStatic(java.lang.Object, java.lang.Object, java.lang.Object, java.lang.Object)'> (0x0000000712423db0) 
thrown [s\open\src\hotspot\share\interpreter\linkResolver.cpp, line 773]
Event: 1.821 Thread 0x00000256e290f870 Implicit null exception at 0x00000256f29affd2 to 0x00000256f29b02b8
Event: 1.821 Thread 0x00000256e290f870 Implicit null exception at 0x00000256f29870ed to 0x00000256f298847c
Event: 1.821 Thread 0x00000256e290f870 Implicit null exception at 0x00000256f291d71b to 0x00000256f291d914
Event: 1.821 Thread 0x00000256e290f870 Implicit null exception at 0x00000256f296b10d to 0x00000256f296b998
Event: 1.826 Thread 0x00000256e290f870 Exception <a 'java/lang/NoSuchMethodError'{0x0000000711ec7520}: 'int java.lang.invoke.DirectMethodHandle$Holder.invokeSpecialIFC(java.lang.Object, java.lang.Object, java.lang.Object, java.lang.Object)'> (0x0000000711ec7520) 
thrown [s\open\src\hotspot\share\interpreter\linkResolver.cpp, line 773]

ZGC Phase Switch (0 events):
No events

VM Operations (20 events):
Event: 1.179 Executing VM operation: ICBufferFull done
Event: 1.191 Executing VM operation: HandshakeAllThreads (Deoptimize)
Event: 1.191 Executing VM operation: HandshakeAllThreads (Deoptimize) done
Event: 1.256 Executing VM operation: HandshakeAllThreads (Deoptimize)
Event: 1.257 Executing VM operation: HandshakeAllThreads (Deoptimize) done
Event: 1.273 Executing VM operation: HandshakeAllThreads (Deoptimize)
Event: 1.273 Executing VM operation: HandshakeAllThreads (Deoptimize) done
Event: 1.300 Executing VM operation: HandshakeAllThreads (Deoptimize)
Event: 1.300 Executing VM operation: HandshakeAllThreads (Deoptimize) done
Event: 1.328 Executing VM operation: HandshakeAllThreads (Deoptimize)
Event: 1.328 Executing VM operation: HandshakeAllThreads (Deoptimize) done
Event: 1.328 Executing VM operation: HandshakeAllThreads (Deoptimize)
Event: 1.328 Executing VM operation: HandshakeAllThreads (Deoptimize) done
Event: 1.446 Executing VM operation: ICBufferFull
Event: 1.446 Executing VM operation: ICBufferFull done
Event: 1.690 Executing VM operation: ICBufferFull
Event: 1.690 Executing VM operation: ICBufferFull done
Event: 1.905 Executing VM operation: ICBufferFull
Event: 1.905 Executing VM operation: ICBufferFull done
Event: 2.918 Executing VM operation: Cleanup

Events (16 events):
Event: 0.015 Thread 0x00000256e290f870 Thread added: 0x00000256e290f870
Event: 0.022 Thread 0x00000256c701c620 Thread added: 0x00000256c701c620
Event: 0.022 Thread 0x00000256c701d080 Thread added: 0x00000256c701d080
Event: 0.022 Thread 0x00000256c701e0a0 Thread added: 0x00000256c701e0a0
Event: 0.023 Thread 0x00000256c701ec30 Thread added: 0x00000256c701ec30
Event: 0.023 Thread 0x00000256c701faa0 Thread added: 0x00000256c701faa0
Event: 0.023 Thread 0x00000256c7021c80 Thread added: 0x00000256c7021c80
Event: 0.023 Thread 0x00000256c703d5c0 Thread added: 0x00000256c703d5c0
Event: 0.023 Thread 0x00000256c7042fd0 Thread added: 0x00000256c7042fd0
Event: 0.032 Thread 0x00000256c718dc00 Thread added: 0x00000256c718dc00
Event: 0.033 Thread 0x00000256c7193ca0 Thread added: 0x00000256c7193ca0
Event: 0.114 Thread 0x00000256c7430dd0 Thread added: 0x00000256c7430dd0
Event: 0.121 Thread 0x00000256c7430dd0 Thread exited: 0x00000256c7430dd0
Event: 0.213 Thread 0x00000256c70436a0 Thread added: 0x00000256c70436a0
Event: 0.424 Thread 0x00000256c70451e0 Thread added: 0x00000256c70451e0
Event: 1.309 Thread 0x00000256c84db870 Thread added: 0x00000256c84db870


Dynamic libraries:
0x00007ff7bec50000 - 0x00007ff7bec60000 	C:\Program Files\Java\jdk-21.0.10\bin\java.exe
0x00007ffe45f40000 - 0x00007ffe461a7000 	C:\WINDOWS\SYSTEM32\ntdll.dll
0x00007ffe448d0000 - 0x00007ffe44999000 	C:\WINDOWS\System32\KERNEL32.DLL
0x00007ffe42a30000 - 0x00007ffe42e27000 	C:\WINDOWS\System32\KERNELBASE.dll
0x00007ffe43060000 - 0x00007ffe431ab000 	C:\WINDOWS\System32\ucrtbase.dll
0x00007ffdd4b50000 - 0x00007ffdd4b69000 	C:\Program Files\Java\jdk-21.0.10\bin\jli.dll
0x00007ffddd380000 - 0x00007ffddd39e000 	C:\Program Files\Java\jdk-21.0.10\bin\VCRUNTIME140.dll
0x00007ffe44e80000 - 0x00007ffe44f36000 	C:\WINDOWS\System32\ADVAPI32.dll
0x00007ffe44820000 - 0x00007ffe448c9000 	C:\WINDOWS\System32\msvcrt.dll
0x00007ffe44f40000 - 0x00007ffe44fe7000 	C:\WINDOWS\System32\sechost.dll
0x00007ffe45730000 - 0x00007ffe45848000 	C:\WINDOWS\System32\RPCRT4.dll
0x00007ffe45560000 - 0x00007ffe45726000 	C:\WINDOWS\System32\USER32.dll
0x00007ffe43be0000 - 0x00007ffe43c07000 	C:\WINDOWS\System32\win32u.dll
0x00007ffe44c70000 - 0x00007ffe44c9b000 	C:\WINDOWS\System32\GDI32.dll
0x00007ffe23100000 - 0x00007ffe23392000 	C:\WINDOWS\WinSxS\amd64_microsoft.windows.common-controls_6595b64144ccf1df_6.0.26100.8457_none_3e0b2faee331e92d\COMCTL32.dll
0x00007ffe431b0000 - 0x00007ffe432dc000 	C:\WINDOWS\System32\gdi32full.dll
0x00007ffe42e30000 - 0x00007ffe42ed3000 	C:\WINDOWS\System32\msvcp_win.dll
0x00007ffe42450000 - 0x00007ffe4245b000 	C:\WINDOWS\SYSTEM32\VERSION.dll
0x00007ffe44440000 - 0x00007ffe44472000 	C:\WINDOWS\System32\IMM32.DLL
0x0000000052ef0000 - 0x0000000052efc000 	C:\Program Files (x86)\360\Total Security\safemon\SafeWrapper.dll
0x00007ffd952d0000 - 0x00007ffd9537c000 	C:\Program Files (x86)\360\Total Security\safemon\libzdtp64.dll
0x00007ffe43cc0000 - 0x00007ffe4442e000 	C:\WINDOWS\System32\SHELL32.dll
0x00007ffe449a0000 - 0x00007ffe44a06000 	C:\WINDOWS\System32\SHLWAPI.dll
0x00007ffe43370000 - 0x00007ffe43bdc000 	C:\WINDOWS\System32\Windows.Storage.dll
0x00007ffe44490000 - 0x00007ffe44813000 	C:\WINDOWS\System32\combase.dll
0x00007ffe21110000 - 0x00007ffe2111c000 	C:\Program Files\Java\jdk-21.0.10\bin\vcruntime140_1.dll
0x00007ffdb6c60000 - 0x00007ffdb6ced000 	C:\Program Files\Java\jdk-21.0.10\bin\msvcp140.dll
0x00007ffd6dde0000 - 0x00007ffd6eb07000 	C:\Program Files\Java\jdk-21.0.10\bin\server\jvm.dll
0x00007ffe45160000 - 0x00007ffe451e0000 	C:\WINDOWS\System32\WS2_32.dll
0x00007ffe427d0000 - 0x00007ffe4282e000 	C:\WINDOWS\SYSTEM32\POWRPROF.dll
0x00007ffe34fe0000 - 0x00007ffe35016000 	C:\WINDOWS\SYSTEM32\WINMM.dll
0x00007ffe427b0000 - 0x00007ffe427c4000 	C:\WINDOWS\SYSTEM32\UMPDC.dll
0x00007ffe41690000 - 0x00007ffe416ab000 	C:\WINDOWS\SYSTEM32\kernel.appcore.dll
0x00007ffe1bf50000 - 0x00007ffe1bf5a000 	C:\Program Files\Java\jdk-21.0.10\bin\jimage.dll
0x00007ffe402f0000 - 0x00007ffe40532000 	C:\WINDOWS\SYSTEM32\DBGHELP.DLL
0x00007ffe44b10000 - 0x00007ffe44be9000 	C:\WINDOWS\System32\OLEAUT32.dll
0x00007ffe1b9a0000 - 0x00007ffe1b9db000 	C:\WINDOWS\SYSTEM32\dbgcore.DLL
0x00007ffe43c10000 - 0x00007ffe43cb8000 	C:\WINDOWS\System32\bcryptPrimitives.dll
0x00007ffdd01e0000 - 0x00007ffdd0201000 	C:\Program Files\Java\jdk-21.0.10\bin\java.dll
0x00007ffe44a10000 - 0x00007ffe44b06000 	C:\WINDOWS\System32\SHCORE.dll
0x00007ffe42890000 - 0x00007ffe428b9000 	C:\WINDOWS\SYSTEM32\profapi.dll
0x00007ffd9b790000 - 0x00007ffd9b867000 	C:\Program Files\Java\jdk-21.0.10\bin\jsvml.dll
0x00007ffdd5740000 - 0x00007ffdd5751000 	C:\Program Files\Java\jdk-21.0.10\bin\net.dll
0x00007ffe3a210000 - 0x00007ffe3a339000 	C:\WINDOWS\SYSTEM32\WINHTTP.dll
0x00007ffe41c00000 - 0x00007ffe41c6c000 	C:\WINDOWS\system32\mswsock.dll
0x00007ffdd56d0000 - 0x00007ffdd56e6000 	C:\Program Files\Java\jdk-21.0.10\bin\nio.dll
0x00007ffdd4d50000 - 0x00007ffdd4d68000 	C:\Program Files\Java\jdk-21.0.10\bin\zip.dll
0x00007ffdeb4f0000 - 0x00007ffdeb514000 	C:\maven\apache-maven-3.9.15-bin\apache-maven-3.9.15\lib\jansi-native\Windows\x86_64\jansi.dll
0x00007ffe18620000 - 0x00007ffe18630000 	C:\Program Files\Java\jdk-21.0.10\bin\verify.dll

dbghelp: loaded successfully - version: 4.0.5 - missing functions: none
symbol engine: initialized successfully - sym options: 0x614 - pdb path: .;C:\Program Files\Java\jdk-21.0.10\bin;C:\WINDOWS\SYSTEM32;C:\WINDOWS\WinSxS\amd64_microsoft.windows.common-controls_6595b64144ccf1df_6.0.26100.8457_none_3e0b2faee331e92d;C:\Program Files (x86)\360\Total Security\safemon;C:\Program Files\Java\jdk-21.0.10\bin\server;C:\maven\apache-maven-3.9.15-bin\apache-maven-3.9.15\lib\jansi-native\Windows\x86_64

VM Arguments:
jvm_args: --enable-native-access=ALL-UNNAMED -Dclassworlds.conf=C:\maven\apache-maven-3.9.15-bin\apache-maven-3.9.15\bin\m2.conf -Dmaven.home=C:\maven\apache-maven-3.9.15-bin\apache-maven-3.9.15 -Dlibrary.jansi.path=C:\maven\apache-maven-3.9.15-bin\apache-maven-3.9.15\lib\jansi-native -Dmaven.multiModuleProjectDirectory=D:\HIMS\backend 
java_command: org.codehaus.plexus.classworlds.launcher.Launcher compile exec:java -Dexec.mainClass=com.hospital.system.TestMySQL
java_class_path (initial): C:\maven\apache-maven-3.9.15-bin\apache-maven-3.9.15\boot\plexus-classworlds-2.9.0.jar
Launcher Type: SUN_STANDARD

[Global flags]
     intx CICompilerCount                          = 4                                         {product} {ergonomic}
     uint ConcGCThreads                            = 3                                         {product} {ergonomic}
     uint G1ConcRefinementThreads                  = 10                                        {product} {ergonomic}
   size_t G1HeapRegionSize                         = 2097152                                   {product} {ergonomic}
    uintx GCDrainStackTargetSize                   = 64                                        {product} {ergonomic}
   size_t InitialHeapSize                          = 264241152                                 {product} {ergonomic}
   size_t MarkStackSize                            = 4194304                                   {product} {ergonomic}
   size_t MaxHeapSize                              = 4202692608                                {product} {ergonomic}
   size_t MaxNewSize                               = 2520776704                                {product} {ergonomic}
   size_t MinHeapDeltaBytes                        = 2097152                                   {product} {ergonomic}
   size_t MinHeapSize                              = 8388608                                   {product} {ergonomic}
    uintx NonNMethodCodeHeapSize                   = 5839372                                {pd product} {ergonomic}
    uintx NonProfiledCodeHeapSize                  = 122909434                              {pd product} {ergonomic}
    uintx ProfiledCodeHeapSize                     = 122909434                              {pd product} {ergonomic}
    uintx ReservedCodeCacheSize                    = 251658240                              {pd product} {ergonomic}
     bool SegmentedCodeCache                       = true                                      {product} {ergonomic}
   size_t SoftMaxHeapSize                          = 4202692608                             {manageable} {ergonomic}
     bool UseCompressedOops                        = true                           {product lp64_product} {ergonomic}
     bool UseG1GC                                  = true                                      {product} {ergonomic}
     bool UseLargePagesIndividualAllocation        = false                                  {pd product} {ergonomic}

Logging:
Log output configuration:
 #0: stdout all=warning uptime,level,tags foldmultilines=false
 #1: stderr all=off uptime,level,tags foldmultilines=false

Environment Variables:
PATH=C:\Program Files\Common Files\Oracle\Java\javapath;C:\windows\system32;C:\windows;C:\windows\System32\Wbem;C:\windows\System32\WindowsPowerShell\v1.0\;C:\windows\System32\OpenSSH\;C:\Program Files (x86)\NVIDIA Corporation\PhysX\Common;C:\Users\Administrator\AppData\Local\Microsoft\WindowsApps;;C:\Program Files\HP\OMEN-Broadcast\Common;C:\WINDOWS\system32;C:\WINDOWS;C:\WINDOWS\System32\Wbem;C:\WINDOWS\System32\WindowsPowerShell\v1.0\;C:\WINDOWS\System32\OpenSSH\;C:\Program Files\NVIDIA Corporation\NVIDIA app\NvDLISR;C:\Program Files\dotnet\;C:\Program Files (x86)\Windows Kits\10\Windows Performance Toolkit\;C:\Program Files (x86)\Microsoft SQL Server\160\Tools\Binn\;C:\Program Files\Microsoft SQL Server\160\Tools\Binn\;C:\Program Files\Microsoft SQL Server\Client SDK\ODBC\170\Tools\Binn\;C:\Program Files\Microsoft SQL Server\160\DTS\Binn\;C:\Program Files (x86)\Microsoft SQL Server\170\Tools\Binn\;C:\Program Files\Microsoft SQL Server\170\Tools\Binn\;C:\Program Files\Microsoft SQL Server\Client SDK\ODBC\180\Tools\Binn\;C:\Program Files\Microsoft SQL Server\170\DTS\Binn\;C:\Users\LAPTOP\AppData\Local\Microsoft\WindowsApps;C:\Users\LAPTOP\AppData\Local\Python\bin;C:\Users\LAPTOP\AppData\Local\Programs\Microsoft VS Code\bin;C:\maven\apache-maven-3.9.15-bin\apache-maven-3.9.15\bin;C:\Users\LAPTOP\AppData\Local\Programs\Antigravity\bin
USERNAME=LAPTOP
OS=Windows_NT
PROCESSOR_IDENTIFIER=Intel64 Family 6 Model 154 Stepping 3, GenuineIntel
TMP=C:\Users\LAPTOP\AppData\Local\Temp
TEMP=C:\Users\LAPTOP\AppData\Local\Temp




Periodic native trim disabled

---------------  S Y S T E M  ---------------

OS:
 Windows 11 , 64 bit Build 26100 (10.0.26100.8328)
OS uptime: 0 days 3:57 hours
Hyper-V role detected

CPU: total 12 (initial active 12) (6 cores per cpu, 2 threads per core) family 6 model 154 stepping 3 microcode 0x434, cx8, cmov, fxsr, ht, mmx, 3dnowpref, sse, sse2, sse3, ssse3, sse4.1, sse4.2, popcnt, lzcnt, tsc, tscinvbit, avx, avx2, aes, erms, clmul, bmi1, bmi2, adx, sha, fma, vzeroupper, clflush, clflushopt, clwb, hv, serialize, rdtscp, rdpid, fsrm, f16c, cet_ibt, cet_ss
Processor Information for processor 0
  Max Mhz: 2000, Current Mhz: 2000, Mhz Limit: 2000
Processor Information for processor 1
  Max Mhz: 2000, Current Mhz: 2000, Mhz Limit: 2000
Processor Information for processor 2
  Max Mhz: 2000, Current Mhz: 2000, Mhz Limit: 2000
Processor Information for processor 3
  Max Mhz: 2000, Current Mhz: 2000, Mhz Limit: 2000
Processor Information for processor 4
  Max Mhz: 2000, Current Mhz: 2000, Mhz Limit: 2000
Processor Information for processor 5
  Max Mhz: 2000, Current Mhz: 2000, Mhz Limit: 2000
Processor Information for processor 6
  Max Mhz: 2000, Current Mhz: 2000, Mhz Limit: 2000
Processor Information for processor 7
  Max Mhz: 2000, Current Mhz: 2000, Mhz Limit: 2000
Processor Information for processor 8
  Max Mhz: 2000, Current Mhz: 2000, Mhz Limit: 2000
Processor Information for processor 9
  Max Mhz: 2000, Current Mhz: 2000, Mhz Limit: 2000
Processor Information for processor 10
  Max Mhz: 2000, Current Mhz: 1466, Mhz Limit: 2000
Processor Information for processor 11
  Max Mhz: 2000, Current Mhz: 2000, Mhz Limit: 2000

Memory: 4k page, system-wide physical 16024M (3325M free)
TotalPageFile size 20120M (AvailPageFile size 6M)
current process WorkingSet (physical memory assigned to process): 158M, peak: 161M
current process commit charge ("private bytes"): 386M, peak: 391M

vm_info: Java HotSpot(TM) 64-Bit Server VM (21.0.10+8-LTS-217) for windows-amd64 JRE (21.0.10+8-LTS-217), built on 2025-12-18T14:59:28Z by "mach5run" with MS VC++ 17.13 (VS2022)

END.
